<?xml version="1.0" encoding="UTF-8"?>
<robot generator="Robot 6.1.1 (Python 3.10.12 on win32)" generated="20240712 12:28:57.453" rpa="false" schemaversion="4">
<suite id="s1" name="assistantFlow" source="c:\Users\UsuarioCompuElite\Documents\GitHub\Respaldo\AllRide Test Cases\Test Cases\Auxiliar\assistantFlow.robot">
<test id="s1-t1" name="Set Date Variables" line="15">
<kw name="Get Current Date" library="DateTime">
<var>${fecha_hoy}</var>
<arg>result_format=%Y-%m-%d</arg>
<doc>Returns current local or UTC time with an optional increment.</doc>
<msg timestamp="20240712 12:28:58.064" level="INFO">${fecha_hoy} = 2024-07-12</msg>
<status status="PASS" starttime="20240712 12:28:58.064" endtime="20240712 12:28:58.066"/>
</kw>
<kw name="Set Global Variable" library="BuiltIn">
<arg>${fecha_hoy}</arg>
<doc>Makes a variable available globally in all tests and suites.</doc>
<msg timestamp="20240712 12:28:58.067" level="INFO">${fecha_hoy} = 2024-07-12</msg>
<status status="PASS" starttime="20240712 12:28:58.066" endtime="20240712 12:28:58.067"/>
</kw>
<kw name="Add Time To Date" library="DateTime">
<var>${fecha_manana}</var>
<arg>${fecha_hoy}</arg>
<arg>1 days</arg>
<arg>result_format=%Y-%m-%d</arg>
<doc>Adds time to date and returns the resulting date.</doc>
<msg timestamp="20240712 12:28:58.070" level="INFO">${fecha_manana} = 2024-07-13</msg>
<status status="PASS" starttime="20240712 12:28:58.067" endtime="20240712 12:28:58.070"/>
</kw>
<kw name="Set Global Variable" library="BuiltIn">
<arg>${fecha_manana}</arg>
<doc>Makes a variable available globally in all tests and suites.</doc>
<msg timestamp="20240712 12:28:58.071" level="INFO">${fecha_manana} = 2024-07-13</msg>
<status status="PASS" starttime="20240712 12:28:58.071" endtime="20240712 12:28:58.071"/>
</kw>
<kw name="Add Time To Date" library="DateTime">
<var>${fecha_pasado_manana}</var>
<arg>${fecha_hoy}</arg>
<arg>2 days</arg>
<arg>result_format=%Y-%m-%d</arg>
<doc>Adds time to date and returns the resulting date.</doc>
<msg timestamp="20240712 12:28:58.072" level="INFO">${fecha_pasado_manana} = 2024-07-14</msg>
<status status="PASS" starttime="20240712 12:28:58.071" endtime="20240712 12:28:58.072"/>
</kw>
<kw name="Set Global Variable" library="BuiltIn">
<arg>${fecha_pasado_manana}</arg>
<doc>Makes a variable available globally in all tests and suites.</doc>
<msg timestamp="20240712 12:28:58.073" level="INFO">${fecha_pasado_manana} = 2024-07-14</msg>
<status status="PASS" starttime="20240712 12:28:58.072" endtime="20240712 12:28:58.073"/>
</kw>
<kw name="Add Time To Date" library="DateTime">
<var>${fecha_pasado_pasado_manana}</var>
<arg>${fecha_hoy}</arg>
<arg>3 days</arg>
<arg>result_format=%Y-%m-%d</arg>
<doc>Adds time to date and returns the resulting date.</doc>
<msg timestamp="20240712 12:28:58.073" level="INFO">${fecha_pasado_pasado_manana} = 2024-07-15</msg>
<status status="PASS" starttime="20240712 12:28:58.073" endtime="20240712 12:28:58.073"/>
</kw>
<kw name="Set Global Variable" library="BuiltIn">
<arg>${fecha_pasado_pasado_manana}</arg>
<doc>Makes a variable available globally in all tests and suites.</doc>
<msg timestamp="20240712 12:28:58.074" level="INFO">${fecha_pasado_pasado_manana} = 2024-07-15</msg>
<status status="PASS" starttime="20240712 12:28:58.074" endtime="20240712 12:28:58.074"/>
</kw>
<kw name="Convert Date" library="DateTime">
<var>${dia_actual}</var>
<arg>${fecha_hoy}</arg>
<arg>result_format=%a</arg>
<doc>Converts between supported `date formats`.</doc>
<msg timestamp="20240712 12:28:58.075" level="INFO">${dia_actual} = Fri</msg>
<status status="PASS" starttime="20240712 12:28:58.074" endtime="20240712 12:28:58.075"/>
</kw>
<kw name="Set Variable" library="BuiltIn">
<var>${dia_actual_lower}</var>
<arg>${dia_actual.lower()}</arg>
<doc>Returns the given values which can then be assigned to a variables.</doc>
<msg timestamp="20240712 12:28:58.076" level="INFO">${dia_actual_lower} = fri</msg>
<status status="PASS" starttime="20240712 12:28:58.075" endtime="20240712 12:28:58.076"/>
</kw>
<kw name="Set Variable" library="BuiltIn">
<var>${arrival_date}</var>
<arg>${fecha_manana}T01:00:00.000Z</arg>
<doc>Returns the given values which can then be assigned to a variables.</doc>
<msg timestamp="20240712 12:28:58.077" level="INFO">${arrival_date} = 2024-07-13T01:00:00.000Z</msg>
<status status="PASS" starttime="20240712 12:28:58.077" endtime="20240712 12:28:58.077"/>
</kw>
<kw name="Set Global Variable" library="BuiltIn">
<arg>${arrival_date}</arg>
<doc>Makes a variable available globally in all tests and suites.</doc>
<msg timestamp="20240712 12:28:58.078" level="INFO">${arrival_date} = 2024-07-13T01:00:00.000Z</msg>
<status status="PASS" starttime="20240712 12:28:58.078" endtime="20240712 12:28:58.078"/>
</kw>
<kw name="Set Variable" library="BuiltIn">
<var>${r_estimated_arrival1}</var>
<arg>${fecha_manana}T14:45:57.000Z</arg>
<doc>Returns the given values which can then be assigned to a variables.</doc>
<msg timestamp="20240712 12:28:58.079" level="INFO">${r_estimated_arrival1} = 2024-07-13T14:45:57.000Z</msg>
<status status="PASS" starttime="20240712 12:28:58.078" endtime="20240712 12:28:58.079"/>
</kw>
<kw name="Set Global Variable" library="BuiltIn">
<arg>${r_estimated_arrival1}</arg>
<doc>Makes a variable available globally in all tests and suites.</doc>
<msg timestamp="20240712 12:28:58.079" level="INFO">${r_estimated_arrival1} = 2024-07-13T14:45:57.000Z</msg>
<status status="PASS" starttime="20240712 12:28:58.079" endtime="20240712 12:28:58.079"/>
</kw>
<kw name="Set Variable" library="BuiltIn">
<var>${service_date}</var>
<arg>${fecha_manana}T00:25:29.000Z</arg>
<doc>Returns the given values which can then be assigned to a variables.</doc>
<msg timestamp="20240712 12:28:58.080" level="INFO">${service_date} = 2024-07-13T00:25:29.000Z</msg>
<status status="PASS" starttime="20240712 12:28:58.080" endtime="20240712 12:28:58.080"/>
</kw>
<kw name="Set Global Variable" library="BuiltIn">
<arg>${service_date}</arg>
<doc>Makes a variable available globally in all tests and suites.</doc>
<msg timestamp="20240712 12:28:58.081" level="INFO">${service_date} = 2024-07-13T00:25:29.000Z</msg>
<status status="PASS" starttime="20240712 12:28:58.080" endtime="20240712 12:28:58.081"/>
</kw>
<kw name="Set Variable" library="BuiltIn">
<var>${modified_arrival_date}</var>
<arg>${fecha_manana}T01:00:00.000Z</arg>
<doc>Returns the given values which can then be assigned to a variables.</doc>
<msg timestamp="20240712 12:28:58.082" level="INFO">${modified_arrival_date} = 2024-07-13T01:00:00.000Z</msg>
<status status="PASS" starttime="20240712 12:28:58.082" endtime="20240712 12:28:58.082"/>
</kw>
<kw name="Set Global Variable" library="BuiltIn">
<arg>${modified_arrival_date}</arg>
<doc>Makes a variable available globally in all tests and suites.</doc>
<msg timestamp="20240712 12:28:58.084" level="INFO">${modified_arrival_date} = 2024-07-13T01:00:00.000Z</msg>
<status status="PASS" starttime="20240712 12:28:58.083" endtime="20240712 12:28:58.084"/>
</kw>
<kw name="Set Variable" library="BuiltIn">
<var>${r_modified_estimated_arrival}</var>
<arg>${fecha_pasado_manana}T14:45:57.000Z</arg>
<doc>Returns the given values which can then be assigned to a variables.</doc>
<msg timestamp="20240712 12:28:58.085" level="INFO">${r_modified_estimated_arrival} = 2024-07-14T14:45:57.000Z</msg>
<status status="PASS" starttime="20240712 12:28:58.084" endtime="20240712 12:28:58.085"/>
</kw>
<kw name="Set Global Variable" library="BuiltIn">
<arg>${r_modified_estimated_arrival}</arg>
<doc>Makes a variable available globally in all tests and suites.</doc>
<msg timestamp="20240712 12:28:58.087" level="INFO">${r_modified_estimated_arrival} = 2024-07-14T14:45:57.000Z</msg>
<status status="PASS" starttime="20240712 12:28:58.086" endtime="20240712 12:28:58.087"/>
</kw>
<kw name="Set Variable" library="BuiltIn">
<var>${modified_service_date}</var>
<arg>${fecha_manana}T00:25:29.000Z</arg>
<doc>Returns the given values which can then be assigned to a variables.</doc>
<msg timestamp="20240712 12:28:58.088" level="INFO">${modified_service_date} = 2024-07-13T00:25:29.000Z</msg>
<status status="PASS" starttime="20240712 12:28:58.088" endtime="20240712 12:28:58.088"/>
</kw>
<kw name="Set Global Variable" library="BuiltIn">
<arg>${modified_service_date}</arg>
<doc>Makes a variable available globally in all tests and suites.</doc>
<msg timestamp="20240712 12:28:58.089" level="INFO">${modified_service_date} = 2024-07-13T00:25:29.000Z</msg>
<status status="PASS" starttime="20240712 12:28:58.089" endtime="20240712 12:28:58.090"/>
</kw>
<kw name="Set Variable" library="BuiltIn">
<var>${service_date_20min}</var>
<arg>${fecha_manana}T00:20:00.000Z</arg>
<doc>Returns the given values which can then be assigned to a variables.</doc>
<msg timestamp="20240712 12:28:58.090" level="INFO">${service_date_20min} = 2024-07-13T00:20:00.000Z</msg>
<status status="PASS" starttime="20240712 12:28:58.090" endtime="20240712 12:28:58.091"/>
</kw>
<kw name="Set Global Variable" library="BuiltIn">
<arg>${service_date_20min}</arg>
<doc>Makes a variable available globally in all tests and suites.</doc>
<msg timestamp="20240712 12:28:58.091" level="INFO">${service_date_20min} = 2024-07-13T00:20:00.000Z</msg>
<status status="PASS" starttime="20240712 12:28:58.091" endtime="20240712 12:28:58.091"/>
</kw>
<kw name="Set Variable" library="BuiltIn">
<var>${service_date_22min}</var>
<arg>${fecha_manana}T00:47:00.000Z</arg>
<doc>Returns the given values which can then be assigned to a variables.</doc>
<msg timestamp="20240712 12:28:58.092" level="INFO">${service_date_22min} = 2024-07-13T00:47:00.000Z</msg>
<status status="PASS" starttime="20240712 12:28:58.092" endtime="20240712 12:28:58.092"/>
</kw>
<kw name="Set Global Variable" library="BuiltIn">
<arg>${service_date_22min}</arg>
<doc>Makes a variable available globally in all tests and suites.</doc>
<msg timestamp="20240712 12:28:58.093" level="INFO">${service_date_22min} = 2024-07-13T00:47:00.000Z</msg>
<status status="PASS" starttime="20240712 12:28:58.093" endtime="20240712 12:28:58.094"/>
</kw>
<kw name="Set Variable" library="BuiltIn">
<var>${start_date}</var>
<arg>${fecha_manana}T03:00:00.000Z</arg>
<doc>Returns the given values which can then be assigned to a variables.</doc>
<msg timestamp="20240712 12:28:58.095" level="INFO">${start_date} = 2024-07-13T03:00:00.000Z</msg>
<status status="PASS" starttime="20240712 12:28:58.094" endtime="20240712 12:28:58.095"/>
</kw>
<kw name="Set Global Variable" library="BuiltIn">
<arg>${start_date}</arg>
<doc>Makes a variable available globally in all tests and suites.</doc>
<msg timestamp="20240712 12:28:58.096" level="INFO">${start_date} = 2024-07-13T03:00:00.000Z</msg>
<status status="PASS" starttime="20240712 12:28:58.095" endtime="20240712 12:28:58.096"/>
</kw>
<kw name="Set Variable" library="BuiltIn">
<var>${end_date_4weeks}</var>
<arg>2023-12-30T02:59:59.999Z</arg>
<doc>Returns the given values which can then be assigned to a variables.</doc>
<msg timestamp="20240712 12:28:58.097" level="INFO">${end_date_4weeks} = 2023-12-30T02:59:59.999Z</msg>
<status status="PASS" starttime="20240712 12:28:58.096" endtime="20240712 12:28:58.097"/>
</kw>
<kw name="Set Global Variable" library="BuiltIn">
<arg>${end_date_4weeks}</arg>
<doc>Makes a variable available globally in all tests and suites.</doc>
<msg timestamp="20240712 12:28:58.097" level="INFO">${end_date_4weeks} = 2023-12-30T02:59:59.999Z</msg>
<status status="PASS" starttime="20240712 12:28:58.097" endtime="20240712 12:28:58.097"/>
</kw>
<kw name="Set Variable" library="BuiltIn">
<var>${end_date}</var>
<arg>${fecha_pasado_pasado_manana}T03:00:00.000Z</arg>
<doc>Returns the given values which can then be assigned to a variables.</doc>
<msg timestamp="20240712 12:28:58.098" level="INFO">${end_date} = 2024-07-15T03:00:00.000Z</msg>
<status status="PASS" starttime="20240712 12:28:58.098" endtime="20240712 12:28:58.098"/>
</kw>
<kw name="Set Global Variable" library="BuiltIn">
<arg>${end_date}</arg>
<doc>Makes a variable available globally in all tests and suites.</doc>
<msg timestamp="20240712 12:28:58.099" level="INFO">${end_date} = 2024-07-15T03:00:00.000Z</msg>
<status status="PASS" starttime="20240712 12:28:58.099" endtime="20240712 12:28:58.099"/>
</kw>
<kw name="Set Variable" library="BuiltIn">
<var>${end_date_tomorrow}</var>
<arg>${fecha_manana}T03:00:00.000Z</arg>
<doc>Returns the given values which can then be assigned to a variables.</doc>
<msg timestamp="20240712 12:28:58.099" level="INFO">${end_date_tomorrow} = 2024-07-13T03:00:00.000Z</msg>
<status status="PASS" starttime="20240712 12:28:58.099" endtime="20240712 12:28:58.099"/>
</kw>
<kw name="Set Global Variable" library="BuiltIn">
<arg>${end_date_tomorrow}</arg>
<doc>Makes a variable available globally in all tests and suites.</doc>
<msg timestamp="20240712 12:28:58.100" level="INFO">${end_date_tomorrow} = 2024-07-13T03:00:00.000Z</msg>
<status status="PASS" starttime="20240712 12:28:58.100" endtime="20240712 12:28:58.100"/>
</kw>
<kw name="Set Variable" library="BuiltIn">
<var>${schedule_day}</var>
<arg>${dia_actual_lower}</arg>
<doc>Returns the given values which can then be assigned to a variables.</doc>
<msg timestamp="20240712 12:28:58.101" level="INFO">${schedule_day} = fri</msg>
<status status="PASS" starttime="20240712 12:28:58.100" endtime="20240712 12:28:58.101"/>
</kw>
<kw name="Set Global Variable" library="BuiltIn">
<arg>${schedule_day}</arg>
<doc>Makes a variable available globally in all tests and suites.</doc>
<msg timestamp="20240712 12:28:58.102" level="INFO">${schedule_day} = fri</msg>
<status status="PASS" starttime="20240712 12:28:58.102" endtime="20240712 12:28:58.102"/>
</kw>
<kw name="Set Variable" library="BuiltIn">
<var>${start_date_today}</var>
<arg>${fecha_hoy}T03:00:00.000Z</arg>
<doc>Returns the given values which can then be assigned to a variables.</doc>
<msg timestamp="20240712 12:28:58.103" level="INFO">${start_date_today} = 2024-07-12T03:00:00.000Z</msg>
<status status="PASS" starttime="20240712 12:28:58.103" endtime="20240712 12:28:58.103"/>
</kw>
<kw name="Set Global Variable" library="BuiltIn">
<arg>${start_date_today}</arg>
<doc>Makes a variable available globally in all tests and suites.</doc>
<msg timestamp="20240712 12:28:58.104" level="INFO">${start_date_today} = 2024-07-12T03:00:00.000Z</msg>
<status status="PASS" starttime="20240712 12:28:58.103" endtime="20240712 12:28:58.104"/>
</kw>
<kw name="Set Variable" library="BuiltIn">
<var>${today_date}</var>
<arg>${fecha_hoy}</arg>
<doc>Returns the given values which can then be assigned to a variables.</doc>
<msg timestamp="20240712 12:28:58.105" level="INFO">${today_date} = 2024-07-12</msg>
<status status="PASS" starttime="20240712 12:28:58.104" endtime="20240712 12:28:58.105"/>
</kw>
<kw name="Set Global Variable" library="BuiltIn">
<arg>${today_date}</arg>
<doc>Makes a variable available globally in all tests and suites.</doc>
<msg timestamp="20240712 12:28:58.105" level="INFO">${today_date} = 2024-07-12</msg>
<status status="PASS" starttime="20240712 12:28:58.105" endtime="20240712 12:28:58.105"/>
</kw>
<kw name="Set Variable" library="BuiltIn">
<var>${end_date_tomorrow2}</var>
<arg>${fecha_manana}T02:59:59.999Z</arg>
<doc>Returns the given values which can then be assigned to a variables.</doc>
<msg timestamp="20240712 12:28:58.106" level="INFO">${end_date_tomorrow2} = 2024-07-13T02:59:59.999Z</msg>
<status status="PASS" starttime="20240712 12:28:58.106" endtime="20240712 12:28:58.106"/>
</kw>
<kw name="Set Global Variable" library="BuiltIn">
<arg>${end_date_tomorrow}</arg>
<doc>Makes a variable available globally in all tests and suites.</doc>
<msg timestamp="20240712 12:28:58.107" level="INFO">${end_date_tomorrow} = 2024-07-13T03:00:00.000Z</msg>
<status status="PASS" starttime="20240712 12:28:58.107" endtime="20240712 12:28:58.107"/>
</kw>
<kw name="Set Variable" library="BuiltIn">
<var>${expiration_date_qr}</var>
<arg>${fecha_manana}T14:10:37.968Z</arg>
<doc>Returns the given values which can then be assigned to a variables.</doc>
<msg timestamp="20240712 12:28:58.107" level="INFO">${expiration_date_qr} = 2024-07-13T14:10:37.968Z</msg>
<status status="PASS" starttime="20240712 12:28:58.107" endtime="20240712 12:28:58.108"/>
</kw>
<kw name="Set Global Variable" library="BuiltIn">
<arg>${expiration_date_qr}</arg>
<doc>Makes a variable available globally in all tests and suites.</doc>
<msg timestamp="20240712 12:28:58.108" level="INFO">${expiration_date_qr} = 2024-07-13T14:10:37.968Z</msg>
<status status="PASS" starttime="20240712 12:28:58.108" endtime="20240712 12:28:58.108"/>
</kw>
<kw name="Set Variable" library="BuiltIn">
<var>${start_date_tickets}</var>
<arg>${fecha_hoy}T04:00:00.000Z</arg>
<doc>Returns the given values which can then be assigned to a variables.</doc>
<msg timestamp="20240712 12:28:58.109" level="INFO">${start_date_tickets} = 2024-07-12T04:00:00.000Z</msg>
<status status="PASS" starttime="20240712 12:28:58.108" endtime="20240712 12:28:58.109"/>
</kw>
<kw name="Set Global Variable" library="BuiltIn">
<arg>${start_date_tickets}</arg>
<doc>Makes a variable available globally in all tests and suites.</doc>
<msg timestamp="20240712 12:28:58.109" level="INFO">${start_date_tickets} = 2024-07-12T04:00:00.000Z</msg>
<status status="PASS" starttime="20240712 12:28:58.109" endtime="20240712 12:28:58.109"/>
</kw>
<kw name="Set Variable" library="BuiltIn">
<var>${end_date_tickets}</var>
<arg>${fecha_manana}T03:59:59.999Z</arg>
<doc>Returns the given values which can then be assigned to a variables.</doc>
<msg timestamp="20240712 12:28:58.110" level="INFO">${end_date_tickets} = 2024-07-13T03:59:59.999Z</msg>
<status status="PASS" starttime="20240712 12:28:58.110" endtime="20240712 12:28:58.110"/>
</kw>
<kw name="Set Global Variable" library="BuiltIn">
<arg>${end_date_tickets}</arg>
<doc>Makes a variable available globally in all tests and suites.</doc>
<msg timestamp="20240712 12:28:58.110" level="INFO">${end_date_tickets} = 2024-07-13T03:59:59.999Z</msg>
<status status="PASS" starttime="20240712 12:28:58.110" endtime="20240712 12:28:58.110"/>
</kw>
<status status="PASS" starttime="20240712 12:28:58.063" endtime="20240712 12:28:58.111"/>
</test>
<test id="s1-t2" name="2 hours local" line="69">
<kw name="Get Current Date" library="DateTime">
<var>${date}</var>
<arg>time_zone=local</arg>
<arg>exclude_millis=yes</arg>
<doc>Returns current local or UTC time with an optional increment.</doc>
<msg timestamp="20240712 12:28:58.112" level="INFO">${date} = 2024-07-12 12:28:58</msg>
<status status="PASS" starttime="20240712 12:28:58.112" endtime="20240712 12:28:58.112"/>
</kw>
<kw name="Convert Date" library="DateTime">
<var>${formatted_date}</var>
<arg>${date}</arg>
<arg>result_format=%H:%M:%S</arg>
<doc>Converts between supported `date formats`.</doc>
<msg timestamp="20240712 12:28:58.112" level="INFO">${formatted_date} = 12:28:58</msg>
<status status="PASS" starttime="20240712 12:28:58.112" endtime="20240712 12:28:58.113"/>
</kw>
<kw name="Log" library="BuiltIn">
<arg>Hora Actual: ${formatted_date}</arg>
<doc>Logs the given message with the given level.</doc>
<msg timestamp="20240712 12:28:58.113" level="INFO">Hora Actual: 12:28:58</msg>
<status status="PASS" starttime="20240712 12:28:58.113" endtime="20240712 12:28:58.113"/>
</kw>
<kw name="Add Time To Date" library="DateTime">
<var>${one_hour_later}</var>
<arg>${date}</arg>
<arg>1 hour</arg>
<doc>Adds time to date and returns the resulting date.</doc>
<msg timestamp="20240712 12:28:58.114" level="INFO">${one_hour_later} = 2024-07-12 13:28:58.000</msg>
<status status="PASS" starttime="20240712 12:28:58.113" endtime="20240712 12:28:58.114"/>
</kw>
<kw name="Convert Date" library="DateTime">
<var>${formatted_one_hour_later}</var>
<arg>${one_hour_later}</arg>
<arg>result_format=%H:%M</arg>
<doc>Converts between supported `date formats`.</doc>
<msg timestamp="20240712 12:28:58.114" level="INFO">${formatted_one_hour_later} = 13:28</msg>
<status status="PASS" starttime="20240712 12:28:58.114" endtime="20240712 12:28:58.115"/>
</kw>
<kw name="Log" library="BuiltIn">
<arg>Hora Actual + 1 hora: ${formatted_one_hour_later}</arg>
<doc>Logs the given message with the given level.</doc>
<msg timestamp="20240712 12:28:58.115" level="INFO">Hora Actual + 1 hora: 13:28</msg>
<status status="PASS" starttime="20240712 12:28:58.115" endtime="20240712 12:28:58.115"/>
</kw>
<kw name="Set Global Variable" library="BuiltIn">
<arg>${formatted_one_hour_later}</arg>
<doc>Makes a variable available globally in all tests and suites.</doc>
<msg timestamp="20240712 12:28:58.116" level="INFO">${formatted_one_hour_later} = 13:28</msg>
<status status="PASS" starttime="20240712 12:28:58.115" endtime="20240712 12:28:58.116"/>
</kw>
<status status="PASS" starttime="20240712 12:28:58.111" endtime="20240712 12:28:58.116"/>
</test>
<test id="s1-t3" name="Get Requested Tickets(Must be 0)" line="80">
<kw name="Set Variable" library="BuiltIn">
<var>${url}</var>
<arg>${STAGE_URL}/api/v1/admin/pb/ticket/request/list/?community=${idComunidad}</arg>
<doc>Returns the given values which can then be assigned to a variables.</doc>
<msg timestamp="20240712 12:28:58.117" level="INFO">${url} = https://stage.allrideapp.com/api/v1/admin/pb/ticket/request/list/?community=653fd601f90509541a748683</msg>
<status status="PASS" starttime="20240712 12:28:58.117" endtime="20240712 12:28:58.118"/>
</kw>
<kw name="Create Dictionary" library="BuiltIn">
<var>&amp;{headers}</var>
<arg>Authorization=${tokenAdmin}</arg>
<doc>Creates and returns a dictionary based on the given ``items``.</doc>
<msg timestamp="20240712 12:28:58.119" level="INFO">&amp;{headers} = { Authorization=Bearer cb91fc010de72bf97bce8da804b7b1ed896bf0bf12e54034d570937eea068ed2e988a32cfd47af4ccb36bfe97a7d7166b39c72a1a792cb0b8d059b470c9d51cc }</msg>
<status status="PASS" starttime="20240712 12:28:58.118" endtime="20240712 12:28:58.119"/>
</kw>
<kw name="GET" library="RequestsLibrary">
<var>${response}</var>
<arg>url=${url}</arg>
<arg>headers=${headers}</arg>
<doc>Sends a GET request.</doc>
<msg timestamp="20240712 12:28:58.859" level="INFO">GET Request : url=https://stage.allrideapp.com/api/v1/admin/pb/ticket/request/list/?community=653fd601f90509541a748683 
 path_url=/api/v1/admin/pb/ticket/request/list/?community=653fd601f90509541a748683 
 headers={'User-Agent': 'python-requests/2.32.3', 'Accept-Encoding': 'gzip, deflate', 'Accept': '*/*', 'Connection': 'keep-alive', 'Authorization': 'Bearer cb91fc010de72bf97bce8da804b7b1ed896bf0bf12e54034d570937eea068ed2e988a32cfd47af4ccb36bfe97a7d7166b39c72a1a792cb0b8d059b470c9d51cc'} 
 body=None 
 </msg>
<msg timestamp="20240712 12:28:58.860" level="INFO">GET Response : url=https://stage.allrideapp.com/api/v1/admin/pb/ticket/request/list/?community=653fd601f90509541a748683 
 status=200, reason=OK 
 headers={'Date': 'Fri, 12 Jul 2024 16:29:00 GMT', 'Content-Type': 'application/json; charset=utf-8', 'Content-Length': '2', 'Connection': 'keep-alive', 'Server': 'nginx', 'X-DNS-Prefetch-Control': 'off', 'X-Frame-Options': 'SAMEORIGIN', 'Strict-Transport-Security': 'max-age=15552000; includeSubDomains', 'X-Download-Options': 'noopen', 'X-Content-Type-Options': 'nosniff', 'X-XSS-Protection': '1; mode=block', 'Access-Control-Allow-Origin': '*', 'X-RateLimit-Limit': '200', 'X-RateLimit-Remaining': '199', 'X-RateLimit-Reset': '1720801801', 'ETag': 'W/"2-l9Fw4VUO7kr8CvBlt4zaMCqXZ0w"'} 
 body=[] 
 </msg>
<msg timestamp="20240712 12:28:58.860" level="INFO">${response} = &lt;Response [200]&gt;</msg>
<status status="PASS" starttime="20240712 12:28:58.119" endtime="20240712 12:28:58.860"/>
</kw>
<kw name="Should Be Equal As Numbers" library="BuiltIn">
<arg>${response.status_code}</arg>
<arg>200</arg>
<doc>Fails if objects are unequal after converting them to real numbers.</doc>
<msg timestamp="20240712 12:28:58.861" level="INFO">Argument types are:
&lt;class 'int'&gt;
&lt;class 'str'&gt;</msg>
<status status="PASS" starttime="20240712 12:28:58.860" endtime="20240712 12:28:58.861"/>
</kw>
<kw name="Set Variable" library="BuiltIn">
<var>${responseJson}</var>
<arg>${response.json()}</arg>
<doc>Returns the given values which can then be assigned to a variables.</doc>
<msg timestamp="20240712 12:28:58.862" level="INFO">${responseJson} = []</msg>
<status status="PASS" starttime="20240712 12:28:58.862" endtime="20240712 12:28:58.862"/>
</kw>
<kw name="Should Be Empty" library="BuiltIn">
<arg>${responseJson}</arg>
<doc>Verifies that the given item is empty.</doc>
<msg timestamp="20240712 12:28:58.863" level="INFO">Length is 0</msg>
<status status="PASS" starttime="20240712 12:28:58.863" endtime="20240712 12:28:58.863"/>
</kw>
<kw name="Log" library="BuiltIn">
<arg>${responseJson}</arg>
<doc>Logs the given message with the given level.</doc>
<msg timestamp="20240712 12:28:58.864" level="INFO">[]</msg>
<status status="PASS" starttime="20240712 12:28:58.863" endtime="20240712 12:28:58.864"/>
</kw>
<status status="PASS" starttime="20240712 12:28:58.117" endtime="20240712 12:28:58.864"/>
</test>
<test id="s1-t4" name="Get Total Tickets" line="98">
<kw name="Set Variable" library="BuiltIn">
<var>${url}</var>
<arg>${STAGE_URL}/api/v1/admin/pb/ticket/list?community=${idComunidad}</arg>
<doc>Returns the given values which can then be assigned to a variables.</doc>
<msg timestamp="20240712 12:28:58.866" level="INFO">${url} = https://stage.allrideapp.com/api/v1/admin/pb/ticket/list?community=653fd601f90509541a748683</msg>
<status status="PASS" starttime="20240712 12:28:58.865" endtime="20240712 12:28:58.866"/>
</kw>
<kw name="Create Dictionary" library="BuiltIn">
<var>&amp;{headers}</var>
<arg>Authorization=${tokenAdmin}</arg>
<doc>Creates and returns a dictionary based on the given ``items``.</doc>
<msg timestamp="20240712 12:28:58.867" level="INFO">&amp;{headers} = { Authorization=Bearer cb91fc010de72bf97bce8da804b7b1ed896bf0bf12e54034d570937eea068ed2e988a32cfd47af4ccb36bfe97a7d7166b39c72a1a792cb0b8d059b470c9d51cc }</msg>
<status status="PASS" starttime="20240712 12:28:58.867" endtime="20240712 12:28:58.867"/>
</kw>
<kw name="Get Current Date" library="DateTime">
<var>${start_time}</var>
<arg>result_format=%H:%M:%S.%f</arg>
<doc>Returns current local or UTC time with an optional increment.</doc>
<msg timestamp="20240712 12:28:58.867" level="INFO">${start_time} = 12:28:58.866763</msg>
<status status="PASS" starttime="20240712 12:28:58.867" endtime="20240712 12:28:58.867"/>
</kw>
<kw name="GET" library="RequestsLibrary">
<var>${response}</var>
<arg>url=${url}</arg>
<arg>headers=${headers}</arg>
<doc>Sends a GET request.</doc>
<msg timestamp="20240712 12:28:59.484" level="INFO">GET Request : url=https://stage.allrideapp.com/api/v1/admin/pb/ticket/list?community=653fd601f90509541a748683 
 path_url=/api/v1/admin/pb/ticket/list?community=653fd601f90509541a748683 
 headers={'User-Agent': 'python-requests/2.32.3', 'Accept-Encoding': 'gzip, deflate', 'Accept': '*/*', 'Connection': 'keep-alive', 'Authorization': 'Bearer cb91fc010de72bf97bce8da804b7b1ed896bf0bf12e54034d570937eea068ed2e988a32cfd47af4ccb36bfe97a7d7166b39c72a1a792cb0b8d059b470c9d51cc'} 
 body=None 
 </msg>
<msg timestamp="20240712 12:28:59.485" level="INFO">GET Response : url=https://stage.allrideapp.com/api/v1/admin/pb/ticket/list?community=653fd601f90509541a748683 
 status=200, reason=OK 
 headers={'Date': 'Fri, 12 Jul 2024 16:29:01 GMT', 'Content-Type': 'application/json; charset=utf-8', 'Content-Length': '4', 'Connection': 'keep-alive', 'Server': 'nginx', 'X-DNS-Prefetch-Control': 'off', 'X-Frame-Options': 'SAMEORIGIN', 'Strict-Transport-Security': 'max-age=15552000; includeSubDomains', 'X-Download-Options': 'noopen', 'X-Content-Type-Options': 'nosniff', 'X-XSS-Protection': '1; mode=block', 'Access-Control-Allow-Origin': '*', 'X-RateLimit-Limit': '200', 'X-RateLimit-Remaining': '199', 'X-RateLimit-Reset': '1720801801', 'ETag': 'W/"4-nYaC0yKWPz6uK1DR3w5k1fXOHe8"'} 
 body=1249 
 </msg>
<msg timestamp="20240712 12:28:59.486" level="INFO">${response} = &lt;Response [200]&gt;</msg>
<status status="PASS" starttime="20240712 12:28:58.868" endtime="20240712 12:28:59.487"/>
</kw>
<kw name="Should Be Equal As Numbers" library="BuiltIn">
<arg>${response.status_code}</arg>
<arg>200</arg>
<doc>Fails if objects are unequal after converting them to real numbers.</doc>
<msg timestamp="20240712 12:28:59.490" level="INFO">Argument types are:
&lt;class 'int'&gt;
&lt;class 'str'&gt;</msg>
<status status="PASS" starttime="20240712 12:28:59.488" endtime="20240712 12:28:59.491"/>
</kw>
<kw name="Get Current Date" library="DateTime">
<var>${end_time}</var>
<arg>result_format=%H:%M:%S.%f</arg>
<doc>Returns current local or UTC time with an optional increment.</doc>
<msg timestamp="20240712 12:28:59.492" level="INFO">${end_time} = 12:28:59.491925</msg>
<status status="PASS" starttime="20240712 12:28:59.491" endtime="20240712 12:28:59.492"/>
</kw>
<kw name="Subtract Time From Time" library="DateTime">
<var>${elapsed}</var>
<arg>${end_time}</arg>
<arg>${start_time}</arg>
<doc>Subtracts time from another time and returns the resulting time.</doc>
<msg timestamp="20240712 12:28:59.494" level="INFO">${elapsed} = 0.6251620000039111</msg>
<status status="PASS" starttime="20240712 12:28:59.493" endtime="20240712 12:28:59.494"/>
</kw>
<kw name="Log" library="BuiltIn">
<arg>Elapsed time: ${elapsed}</arg>
<doc>Logs the given message with the given level.</doc>
<msg timestamp="20240712 12:28:59.494" level="INFO">Elapsed time: 0.6251620000039111</msg>
<status status="PASS" starttime="20240712 12:28:59.494" endtime="20240712 12:28:59.495"/>
</kw>
<kw name="Set Variable" library="BuiltIn">
<var>${totalTickets}</var>
<arg>${response.json()}</arg>
<doc>Returns the given values which can then be assigned to a variables.</doc>
<msg timestamp="20240712 12:28:59.495" level="INFO">${totalTickets} = 1249</msg>
<status status="PASS" starttime="20240712 12:28:59.495" endtime="20240712 12:28:59.496"/>
</kw>
<kw name="Set Global Variable" library="BuiltIn">
<arg>${totalTickets}</arg>
<doc>Makes a variable available globally in all tests and suites.</doc>
<msg timestamp="20240712 12:28:59.496" level="INFO">${totalTickets} = 1249</msg>
<status status="PASS" starttime="20240712 12:28:59.496" endtime="20240712 12:28:59.496"/>
</kw>
<kw name="Log" library="BuiltIn">
<arg>La cantidad total de tickets es ${totalTickets}</arg>
<doc>Logs the given message with the given level.</doc>
<msg timestamp="20240712 12:28:59.497" level="INFO">La cantidad total de tickets es 1249</msg>
<status status="PASS" starttime="20240712 12:28:59.497" endtime="20240712 12:28:59.497"/>
</kw>
<status status="PASS" starttime="20240712 12:28:58.865" endtime="20240712 12:28:59.497"/>
</test>
<test id="s1-t5" name="Request Tickets" line="126">
<kw name="Create Session" library="RequestsLibrary">
<arg>mysesion</arg>
<arg>${STAGE_URL}</arg>
<arg>verify=true</arg>
<doc>Create Session: create a HTTP session to a server</doc>
<msg timestamp="20240712 12:28:59.499" level="INFO">Creating Session using : alias=mysesion, url=https://stage.allrideapp.com, headers={},                     cookies={}, auth=None, timeout=None, proxies=None, verify=True,                     debug=0 </msg>
<status status="PASS" starttime="20240712 12:28:59.498" endtime="20240712 12:28:59.499"/>
</kw>
<kw name="Create Dictionary" library="BuiltIn">
<var>${headers}</var>
<arg>Authorization=${tokenAdmin}</arg>
<arg>Content-Type=application/json; charset=utf-8</arg>
<doc>Creates and returns a dictionary based on the given ``items``.</doc>
<msg timestamp="20240712 12:28:59.499" level="INFO">${headers} = {'Authorization': 'Bearer cb91fc010de72bf97bce8da804b7b1ed896bf0bf12e54034d570937eea068ed2e988a32cfd47af4ccb36bfe97a7d7166b39c72a1a792cb0b8d059b470c9d51cc', 'Content-Type': 'application/json; charset=...</msg>
<status status="PASS" starttime="20240712 12:28:59.499" endtime="20240712 12:28:59.500"/>
</kw>
<kw name="POST On Session" library="RequestsLibrary">
<var>${response}</var>
<arg>mysesion</arg>
<arg>url=/api/v1/admin/pb/ticket/request?community=${idComunidad}</arg>
<arg>data={"ticketQuantity":1,"cost":10,"voucherUrl":"https://s3.amazonaws.com/allride.uploads/privateBuses_voucher_653fd601f90509541a748683_1710787761571.pdf"}</arg>
<arg>headers=${headers}</arg>
<doc>Sends a POST request on a previously created HTTP Session.</doc>
<msg timestamp="20240712 12:29:00.143" level="INFO">POST Request : url=https://stage.allrideapp.com/api/v1/admin/pb/ticket/request?community=653fd601f90509541a748683 
 path_url=/api/v1/admin/pb/ticket/request?community=653fd601f90509541a748683 
 headers={'User-Agent': 'python-requests/2.32.3', 'Accept-Encoding': 'gzip, deflate', 'Accept': '*/*', 'Connection': 'keep-alive', 'Authorization': 'Bearer cb91fc010de72bf97bce8da804b7b1ed896bf0bf12e54034d570937eea068ed2e988a32cfd47af4ccb36bfe97a7d7166b39c72a1a792cb0b8d059b470c9d51cc', 'Content-Type': 'application/json; charset=utf-8', 'Content-Length': '150'} 
 body={"ticketQuantity":1,"cost":10,"voucherUrl":"https://s3.amazonaws.com/allride.uploads/privateBuses_voucher_653fd601f90509541a748683_1710787761571.pdf"} 
 </msg>
<msg timestamp="20240712 12:29:00.143" level="INFO">POST Response : url=https://stage.allrideapp.com/api/v1/admin/pb/ticket/request?community=653fd601f90509541a748683 
 status=200, reason=OK 
 headers={'Date': 'Fri, 12 Jul 2024 16:29:01 GMT', 'Content-Type': 'application/json; charset=utf-8', 'Content-Length': '395', 'Connection': 'keep-alive', 'Server': 'nginx', 'X-DNS-Prefetch-Control': 'off', 'X-Frame-Options': 'SAMEORIGIN', 'Strict-Transport-Security': 'max-age=15552000; includeSubDomains', 'X-Download-Options': 'noopen', 'X-Content-Type-Options': 'nosniff', 'X-XSS-Protection': '1; mode=block', 'Access-Control-Allow-Origin': '*', 'X-RateLimit-Limit': '200', 'X-RateLimit-Remaining': '199', 'X-RateLimit-Reset': '1720801802', 'ETag': 'W/"18b-yE34rAn2/fTwHkHblPx7vFwpuSc"'} 
 body={"_id":"669159cddeff0d0aed845d05","communityId":"653fd601f90509541a748683","ticketQuantity":1,"cost":10,"voucherUrl":"https://s3.amazonaws.com/allride.uploads/privateBuses_voucher_653fd601f90509541a748683_1710787761571.pdf","state":"pendingApproval","history":[],"superCommunityId":"653fd68233d83952fafcd4be","createdAt":"2024-07-12T16:29:01.607Z","updatedAt":"2024-07-12T16:29:01.607Z","__v":0} 
 </msg>
<msg timestamp="20240712 12:29:00.143" level="INFO">${response} = &lt;Response [200]&gt;</msg>
<status status="PASS" starttime="20240712 12:28:59.500" endtime="20240712 12:29:00.144"/>
</kw>
<kw name="Convert To String" library="BuiltIn">
<var>${code}</var>
<arg>${response.status_code}</arg>
<doc>Converts the given item to a Unicode string.</doc>
<msg timestamp="20240712 12:29:00.145" level="INFO">${code} = 200</msg>
<status status="PASS" starttime="20240712 12:29:00.144" endtime="20240712 12:29:00.145"/>
</kw>
<kw name="Should Be Equal As Numbers" library="BuiltIn">
<arg>${code}</arg>
<arg>200</arg>
<doc>Fails if objects are unequal after converting them to real numbers.</doc>
<status status="PASS" starttime="20240712 12:29:00.145" endtime="20240712 12:29:00.146"/>
</kw>
<kw name="Log" library="BuiltIn">
<arg>${code}</arg>
<doc>Logs the given message with the given level.</doc>
<msg timestamp="20240712 12:29:00.147" level="INFO">200</msg>
<status status="PASS" starttime="20240712 12:29:00.146" endtime="20240712 12:29:00.147"/>
</kw>
<kw name="Set Variable" library="BuiltIn">
<var>${ticketRequestId}</var>
<arg>${response.json()}[_id]</arg>
<doc>Returns the given values which can then be assigned to a variables.</doc>
<msg timestamp="20240712 12:29:00.148" level="INFO">${ticketRequestId} = 669159cddeff0d0aed845d05</msg>
<status status="PASS" starttime="20240712 12:29:00.147" endtime="20240712 12:29:00.148"/>
</kw>
<kw name="Set Variable" library="BuiltIn">
<var>${ticketRequestQty}</var>
<arg>${response.json()}[ticketQuantity]</arg>
<doc>Returns the given values which can then be assigned to a variables.</doc>
<msg timestamp="20240712 12:29:00.149" level="INFO">${ticketRequestQty} = 1</msg>
<status status="PASS" starttime="20240712 12:29:00.148" endtime="20240712 12:29:00.149"/>
</kw>
<kw name="Set Global Variable" library="BuiltIn">
<arg>${ticketRequestId}</arg>
<doc>Makes a variable available globally in all tests and suites.</doc>
<msg timestamp="20240712 12:29:00.149" level="INFO">${ticketRequestId} = 669159cddeff0d0aed845d05</msg>
<status status="PASS" starttime="20240712 12:29:00.149" endtime="20240712 12:29:00.149"/>
</kw>
<kw name="Set Global Variable" library="BuiltIn">
<arg>${ticketRequestQty}</arg>
<doc>Makes a variable available globally in all tests and suites.</doc>
<msg timestamp="20240712 12:29:00.150" level="INFO">${ticketRequestQty} = 1</msg>
<status status="PASS" starttime="20240712 12:29:00.150" endtime="20240712 12:29:00.150"/>
</kw>
<kw name="Should Be Equal As Strings" library="BuiltIn">
<arg>pendingApproval</arg>
<arg>${response.json()}[state]</arg>
<doc>Fails if objects are unequal after converting them to strings.</doc>
<status status="PASS" starttime="20240712 12:29:00.150" endtime="20240712 12:29:00.151"/>
</kw>
<kw name="Log" library="BuiltIn">
<arg>${ticketRequestId}</arg>
<doc>Logs the given message with the given level.</doc>
<msg timestamp="20240712 12:29:00.152" level="INFO">669159cddeff0d0aed845d05</msg>
<status status="PASS" starttime="20240712 12:29:00.152" endtime="20240712 12:29:00.152"/>
</kw>
<kw name="Log" library="BuiltIn">
<arg>${ticketRequestQty}</arg>
<doc>Logs the given message with the given level.</doc>
<msg timestamp="20240712 12:29:00.152" level="INFO">1</msg>
<status status="PASS" starttime="20240712 12:29:00.152" endtime="20240712 12:29:00.152"/>
</kw>
<status status="PASS" starttime="20240712 12:28:59.498" endtime="20240712 12:29:00.153"/>
</test>
<test id="s1-t6" name="Get Requested Tickets(Should Not Be 0)" line="151">
<kw name="Set Variable" library="BuiltIn">
<var>${url}</var>
<arg>${STAGE_URL}/api/v1/admin/pb/ticket/request/list/?community=${idComunidad}</arg>
<doc>Returns the given values which can then be assigned to a variables.</doc>
<msg timestamp="20240712 12:29:00.154" level="INFO">${url} = https://stage.allrideapp.com/api/v1/admin/pb/ticket/request/list/?community=653fd601f90509541a748683</msg>
<status status="PASS" starttime="20240712 12:29:00.154" endtime="20240712 12:29:00.154"/>
</kw>
<kw name="Create Dictionary" library="BuiltIn">
<var>&amp;{headers}</var>
<arg>Authorization=${tokenAdmin}</arg>
<doc>Creates and returns a dictionary based on the given ``items``.</doc>
<msg timestamp="20240712 12:29:00.155" level="INFO">&amp;{headers} = { Authorization=Bearer cb91fc010de72bf97bce8da804b7b1ed896bf0bf12e54034d570937eea068ed2e988a32cfd47af4ccb36bfe97a7d7166b39c72a1a792cb0b8d059b470c9d51cc }</msg>
<status status="PASS" starttime="20240712 12:29:00.154" endtime="20240712 12:29:00.155"/>
</kw>
<kw name="GET" library="RequestsLibrary">
<var>${response}</var>
<arg>url=${url}</arg>
<arg>headers=${headers}</arg>
<doc>Sends a GET request.</doc>
<msg timestamp="20240712 12:29:00.707" level="INFO">GET Request : url=https://stage.allrideapp.com/api/v1/admin/pb/ticket/request/list/?community=653fd601f90509541a748683 
 path_url=/api/v1/admin/pb/ticket/request/list/?community=653fd601f90509541a748683 
 headers={'User-Agent': 'python-requests/2.32.3', 'Accept-Encoding': 'gzip, deflate', 'Accept': '*/*', 'Connection': 'keep-alive', 'Authorization': 'Bearer cb91fc010de72bf97bce8da804b7b1ed896bf0bf12e54034d570937eea068ed2e988a32cfd47af4ccb36bfe97a7d7166b39c72a1a792cb0b8d059b470c9d51cc'} 
 body=None 
 </msg>
<msg timestamp="20240712 12:29:00.707" level="INFO">GET Response : url=https://stage.allrideapp.com/api/v1/admin/pb/ticket/request/list/?community=653fd601f90509541a748683 
 status=200, reason=OK 
 headers={'Date': 'Fri, 12 Jul 2024 16:29:02 GMT', 'Content-Type': 'application/json; charset=utf-8', 'Content-Length': '438', 'Connection': 'keep-alive', 'Server': 'nginx', 'X-DNS-Prefetch-Control': 'off', 'X-Frame-Options': 'SAMEORIGIN', 'Strict-Transport-Security': 'max-age=15552000; includeSubDomains', 'X-Download-Options': 'noopen', 'X-Content-Type-Options': 'nosniff', 'X-XSS-Protection': '1; mode=block', 'Access-Control-Allow-Origin': '*', 'X-RateLimit-Limit': '200', 'X-RateLimit-Remaining': '199', 'X-RateLimit-Reset': '1720801803', 'ETag': 'W/"1b6-oIKZgplCdVPK0GWtCwobxgjp68Q"'} 
 body=[{"_id":"669159cddeff0d0aed845d05","communityId":{"_id":"653fd601f90509541a748683","name":"Pruebas Automatización"},"ticketQuantity":1,"cost":10,"voucherUrl":"https://s3.amazonaws.com/allride.uploads/privateBuses_voucher_653fd601f90509541a748683_1710787761571.pdf","state":"pendingApproval","history":[],"superCommunityId":"653fd68233d83952fafcd4be","createdAt":"2024-07-12T16:29:01.607Z","updatedAt":"2024-07-12T16:29:01.607Z","__v":0}] 
 </msg>
<msg timestamp="20240712 12:29:00.708" level="INFO">${response} = &lt;Response [200]&gt;</msg>
<status status="PASS" starttime="20240712 12:29:00.155" endtime="20240712 12:29:00.708"/>
</kw>
<kw name="Should Be Equal As Numbers" library="BuiltIn">
<arg>${response.status_code}</arg>
<arg>200</arg>
<doc>Fails if objects are unequal after converting them to real numbers.</doc>
<msg timestamp="20240712 12:29:00.709" level="INFO">Argument types are:
&lt;class 'int'&gt;
&lt;class 'str'&gt;</msg>
<status status="PASS" starttime="20240712 12:29:00.708" endtime="20240712 12:29:00.709"/>
</kw>
<kw name="Set Variable" library="BuiltIn">
<var>${responseJson}</var>
<arg>${response.json()}</arg>
<doc>Returns the given values which can then be assigned to a variables.</doc>
<msg timestamp="20240712 12:29:00.710" level="INFO">${responseJson} = [{'_id': '669159cddeff0d0aed845d05', 'communityId': {'_id': '653fd601f90509541a748683', 'name': 'Pruebas Automatización'}, 'ticketQuantity': 1, 'cost': 10, 'voucherUrl': 'https://s3.amazonaws.com/allr...</msg>
<status status="PASS" starttime="20240712 12:29:00.709" endtime="20240712 12:29:00.710"/>
</kw>
<kw name="Should Not Be Empty" library="BuiltIn">
<arg>${responseJson}</arg>
<doc>Verifies that the given item is not empty.</doc>
<msg timestamp="20240712 12:29:00.711" level="INFO">Length is 1</msg>
<status status="PASS" starttime="20240712 12:29:00.710" endtime="20240712 12:29:00.711"/>
</kw>
<kw name="Log" library="BuiltIn">
<arg>${responseJson}</arg>
<doc>Logs the given message with the given level.</doc>
<msg timestamp="20240712 12:29:00.711" level="INFO">[{'_id': '669159cddeff0d0aed845d05', 'communityId': {'_id': '653fd601f90509541a748683', 'name': 'Pruebas Automatización'}, 'ticketQuantity': 1, 'cost': 10, 'voucherUrl': 'https://s3.amazonaws.com/allride.uploads/privateBuses_voucher_653fd601f90509541a748683_1710787761571.pdf', 'state': 'pendingApproval', 'history': [], 'superCommunityId': '653fd68233d83952fafcd4be', 'createdAt': '2024-07-12T16:29:01.607Z', 'updatedAt': '2024-07-12T16:29:01.607Z', '__v': 0}]</msg>
<status status="PASS" starttime="20240712 12:29:00.711" endtime="20240712 12:29:00.711"/>
</kw>
<status status="PASS" starttime="20240712 12:29:00.153" endtime="20240712 12:29:00.712"/>
</test>
<test id="s1-t7" name="Treasurer Request Approval" line="169">
<kw name="Set Variable" library="BuiltIn">
<var>${url}</var>
<arg>${STAGE_URL}/api/v1/admin/pb/ticket/request/approve/treasurer?community=${idComunidad}&amp;requestId=${ticketRequestId}&amp;userId=${idAdmin}</arg>
<doc>Returns the given values which can then be assigned to a variables.</doc>
<msg timestamp="20240712 12:29:00.713" level="INFO">${url} = https://stage.allrideapp.com/api/v1/admin/pb/ticket/request/approve/treasurer?community=653fd601f90509541a748683&amp;requestId=669159cddeff0d0aed845d05&amp;userId=653fd89733d83952fafcd6ca</msg>
<status status="PASS" starttime="20240712 12:29:00.713" endtime="20240712 12:29:00.713"/>
</kw>
<kw name="Create Dictionary" library="BuiltIn">
<var>&amp;{headers}</var>
<arg>Authorization=${tokenAdmin}</arg>
<doc>Creates and returns a dictionary based on the given ``items``.</doc>
<msg timestamp="20240712 12:29:00.714" level="INFO">&amp;{headers} = { Authorization=Bearer cb91fc010de72bf97bce8da804b7b1ed896bf0bf12e54034d570937eea068ed2e988a32cfd47af4ccb36bfe97a7d7166b39c72a1a792cb0b8d059b470c9d51cc }</msg>
<status status="PASS" starttime="20240712 12:29:00.714" endtime="20240712 12:29:00.714"/>
</kw>
<kw name="GET" library="RequestsLibrary">
<var>${response}</var>
<arg>url=${url}</arg>
<arg>headers=${headers}</arg>
<doc>Sends a GET request.</doc>
<msg timestamp="20240712 12:29:01.325" level="INFO">GET Request : url=https://stage.allrideapp.com/api/v1/admin/pb/ticket/request/approve/treasurer?community=653fd601f90509541a748683&amp;requestId=669159cddeff0d0aed845d05&amp;userId=653fd89733d83952fafcd6ca 
 path_url=/api/v1/admin/pb/ticket/request/approve/treasurer?community=653fd601f90509541a748683&amp;requestId=669159cddeff0d0aed845d05&amp;userId=653fd89733d83952fafcd6ca 
 headers={'User-Agent': 'python-requests/2.32.3', 'Accept-Encoding': 'gzip, deflate', 'Accept': '*/*', 'Connection': 'keep-alive', 'Authorization': 'Bearer cb91fc010de72bf97bce8da804b7b1ed896bf0bf12e54034d570937eea068ed2e988a32cfd47af4ccb36bfe97a7d7166b39c72a1a792cb0b8d059b470c9d51cc'} 
 body=None 
 </msg>
<msg timestamp="20240712 12:29:01.325" level="INFO">GET Response : url=https://stage.allrideapp.com/api/v1/admin/pb/ticket/request/approve/treasurer?community=653fd601f90509541a748683&amp;requestId=669159cddeff0d0aed845d05&amp;userId=653fd89733d83952fafcd6ca 
 status=200, reason=OK 
 headers={'Date': 'Fri, 12 Jul 2024 16:29:02 GMT', 'Content-Type': 'application/json; charset=utf-8', 'Content-Length': '653', 'Connection': 'keep-alive', 'Server': 'nginx', 'X-DNS-Prefetch-Control': 'off', 'X-Frame-Options': 'SAMEORIGIN', 'Strict-Transport-Security': 'max-age=15552000; includeSubDomains', 'X-Download-Options': 'noopen', 'X-Content-Type-Options': 'nosniff', 'X-XSS-Protection': '1; mode=block', 'Access-Control-Allow-Origin': '*', 'X-RateLimit-Limit': '200', 'X-RateLimit-Remaining': '199', 'X-RateLimit-Reset': '1720801803', 'ETag': 'W/"28d-rSCpBaylbBiu0oa5ggFfUDkmiXo"'} 
 body={"ticketRequestRes":{"_id":"669159cddeff0d0aed845d05","communityId":"653fd601f90509541a748683","ticketQuantity":1,"cost":10,"voucherUrl":"https://s3.amazonaws.com/allride.uploads/privateBuses_voucher_653fd601f90509541a748683_1710787761571.pdf","state":"pendingApproval","history":[{"_id":"669159ce9289c566e80c8700","action":"approved","user":{"userId":"653fd89733d83952fafcd6ca","role":"treasurer"},"createdAt":"2024-07-12T16:29:02.842Z","updatedAt":"2024-07-12T16:29:02.842Z"}],"superCommunityId":"653fd68233d83952fafcd4be","createdAt":"2024-07-12T16:29:01.607Z","updatedAt":"2024-07-12T16:29:02.843Z","__v":1,"treasurerId":"653fd89733d83952fafcd6ca"}} 
 </msg>
<msg timestamp="20240712 12:29:01.325" level="INFO">${response} = &lt;Response [200]&gt;</msg>
<status status="PASS" starttime="20240712 12:29:00.714" endtime="20240712 12:29:01.325"/>
</kw>
<kw name="Should Be Equal As Numbers" library="BuiltIn">
<arg>${response.status_code}</arg>
<arg>200</arg>
<doc>Fails if objects are unequal after converting them to real numbers.</doc>
<msg timestamp="20240712 12:29:01.326" level="INFO">Argument types are:
&lt;class 'int'&gt;
&lt;class 'str'&gt;</msg>
<status status="PASS" starttime="20240712 12:29:01.326" endtime="20240712 12:29:01.326"/>
</kw>
<kw name="Set Variable" library="BuiltIn">
<var>${responseJson}</var>
<arg>${response.json()}</arg>
<doc>Returns the given values which can then be assigned to a variables.</doc>
<msg timestamp="20240712 12:29:01.328" level="INFO">${responseJson} = {'ticketRequestRes': {'_id': '669159cddeff0d0aed845d05', 'communityId': '653fd601f90509541a748683', 'ticketQuantity': 1, 'cost': 10, 'voucherUrl': 'https://s3.amazonaws.com/allride.uploads/privateBuse...</msg>
<status status="PASS" starttime="20240712 12:29:01.328" endtime="20240712 12:29:01.329"/>
</kw>
<kw name="Set Variable" library="BuiltIn">
<var>${ticketResponseId}</var>
<arg>${responseJson}[ticketRequestRes][_id]</arg>
<doc>Returns the given values which can then be assigned to a variables.</doc>
<msg timestamp="20240712 12:29:01.329" level="INFO">${ticketResponseId} = 669159cddeff0d0aed845d05</msg>
<status status="PASS" starttime="20240712 12:29:01.329" endtime="20240712 12:29:01.329"/>
</kw>
<kw name="Set Variable" library="BuiltIn">
<var>${ticketResponseQty}</var>
<arg>${responseJson}[ticketRequestRes][ticketQuantity]</arg>
<doc>Returns the given values which can then be assigned to a variables.</doc>
<msg timestamp="20240712 12:29:01.330" level="INFO">${ticketResponseQty} = 1</msg>
<status status="PASS" starttime="20240712 12:29:01.330" endtime="20240712 12:29:01.330"/>
</kw>
<kw name="Set Variable" library="BuiltIn">
<var>${ticketResponseState}</var>
<arg>${responseJson}[ticketRequestRes][state]</arg>
<doc>Returns the given values which can then be assigned to a variables.</doc>
<msg timestamp="20240712 12:29:01.331" level="INFO">${ticketResponseState} = pendingApproval</msg>
<status status="PASS" starttime="20240712 12:29:01.331" endtime="20240712 12:29:01.331"/>
</kw>
<kw name="Should Be Equal As Strings" library="BuiltIn">
<arg>${ticketResponseId}</arg>
<arg>${ticketRequestId}</arg>
<doc>Fails if objects are unequal after converting them to strings.</doc>
<status status="PASS" starttime="20240712 12:29:01.332" endtime="20240712 12:29:01.332"/>
</kw>
<kw name="Should Be Equal As Strings" library="BuiltIn">
<arg>${ticketResponseQty}</arg>
<arg>${ticketRequestQty}</arg>
<doc>Fails if objects are unequal after converting them to strings.</doc>
<status status="PASS" starttime="20240712 12:29:01.332" endtime="20240712 12:29:01.333"/>
</kw>
<kw name="Should Be Equal As Strings" library="BuiltIn">
<arg>${ticketResponseState}</arg>
<arg>pendingApproval</arg>
<doc>Fails if objects are unequal after converting them to strings.</doc>
<status status="PASS" starttime="20240712 12:29:01.333" endtime="20240712 12:29:01.333"/>
</kw>
<kw name="Log" library="BuiltIn">
<arg>${responseJson}</arg>
<doc>Logs the given message with the given level.</doc>
<msg timestamp="20240712 12:29:01.334" level="INFO">{'ticketRequestRes': {'_id': '669159cddeff0d0aed845d05', 'communityId': '653fd601f90509541a748683', 'ticketQuantity': 1, 'cost': 10, 'voucherUrl': 'https://s3.amazonaws.com/allride.uploads/privateBuses_voucher_653fd601f90509541a748683_1710787761571.pdf', 'state': 'pendingApproval', 'history': [{'_id': '669159ce9289c566e80c8700', 'action': 'approved', 'user': {'userId': '653fd89733d83952fafcd6ca', 'role': 'treasurer'}, 'createdAt': '2024-07-12T16:29:02.842Z', 'updatedAt': '2024-07-12T16:29:02.842Z'}], 'superCommunityId': '653fd68233d83952fafcd4be', 'createdAt': '2024-07-12T16:29:01.607Z', 'updatedAt': '2024-07-12T16:29:02.843Z', '__v': 1, 'treasurerId': '653fd89733d83952fafcd6ca'}}</msg>
<status status="PASS" starttime="20240712 12:29:01.334" endtime="20240712 12:29:01.334"/>
</kw>
<status status="PASS" starttime="20240712 12:29:00.713" endtime="20240712 12:29:01.334"/>
</test>
<test id="s1-t8" name="Seller Request Approval" line="193">
<kw name="Set Variable" library="BuiltIn">
<var>${url}</var>
<arg>${STAGE_URL}/api/v1/admin/pb/ticket/request/approve/seller?community=${idComunidad}&amp;requestId=${ticketRequestId}&amp;userId=${idAdmin}</arg>
<doc>Returns the given values which can then be assigned to a variables.</doc>
<msg timestamp="20240712 12:29:01.335" level="INFO">${url} = https://stage.allrideapp.com/api/v1/admin/pb/ticket/request/approve/seller?community=653fd601f90509541a748683&amp;requestId=669159cddeff0d0aed845d05&amp;userId=653fd89733d83952fafcd6ca</msg>
<status status="PASS" starttime="20240712 12:29:01.335" endtime="20240712 12:29:01.335"/>
</kw>
<kw name="Create Dictionary" library="BuiltIn">
<var>&amp;{headers}</var>
<arg>Authorization=${tokenAdmin}</arg>
<doc>Creates and returns a dictionary based on the given ``items``.</doc>
<msg timestamp="20240712 12:29:01.336" level="INFO">&amp;{headers} = { Authorization=Bearer cb91fc010de72bf97bce8da804b7b1ed896bf0bf12e54034d570937eea068ed2e988a32cfd47af4ccb36bfe97a7d7166b39c72a1a792cb0b8d059b470c9d51cc }</msg>
<status status="PASS" starttime="20240712 12:29:01.336" endtime="20240712 12:29:01.336"/>
</kw>
<kw name="GET" library="RequestsLibrary">
<var>${response}</var>
<arg>url=${url}</arg>
<arg>headers=${headers}</arg>
<doc>Sends a GET request.</doc>
<msg timestamp="20240712 12:29:03.428" level="INFO">GET Request : url=https://stage.allrideapp.com/api/v1/admin/pb/ticket/request/approve/seller?community=653fd601f90509541a748683&amp;requestId=669159cddeff0d0aed845d05&amp;userId=653fd89733d83952fafcd6ca 
 path_url=/api/v1/admin/pb/ticket/request/approve/seller?community=653fd601f90509541a748683&amp;requestId=669159cddeff0d0aed845d05&amp;userId=653fd89733d83952fafcd6ca 
 headers={'User-Agent': 'python-requests/2.32.3', 'Accept-Encoding': 'gzip, deflate', 'Accept': '*/*', 'Connection': 'keep-alive', 'Authorization': 'Bearer cb91fc010de72bf97bce8da804b7b1ed896bf0bf12e54034d570937eea068ed2e988a32cfd47af4ccb36bfe97a7d7166b39c72a1a792cb0b8d059b470c9d51cc'} 
 body=None 
 </msg>
<msg timestamp="20240712 12:29:03.428" level="INFO">GET Response : url=https://stage.allrideapp.com/api/v1/admin/pb/ticket/request/approve/seller?community=653fd601f90509541a748683&amp;requestId=669159cddeff0d0aed845d05&amp;userId=653fd89733d83952fafcd6ca 
 status=200, reason=OK 
 headers={'Date': 'Fri, 12 Jul 2024 16:29:04 GMT', 'Content-Type': 'application/json; charset=utf-8', 'Content-Length': '924', 'Connection': 'keep-alive', 'Server': 'nginx', 'X-DNS-Prefetch-Control': 'off', 'X-Frame-Options': 'SAMEORIGIN', 'Strict-Transport-Security': 'max-age=15552000; includeSubDomains', 'X-Download-Options': 'noopen', 'X-Content-Type-Options': 'nosniff', 'X-XSS-Protection': '1; mode=block', 'Access-Control-Allow-Origin': '*', 'X-RateLimit-Limit': '200', 'X-RateLimit-Remaining': '199', 'X-RateLimit-Reset': '1720801804', 'ETag': 'W/"39c-bFCVOjovdrwMLf7Z7wsq3zBuXA4"'} 
 body={"ticketRequestRes":{"_id":"669159cddeff0d0aed845d05","communityId":"653fd601f90509541a748683","ticketQuantity":1,"cost":10,"voucherUrl":"https://s3.amazonaws.com/allride.uploads/privateBuses_voucher_653fd601f90509541a748683_1710787761571.pdf","state":"approved","history":[{"user":{"userId":"653fd89733d83952fafcd6ca","role":"treasurer"},"_id":"669159ce9289c566e80c8700","action":"approved","createdAt":"2024-07-12T16:29:02.842Z","updatedAt":"2024-07-12T16:29:02.842Z"},{"_id":"669159cf9289c566e80c8708","action":"approved","user":{"userId":"653fd89733d83952fafcd6ca","role":"seller"},"createdAt":"2024-07-12T16:29:04.891Z","updatedAt":"2024-07-12T16:29:04.891Z"}],"superCommunityId":"653fd68233d83952fafcd4be","createdAt":"2024-07-12T16:29:01.607Z","updatedAt":"2024-07-12T16:29:04.891Z","__v":2,"treasurerId":"653fd89733d83952fafcd6ca","sellerId":"653fd89733d83952fafcd6ca","assignedQuantity":1},"sellerBulkTicketsRes":1} 
 </msg>
<msg timestamp="20240712 12:29:03.428" level="INFO">${response} = &lt;Response [200]&gt;</msg>
<status status="PASS" starttime="20240712 12:29:01.336" endtime="20240712 12:29:03.428"/>
</kw>
<kw name="Should Be Equal As Numbers" library="BuiltIn">
<arg>${response.status_code}</arg>
<arg>200</arg>
<doc>Fails if objects are unequal after converting them to real numbers.</doc>
<msg timestamp="20240712 12:29:03.430" level="INFO">Argument types are:
&lt;class 'int'&gt;
&lt;class 'str'&gt;</msg>
<status status="PASS" starttime="20240712 12:29:03.429" endtime="20240712 12:29:03.430"/>
</kw>
<kw name="Set Variable" library="BuiltIn">
<var>${responseJson}</var>
<arg>${response.json()}</arg>
<doc>Returns the given values which can then be assigned to a variables.</doc>
<msg timestamp="20240712 12:29:03.431" level="INFO">${responseJson} = {'ticketRequestRes': {'_id': '669159cddeff0d0aed845d05', 'communityId': '653fd601f90509541a748683', 'ticketQuantity': 1, 'cost': 10, 'voucherUrl': 'https://s3.amazonaws.com/allride.uploads/privateBuse...</msg>
<status status="PASS" starttime="20240712 12:29:03.430" endtime="20240712 12:29:03.431"/>
</kw>
<kw name="Set Variable" library="BuiltIn">
<var>${ticketResponseId}</var>
<arg>${responseJson}[ticketRequestRes][_id]</arg>
<doc>Returns the given values which can then be assigned to a variables.</doc>
<msg timestamp="20240712 12:29:03.432" level="INFO">${ticketResponseId} = 669159cddeff0d0aed845d05</msg>
<status status="PASS" starttime="20240712 12:29:03.432" endtime="20240712 12:29:03.432"/>
</kw>
<kw name="Set Variable" library="BuiltIn">
<var>${ticketResponseQty}</var>
<arg>${responseJson}[ticketRequestRes][ticketQuantity]</arg>
<doc>Returns the given values which can then be assigned to a variables.</doc>
<msg timestamp="20240712 12:29:03.433" level="INFO">${ticketResponseQty} = 1</msg>
<status status="PASS" starttime="20240712 12:29:03.432" endtime="20240712 12:29:03.433"/>
</kw>
<kw name="Set Variable" library="BuiltIn">
<var>${ticketResponseState}</var>
<arg>${responseJson}[ticketRequestRes][state]</arg>
<doc>Returns the given values which can then be assigned to a variables.</doc>
<msg timestamp="20240712 12:29:03.433" level="INFO">${ticketResponseState} = approved</msg>
<status status="PASS" starttime="20240712 12:29:03.433" endtime="20240712 12:29:03.433"/>
</kw>
<kw name="Set Variable" library="BuiltIn">
<var>${ticketAssignedQuantity}</var>
<arg>${responseJson}[ticketRequestRes][assignedQuantity]</arg>
<doc>Returns the given values which can then be assigned to a variables.</doc>
<msg timestamp="20240712 12:29:03.434" level="INFO">${ticketAssignedQuantity} = 1</msg>
<status status="PASS" starttime="20240712 12:29:03.434" endtime="20240712 12:29:03.434"/>
</kw>
<kw name="Should Be Equal As Strings" library="BuiltIn">
<arg>${ticketResponseId}</arg>
<arg>${ticketRequestId}</arg>
<doc>Fails if objects are unequal after converting them to strings.</doc>
<status status="PASS" starttime="20240712 12:29:03.434" endtime="20240712 12:29:03.435"/>
</kw>
<kw name="Should Be Equal As Strings" library="BuiltIn">
<arg>${ticketResponseQty}</arg>
<arg>${ticketRequestQty}</arg>
<doc>Fails if objects are unequal after converting them to strings.</doc>
<status status="PASS" starttime="20240712 12:29:03.435" endtime="20240712 12:29:03.435"/>
</kw>
<kw name="Should Be Equal As Strings" library="BuiltIn">
<arg>${ticketResponseState}</arg>
<arg>approved</arg>
<doc>Fails if objects are unequal after converting them to strings.</doc>
<status status="PASS" starttime="20240712 12:29:03.435" endtime="20240712 12:29:03.435"/>
</kw>
<kw name="Should Be Equal As Strings" library="BuiltIn">
<arg>${ticketAssignedQuantity}</arg>
<arg>${ticketRequestQty}</arg>
<doc>Fails if objects are unequal after converting them to strings.</doc>
<status status="PASS" starttime="20240712 12:29:03.436" endtime="20240712 12:29:03.436"/>
</kw>
<kw name="Log" library="BuiltIn">
<arg>${responseJson}</arg>
<doc>Logs the given message with the given level.</doc>
<msg timestamp="20240712 12:29:03.436" level="INFO">{'ticketRequestRes': {'_id': '669159cddeff0d0aed845d05', 'communityId': '653fd601f90509541a748683', 'ticketQuantity': 1, 'cost': 10, 'voucherUrl': 'https://s3.amazonaws.com/allride.uploads/privateBuses_voucher_653fd601f90509541a748683_1710787761571.pdf', 'state': 'approved', 'history': [{'user': {'userId': '653fd89733d83952fafcd6ca', 'role': 'treasurer'}, '_id': '669159ce9289c566e80c8700', 'action': 'approved', 'createdAt': '2024-07-12T16:29:02.842Z', 'updatedAt': '2024-07-12T16:29:02.842Z'}, {'_id': '669159cf9289c566e80c8708', 'action': 'approved', 'user': {'userId': '653fd89733d83952fafcd6ca', 'role': 'seller'}, 'createdAt': '2024-07-12T16:29:04.891Z', 'updatedAt': '2024-07-12T16:29:04.891Z'}], 'superCommunityId': '653fd68233d83952fafcd4be', 'createdAt': '2024-07-12T16:29:01.607Z', 'updatedAt': '2024-07-12T16:29:04.891Z', '__v': 2, 'treasurerId': '653fd89733d83952fafcd6ca', 'sellerId': '653fd89733d83952fafcd6ca', 'assignedQuantity': 1}, 'sellerBulkTicketsRes': 1}</msg>
<status status="PASS" starttime="20240712 12:29:03.436" endtime="20240712 12:29:03.437"/>
</kw>
<status status="PASS" starttime="20240712 12:29:01.335" endtime="20240712 12:29:03.437"/>
</test>
<test id="s1-t9" name="Get Total Tickets(After Request)" line="219">
<kw name="Set Variable" library="BuiltIn">
<var>${url}</var>
<arg>${STAGE_URL}/api/v1/admin/pb/ticket/list?community=${idComunidad}</arg>
<doc>Returns the given values which can then be assigned to a variables.</doc>
<msg timestamp="20240712 12:29:03.438" level="INFO">${url} = https://stage.allrideapp.com/api/v1/admin/pb/ticket/list?community=653fd601f90509541a748683</msg>
<status status="PASS" starttime="20240712 12:29:03.438" endtime="20240712 12:29:03.438"/>
</kw>
<kw name="Create Dictionary" library="BuiltIn">
<var>&amp;{headers}</var>
<arg>Authorization=${tokenAdmin}</arg>
<doc>Creates and returns a dictionary based on the given ``items``.</doc>
<msg timestamp="20240712 12:29:03.439" level="INFO">&amp;{headers} = { Authorization=Bearer cb91fc010de72bf97bce8da804b7b1ed896bf0bf12e54034d570937eea068ed2e988a32cfd47af4ccb36bfe97a7d7166b39c72a1a792cb0b8d059b470c9d51cc }</msg>
<status status="PASS" starttime="20240712 12:29:03.439" endtime="20240712 12:29:03.439"/>
</kw>
<kw name="Get Current Date" library="DateTime">
<var>${start_time}</var>
<arg>result_format=%H:%M:%S.%f</arg>
<doc>Returns current local or UTC time with an optional increment.</doc>
<msg timestamp="20240712 12:29:03.440" level="INFO">${start_time} = 12:29:03.440019</msg>
<status status="PASS" starttime="20240712 12:29:03.439" endtime="20240712 12:29:03.440"/>
</kw>
<kw name="GET" library="RequestsLibrary">
<var>${response}</var>
<arg>url=${url}</arg>
<arg>headers=${headers}</arg>
<doc>Sends a GET request.</doc>
<msg timestamp="20240712 12:29:03.998" level="INFO">GET Request : url=https://stage.allrideapp.com/api/v1/admin/pb/ticket/list?community=653fd601f90509541a748683 
 path_url=/api/v1/admin/pb/ticket/list?community=653fd601f90509541a748683 
 headers={'User-Agent': 'python-requests/2.32.3', 'Accept-Encoding': 'gzip, deflate', 'Accept': '*/*', 'Connection': 'keep-alive', 'Authorization': 'Bearer cb91fc010de72bf97bce8da804b7b1ed896bf0bf12e54034d570937eea068ed2e988a32cfd47af4ccb36bfe97a7d7166b39c72a1a792cb0b8d059b470c9d51cc'} 
 body=None 
 </msg>
<msg timestamp="20240712 12:29:03.999" level="INFO">GET Response : url=https://stage.allrideapp.com/api/v1/admin/pb/ticket/list?community=653fd601f90509541a748683 
 status=200, reason=OK 
 headers={'Date': 'Fri, 12 Jul 2024 16:29:05 GMT', 'Content-Type': 'application/json; charset=utf-8', 'Content-Length': '4', 'Connection': 'keep-alive', 'Server': 'nginx', 'X-DNS-Prefetch-Control': 'off', 'X-Frame-Options': 'SAMEORIGIN', 'Strict-Transport-Security': 'max-age=15552000; includeSubDomains', 'X-Download-Options': 'noopen', 'X-Content-Type-Options': 'nosniff', 'X-XSS-Protection': '1; mode=block', 'Access-Control-Allow-Origin': '*', 'X-RateLimit-Limit': '200', 'X-RateLimit-Remaining': '199', 'X-RateLimit-Reset': '1720801806', 'ETag': 'W/"4-Z95qZpSQ8Oa/nUBbpMZqLNF8wv8"'} 
 body=1250 
 </msg>
<msg timestamp="20240712 12:29:04.000" level="INFO">${response} = &lt;Response [200]&gt;</msg>
<status status="PASS" starttime="20240712 12:29:03.440" endtime="20240712 12:29:04.001"/>
</kw>
<kw name="Should Be Equal As Numbers" library="BuiltIn">
<arg>${response.status_code}</arg>
<arg>200</arg>
<doc>Fails if objects are unequal after converting them to real numbers.</doc>
<msg timestamp="20240712 12:29:04.003" level="INFO">Argument types are:
&lt;class 'int'&gt;
&lt;class 'str'&gt;</msg>
<status status="PASS" starttime="20240712 12:29:04.002" endtime="20240712 12:29:04.004"/>
</kw>
<kw name="Get Current Date" library="DateTime">
<var>${end_time}</var>
<arg>result_format=%H:%M:%S.%f</arg>
<doc>Returns current local or UTC time with an optional increment.</doc>
<msg timestamp="20240712 12:29:04.005" level="INFO">${end_time} = 12:29:04.004538</msg>
<status status="PASS" starttime="20240712 12:29:04.004" endtime="20240712 12:29:04.005"/>
</kw>
<kw name="Subtract Time From Time" library="DateTime">
<var>${elapsed}</var>
<arg>${end_time}</arg>
<arg>${start_time}</arg>
<doc>Subtracts time from another time and returns the resulting time.</doc>
<msg timestamp="20240712 12:29:04.006" level="INFO">${elapsed} = 0.5645189999995637</msg>
<status status="PASS" starttime="20240712 12:29:04.005" endtime="20240712 12:29:04.006"/>
</kw>
<kw name="Log" library="BuiltIn">
<arg>Elapsed time: ${elapsed}</arg>
<doc>Logs the given message with the given level.</doc>
<msg timestamp="20240712 12:29:04.006" level="INFO">Elapsed time: 0.5645189999995637</msg>
<status status="PASS" starttime="20240712 12:29:04.006" endtime="20240712 12:29:04.007"/>
</kw>
<kw name="Set Variable" library="BuiltIn">
<var>${totalTicketsAfterRequest}</var>
<arg>${response.json()}</arg>
<doc>Returns the given values which can then be assigned to a variables.</doc>
<msg timestamp="20240712 12:29:04.007" level="INFO">${totalTicketsAfterRequest} = 1250</msg>
<status status="PASS" starttime="20240712 12:29:04.007" endtime="20240712 12:29:04.007"/>
</kw>
<kw name="Convert To Integer" library="BuiltIn">
<arg>${totalTickets}</arg>
<doc>Converts the given item to an integer number.</doc>
<status status="PASS" starttime="20240712 12:29:04.008" endtime="20240712 12:29:04.008"/>
</kw>
<kw name="Convert To Integer" library="BuiltIn">
<arg>${ticketRequestQty}</arg>
<doc>Converts the given item to an integer number.</doc>
<status status="PASS" starttime="20240712 12:29:04.008" endtime="20240712 12:29:04.009"/>
</kw>
<kw name="Evaluate" library="BuiltIn">
<var>${ticketsPlus}</var>
<arg>${totalTickets}+${ticketRequestQty}</arg>
<doc>Evaluates the given expression in Python and returns the result.</doc>
<msg timestamp="20240712 12:29:04.009" level="INFO">${ticketsPlus} = 1250</msg>
<status status="PASS" starttime="20240712 12:29:04.009" endtime="20240712 12:29:04.009"/>
</kw>
<kw name="Should Be True" library="BuiltIn">
<arg>${totalTicketsAfterRequest}==${ticketsPlus}</arg>
<doc>Fails if the given condition is not true.</doc>
<status status="PASS" starttime="20240712 12:29:04.010" endtime="20240712 12:29:04.010"/>
</kw>
<kw name="Log" library="BuiltIn">
<arg>La cantidad total de tickets es ${totalTicketsAfterRequest}</arg>
<doc>Logs the given message with the given level.</doc>
<msg timestamp="20240712 12:29:04.011" level="INFO">La cantidad total de tickets es 1250</msg>
<status status="PASS" starttime="20240712 12:29:04.010" endtime="20240712 12:29:04.011"/>
</kw>
<kw name="Set Global Variable" library="BuiltIn">
<arg>${totalTicketsAfterRequest}</arg>
<doc>Makes a variable available globally in all tests and suites.</doc>
<msg timestamp="20240712 12:29:04.011" level="INFO">${totalTicketsAfterRequest} = 1250</msg>
<status status="PASS" starttime="20240712 12:29:04.011" endtime="20240712 12:29:04.011"/>
</kw>
<status status="PASS" starttime="20240712 12:29:03.438" endtime="20240712 12:29:04.012"/>
</test>
<test id="s1-t10" name="Assing Tickets(Nico)" line="250">
<kw name="Create Session" library="RequestsLibrary">
<arg>mysesion</arg>
<arg>${STAGE_URL}</arg>
<arg>verify=true</arg>
<doc>Create Session: create a HTTP session to a server</doc>
<msg timestamp="20240712 12:29:04.013" level="INFO">Creating Session using : alias=mysesion, url=https://stage.allrideapp.com, headers={},                     cookies={}, auth=None, timeout=None, proxies=None, verify=True,                     debug=0 </msg>
<status status="PASS" starttime="20240712 12:29:04.013" endtime="20240712 12:29:04.013"/>
</kw>
<kw name="Create Dictionary" library="BuiltIn">
<var>${headers}</var>
<arg>Authorization=${tokenAdmin}</arg>
<arg>Content-Type=application/json; charset=utf-8</arg>
<doc>Creates and returns a dictionary based on the given ``items``.</doc>
<msg timestamp="20240712 12:29:04.014" level="INFO">${headers} = {'Authorization': 'Bearer cb91fc010de72bf97bce8da804b7b1ed896bf0bf12e54034d570937eea068ed2e988a32cfd47af4ccb36bfe97a7d7166b39c72a1a792cb0b8d059b470c9d51cc', 'Content-Type': 'application/json; charset=...</msg>
<status status="PASS" starttime="20240712 12:29:04.013" endtime="20240712 12:29:04.014"/>
</kw>
<kw name="POST On Session" library="RequestsLibrary">
<var>${response}</var>
<arg>mysesion</arg>
<arg>url=/api/v1/admin/pb/ticket/assign?community=${idComunidad}&amp;userId=${idNico}&amp;adminId=${idAdmin}&amp;adminLevel=2&amp;ticketsQuantityToAssign=${assignQty}</arg>
<arg>data={}</arg>
<arg>headers=${headers}</arg>
<doc>Sends a POST request on a previously created HTTP Session.</doc>
<msg timestamp="20240712 12:29:04.659" level="INFO">POST Request : url=https://stage.allrideapp.com/api/v1/admin/pb/ticket/assign?community=653fd601f90509541a748683&amp;userId=65e8e076337a90a35ba6e8dd&amp;adminId=653fd89733d83952fafcd6ca&amp;adminLevel=2&amp;ticketsQuantityToAssign=2 
 path_url=/api/v1/admin/pb/ticket/assign?community=653fd601f90509541a748683&amp;userId=65e8e076337a90a35ba6e8dd&amp;adminId=653fd89733d83952fafcd6ca&amp;adminLevel=2&amp;ticketsQuantityToAssign=2 
 headers={'User-Agent': 'python-requests/2.32.3', 'Accept-Encoding': 'gzip, deflate', 'Accept': '*/*', 'Connection': 'keep-alive', 'Authorization': 'Bearer cb91fc010de72bf97bce8da804b7b1ed896bf0bf12e54034d570937eea068ed2e988a32cfd47af4ccb36bfe97a7d7166b39c72a1a792cb0b8d059b470c9d51cc', 'Content-Type': 'application/json; charset=utf-8', 'Content-Length': '2'} 
 body={} 
 </msg>
<msg timestamp="20240712 12:29:04.659" level="INFO">POST Response : url=https://stage.allrideapp.com/api/v1/admin/pb/ticket/assign?community=653fd601f90509541a748683&amp;userId=65e8e076337a90a35ba6e8dd&amp;adminId=653fd89733d83952fafcd6ca&amp;adminLevel=2&amp;ticketsQuantityToAssign=2 
 status=200, reason=OK 
 headers={'Date': 'Fri, 12 Jul 2024 16:29:06 GMT', 'Content-Type': 'application/json; charset=utf-8', 'Content-Length': '1', 'Connection': 'keep-alive', 'Server': 'nginx', 'X-DNS-Prefetch-Control': 'off', 'X-Frame-Options': 'SAMEORIGIN', 'Strict-Transport-Security': 'max-age=15552000; includeSubDomains', 'X-Download-Options': 'noopen', 'X-Content-Type-Options': 'nosniff', 'X-XSS-Protection': '1; mode=block', 'Access-Control-Allow-Origin': '*', 'X-RateLimit-Limit': '200', 'X-RateLimit-Remaining': '199', 'X-RateLimit-Reset': '1720801807', 'ETag': 'W/"1-2kuSN7rMzfGcB2DKt67EqDWQELA"'} 
 body=2 
 </msg>
<msg timestamp="20240712 12:29:04.660" level="INFO">${response} = &lt;Response [200]&gt;</msg>
<status status="PASS" starttime="20240712 12:29:04.014" endtime="20240712 12:29:04.660"/>
</kw>
<kw name="Should Be True" library="BuiltIn">
<arg>${totalTicketsAfterRequest} &gt;=${assignQty}</arg>
<doc>Fails if the given condition is not true.</doc>
<status status="PASS" starttime="20240712 12:29:04.660" endtime="20240712 12:29:04.661"/>
</kw>
<status status="PASS" starttime="20240712 12:29:04.012" endtime="20240712 12:29:04.662"/>
</test>
<test id="s1-t11" name="Get Assigned Tickets (Nico)" line="269">
<kw name="Set Variable" library="BuiltIn">
<var>${url}</var>
<arg>${STAGE_URL}/api/v1/admin/pb/ticket/assigned/list?community=${idComunidad}</arg>
<doc>Returns the given values which can then be assigned to a variables.</doc>
<msg timestamp="20240712 12:29:04.664" level="INFO">${url} = https://stage.allrideapp.com/api/v1/admin/pb/ticket/assigned/list?community=653fd601f90509541a748683</msg>
<status status="PASS" starttime="20240712 12:29:04.663" endtime="20240712 12:29:04.664"/>
</kw>
<kw name="Create Dictionary" library="BuiltIn">
<var>${headers}</var>
<arg>Authorization=${tokenAdmin}</arg>
<doc>Creates and returns a dictionary based on the given ``items``.</doc>
<msg timestamp="20240712 12:29:04.665" level="INFO">${headers} = {'Authorization': 'Bearer cb91fc010de72bf97bce8da804b7b1ed896bf0bf12e54034d570937eea068ed2e988a32cfd47af4ccb36bfe97a7d7166b39c72a1a792cb0b8d059b470c9d51cc'}</msg>
<status status="PASS" starttime="20240712 12:29:04.664" endtime="20240712 12:29:04.665"/>
</kw>
<kw name="GET" library="RequestsLibrary">
<var>${response}</var>
<arg>url=${url}</arg>
<arg>headers=${headers}</arg>
<doc>Sends a GET request.</doc>
<msg timestamp="20240712 12:29:06.445" level="INFO">GET Request : url=https://stage.allrideapp.com/api/v1/admin/pb/ticket/assigned/list?community=653fd601f90509541a748683 
 path_url=/api/v1/admin/pb/ticket/assigned/list?community=653fd601f90509541a748683 
 headers={'User-Agent': 'python-requests/2.32.3', 'Accept-Encoding': 'gzip, deflate', 'Accept': '*/*', 'Connection': 'keep-alive', 'Authorization': 'Bearer cb91fc010de72bf97bce8da804b7b1ed896bf0bf12e54034d570937eea068ed2e988a32cfd47af4ccb36bfe97a7d7166b39c72a1a792cb0b8d059b470c9d51cc'} 
 body=None 
 </msg>
<msg timestamp="20240712 12:29:06.447" level="INFO">GET Response : url=https://stage.allrideapp.com/api/v1/admin/pb/ticket/assigned/list?community=653fd601f90509541a748683 
 status=200, reason=OK 
 headers={'Date': 'Fri, 12 Jul 2024 16:29:07 GMT', 'Content-Type': 'application/json; charset=utf-8', 'Content-Length': '56719', 'Connection': 'keep-alive', 'Server': 'nginx', 'X-DNS-Prefetch-Control': 'off', 'X-Frame-Options': 'SAMEORIGIN', 'Strict-Transport-Security': 'max-age=15552000; includeSubDomains', 'X-Download-Options': 'noopen', 'X-Content-Type-Options': 'nosniff', 'X-XSS-Protection': '1; mode=block', 'Access-Control-Allow-Origin': '*', 'X-RateLimit-Limit': '200', 'X-RateLimit-Remaining': '199', 'X-RateLimit-Reset': '1720801807', 'ETag': 'W/"dd8f-OYUWOxNhY1teGEiLklEWl3fByak"'} 
 body=[{"id":"653ff52433d83952fafcf397","name":"Nico1","email":"-","communityCustom":[{"listValue":[],"private":false,"_id":"665f14c1328406af89490e8d","key":"rut","value":"191866819"}],"availableTickets":8},{"id":"653ff69df90509541a74988b","name":"Naru To","email":"nicolas+3@allrideapp.com","communityCustom":[{"listValue":[],"private":false,"_id":"661955196010ec0801ab17ca","key":"rut","value":"0069809881k"}],"availableTickets":4},{"id":"653ffb4ff90509541a749b06","name":"Usuario1","email":"-","communityCustom":[{"listValue":null,"private":false,"_id":"653ffb2033d83952fafcf8ed","key":"Rut","value":"111111111"}],"availableTickets":4},{"id":"654008c033d83952fafcfe97","name":"NicoEnd","email":"-","communityCustom":[{"listValue":null,"private":false,"_id":"65400898f90509541a749ef6","key":"Rut","value":"191866818"}],"availableTickets":4},{"id":"654a5148bf3e9410d0bcd39a","name":"Pedro Pascal","email":"nicolas+end2@allrideapp.com","communityCustom":[{"listValue":[],"private":false,"_id":"65df8e85ca7842b1032ecf21","key":"rut","value":"126278489"},{"listValue":[],"private":true,"_id":"65df8e85ca7842b1032ecf22","key":"Validación para restricción de pasajeros","value":"ABC1"}],"availableTickets":1},{"id":"655dee4e479c215a1b6db7a4","name":"Usuario2","email":"-","communityCustom":[{"listValue":null,"private":false,"_id":"65bd061e63ca5651b8b56533","key":"Prueba validacion de ruta restriccion","value":"ABC"},{"listValue":[],"private":true,"_id":"65bd061e63ca5651b8b56534","key":"Rut","value":"191866819"}],"availableTickets":4},{"id":"655def50c5789447fec31b7a","name":"Usuario 2","email":"nicolas+usuario2@allrideapp.com","communityCustom":[{"listValue":[],"private":false,"_id":"65fb47f4137abd9662f1d6f0","key":"rut","value":"197528737"}],"availableTickets":4},{"id":"65e092afca7842b1032f12e2","name":"Kra tos","email":"nicolas+kratosstg@allrideapp.com","communityCustom":[{"listValue":[],"private":true,"_id":"65e0937acd6b6cc50aad1132","key":"rut","value":"126606826"}],"availableTickets":1},{"id":"65e8e076337a90a35ba6e8dd","name":"Nico End","email":"nicolas+endauto@allrideapp.com","communityCustom":[{"listValue":[],"private":true,"_id":"661d977a9cf93f24956f77f9","key":"rut","value":"169455457"}],"availableTickets":2},{"id":"66184092dddeeae46ace0d8d","name":"usuario1","email":"-","communityCustom":[{"listValue":null,"private":false,"_id":"653fdc33f90509541a748afb","key":"Rut","value":"190778045"}],"availableTickets":4},{"id":"66184092dddeeae46ace0d92","name":"usuario2","email":"-","communityCustom":[{"listValue":null,"private":false,"_id":"653fdc33f90509541a748afb","key":"Rut","value":"190778045"}],"availableTickets":4},{"id":"66184092dddeeae46ace0d97","name":"usuario3","email":"-","communityCustom":[{"listValue":null,"private":false,"_id":"653fdc33f90509541a748afb","key":"Rut","value":"190778045"}],"availableTickets":4},{"id":"66184092dddeeae46ace0d9c","name":"usuario4","email":"-","communityCustom":[{"listValue":null,"private":false,"_id":"653fdc33f90509541a748afb","key":"Rut","value":"190778045"}],"availableTickets":4},{"id":"66184092dddeeae46ace0da1","name":"usuario5","email":"-","communityCustom":[{"listValue":null,"private":false,"_id":"653fdc33f90509541a748afb","key":"Rut","value":"190778045"}],"availableTickets":4},{"id":"66184092dddeeae46ace0da6","name":"usuario6","email":"-","communityCustom":[{"listValue":null,"private":false,"_id":"653fdc33f90509541a748afb","key":"Rut","value":"190778045"}],"availableTickets":4},{"id":"66184092dddeeae46ace0dab","name":"usuario7","email":"-","communityCustom":[{"listValue":null,"private":false,"_id":"653fdc33f90509541a748afb","key":"Rut","value":"190778045"}],"availableTickets":4},{"id":"66184092dddeeae46ace0db0","name":"usuario8","email":"-","communityCustom":[{"listValue":null,"private":false,"_id":"653fdc33f90509541a748afb","key":"Rut","value":"190778045"}],"availableTickets":4},{"id":"66184092dddeeae46ace0db5","name":"usuario9","email":"-","communityCustom":[{"listValue":null,"private":false,"_id":"653fdc33f90509541a748afb","key":"Rut","value":"190778045"}],"availableTickets":4},{"id":"66184152dddeeae46ace0e5d","name":"usuario1","email":"-","communityCustom":[{"listValue":[],"private":false,"_id":"655defed479c215a1b6db856","key":"Rut","value":"123455678"}],"availableTickets":4},{"id":"66184152dddeeae46ace0e62","name":"usuario2","email":"-","communityCustom":[{"listValue":[],"private":false,"_id":"655defed479c215a1b6db856","key":"Rut","value":"123455678"}],"availableTickets":4},{"id":"66184152dddeeae46ace0e67","name":"usuario3","email":"-","communityCustom":[{"listValue":[],"private":false,"_id":"655defed479c215a1b6db856","key":"Rut","value":"123455678"}],"availableTickets":4},{"id":"66184152dddeeae46ace0e6c","name":"usuario4","email":"-","communityCustom":[{"listValue":[],"private":false,"_id":"655defed479c215a1b6db856","key":"Rut","value":"123455678"}],"availableTickets":4},{"id":"66184152dddeeae46ace0e71","name":"usuario5","email":"-","communityCustom":[{"listValue":[],"private":false,"_id":"655defed479c215a1b6db856","key":"Rut","value":"123455678"}],"availableTickets":4},{"id":"66184152dddeeae46ace0e76","name":"usuario6","email":"-","communityCustom":[{"listValue":[],"private":false,"_id":"655defed479c215a1b6db856","key":"Rut","value":"123455678"}],"availableTickets":4},{"id":"66184152dddeeae46ace0e7b","name":"usuario7","email":"-","communityCustom":[{"listValue":[],"private":false,"_id":"655defed479c215a1b6db856","key":"Rut","value":"123455678"}],"availableTickets":4},{"id":"66184152dddeeae46ace0e80","name":"usuario8","email":"-","communityCustom":[{"listValue":[],"private":false,"_id":"655defed479c215a1b6db856","key":"Rut","value":"123455678"}],"availableTickets":4},{"id":"66184152dddeeae46ace0e85","name":"usuario9","email":"-","communityCustom":[{"listValue":[],"private":false,"_id":"655defed479c215a1b6db856","key":"Rut","value":"123455678"}],"availableTickets":4},{"id":"66184152dddeeae46ace0e8a","name":"usuario10","email":"-","communityCustom":[{"listValue":[],"private":false,"_id":"655defed479c215a1b6db856","key":"Rut","value":"123455678"}],"availableTickets":4},{"id":"66184152dddeeae46ace0e8f","name":"usuario11","email":"-","communityCustom":[{"listValue":[],"private":false,"_id":"655defed479c215a1b6db856","key":"Rut","value":"123455678"}],"availableTickets":4},{"id":"66184152dddeeae46ace0e94","name":"usuario12","email":"-","communityCustom":[{"listValue":[],"private":false,"_id":"655def
[...]
e,"usesDriverPin":false,"usesTickets":true,"usesPasses":false,"usesTextToSpeech":false,"allowsManualValidation":true,"allowsRating":false,"allowsOnlyExistingDrivers":false,"allowsMultipleDrivers":false,"allowsDebugging":false,"startsOnStop":false,"notNearStop":false,"allowsNonServiceSnapshots":false,"allowsServiceSnapshots":false,"allowsDistance":false,"usesOfflineCount":false,"hasBoardings":true,"hasUnboardings":true,"usesManualSeat":true,"noPassengerInfo":false,"showParable":false,"showStops":true,"allowGenericVehicles":true,"usesVehicleQRLink":false,"skipDeclaration":false,"skipQRValidation":false,"name":"Scheduled With Assistant 2024-07-12","shapeId":"65ef21aa6f1c17c2eeeb5f98","description":"templateRobotTickets","extraInfo":"","color":"502929","legOptions":[],"ownerIds":[{"_id":"669159d4deff0d0aed845d2a","id":"653fd601f90509541a748683","role":"community"}],"segments":[],"roundOrder":[{"notifyIfPassed":false,"_id":"669159d4deff0d0aed845d2b","stopId":"655d11d88a5a1a1ff0328466"},{"notifyIfPassed":false,"_id":"669159d4deff0d0aed845d2c","stopId":"655d11d88a5a1a1ff0328464"}],"superCommunityId":"653fd68233d83952fafcd4be","communityId":"653fd601f90509541a748683","routeCost":100,"ticketCost":10,"timeOnRoute":11,"distance":4,"distanceInMeters":3840,"originStop":"655d11d88a5a1a1ff0328466","destinationStop":"655d11d88a5a1a1ff0328464","customParams":{"enabled":false,"params":[]},"customParamsAtTheEnd":{"enabled":false,"params":[]},"createdAt":"2024-07-12T16:29:08.621Z","updatedAt":"2024-07-12T16:29:08.621Z","__v":0},"departureId":{"_id":"669159dadeff0d0aed845d5f","restrictPassengers":{"enabled":false,"passengersMustComply":true,"allowedOnValidation":[],"allowedOnReservation":[],"allowedOnVisibility":[]},"superCommunities":["653fd68233d83952fafcd4be"],"communities":["653fd601f90509541a748683"],"assistantIds":["66799c8669ce2084bb417b55"],"active":false,"sharing":true,"disabled":false,"internal":false,"rounds":0,"distance":0,"scheduled":true,"odd":false,"estimatedDistance":0,"extraMinutes":0,"placeWaitTime":0,"hasExternalGPS":false,"allowsServiceSnapshots":false,"allowsNonServiceSnapshots":false,"allowsSnapshots":false,"allowsDistance":false,"usesOfflineCount":false,"linkedDepartures":[],"communityId":"653fd601f90509541a748683","driverId":{"_id":"6582e724938e4e7b3bcf9f0a","config":{"autoLogout":{"timer":{"amount":0,"unit":"minutes"},"enum":"afterDepartureEnd"}},"labels":[],"superCommunities":["653fd68233d83952fafcd4be"],"communities":["653fd601f90509541a748683","653fd601f90509541a748683","653fd601f90509541a748683","653fd601f90509541a748683"],"active":true,"enabled":true,"code":"753","ownerIds":[{"_id":"6582e724938e4e7b3bcf9f0b","id":"653fd601f90509541a748683","role":"community"},{"_id":"6654cf7e713b9a5184cfe0a1","id":"653fd68233d83952fafcd4be","role":"superCommunity"}],"notifications":[],"superCommunityId":"653fd68233d83952fafcd4be","communityId":"653fd601f90509541a748683","name":"Conductor RDD Abierto","email":"nicolas+conductorrdda@allrideapp.com","hasToChangePassword":false,"createdAt":"2023-12-20T13:07:48.614Z","updatedAt":"2024-07-11T19:47:49.865Z","__v":6,"accessToken":"bbd36a36e5645042afa5590d0e3d325ce7d6250c6d05755a3d18f30cd3ed50ee78e41662bfe0eda2baa64dae7363ea274600f5885479819495bd9e0d5e010d85","device":{"lang":"es","token":"cf4_wEhZR-WTjzcd-KVk6c:APA91bHtQdGFSZMjSXtYUW9mQTZvdTHzbilNDmpqXfSCZRNcs8smWFSPjgNoov3N9unZ9bIY4lSI6x_q0Tb3wCxxF9O8vQpC1UAExplEOysKdBdG54Orj7rQHJlL7LljAGVEpcCeboK8","manufacturer":"motorola","model":"moto g71 5G","lastUpdate":null,"appVersion":"109","lastSeenOnline":"2024-07-11T19:47:49.862Z"},"rtlToken":"1195acf1d537c82ad8e3b1583161bff54af248e7be14ec093463836fb403189a742e13e044076a1ae182653d8fa3a7caac8cc9396a1473d16b4fbcad117b1554","canCreateRoutes":true,"contractType":"indefinite","driverParams":[]},"driverCode":"753","drivers":[],"vehicleId":"66830b98bb41bfd79a4620ac","busCode":"MORISC","capacity":46,"routeId":"669159d4deff0d0aed845d25","serviceId":"669159d4deff0d0aed845d38","serviceDate":"2024-07-12T17:28:00.000Z","reservations":[],"state":"accepted","categories":[],"trail":[],"legs":[{"distance":0,"_id":"669159dfdeff0d0aed845db4","type":"pre","startedAt":"2024-07-12T16:29:19.737Z","realStartLocation":{"_id":"669159dfdeff0d0aed845db5","lat":-33.3908833,"lon":-70.54620129999999,"loc":[-70.54620129999999,-33.3908833]},"preTripChecklist":[],"customParamsAtStart":[],"driverId":"6582e724938e4e7b3bcf9f0a","customParamsAtTheEnd":[],"realEndLocation":{"_id":"669159e0deff0d0aed845dbf","lat":-33.3908833,"lon":-70.54620129999999,"loc":[-70.54620129999999,-33.3908833]},"endedAt":"2024-07-12T16:29:20.315Z"},{"distance":0,"_id":"669159e0deff0d0aed845dc0","type":"service","startedAt":"2024-07-12T16:29:20.318Z","realStartLocation":{"_id":"669159e0deff0d0aed845dc1","lat":-33.3908833,"lon":-70.54620129999999,"loc":[-70.54620129999999,-33.3908833]},"driverId":"6582e724938e4e7b3bcf9f0a","preTripChecklist":[],"customParamsAtStart":[],"customParamsAtTheEnd":[],"realEndLocation":{"_id":"66915a0adeff0d0aed845eae","lat":-72.6071614,"lon":-38.7651863,"loc":[-38.7651863,-72.6071614]},"endedAt":"2024-07-12T16:30:02.241Z"},{"distance":0,"_id":"66915a0adeff0d0aed845eaf","type":"post","startedAt":"2024-07-12T16:30:02.245Z","realStartLocation":{"_id":"66915a0adeff0d0aed845eb0","lat":-72.6071614,"lon":-38.7651863,"loc":[-38.7651863,-72.6071614]},"driverId":"6582e724938e4e7b3bcf9f0a","preTripChecklist":[],"customParamsAtStart":[],"customParamsAtTheEnd":[],"endedAt":"2024-07-12T16:30:02.935Z","realEndLocation":{"_id":"66915a0a9289c566e80c87d1","lat":-72.6071614,"lon":-38.7651863,"loc":[-38.7651863,-72.6071614]}}],"stateHistory":[{"_id":"669159dadeff0d0aed845d8e","state":"pending","date":"2024-07-12T16:29:14.544Z"},{"_id":"669159df9289c566e80c8766","state":"accepted","driverId":"6582e724938e4e7b3bcf9f0a","date":"2024-07-12T16:29:19.029Z"},{"_id":"669159df9289c566e80c8767","state":"accepted","driverId":"6582e724938e4e7b3bcf9f0a","date":"2024-07-12T16:29:19.081Z"},{"_id":"669159df9289c566e80c876a","state":"accepted","date":"2024-07-12T16:29:19.118Z"}],"deviceHistory":[],"apportionByCategories":[],"enabledSeats":[{"available":true,"_id":"669159dadeff0d0aed845d60","seat":"1"},{"available":true,"_id":"669159dadeff0d0aed845d61","seat":"2"},{"available":true,"_id":"669159dadeff0d0aed845d62","seat":"3"},{"available":true,"_id":"669159dadeff0d0aed845d63","seat":"4"},{"available":true,"_id":"669159dadeff0d0aed845d64","seat":"5"},{"available":true,"_id":"669159dadeff0d0aed845d65","seat":"6"},{"available":true,"_id":"669159dadeff0d0aed845d66","seat":"7"},{"available":true,"_id":"669159dadeff0d0aed845d67","seat":"8"},{"available":true,"_id":"669159dadeff0d0aed845d68","seat":"9"},{"available":true,"_id":"669159dadeff0d0aed845d69","seat":"10"},{"available":true,"_id":"669159dadeff0d0aed845d6a","seat":"11"},{"available":true,"_id":"669159dadeff0d0aed845d6b","seat":"12"},{"available":true,"_id":"669159dadeff0d0aed845d6c","seat":"13"},{"available":true,"_id":"669159dadeff0d0aed845d6d","seat":"14"},{"available":true,"_id":"669159dadeff0d0aed845d6e","seat":"15"},{"available":true,"_id":"669159dadeff0d0aed845d6f","seat":"16"},{"available":true,"_id":"669159dadeff0d0aed845d70","seat":"17"},{"available":true,"_id":"669159dadeff0d0aed845d71","seat":"18"},{"available":true,"_id":"669159dadeff0d0aed845d72","seat":"19"},{"available":true,"_id":"669159dadeff0d0aed845d73","seat":"20"},{"available":true,"_id":"669159dadeff0d0aed845d74","seat":"21"},{"available":true,"_id":"669159dadeff0d0aed845d75","seat":"22"},{"available":true,"_id":"669159dadeff0d0aed845d76","seat":"23"},{"available":true,"_id":"669159dadeff0d0aed845d77","seat":"24"},{"available":true,"_id":"669159dadeff0d0aed845d78","seat":"25"},{"available":true,"_id":"669159dadeff0d0aed845d79","seat":"26"},{"available":true,"_id":"669159dadeff0d0aed845d7a","seat":"27"},{"available":true,"_id":"669159dadeff0d0aed845d7b","seat":"28"},{"available":true,"_id":"669159dadeff0d0aed845d7c","seat":"29"},{"available":true,"_id":"669159dadeff0d0aed845d7d","seat":"30"},{"available":true,"_id":"669159dadeff0d0aed845d7e","seat":"31"},{"available":true,"_id":"669159dadeff0d0aed845d7f","seat":"32"},{"available":true,"_id":"669159dadeff0d0aed845d80","seat":"33"},{"available":true,"_id":"669159dadeff0d0aed845d81","seat":"34"},{"available":true,"_id":"669159dadeff0d0aed845d82","seat":"35"},{"available":true,"_id":"669159dadeff0d0aed845d83","seat":"36"},{"available":true,"_id":"669159dadeff0d0aed845d84","seat":"37"},{"available":true,"_id":"669159dadeff0d0aed845d85","seat":"38"},{"available":true,"_id":"669159dadeff0d0aed845d86","seat":"39"},{"available":true,"_id":"669159dadeff0d0aed845d87","seat":"40"},{"available":true,"_id":"669159dadeff0d0aed845d88","seat":"41"},{"available":true,"_id":"669159dadeff0d0aed845d89","seat":"42"},{"available":true,"_id":"669159dadeff0d0aed845d8a","seat":"43"},{"available":true,"_id":"669159dadeff0d0aed845d8b","seat":"44"},{"available":true,"_id":"669159dadeff0d0aed845d8c","seat":"45"},{"available":true,"_id":"669159dadeff0d0aed845d8d","seat":"46"}],"customParams":[],"customParamsAtTheEnd":[],"preTripChecklist":[],"startCapacity":46,"superCommunityId":"653fd68233d83952fafcd4be","createdAt":"2024-07-12T16:29:14.544Z","updatedAt":"2024-07-12T16:30:02.945Z","__v":4,"token":"df4e6d87e292107ab492ff791380dd83a8a77ddf043333ec1d529455c66a6ddafb469fda774e8e70398ad8bef74e0ceb5ef2d3e4bedb332fd7e6db67641be57d","realStartLocation":{"_id":"669159e0deff0d0aed845dbe","lat":-33.3908833,"lon":-70.54620129999999,"loc":[-70.54620129999999,-33.3908833]},"startedAt":"2024-07-12T16:29:20.319Z","realEndLocation":{"_id":"66915a0a9289c566e80c87d2","lat":-72.6071614,"lon":-38.7651863,"loc":[-38.7651863,-72.6071614]},"endedAt":"2024-07-12T16:30:02.935Z"},"validationString":"6c66bf8b85f81eac7855d3782809a0f7d89e7122c42f1f81066bcaae9292ff1d0ca3bec8446fcc968efe8a93bb4917764def39f405b81d4087a10799af08df7a65e8e076337a90a35ba6e8dd","assistantId":"66799c8669ce2084bb417b55","loc":[-70.7813158,-34.3941091],"latitude":-34.3941091,"longitude":-70.7813158,"lat":-34.3941091,"lon":-70.7813158,"userId":null,"communityId":{"_id":"653fd601f90509541a748683","custom":{"validationParams":{"allowMultipleUseValidationCodes":true,"forceMandatoryParams":false,"params":[{"mandatory":false,"check":true,"show":true,"private":false,"internal":false,"options":[],"_id":"668c14d02263b2a096809258","name":"rut","description":"Rut","dataType":"rut","isUserStop":false,"validationExpr":""}],"enabled":true}}},"createdAt":"2024-07-12T16:29:33.728Z","updatedAt":"2024-07-12T16:29:44.330Z","__v":1,"linkedAt":"2024-07-12T16:29:44.294Z","ticketId":"66184248b2869cd51215719a","user":{"name":"Nico End","custom":{"rut":{"listValue":[],"private":true,"_id":"661d977a9cf93f24956f77f9","key":"rut","value":"169455457"}}},"routeName":"Scheduled With Assistant 2024-07-12","routeDescription":"templateRobotTickets","plate":"MORISC"}]</msg>
<status status="PASS" starttime="20240712 12:30:04.703" endtime="20240712 12:30:04.704"/>
</kw>
<status status="PASS" starttime="20240712 12:30:03.951" endtime="20240712 12:30:04.705"/>
</test>
<test id="s1-t44" name="Delete Route" line="963">
<kw name="Create Session" library="RequestsLibrary">
<arg>mysesion</arg>
<arg>${STAGE_URL}</arg>
<arg>verify=true</arg>
<doc>Create Session: create a HTTP session to a server</doc>
<msg timestamp="20240712 12:30:04.707" level="INFO">Creating Session using : alias=mysesion, url=https://stage.allrideapp.com, headers={},                     cookies={}, auth=None, timeout=None, proxies=None, verify=True,                     debug=0 </msg>
<status status="PASS" starttime="20240712 12:30:04.706" endtime="20240712 12:30:04.707"/>
</kw>
<kw name="Create Dictionary" library="BuiltIn">
<var>${headers}</var>
<arg>Authorization=${tokenAdmin}</arg>
<arg>Content-Type=application/json</arg>
<doc>Creates and returns a dictionary based on the given ``items``.</doc>
<msg timestamp="20240712 12:30:04.708" level="INFO">${headers} = {'Authorization': 'Bearer cb91fc010de72bf97bce8da804b7b1ed896bf0bf12e54034d570937eea068ed2e988a32cfd47af4ccb36bfe97a7d7166b39c72a1a792cb0b8d059b470c9d51cc', 'Content-Type': 'application/json'}</msg>
<status status="PASS" starttime="20240712 12:30:04.707" endtime="20240712 12:30:04.708"/>
</kw>
<kw name="DELETE On Session" library="RequestsLibrary">
<var>${response}</var>
<arg>mysesion</arg>
<arg>url=/api/v1/admin/pb/routes/${scheduleId}?community=653fd601f90509541a748683</arg>
<arg>data={}</arg>
<arg>headers=${headers}</arg>
<doc>Sends a DELETE request on a previously created HTTP Session.</doc>
<msg timestamp="20240712 12:30:05.237" level="INFO">DELETE Request : url=https://stage.allrideapp.com/api/v1/admin/pb/routes/669159d4deff0d0aed845d25?community=653fd601f90509541a748683 
 path_url=/api/v1/admin/pb/routes/669159d4deff0d0aed845d25?community=653fd601f90509541a748683 
 headers={'User-Agent': 'python-requests/2.32.3', 'Accept-Encoding': 'gzip, deflate', 'Accept': '*/*', 'Connection': 'keep-alive', 'Authorization': 'Bearer cb91fc010de72bf97bce8da804b7b1ed896bf0bf12e54034d570937eea068ed2e988a32cfd47af4ccb36bfe97a7d7166b39c72a1a792cb0b8d059b470c9d51cc', 'Content-Type': 'application/json', 'Content-Length': '2'} 
 body={} 
 </msg>
<msg timestamp="20240712 12:30:05.238" level="INFO">DELETE Response : url=https://stage.allrideapp.com/api/v1/admin/pb/routes/669159d4deff0d0aed845d25?community=653fd601f90509541a748683 
 status=200, reason=OK 
 headers={'Date': 'Fri, 12 Jul 2024 16:30:06 GMT', 'Content-Type': 'application/json; charset=utf-8', 'Content-Length': '4125', 'Connection': 'keep-alive', 'Server': 'nginx', 'X-DNS-Prefetch-Control': 'off', 'X-Frame-Options': 'SAMEORIGIN', 'Strict-Transport-Security': 'max-age=15552000; includeSubDomains', 'X-Download-Options': 'noopen', 'X-Content-Type-Options': 'nosniff', 'X-XSS-Protection': '1; mode=block', 'Access-Control-Allow-Origin': '*', 'X-RateLimit-Limit': '200', 'X-RateLimit-Remaining': '199', 'X-RateLimit-Reset': '1720801867', 'ETag': 'W/"101d-MjoEphsCBMYY+HmVT7VDVSzBBL0"'} 
 body={"trail":{"enabled":false,"adjustByRounds":false},"rounds":{"enabled":false,"anchorStops":[]},"notifyUsersByStop":{"sendTo":{"emails":[],"adminLevels":[],"roles":[]},"enabled":false},"excludePassengers":{"active":false,"excludeType":"dontHide"},"scheduling":{"lateNotification":{"enabled":false,"amount":0,"unit":"minutes"},"stopNotification":{"enabled":false,"amount":0,"unit":"minutes"},"startLimit":{"upperLimit":{"amount":60,"unit":"minutes"},"lowerLimit":{"amount":30,"unit":"minutes"}},"notifyAdmins":{"fullService":{"sendTo":{"emails":[],"adminLevels":[],"roles":[]},"enabled":false}},"enabled":true,"stopOnReservation":true,"limitUnit":"minutes","limitAmount":30,"schedule":[{"capped":{"enabled":false,"capacity":0},"restrictPassengers":{"validation":{"enabled":false,"parameter":[]},"reservation":{"enabled":false,"parameter":[]},"visibility":{"enabled":false,"parameter":[]},"enabled":false,"passengersMustComply":true,"allowedOnValidation":[],"allowedOnReservation":[],"allowedOnVisibility":[]},"enabled":true,"_id":"669159d4deff0d0aed845d2d","day":"fri","time":"13:28","estimatedArrival":null,"stopSchedule":[],"vehicleCategoryId":null,"defaultResources":[]}],"restrictions":{"customParams":{"enabled":false,"params":[]},"_id":"669159d4deff0d0aed845d2e"}},"endDepartureNotice":{"enabled":false,"lastStop":null},"restrictPassengers":{"validation":{"enabled":false,"parameters":[]},"reservation":{"enabled":false,"parameters":[]},"visibility":{"enabled":false,"excludes":false,"parameters":[]},"enabled":false,"allowed":[]},"snapshots":{"enabled":false},"validationParams":{"driverParams":[],"passengerParams":[]},"canResume":{"timeLimit":{"enabled":false,"amount":5,"unit":"minutes"},"enabled":false},"departureHourFulfillment":{"enabled":false,"ranges":[]},"arrivalHourFulfillment":{"enabled":false,"ranges":[]},"validateDeparture":{"enabled":false},"minimumConfirmationTime":{"enabled":false,"amount":1,"unit":"hours"},"endServiceLegAutomatically":{"timer":{"amount":5,"unit":"minutes"},"distance":100},"assistantIds":["66799c8669ce2084bb417b55"],"superCommunities":["653fd68233d83952fafcd4be"],"communities":["653fd601f90509541a748683"],"active":false,"visible":true,"internal":false,"anchorStops":["655d11d88a5a1a1ff0328466","655d11d88a5a1a1ff0328464"],"isStatic":false,"labels":[],"hasExternalGPS":false,"hasCapacity":true,"hasBeacons":true,"hasRounds":false,"hasBoardingCount":false,"hasUnboardingCount":false,"usesBusCode":false,"usesVehicleList":true,"dynamicSeatAssignment":true,"usesDriverCode":false,"usesDriverPin":false,"usesTickets":true,"usesPasses":false,"usesTextToSpeech":false,"allowsManualValidation":true,"allowsRating":false,"allowsOnlyExistingDrivers":false,"allowsMultipleDrivers":false,"allowsDebugging":false,"startsOnStop":false,"notNearStop":false,"allowsNonServiceSnapshots":false,"allowsServiceSnapshots":false,"allowsDistance":false,"usesOfflineCount":false,"hasBoardings":true,"hasUnboardings":true,"usesManualSeat":true,"noPassengerInfo":false,"showParable":false,"showStops":true,"allowGenericVehicles":true,"usesVehicleQRLink":false,"skipDeclaration":false,"skipQRValidation":false,"_id":"669159d4deff0d0aed845d25","name":"Scheduled With Assistant 2024-07-12","shapeId":"65ef21aa6f1c17c2eeeb5f98","description":"templateRobotTickets","extraInfo":"","color":"502929","legOptions":[],"ownerIds":[{"_id":"669159d4deff0d0aed845d2a","id":"653fd601f90509541a748683","role":"community"}],"segments":[],"roundOrder":[{"notifyIfPassed":false,"_id":"669159d4deff0d0aed845d2b","stopId":"655d11d88a5a1a1ff0328466"},{"notifyIfPassed":false,"_id":"669159d4deff0d0aed845d2c","stopId":"655d11d88a5a1a1ff0328464"}],"superCommunityId":"653fd68233d83952fafcd4be","communityId":"653fd601f90509541a748683","routeCost":100,"ticketCost":10,"timeOnRoute":11,"distance":4,"distanceInMeters":3840,"originStop":"655d11d88a5a1a1ff0328466","destinationStop":"655d11d88a5a1a1ff0328464","customParams":{"enabled":false,"params":[]},"customParamsAtTheEnd":{"enabled":false,"params":[]},"createdAt":"2024-07-12T16:29:08.621Z","updatedAt":"2024-07-12T16:30:06.744Z","__v":1,"deletedAt":"2024-07-12T16:30:06.740Z"} 
 </msg>
<msg timestamp="20240712 12:30:05.238" level="INFO">${response} = &lt;Response [200]&gt;</msg>
<status status="PASS" starttime="20240712 12:30:04.708" endtime="20240712 12:30:05.239"/>
</kw>
<kw name="Convert To String" library="BuiltIn">
<var>${code}</var>
<arg>${response.status_code}</arg>
<doc>Converts the given item to a Unicode string.</doc>
<msg timestamp="20240712 12:30:05.243" level="INFO">${code} = 200</msg>
<status status="PASS" starttime="20240712 12:30:05.240" endtime="20240712 12:30:05.243"/>
</kw>
<kw name="Status Should Be" library="RequestsLibrary">
<arg>200</arg>
<doc>Fails if response status code is different than the expected.</doc>
<status status="PASS" starttime="20240712 12:30:05.244" endtime="20240712 12:30:05.244"/>
</kw>
<kw name="Log" library="BuiltIn">
<arg>${code}</arg>
<doc>Logs the given message with the given level.</doc>
<msg timestamp="20240712 12:30:05.245" level="INFO">200</msg>
<status status="PASS" starttime="20240712 12:30:05.245" endtime="20240712 12:30:05.246"/>
</kw>
<kw name="Sleep" library="BuiltIn">
<arg>5s</arg>
<doc>Pauses the test executed for the given time.</doc>
<msg timestamp="20240712 12:30:10.253" level="INFO">Slept 5 seconds</msg>
<status status="PASS" starttime="20240712 12:30:05.246" endtime="20240712 12:30:10.253"/>
</kw>
<status status="PASS" starttime="20240712 12:30:04.706" endtime="20240712 12:30:10.253"/>
</test>
<status status="PASS" starttime="20240712 12:28:57.455" endtime="20240712 12:30:10.255"/>
</suite>
<statistics>
<total>
<stat pass="43" fail="0" skip="1">All Tests</stat>
</total>
<tag>
</tag>
<suite>
<stat pass="43" fail="0" skip="1" id="s1" name="assistantFlow">assistantFlow</stat>
</suite>
</statistics>
<errors>
<msg timestamp="20240712 12:29:11.917" level="WARN">Keyword 'BuiltIn.Run Keyword Unless' is deprecated. </msg>
</errors>
</robot>
