<?xml version="1.0" encoding="UTF-8"?>
<robot generator="Robot 6.1.1 (Python 3.10.12 on win32)" generated="20241011 16:43:22.719" rpa="false" schemaversion="4">
<suite id="s1" name="socketRTL" source="c:\Users\nico2\Documents\AllRide\RobotFramework Stage\Respaldo\AllRide Test Cases\Test Cases\Socket Testing\socketRTL.robot">
<test id="s1-t1" name="Set Date Variables" line="33">
<kw name="Get Current Date" library="DateTime">
<var>${fecha_hoy}</var>
<arg>result_format=%Y-%m-%d</arg>
<doc>Returns current local or UTC time with an optional increment.</doc>
<msg timestamp="20241011 16:43:24.560" level="INFO">${fecha_hoy} = 2024-10-11</msg>
<status status="PASS" starttime="20241011 16:43:24.559" endtime="20241011 16:43:24.564"/>
</kw>
<kw name="Set Global Variable" library="BuiltIn">
<arg>${fecha_hoy}</arg>
<doc>Makes a variable available globally in all tests and suites.</doc>
<msg timestamp="20241011 16:43:24.567" level="INFO">${fecha_hoy} = 2024-10-11</msg>
<status status="PASS" starttime="20241011 16:43:24.565" endtime="20241011 16:43:24.568"/>
</kw>
<kw name="Add Time To Date" library="DateTime">
<var>${fecha_manana}</var>
<arg>${fecha_hoy}</arg>
<arg>1 days</arg>
<arg>result_format=%Y-%m-%d</arg>
<doc>Adds time to date and returns the resulting date.</doc>
<msg timestamp="20241011 16:43:24.583" level="INFO">${fecha_manana} = 2024-10-12</msg>
<status status="PASS" starttime="20241011 16:43:24.570" endtime="20241011 16:43:24.583"/>
</kw>
<kw name="Set Global Variable" library="BuiltIn">
<arg>${fecha_manana}</arg>
<doc>Makes a variable available globally in all tests and suites.</doc>
<msg timestamp="20241011 16:43:24.586" level="INFO">${fecha_manana} = 2024-10-12</msg>
<status status="PASS" starttime="20241011 16:43:24.585" endtime="20241011 16:43:24.586"/>
</kw>
<kw name="Add Time To Date" library="DateTime">
<var>${fecha_pasado_manana}</var>
<arg>${fecha_hoy}</arg>
<arg>2 days</arg>
<arg>result_format=%Y-%m-%d</arg>
<doc>Adds time to date and returns the resulting date.</doc>
<msg timestamp="20241011 16:43:24.588" level="INFO">${fecha_pasado_manana} = 2024-10-13</msg>
<status status="PASS" starttime="20241011 16:43:24.587" endtime="20241011 16:43:24.590"/>
</kw>
<kw name="Set Global Variable" library="BuiltIn">
<arg>${fecha_pasado_manana}</arg>
<doc>Makes a variable available globally in all tests and suites.</doc>
<msg timestamp="20241011 16:43:24.591" level="INFO">${fecha_pasado_manana} = 2024-10-13</msg>
<status status="PASS" starttime="20241011 16:43:24.590" endtime="20241011 16:43:24.591"/>
</kw>
<kw name="Add Time To Date" library="DateTime">
<var>${fecha_pasado_pasado_manana}</var>
<arg>${fecha_hoy}</arg>
<arg>3 days</arg>
<arg>result_format=%Y-%m-%d</arg>
<doc>Adds time to date and returns the resulting date.</doc>
<msg timestamp="20241011 16:43:24.594" level="INFO">${fecha_pasado_pasado_manana} = 2024-10-14</msg>
<status status="PASS" starttime="20241011 16:43:24.593" endtime="20241011 16:43:24.595"/>
</kw>
<kw name="Set Global Variable" library="BuiltIn">
<arg>${fecha_pasado_pasado_manana}</arg>
<doc>Makes a variable available globally in all tests and suites.</doc>
<msg timestamp="20241011 16:43:24.597" level="INFO">${fecha_pasado_pasado_manana} = 2024-10-14</msg>
<status status="PASS" starttime="20241011 16:43:24.596" endtime="20241011 16:43:24.598"/>
</kw>
<kw name="Convert Date" library="DateTime">
<var>${dia_actual}</var>
<arg>${fecha_hoy}</arg>
<arg>result_format=%a</arg>
<doc>Converts between supported `date formats`.</doc>
<msg timestamp="20241011 16:43:24.601" level="INFO">${dia_actual} = Fri</msg>
<status status="PASS" starttime="20241011 16:43:24.600" endtime="20241011 16:43:24.601"/>
</kw>
<kw name="Set Variable" library="BuiltIn">
<var>${dia_actual_lower}</var>
<arg>${dia_actual.lower()}</arg>
<doc>Returns the given values which can then be assigned to a variables.</doc>
<msg timestamp="20241011 16:43:24.606" level="INFO">${dia_actual_lower} = fri</msg>
<status status="PASS" starttime="20241011 16:43:24.603" endtime="20241011 16:43:24.606"/>
</kw>
<kw name="Set Variable" library="BuiltIn">
<var>${arrival_date}</var>
<arg>${fecha_manana}T01:00:00.000Z</arg>
<doc>Returns the given values which can then be assigned to a variables.</doc>
<msg timestamp="20241011 16:43:24.609" level="INFO">${arrival_date} = 2024-10-12T01:00:00.000Z</msg>
<status status="PASS" starttime="20241011 16:43:24.608" endtime="20241011 16:43:24.609"/>
</kw>
<kw name="Set Global Variable" library="BuiltIn">
<arg>${arrival_date}</arg>
<doc>Makes a variable available globally in all tests and suites.</doc>
<msg timestamp="20241011 16:43:24.612" level="INFO">${arrival_date} = 2024-10-12T01:00:00.000Z</msg>
<status status="PASS" starttime="20241011 16:43:24.611" endtime="20241011 16:43:24.613"/>
</kw>
<kw name="Set Variable" library="BuiltIn">
<var>${r_estimated_arrival1}</var>
<arg>${fecha_manana}T14:45:57.000Z</arg>
<doc>Returns the given values which can then be assigned to a variables.</doc>
<msg timestamp="20241011 16:43:24.616" level="INFO">${r_estimated_arrival1} = 2024-10-12T14:45:57.000Z</msg>
<status status="PASS" starttime="20241011 16:43:24.615" endtime="20241011 16:43:24.617"/>
</kw>
<kw name="Set Global Variable" library="BuiltIn">
<arg>${r_estimated_arrival1}</arg>
<doc>Makes a variable available globally in all tests and suites.</doc>
<msg timestamp="20241011 16:43:24.619" level="INFO">${r_estimated_arrival1} = 2024-10-12T14:45:57.000Z</msg>
<status status="PASS" starttime="20241011 16:43:24.618" endtime="20241011 16:43:24.620"/>
</kw>
<kw name="Set Variable" library="BuiltIn">
<var>${service_date}</var>
<arg>${fecha_manana}T00:25:29.000Z</arg>
<doc>Returns the given values which can then be assigned to a variables.</doc>
<msg timestamp="20241011 16:43:24.622" level="INFO">${service_date} = 2024-10-12T00:25:29.000Z</msg>
<status status="PASS" starttime="20241011 16:43:24.621" endtime="20241011 16:43:24.622"/>
</kw>
<kw name="Set Global Variable" library="BuiltIn">
<arg>${service_date}</arg>
<doc>Makes a variable available globally in all tests and suites.</doc>
<msg timestamp="20241011 16:43:24.624" level="INFO">${service_date} = 2024-10-12T00:25:29.000Z</msg>
<status status="PASS" starttime="20241011 16:43:24.623" endtime="20241011 16:43:24.625"/>
</kw>
<kw name="Set Variable" library="BuiltIn">
<var>${modified_arrival_date}</var>
<arg>${fecha_manana}T01:00:00.000Z</arg>
<doc>Returns the given values which can then be assigned to a variables.</doc>
<msg timestamp="20241011 16:43:24.627" level="INFO">${modified_arrival_date} = 2024-10-12T01:00:00.000Z</msg>
<status status="PASS" starttime="20241011 16:43:24.626" endtime="20241011 16:43:24.628"/>
</kw>
<kw name="Set Global Variable" library="BuiltIn">
<arg>${modified_arrival_date}</arg>
<doc>Makes a variable available globally in all tests and suites.</doc>
<msg timestamp="20241011 16:43:24.631" level="INFO">${modified_arrival_date} = 2024-10-12T01:00:00.000Z</msg>
<status status="PASS" starttime="20241011 16:43:24.630" endtime="20241011 16:43:24.632"/>
</kw>
<kw name="Set Variable" library="BuiltIn">
<var>${r_modified_estimated_arrival}</var>
<arg>${fecha_pasado_manana}T14:45:57.000Z</arg>
<doc>Returns the given values which can then be assigned to a variables.</doc>
<msg timestamp="20241011 16:43:24.634" level="INFO">${r_modified_estimated_arrival} = 2024-10-13T14:45:57.000Z</msg>
<status status="PASS" starttime="20241011 16:43:24.633" endtime="20241011 16:43:24.635"/>
</kw>
<kw name="Set Global Variable" library="BuiltIn">
<arg>${r_modified_estimated_arrival}</arg>
<doc>Makes a variable available globally in all tests and suites.</doc>
<msg timestamp="20241011 16:43:24.639" level="INFO">${r_modified_estimated_arrival} = 2024-10-13T14:45:57.000Z</msg>
<status status="PASS" starttime="20241011 16:43:24.637" endtime="20241011 16:43:24.639"/>
</kw>
<kw name="Set Variable" library="BuiltIn">
<var>${modified_service_date}</var>
<arg>${fecha_manana}T00:25:29.000Z</arg>
<doc>Returns the given values which can then be assigned to a variables.</doc>
<msg timestamp="20241011 16:43:24.642" level="INFO">${modified_service_date} = 2024-10-12T00:25:29.000Z</msg>
<status status="PASS" starttime="20241011 16:43:24.641" endtime="20241011 16:43:24.643"/>
</kw>
<kw name="Set Global Variable" library="BuiltIn">
<arg>${modified_service_date}</arg>
<doc>Makes a variable available globally in all tests and suites.</doc>
<msg timestamp="20241011 16:43:24.646" level="INFO">${modified_service_date} = 2024-10-12T00:25:29.000Z</msg>
<status status="PASS" starttime="20241011 16:43:24.644" endtime="20241011 16:43:24.647"/>
</kw>
<kw name="Set Variable" library="BuiltIn">
<var>${service_date_20min}</var>
<arg>${fecha_manana}T00:20:00.000Z</arg>
<doc>Returns the given values which can then be assigned to a variables.</doc>
<msg timestamp="20241011 16:43:24.651" level="INFO">${service_date_20min} = 2024-10-12T00:20:00.000Z</msg>
<status status="PASS" starttime="20241011 16:43:24.649" endtime="20241011 16:43:24.652"/>
</kw>
<kw name="Set Global Variable" library="BuiltIn">
<arg>${service_date_20min}</arg>
<doc>Makes a variable available globally in all tests and suites.</doc>
<msg timestamp="20241011 16:43:24.654" level="INFO">${service_date_20min} = 2024-10-12T00:20:00.000Z</msg>
<status status="PASS" starttime="20241011 16:43:24.653" endtime="20241011 16:43:24.655"/>
</kw>
<kw name="Set Variable" library="BuiltIn">
<var>${service_date_22min}</var>
<arg>${fecha_manana}T00:47:00.000Z</arg>
<doc>Returns the given values which can then be assigned to a variables.</doc>
<msg timestamp="20241011 16:43:24.658" level="INFO">${service_date_22min} = 2024-10-12T00:47:00.000Z</msg>
<status status="PASS" starttime="20241011 16:43:24.657" endtime="20241011 16:43:24.659"/>
</kw>
<kw name="Set Global Variable" library="BuiltIn">
<arg>${service_date_22min}</arg>
<doc>Makes a variable available globally in all tests and suites.</doc>
<msg timestamp="20241011 16:43:24.661" level="INFO">${service_date_22min} = 2024-10-12T00:47:00.000Z</msg>
<status status="PASS" starttime="20241011 16:43:24.660" endtime="20241011 16:43:24.661"/>
</kw>
<kw name="Set Variable" library="BuiltIn">
<var>${start_date}</var>
<arg>${fecha_manana}T03:00:00.000Z</arg>
<doc>Returns the given values which can then be assigned to a variables.</doc>
<msg timestamp="20241011 16:43:24.664" level="INFO">${start_date} = 2024-10-12T03:00:00.000Z</msg>
<status status="PASS" starttime="20241011 16:43:24.663" endtime="20241011 16:43:24.665"/>
</kw>
<kw name="Set Global Variable" library="BuiltIn">
<arg>${start_date}</arg>
<doc>Makes a variable available globally in all tests and suites.</doc>
<msg timestamp="20241011 16:43:24.667" level="INFO">${start_date} = 2024-10-12T03:00:00.000Z</msg>
<status status="PASS" starttime="20241011 16:43:24.666" endtime="20241011 16:43:24.668"/>
</kw>
<kw name="Set Variable" library="BuiltIn">
<var>${end_date_4weeks}</var>
<arg>2023-12-30T02:59:59.999Z</arg>
<doc>Returns the given values which can then be assigned to a variables.</doc>
<msg timestamp="20241011 16:43:24.671" level="INFO">${end_date_4weeks} = 2023-12-30T02:59:59.999Z</msg>
<status status="PASS" starttime="20241011 16:43:24.670" endtime="20241011 16:43:24.671"/>
</kw>
<kw name="Set Global Variable" library="BuiltIn">
<arg>${end_date_4weeks}</arg>
<doc>Makes a variable available globally in all tests and suites.</doc>
<msg timestamp="20241011 16:43:24.674" level="INFO">${end_date_4weeks} = 2023-12-30T02:59:59.999Z</msg>
<status status="PASS" starttime="20241011 16:43:24.673" endtime="20241011 16:43:24.675"/>
</kw>
<kw name="Set Variable" library="BuiltIn">
<var>${end_date}</var>
<arg>${fecha_pasado_pasado_manana}T03:00:00.000Z</arg>
<doc>Returns the given values which can then be assigned to a variables.</doc>
<msg timestamp="20241011 16:43:24.678" level="INFO">${end_date} = 2024-10-14T03:00:00.000Z</msg>
<status status="PASS" starttime="20241011 16:43:24.676" endtime="20241011 16:43:24.678"/>
</kw>
<kw name="Set Global Variable" library="BuiltIn">
<arg>${end_date}</arg>
<doc>Makes a variable available globally in all tests and suites.</doc>
<msg timestamp="20241011 16:43:24.681" level="INFO">${end_date} = 2024-10-14T03:00:00.000Z</msg>
<status status="PASS" starttime="20241011 16:43:24.680" endtime="20241011 16:43:24.682"/>
</kw>
<kw name="Set Variable" library="BuiltIn">
<var>${end_date_tomorrow}</var>
<arg>${fecha_manana}T03:00:00.000Z</arg>
<doc>Returns the given values which can then be assigned to a variables.</doc>
<msg timestamp="20241011 16:43:24.685" level="INFO">${end_date_tomorrow} = 2024-10-12T03:00:00.000Z</msg>
<status status="PASS" starttime="20241011 16:43:24.683" endtime="20241011 16:43:24.685"/>
</kw>
<kw name="Set Global Variable" library="BuiltIn">
<arg>${end_date_tomorrow}</arg>
<doc>Makes a variable available globally in all tests and suites.</doc>
<msg timestamp="20241011 16:43:24.688" level="INFO">${end_date_tomorrow} = 2024-10-12T03:00:00.000Z</msg>
<status status="PASS" starttime="20241011 16:43:24.687" endtime="20241011 16:43:24.688"/>
</kw>
<kw name="Set Variable" library="BuiltIn">
<var>${schedule_day}</var>
<arg>${dia_actual_lower}</arg>
<doc>Returns the given values which can then be assigned to a variables.</doc>
<msg timestamp="20241011 16:43:24.691" level="INFO">${schedule_day} = fri</msg>
<status status="PASS" starttime="20241011 16:43:24.690" endtime="20241011 16:43:24.691"/>
</kw>
<kw name="Set Global Variable" library="BuiltIn">
<arg>${schedule_day}</arg>
<doc>Makes a variable available globally in all tests and suites.</doc>
<msg timestamp="20241011 16:43:24.693" level="INFO">${schedule_day} = fri</msg>
<status status="PASS" starttime="20241011 16:43:24.692" endtime="20241011 16:43:24.693"/>
</kw>
<kw name="Set Variable" library="BuiltIn">
<var>${start_date_today}</var>
<arg>${fecha_hoy}T03:00:00.000Z</arg>
<doc>Returns the given values which can then be assigned to a variables.</doc>
<msg timestamp="20241011 16:43:24.696" level="INFO">${start_date_today} = 2024-10-11T03:00:00.000Z</msg>
<status status="PASS" starttime="20241011 16:43:24.695" endtime="20241011 16:43:24.696"/>
</kw>
<kw name="Set Global Variable" library="BuiltIn">
<arg>${start_date_today}</arg>
<doc>Makes a variable available globally in all tests and suites.</doc>
<msg timestamp="20241011 16:43:24.700" level="INFO">${start_date_today} = 2024-10-11T03:00:00.000Z</msg>
<status status="PASS" starttime="20241011 16:43:24.698" endtime="20241011 16:43:24.700"/>
</kw>
<kw name="Set Variable" library="BuiltIn">
<var>${today_date}</var>
<arg>${fecha_hoy}</arg>
<doc>Returns the given values which can then be assigned to a variables.</doc>
<msg timestamp="20241011 16:43:24.702" level="INFO">${today_date} = 2024-10-11</msg>
<status status="PASS" starttime="20241011 16:43:24.700" endtime="20241011 16:43:24.702"/>
</kw>
<kw name="Set Global Variable" library="BuiltIn">
<arg>${today_date}</arg>
<doc>Makes a variable available globally in all tests and suites.</doc>
<msg timestamp="20241011 16:43:24.706" level="INFO">${today_date} = 2024-10-11</msg>
<status status="PASS" starttime="20241011 16:43:24.704" endtime="20241011 16:43:24.706"/>
</kw>
<kw name="Set Variable" library="BuiltIn">
<var>${end_date_tomorrow2}</var>
<arg>${fecha_manana}T02:59:59.999Z</arg>
<doc>Returns the given values which can then be assigned to a variables.</doc>
<msg timestamp="20241011 16:43:24.708" level="INFO">${end_date_tomorrow2} = 2024-10-12T02:59:59.999Z</msg>
<status status="PASS" starttime="20241011 16:43:24.707" endtime="20241011 16:43:24.710"/>
</kw>
<kw name="Set Global Variable" library="BuiltIn">
<arg>${end_date_tomorrow}</arg>
<doc>Makes a variable available globally in all tests and suites.</doc>
<msg timestamp="20241011 16:43:24.713" level="INFO">${end_date_tomorrow} = 2024-10-12T03:00:00.000Z</msg>
<status status="PASS" starttime="20241011 16:43:24.712" endtime="20241011 16:43:24.714"/>
</kw>
<kw name="Set Variable" library="BuiltIn">
<var>${expiration_date_qr}</var>
<arg>${fecha_manana}T14:10:37.968Z</arg>
<doc>Returns the given values which can then be assigned to a variables.</doc>
<msg timestamp="20241011 16:43:24.718" level="INFO">${expiration_date_qr} = 2024-10-12T14:10:37.968Z</msg>
<status status="PASS" starttime="20241011 16:43:24.715" endtime="20241011 16:43:24.718"/>
</kw>
<kw name="Set Global Variable" library="BuiltIn">
<arg>${expiration_date_qr}</arg>
<doc>Makes a variable available globally in all tests and suites.</doc>
<msg timestamp="20241011 16:43:24.721" level="INFO">${expiration_date_qr} = 2024-10-12T14:10:37.968Z</msg>
<status status="PASS" starttime="20241011 16:43:24.720" endtime="20241011 16:43:24.722"/>
</kw>
<kw name="Set Variable" library="BuiltIn">
<var>${start_date_tickets}</var>
<arg>${fecha_hoy}T04:00:00.000Z</arg>
<doc>Returns the given values which can then be assigned to a variables.</doc>
<msg timestamp="20241011 16:43:24.724" level="INFO">${start_date_tickets} = 2024-10-11T04:00:00.000Z</msg>
<status status="PASS" starttime="20241011 16:43:24.723" endtime="20241011 16:43:24.725"/>
</kw>
<kw name="Set Global Variable" library="BuiltIn">
<arg>${start_date_tickets}</arg>
<doc>Makes a variable available globally in all tests and suites.</doc>
<msg timestamp="20241011 16:43:24.727" level="INFO">${start_date_tickets} = 2024-10-11T04:00:00.000Z</msg>
<status status="PASS" starttime="20241011 16:43:24.726" endtime="20241011 16:43:24.728"/>
</kw>
<kw name="Set Variable" library="BuiltIn">
<var>${end_date_tickets}</var>
<arg>${fecha_manana}T03:59:59.999Z</arg>
<doc>Returns the given values which can then be assigned to a variables.</doc>
<msg timestamp="20241011 16:43:24.731" level="INFO">${end_date_tickets} = 2024-10-12T03:59:59.999Z</msg>
<status status="PASS" starttime="20241011 16:43:24.730" endtime="20241011 16:43:24.732"/>
</kw>
<kw name="Set Global Variable" library="BuiltIn">
<arg>${end_date_tickets}</arg>
<doc>Makes a variable available globally in all tests and suites.</doc>
<msg timestamp="20241011 16:43:24.734" level="INFO">${end_date_tickets} = 2024-10-12T03:59:59.999Z</msg>
<status status="PASS" starttime="20241011 16:43:24.733" endtime="20241011 16:43:24.735"/>
</kw>
<status status="PASS" starttime="20241011 16:43:24.557" endtime="20241011 16:43:24.736"/>
</test>
<test id="s1-t2" name="1 hours local" line="87">
<kw name="Get Current Date" library="DateTime">
<var>${date}</var>
<arg>time_zone=local</arg>
<arg>exclude_millis=yes</arg>
<doc>Returns current local or UTC time with an optional increment.</doc>
<msg timestamp="20241011 16:43:24.744" level="INFO">${date} = 2024-10-11 16:43:25</msg>
<status status="PASS" starttime="20241011 16:43:24.742" endtime="20241011 16:43:24.744"/>
</kw>
<kw name="Convert Date" library="DateTime">
<var>${formatted_date}</var>
<arg>${date}</arg>
<arg>result_format=%H:%M:%S</arg>
<doc>Converts between supported `date formats`.</doc>
<msg timestamp="20241011 16:43:24.748" level="INFO">${formatted_date} = 16:43:25</msg>
<status status="PASS" starttime="20241011 16:43:24.746" endtime="20241011 16:43:24.749"/>
</kw>
<kw name="Log" library="BuiltIn">
<arg>Hora Actual: ${formatted_date}</arg>
<doc>Logs the given message with the given level.</doc>
<msg timestamp="20241011 16:43:24.752" level="INFO">Hora Actual: 16:43:25</msg>
<status status="PASS" starttime="20241011 16:43:24.750" endtime="20241011 16:43:24.753"/>
</kw>
<kw name="Add Time To Date" library="DateTime">
<var>${one_hour_later}</var>
<arg>${date}</arg>
<arg>1 hour</arg>
<doc>Adds time to date and returns the resulting date.</doc>
<msg timestamp="20241011 16:43:24.756" level="INFO">${one_hour_later} = 2024-10-11 17:43:25.000</msg>
<status status="PASS" starttime="20241011 16:43:24.754" endtime="20241011 16:43:24.756"/>
</kw>
<kw name="Convert Date" library="DateTime">
<var>${formatted_one_hour_later}</var>
<arg>${one_hour_later}</arg>
<arg>result_format=%H:%M</arg>
<doc>Converts between supported `date formats`.</doc>
<msg timestamp="20241011 16:43:24.759" level="INFO">${formatted_one_hour_later} = 17:43</msg>
<status status="PASS" starttime="20241011 16:43:24.757" endtime="20241011 16:43:24.759"/>
</kw>
<kw name="Log" library="BuiltIn">
<arg>Hora Actual + 1 hora: ${formatted_one_hour_later}</arg>
<doc>Logs the given message with the given level.</doc>
<msg timestamp="20241011 16:43:24.761" level="INFO">Hora Actual + 1 hora: 17:43</msg>
<status status="PASS" starttime="20241011 16:43:24.760" endtime="20241011 16:43:24.762"/>
</kw>
<kw name="Set Global Variable" library="BuiltIn">
<arg>${formatted_one_hour_later}</arg>
<doc>Makes a variable available globally in all tests and suites.</doc>
<msg timestamp="20241011 16:43:24.766" level="INFO">${formatted_one_hour_later} = 17:43</msg>
<status status="PASS" starttime="20241011 16:43:24.765" endtime="20241011 16:43:24.767"/>
</kw>
<status status="PASS" starttime="20241011 16:43:24.740" endtime="20241011 16:43:24.768"/>
</test>
<test id="s1-t3" name="Get Driver Token" line="99">
<kw name="Set Variable" library="BuiltIn">
<var>${url}</var>
<arg>${STAGE_URL}/api/v1/admin/pb/drivers/?community=${idComunidad}&amp;driverId=${driverId}</arg>
<doc>Returns the given values which can then be assigned to a variables.</doc>
<msg timestamp="20241011 16:43:24.776" level="INFO">${url} = https://stage.allrideapp.com/api/v1/admin/pb/drivers/?community=653fd601f90509541a748683&amp;driverId=6582e724938e4e7b3bcf9f0a</msg>
<status status="PASS" starttime="20241011 16:43:24.774" endtime="20241011 16:43:24.776"/>
</kw>
<kw name="Create Dictionary" library="BuiltIn">
<var>&amp;{headers}</var>
<arg>Authorization=${tokenAdmin}</arg>
<doc>Creates and returns a dictionary based on the given ``items``.</doc>
<msg timestamp="20241011 16:43:24.780" level="INFO">&amp;{headers} = { Authorization=Bearer cb91fc010de72bf97bce8da804b7b1ed896bf0bf12e54034d570937eea068ed2e988a32cfd47af4ccb36bfe97a7d7166b39c72a1a792cb0b8d059b470c9d51cc }</msg>
<status status="PASS" starttime="20241011 16:43:24.777" endtime="20241011 16:43:24.780"/>
</kw>
<kw name="GET" library="RequestsLibrary">
<var>${response}</var>
<arg>url=${url}</arg>
<arg>headers=${headers}</arg>
<doc>Sends a GET request.</doc>
<msg timestamp="20241011 16:43:25.721" level="INFO">GET Request : url=https://stage.allrideapp.com/api/v1/admin/pb/drivers/?community=653fd601f90509541a748683&amp;driverId=6582e724938e4e7b3bcf9f0a 
 path_url=/api/v1/admin/pb/drivers/?community=653fd601f90509541a748683&amp;driverId=6582e724938e4e7b3bcf9f0a 
 headers={'User-Agent': 'python-requests/2.31.0', 'Accept-Encoding': 'gzip, deflate', 'Accept': '*/*', 'Connection': 'keep-alive', 'Authorization': 'Bearer cb91fc010de72bf97bce8da804b7b1ed896bf0bf12e54034d570937eea068ed2e988a32cfd47af4ccb36bfe97a7d7166b39c72a1a792cb0b8d059b470c9d51cc'} 
 body=None 
 </msg>
<msg timestamp="20241011 16:43:25.722" level="INFO">GET Response : url=https://stage.allrideapp.com/api/v1/admin/pb/drivers/?community=653fd601f90509541a748683&amp;driverId=6582e724938e4e7b3bcf9f0a 
 status=200, reason=OK 
 headers={'Date': 'Fri, 11 Oct 2024 19:43:28 GMT', 'Content-Type': 'application/json; charset=utf-8', 'Content-Length': '1552', 'Connection': 'keep-alive', 'Server': 'nginx', 'X-DNS-Prefetch-Control': 'off', 'X-Frame-Options': 'SAMEORIGIN', 'Strict-Transport-Security': 'max-age=15552000; includeSubDomains', 'X-Download-Options': 'noopen', 'X-Content-Type-Options': 'nosniff', 'X-XSS-Protection': '1; mode=block', 'Access-Control-Allow-Origin': '*', 'X-RateLimit-Limit': '200', 'X-RateLimit-Remaining': '198', 'X-RateLimit-Reset': '1728675826', 'ETag': 'W/"610-/NkX5ugH/VjujOFwfcTLCFAb6cc"'} 
 body={"device":{"lang":"es","token":"f4w6rO-RSd-HzNs5fK8j5a:APA91bE3QNsBry9bErEQjQIBkDOtoAY6MLUMXcBxLf-k1Eu92NG0Kc0DxZWqe1T_AyDEriIOwMZ2jpUmNcciA-_rxgOLdlgRd-ZDEemMgQbKfbhIA6S5gx7cAD6Ee31DWdpWigqDnHiJ","manufacturer":"Xiaomi","model":"Redmi Note 7","lastUpdate":null,"appVersion":"111","lastSeenOnline":"2024-09-09T16:26:34.708Z"},"config":{"autoLogout":{"timer":{"amount":0,"unit":"minutes"},"enum":"afterDepartureEnd"}},"labels":[],"superCommunities":["653fd68233d83952fafcd4be"],"communities":["653fd601f90509541a748683","653fd601f90509541a748683","653fd601f90509541a748683","653fd601f90509541a748683"],"active":true,"enabled":true,"_id":"6582e724938e4e7b3bcf9f0a","code":"753","ownerIds":[{"_id":"6582e724938e4e7b3bcf9f0b","id":"653fd601f90509541a748683","role":"community"},{"_id":"6654cf7e713b9a5184cfe0a1","id":"653fd68233d83952fafcd4be","role":"superCommunity"}],"notifications":[],"superCommunityId":"653fd68233d83952fafcd4be","communityId":"653fd601f90509541a748683","name":"Conductor RDD Abierto","email":"nicolas+conductorrdda@allrideapp.com","hasToChangePassword":false,"createdAt":"2023-12-20T13:07:48.614Z","updatedAt":"2024-09-09T16:26:34.710Z","__v":6,"accessToken":"cdd8b4c15feb8aafdbede7c31edc133ede451b0a6c75adf3a37e60c3722110472b28ee51ac37d5321b336b229d1db559631ccee416c53ba996b23f6a4a47733f","rtlToken":"3dc62a8757b14622595a1745a2ff5cc55678e9add253a603c1fd13e8bf8ff879108541977977962af8e82ba722eca67d4eec8ae219d4eef1a5348275c7c3899f","canCreateRoutes":true,"contractType":"indefinite","driverParams":[],"id":"6582e724938e4e7b3bcf9f0a"} 
 </msg>
<msg timestamp="20241011 16:43:25.723" level="INFO">${response} = &lt;Response [200]&gt;</msg>
<status status="PASS" starttime="20241011 16:43:24.782" endtime="20241011 16:43:25.723"/>
</kw>
<kw name="Should Be Equal As Numbers" library="BuiltIn">
<arg>${response.status_code}</arg>
<arg>200</arg>
<doc>Fails if objects are unequal after converting them to real numbers.</doc>
<msg timestamp="20241011 16:43:25.726" level="INFO">Argument types are:
&lt;class 'int'&gt;
&lt;class 'str'&gt;</msg>
<status status="PASS" starttime="20241011 16:43:25.724" endtime="20241011 16:43:25.727"/>
</kw>
<kw name="Set Variable" library="BuiltIn">
<var>${access_token}</var>
<arg>${response.json()['accessToken']}</arg>
<doc>Returns the given values which can then be assigned to a variables.</doc>
<msg timestamp="20241011 16:43:25.730" level="INFO">${access_token} = cdd8b4c15feb8aafdbede7c31edc133ede451b0a6c75adf3a37e60c3722110472b28ee51ac37d5321b336b229d1db559631ccee416c53ba996b23f6a4a47733f</msg>
<status status="PASS" starttime="20241011 16:43:25.727" endtime="20241011 16:43:25.731"/>
</kw>
<kw name="Evaluate" library="BuiltIn">
<var>${tokenDriver}</var>
<arg>"Bearer " + "${access_token}"</arg>
<doc>Evaluates the given expression in Python and returns the result.</doc>
<msg timestamp="20241011 16:43:25.733" level="INFO">${tokenDriver} = Bearer cdd8b4c15feb8aafdbede7c31edc133ede451b0a6c75adf3a37e60c3722110472b28ee51ac37d5321b336b229d1db559631ccee416c53ba996b23f6a4a47733f</msg>
<status status="PASS" starttime="20241011 16:43:25.732" endtime="20241011 16:43:25.733"/>
</kw>
<kw name="Set Global Variable" library="BuiltIn">
<arg>${tokenDriver}</arg>
<doc>Makes a variable available globally in all tests and suites.</doc>
<msg timestamp="20241011 16:43:25.735" level="INFO">${tokenDriver} = Bearer cdd8b4c15feb8aafdbede7c31edc133ede451b0a6c75adf3a37e60c3722110472b28ee51ac37d5321b336b229d1db559631ccee416c53ba996b23f6a4a47733f</msg>
<status status="PASS" starttime="20241011 16:43:25.734" endtime="20241011 16:43:25.736"/>
</kw>
<kw name="Log" library="BuiltIn">
<arg>${tokenDriver}</arg>
<doc>Logs the given message with the given level.</doc>
<msg timestamp="20241011 16:43:25.737" level="INFO">Bearer cdd8b4c15feb8aafdbede7c31edc133ede451b0a6c75adf3a37e60c3722110472b28ee51ac37d5321b336b229d1db559631ccee416c53ba996b23f6a4a47733f</msg>
<status status="PASS" starttime="20241011 16:43:25.737" endtime="20241011 16:43:25.738"/>
</kw>
<kw name="Log" library="BuiltIn">
<arg>${response.content}</arg>
<doc>Logs the given message with the given level.</doc>
<msg timestamp="20241011 16:43:25.740" level="INFO">{"device":{"lang":"es","token":"f4w6rO-RSd-HzNs5fK8j5a:APA91bE3QNsBry9bErEQjQIBkDOtoAY6MLUMXcBxLf-k1Eu92NG0Kc0DxZWqe1T_AyDEriIOwMZ2jpUmNcciA-_rxgOLdlgRd-ZDEemMgQbKfbhIA6S5gx7cAD6Ee31DWdpWigqDnHiJ","manufacturer":"Xiaomi","model":"Redmi Note 7","lastUpdate":null,"appVersion":"111","lastSeenOnline":"2024-09-09T16:26:34.708Z"},"config":{"autoLogout":{"timer":{"amount":0,"unit":"minutes"},"enum":"afterDepartureEnd"}},"labels":[],"superCommunities":["653fd68233d83952fafcd4be"],"communities":["653fd601f90509541a748683","653fd601f90509541a748683","653fd601f90509541a748683","653fd601f90509541a748683"],"active":true,"enabled":true,"_id":"6582e724938e4e7b3bcf9f0a","code":"753","ownerIds":[{"_id":"6582e724938e4e7b3bcf9f0b","id":"653fd601f90509541a748683","role":"community"},{"_id":"6654cf7e713b9a5184cfe0a1","id":"653fd68233d83952fafcd4be","role":"superCommunity"}],"notifications":[],"superCommunityId":"653fd68233d83952fafcd4be","communityId":"653fd601f90509541a748683","name":"Conductor RDD Abierto","email":"nicolas+conductorrdda@allrideapp.com","hasToChangePassword":false,"createdAt":"2023-12-20T13:07:48.614Z","updatedAt":"2024-09-09T16:26:34.710Z","__v":6,"accessToken":"cdd8b4c15feb8aafdbede7c31edc133ede451b0a6c75adf3a37e60c3722110472b28ee51ac37d5321b336b229d1db559631ccee416c53ba996b23f6a4a47733f","rtlToken":"3dc62a8757b14622595a1745a2ff5cc55678e9add253a603c1fd13e8bf8ff879108541977977962af8e82ba722eca67d4eec8ae219d4eef1a5348275c7c3899f","canCreateRoutes":true,"contractType":"indefinite","driverParams":[],"id":"6582e724938e4e7b3bcf9f0a"}</msg>
<status status="PASS" starttime="20241011 16:43:25.738" endtime="20241011 16:43:25.740"/>
</kw>
<status status="PASS" starttime="20241011 16:43:24.773" endtime="20241011 16:43:25.742"/>
</test>
<test id="s1-t4" name="Create new service in the selected route" line="123">
<kw name="Create Session" library="RequestsLibrary">
<arg>mysesion</arg>
<arg>${STAGE_URL}</arg>
<arg>verify=true</arg>
<doc>Create Session: create a HTTP session to a server</doc>
<msg timestamp="20241011 16:43:25.746" level="INFO">Creating Session using : alias=mysesion, url=https://stage.allrideapp.com, headers={},                     cookies={}, auth=None, timeout=None, proxies=None, verify=True,                     debug=0 </msg>
<status status="PASS" starttime="20241011 16:43:25.745" endtime="20241011 16:43:25.747"/>
</kw>
<kw name="Set Variable" library="BuiltIn">
<var>${jsonBody}</var>
<arg>{"_id":"67097560bbc506c3081aee9a","trail":{"enabled":false,"adjustByRounds":false},"rounds":{"enabled":false,"anchorStops":[]},"notifyUsersByStop":{"sendTo":{"emails":[],"adminLevels":[],"roles":[]},"enabled":false},"notifyUnboardedPassengers":{"enabled":true,"sendTo":{"destinataries":"admins","emails":[],"adminLevels":[],"roles":[]},"sendAt":"endDeparture"},"notifyPassengersWithoutReservation":{"enabled":true,"sendTo":{"destinataries":"admins","emails":[],"adminLevels":[],"roles":[]},"sendAt":"endDeparture"},"notifySkippedStop":{"enabled":true,"sendTo":{"destinataries":"admins","emails":[],"adminLevels":[],"roles":[]}},"excludePassengers":{"active":false,"excludeType":"dontHide"},"scheduling":{"enabled":true,"limitUnit":"minutes","limitAmount":30,"lateNotification":{"enabled":false,"amount":0,"unit":"minutes"},"stopNotification":{"enabled":false,"amount":0,"unit":"minutes"},"startLimit":{"upperLimit":{"amount":60,"unit":"minutes"},"lowerLimit":{"amount":30,"unit":"minutes"}},"defaultServiceCost":null,"schedule":[{"enabled":true,"day":"${schedule_day}","time":"${formatted_one_hour_later}","estimatedArrival":null,"capped":{"enabled":false,"capacity":0},"vehicleCategoryId":null,"restrictPassengers":{"enabled":false,"visibility":{"enabled":false,"excludes":false,"parameters":[]},"reservation":{"enabled":false,"excludes":false,"parameters":[]},"validation":{"enabled":false,"excludes":false,"parameters":[]}},"serviceCost":0,"observations":"","reservations":{"enabled":false,"list":[]},"stopSchedule":[{"stopId":"66a01968b5b91a562aacb535","scheduledDate":null},{"stopId":"655d11d88a5a1a1ff0328466","scheduledDate":null},{"stopId":"655d11d88a5a1a1ff0328464","scheduledDate":null}],"defaultResources":[],"_ogIndex":0}],"stopOnReservation":true,"restrictions":{"customParams":{"enabled":false,"params":[]}},"reservations":{"enabled":false,"list":[]}},"rating":{"enabled":false,"withValidation":false},"endDepartureNotice":{"enabled":false,"lastStop":null},"restrictPassengers":{"enabled":false,"allowed":["67097560bbc506c3081aee9a"],"visibility":{"enabled":false,"excludes":false,"parameters":[]},"reservation":{"enabled":false,"excludes":false,"parameters":[]},"validation":{"enabled":false,"excludes":false,"parameters":[]}},"snapshots":{"enabled":false},"validationParams":{"enabled":false,"driverParams":[],"passengerParams":[]},"canResume":{"timeLimit":{"enabled":false,"amount":5,"unit":"minutes"},"enabled":false},"departureHourFulfillment":{"enabled":false,"ranges":[]},"arrivalHourFulfillment":{"enabled":false,"ranges":[]},"validateDeparture":{"enabled":true},"minimumConfirmationTime":{"enabled":false,"amount":1,"unit":"hours"},"endServiceLegAutomatically":{"timer":{"amount":5,"unit":"minutes"},"distance":100},"codeValidationOptions":{"type":"qr","failureMessage":"El código QR ingresado no es válido."},"assistantIds":[],"superCommunities":["653fd68233d83952fafcd4be"],"communities":["653fd601f90509541a748683"],"active":true,"visible":true,"internal":false,"anchorStops":[],"isStatic":false,"labels":[],"hasExternalGPS":false,"hasCapacity":false,"hasBeacons":true,"hasRounds":false,"hasBoardingCount":false,"hasUnboardingCount":false,"usesBusCode":false,"usesVehicleList":true,"dynamicSeatAssignment":true,"usesDriverCode":false,"usesDriverPin":false,"usesTickets":false,"usesPasses":false,"usesTextToSpeech":false,"allowsManualValidation":true,"allowsRating":true,"allowsOnlyExistingDrivers":false,"allowsMultipleDrivers":false,"allowsDebugging":false,"startsOnStop":false,"notNearStop":false,"allowsNonServiceSnapshots":false,"allowsServiceSnapshots":false,"allowsDistance":true,"usesOfflineCount":false,"hasBoardings":true,"hasUnboardings":true,"usesManualSeat":true,"noPassengerInfo":false,"showParable":false,"showStops":true,"allowGenericVehicles":true,"usesVehicleQRLink":false,"skipDeclaration":false,"skipQRValidation":false,"assistantAssignsSeat":true,"name":"Ruta Alertas Automatización","shapeId":"65ef21aa6f1c17c2eeeb5f98","description":"Ruta Alertas Automatización","extraInfo":"","color":"6b3535","legOptions":[],"useServiceReservations":false,"ownerIds":[{"_id":"67097560bbc506c3081aee9f","id":"653fd601f90509541a748683","role":"community"}],"segments":[],"roundOrder":[{"stopId":"66a01968b5b91a562aacb535","notifyIfPassed":false},{"stopId":"655d11d88a5a1a1ff0328466","notifyIfPassed":false},{"stopId":"655d11d88a5a1a1ff0328464","notifyIfPassed":false}],"superCommunityId":"653fd68233d83952fafcd4be","communityId":"653fd601f90509541a748683","timeOnRoute":11,"distance":4,"distanceInMeters":3840,"originStop":"66a01968b5b91a562aacb535","destinationStop":"655d11d88a5a1a1ff0328464","customParams":{"enabled":false,"params":[]},"customParamsAtTheEnd":{"enabled":false,"params":[]},"createdAt":"2024-10-11T18:58:40.731Z","updatedAt":"2024-10-11T18:58:40.731Z","__v":0,"routeCost":0,"ticketCost":0}</arg>
<doc>Returns the given values which can then be assigned to a variables.</doc>
<msg timestamp="20241011 16:43:25.750" level="INFO">${jsonBody} = {"_id":"67097560bbc506c3081aee9a","trail":{"enabled":false,"adjustByRounds":false},"rounds":{"enabled":false,"anchorStops":[]},"notifyUsersByStop":{"sendTo":{"emails":[],"adminLevels":[],"roles":[]},"...</msg>
<status status="PASS" starttime="20241011 16:43:25.749" endtime="20241011 16:43:25.750"/>
</kw>
<kw name="Evaluate" library="BuiltIn">
<var>${parsed_json}</var>
<arg>json.loads($jsonBody)</arg>
<arg>json</arg>
<doc>Evaluates the given expression in Python and returns the result.</doc>
<msg timestamp="20241011 16:43:25.760" level="INFO">${parsed_json} = {'_id': '67097560bbc506c3081aee9a', 'trail': {'enabled': False, 'adjustByRounds': False}, 'rounds': {'enabled': False, 'anchorStops': []}, 'notifyUsersByStop': {'sendTo': {'emails': [], 'adminLevels':...</msg>
<status status="PASS" starttime="20241011 16:43:25.751" endtime="20241011 16:43:25.760"/>
</kw>
<kw name="Create Dictionary" library="BuiltIn">
<var>${headers}</var>
<arg>Authorization=${tokenAdmin}</arg>
<arg>Content-Type=application/json</arg>
<doc>Creates and returns a dictionary based on the given ``items``.</doc>
<msg timestamp="20241011 16:43:25.762" level="INFO">${headers} = {'Authorization': 'Bearer cb91fc010de72bf97bce8da804b7b1ed896bf0bf12e54034d570937eea068ed2e988a32cfd47af4ccb36bfe97a7d7166b39c72a1a792cb0b8d059b470c9d51cc', 'Content-Type': 'application/json'}</msg>
<status status="PASS" starttime="20241011 16:43:25.761" endtime="20241011 16:43:25.763"/>
</kw>
<kw name="PUT On Session" library="RequestsLibrary">
<var>${response}</var>
<arg>mysesion</arg>
<arg>url=/api/v1/admin/pb/routes/67097560bbc506c3081aee9a?community=653fd601f90509541a748683</arg>
<arg>json=${parsed_json}</arg>
<arg>headers=${headers}</arg>
<doc>Sends a PUT request on a previously created HTTP Session.</doc>
<msg timestamp="20241011 16:43:27.063" level="INFO">PUT Request : url=https://stage.allrideapp.com/api/v1/admin/pb/routes/67097560bbc506c3081aee9a?community=653fd601f90509541a748683 
 path_url=/api/v1/admin/pb/routes/67097560bbc506c3081aee9a?community=653fd601f90509541a748683 
 headers={'User-Agent': 'python-requests/2.31.0', 'Accept-Encoding': 'gzip, deflate', 'Accept': '*/*', 'Connection': 'keep-alive', 'Authorization': 'Bearer cb91fc010de72bf97bce8da804b7b1ed896bf0bf12e54034d570937eea068ed2e988a32cfd47af4ccb36bfe97a7d7166b39c72a1a792cb0b8d059b470c9d51cc', 'Content-Type': 'application/json', 'Content-Length': '5254'} 
 body=b'{"_id": "67097560bbc506c3081aee9a", "trail": {"enabled": false, "adjustByRounds": false}, "rounds": {"enabled": false, "anchorStops": []}, "notifyUsersByStop": {"sendTo": {"emails": [], "adminLevels": [], "roles": []}, "enabled": false}, "notifyUnboardedPassengers": {"enabled": true, "sendTo": {"destinataries": "admins", "emails": [], "adminLevels": [], "roles": []}, "sendAt": "endDeparture"}, "notifyPassengersWithoutReservation": {"enabled": true, "sendTo": {"destinataries": "admins", "emails": [], "adminLevels": [], "roles": []}, "sendAt": "endDeparture"}, "notifySkippedStop": {"enabled": true, "sendTo": {"destinataries": "admins", "emails": [], "adminLevels": [], "roles": []}}, "excludePassengers": {"active": false, "excludeType": "dontHide"}, "scheduling": {"enabled": true, "limitUnit": "minutes", "limitAmount": 30, "lateNotification": {"enabled": false, "amount": 0, "unit": "minutes"}, "stopNotification": {"enabled": false, "amount": 0, "unit": "minutes"}, "startLimit": {"upperLimit": {"amount": 60, "unit": "minutes"}, "lowerLimit": {"amount": 30, "unit": "minutes"}}, "defaultServiceCost": null, "schedule": [{"enabled": true, "day": "fri", "time": "17:43", "estimatedArrival": null, "capped": {"enabled": false, "capacity": 0}, "vehicleCategoryId": null, "restrictPassengers": {"enabled": false, "visibility": {"enabled": false, "excludes": false, "parameters": []}, "reservation": {"enabled": false, "excludes": false, "parameters": []}, "validation": {"enabled": false, "excludes": false, "parameters": []}}, "serviceCost": 0, "observations": "", "reservations": {"enabled": false, "list": []}, "stopSchedule": [{"stopId": "66a01968b5b91a562aacb535", "scheduledDate": null}, {"stopId": "655d11d88a5a1a1ff0328466", "scheduledDate": null}, {"stopId": "655d11d88a5a1a1ff0328464", "scheduledDate": null}], "defaultResources": [], "_ogIndex": 0}], "stopOnReservation": true, "restrictions": {"customParams": {"enabled": false, "params": []}}, "reservations": {"enabled": false, "list": []}}, "rating": {"enabled": false, "withValidation": false}, "endDepartureNotice": {"enabled": false, "lastStop": null}, "restrictPassengers": {"enabled": false, "allowed": ["67097560bbc506c3081aee9a"], "visibility": {"enabled": false, "excludes": false, "parameters": []}, "reservation": {"enabled": false, "excludes": false, "parameters": []}, "validation": {"enabled": false, "excludes": false, "parameters": []}}, "snapshots": {"enabled": false}, "validationParams": {"enabled": false, "driverParams": [], "passengerParams": []}, "canResume": {"timeLimit": {"enabled": false, "amount": 5, "unit": "minutes"}, "enabled": false}, "departureHourFulfillment": {"enabled": false, "ranges": []}, "arrivalHourFulfillment": {"enabled": false, "ranges": []}, "validateDeparture": {"enabled": true}, "minimumConfirmationTime": {"enabled": false, "amount": 1, "unit": "hours"}, "endServiceLegAutomatically": {"timer": {"amount": 5, "unit": "minutes"}, "distance": 100}, "codeValidationOptions": {"type": "qr", "failureMessage": "El c\\u00f3digo QR ingresado no es v\\u00e1lido."}, "assistantIds": [], "superCommunities": ["653fd68233d83952fafcd4be"], "communities": ["653fd601f90509541a748683"], "active": true, "visible": true, "internal": false, "anchorStops": [], "isStatic": false, "labels": [], "hasExternalGPS": false, "hasCapacity": false, "hasBeacons": true, "hasRounds": false, "hasBoardingCount": false, "hasUnboardingCount": false, "usesBusCode": false, "usesVehicleList": true, "dynamicSeatAssignment": true, "usesDriverCode": false, "usesDriverPin": false, "usesTickets": false, "usesPasses": false, "usesTextToSpeech": false, "allowsManualValidation": true, "allowsRating": true, "allowsOnlyExistingDrivers": false, "allowsMultipleDrivers": false, "allowsDebugging": false, "startsOnStop": false, "notNearStop": false, "allowsNonServiceSnapshots": false, "allowsServiceSnapshots": false, "allowsDistance": true, "usesOfflineCount": false, "hasBoardings": true, "hasUnboardings": true, "usesManualSeat": true, "noPassengerInfo": false, "showParable": false, "showStops": true, "allowGenericVehicles": true, "usesVehicleQRLink": false, "skipDeclaration": false, "skipQRValidation": false, "assistantAssignsSeat": true, "name": "Ruta Alertas Automatizaci\\u00f3n", "shapeId": "65ef21aa6f1c17c2eeeb5f98", "description": "Ruta Alertas Automatizaci\\u00f3n", "extraInfo": "", "color": "6b3535", "legOptions": [], "useServiceReservations": false, "ownerIds": [{"_id": "67097560bbc506c3081aee9f", "id": "653fd601f90509541a748683", "role": "community"}], "segments": [], "roundOrder": [{"stopId": "66a01968b5b91a562aacb535", "notifyIfPassed": false}, {"stopId": "655d11d88a5a1a1ff0328466", "notifyIfPassed": false}, {"stopId": "655d11d88a5a1a1ff0328464", "notifyIfPassed": false}], "superCommunityId": "653fd68233d83952fafcd4be", "communityId": "653fd601f90509541a748683", "timeOnRoute": 11, "distance": 4, "distanceInMeters": 3840, "originStop": "66a01968b5b91a562aacb535", "destinationStop": "655d11d88a5a1a1ff0328464", "customParams": {"enabled": false, "params": []}, "customParamsAtTheEnd": {"enabled": false, "params": []}, "createdAt": "2024-10-11T18:58:40.731Z", "updatedAt": "2024-10-11T18:58:40.731Z", "__v": 0, "routeCost": 0, "ticketCost": 0}' 
 </msg>
<msg timestamp="20241011 16:43:27.064" level="INFO">PUT Response : url=https://stage.allrideapp.com/api/v1/admin/pb/routes/67097560bbc506c3081aee9a?community=653fd601f90509541a748683 
 status=200, reason=OK 
 headers={'Date': 'Fri, 11 Oct 2024 19:43:29 GMT', 'Content-Type': 'application/json; charset=utf-8', 'Content-Length': '15629', 'Connection': 'keep-alive', 'Server': 'nginx', 'X-DNS-Prefetch-Control': 'off', 'X-Frame-Options': 'SAMEORIGIN', 'Strict-Transport-Security': 'max-age=15552000; includeSubDomains', 'X-Download-Options': 'noopen', 'X-Content-Type-Options': 'nosniff', 'X-XSS-Protection': '1; mode=block', 'Access-Control-Allow-Origin': '*', 'X-RateLimit-Limit': '200', 'X-RateLimit-Remaining': '198', 'X-RateLimit-Reset': '1728675869', 'ETag': 'W/"3d0d-LLa5BfuXc51ZGYrn5q4cMZtmuKw"'} 
 body={"trail":{"enabled":false,"adjustByRounds":false},"rounds":{"enabled":false,"anchorStops":[]},"notifyUsersByStop":{"sendTo":{"emails":[],"adminLevels":[],"roles":[]},"enabled":false},"notifyUnboardedPassengers":{"enabled":true,"sendTo":{"destinataries":"admins","emails":[],"adminLevels":[],"roles":[]},"sendAt":"endDeparture"},"notifyPassengersWithoutReservation":{"enabled":true,"sendTo":{"destinataries":"admins","emails":[],"adminLevels":[],"roles":[]},"sendAt":"endDeparture"},"notifySkippedStop":{"enabled":true,"sendTo":{"destinataries":"admins","emails":[],"adminLevels":[],"roles":[]}},"excludePassengers":{"active":false,"excludeType":"dontHide"},"scheduling":{"enabled":true,"schedule":[{"capped":{"enabled":false,"capacity":0},"restrictPassengers":{"validation":{"enabled":false,"excludes":false,"parameters":[],"parameter":[]},"reservation":{"enabled":false,"excludes":false,"parameters":[],"parameter":[]},"visibility":{"enabled":false,"conditional":"or","excludes":false,"parameters":[],"parameter":[]},"enabled":false,"passengersMustComply":true,"allowedOnValidation":[],"allowedOnReservation":[],"allowedOnVisibility":[]},"reservations":{"enabled":false,"list":[]},"enabled":true,"_id":"67097fe1d25fc2c30d71f3cf","day":"fri","time":"17:43","estimatedArrival":null,"vehicleCategoryId":null,"serviceCost":0,"observations":"","stopSchedule":[{"_id":"67097fe1d25fc2c30d71f3d0","stopId":"66a01968b5b91a562aacb535","scheduledDate":null},{"_id":"67097fe1d25fc2c30d71f3d1","stopId":"655d11d88a5a1a1ff0328466","scheduledDate":null},{"_id":"67097fe1d25fc2c30d71f3d2","stopId":"655d11d88a5a1a1ff0328464","scheduledDate":null}],"defaultResources":[]}],"defaultServiceCost":null,"lateNotification":{"enabled":false,"amount":0,"unit":"minutes"},"stopNotification":{"enabled":false,"amount":0,"unit":"minutes"},"limitUnit":"minutes","limitAmount":30,"startLimit":{"upperLimit":{"amount":60,"unit":"minutes"},"lowerLimit":{"amount":30,"unit":"minutes"}},"restrictions":{"customParams":{"enabled":false,"params":[]},"_id":"67097fe1d25fc2c30d71f3d3"},"stopOnReservation":true},"rating":{"enabled":false,"withValidation":false},"endDepartureNotice":{"enabled":false,"lastStop":null},"restrictPassengers":{"enabled":false,"allowed":["67097560bbc506c3081aee9a"],"visibility":{"enabled":false,"excludes":false,"parameters":[]},"reservation":{"enabled":false,"excludes":false,"parameters":[]},"validation":{"enabled":false,"excludes":false,"parameters":[]}},"snapshots":{"enabled":false},"validationParams":{"driverParams":[],"passengerParams":[]},"canResume":{"timeLimit":{"enabled":false,"amount":5,"unit":"minutes"},"enabled":false},"departureHourFulfillment":{"enabled":false,"ranges":[]},"arrivalHourFulfillment":{"enabled":false,"ranges":[]},"validateDeparture":{"enabled":true},"minimumConfirmationTime":{"enabled":false,"amount":1,"unit":"hours"},"endServiceLegAutomatically":{"timer":{"amount":5,"unit":"minutes"},"distance":100},"codeValidationOptions":{"type":"qr","failureMessage":"El código QR ingresado no es válido."},"assistantIds":[],"superCommunities":["653fd68233d83952fafcd4be"],"communities":["653fd601f90509541a748683"],"active":true,"visible":true,"internal":false,"anchorStops":[],"isStatic":false,"labels":[],"hasExternalGPS":false,"hasCapacity":false,"hasBeacons":true,"hasRounds":false,"hasBoardingCount":false,"hasUnboardingCount":false,"usesBusCode":false,"usesVehicleList":true,"dynamicSeatAssignment":true,"usesDriverCode":false,"usesDriverPin":false,"usesTickets":false,"usesPasses":false,"usesTextToSpeech":false,"allowsManualValidation":true,"allowsRating":true,"allowsOnlyExistingDrivers":false,"allowsMultipleDrivers":false,"allowsDebugging":false,"startsOnStop":false,"notNearStop":false,"allowsNonServiceSnapshots":false,"allowsServiceSnapshots":false,"allowsDistance":true,"usesOfflineCount":false,"hasBoardings":true,"hasUnboardings":true,"usesManualSeat":true,"noPassengerInfo":false,"showParable":false,"showStops":true,"allowGenericVehicles":true,"usesVehicleQRLink":false,"skipDeclaration":false,"skipQRValidation":false,"assistantAssignsSeat":true,"_id":"67097560bbc506c3081aee9a","name":"Ruta Alertas Automatización","shapeId":"65ef21aa6f1c17c2eeeb5f98","description":"Ruta Alertas Automatización","extraInfo":"","color":"6b3535","legOptions":[],"useServiceReservations":false,"ownerIds":[{"_id":"67097560bbc506c3081aee9f","id":"653fd601f90509541a748683","role":"community"}],"segments":[{"_id":"67097d55d25fc2c30d71e142","position":1,"distance":66.45425502654004,"lat":-33.390440000000005,"lon":-70.54458000000001,"loc":[-70.54458000000001,-33.390440000000005]},{"_id":"67097d55d25fc2c30d71e143","position":2,"distance":179.17495142181278,"lat":-33.391400000000004,"lon":-70.54419,"loc":[-70.54419,-33.391400000000004]},{"_id":"67097d55d25fc2c30d71e144","position":3,"distance":235.9456040215147,"lat":-33.3918,"lon":-70.54381000000001,"loc":[-70.54381000000001,-33.3918]},{"_id":"67097d55d25fc2c30d71e145","position":4,"distance":318.85344448130417,"lat":-33.392320000000005,"lon":-70.54317,"loc":[-70.54317,-33.392320000000005]},{"_id":"67097d55d25fc2c30d71e146","position":5,"distance":318.85344448130417,"lat":-33.392320000000005,"lon":-70.54317,"loc":[-70.54317,-33.392320000000005]},{"_id":"67097d55d25fc2c30d71e147","position":6,"distance":374.60549726913854,"lat":-33.39267,"lon":-70.54360000000001,"loc":[-70.54360000000001,-33.39267]},{"_id":"67097d55d25fc2c30d71e148","position":7,"distance":442.5520402206282,"lat":-33.393100000000004,"lon":-70.54412,"loc":[-70.54412,-33.393100000000004]},{"_id":"67097d55d25fc2c30d71e149","position":8,"distance":485.31400862345225,"lat":-33.393350000000005,"lon":-70.54447,"loc":[-70.54447,-33.393350000000005]},{"_id":"67097d55d25fc2c30d71e14a","position":9,"distance":611.6057705932019,"lat":-33.39412,"lon":-70.54547000000001,"loc":[-70.54547000000001,-33.39412]},{"_id":"67097d55d25fc2c30d71e14b","position":10,"distance":664.3460425164694,"lat":-33.394360000000006,"lon":-70.54596000000001,"loc":[-70.54596000000001,-33.394360000000006]},{"_id":"67097d55d25fc2c30d71e14c","position":11,"distance":716.3069136909899,"lat":-33.39457,"lon":-70.54646000000001,"loc":[-70.54646000000001,-33.39457]},{"_id":"67097d55d25fc2c30d71e14d","position":12,"distance":751.8700838415805,"lat":-33.3947,"lon":-70.54681000000001,"loc":[-70.54681000000001,-33.3947]},{"_id":"67097d55d25fc2c30d71e14e","position":13,"distance":857.2890337131593,"lat":-33.39504,"lon":-70.54787,"loc":[-70.54787,-33.39504]},{"_id":"67097d55d25fc2c30d71e14f","position":14,"distance":897.1377826292556,"lat":-33.39517,"lon":-70.54827,"loc":[-70.54827,-33.39517]},{"_id":"67097d55d25fc2c30d71e150","position":15,"distance":951.822808519634,"lat":-33.395430000000005,"lon":-70.54877,"loc":[-70.54877,-33.395430000000005]},{"_id":"67097d55d25fc2c30d71e151","position":16,"distance":1022.6529342172724,"lat":-33.395880000000005,"lon":-70.54931,"loc":[-70.54931,-33.395880000000005]},{"_id":"67097d55d25fc2c30d71e152","position":17,"distance":1229.509223602494,"lat":-33.397360000000006,"lon":-70.55066000000001,"loc":[-70.55066000000001,-33.397360000000006]},{"_id":"67097d55d25fc2c30d71e153","position":18,"distance":1354.0558610873222,"lat":-33.39824,"lon":-70.55149,"loc":[-70.55149,-33.39824]},{"_id":"67097d55d25fc2c30d71e154","position":19,"distance":1383.3196977172574,"lat":-33.398450000000004,"lon":-70.55168,"loc":[-70.55168,-33.398450000000004]},{"_id":"67097d55d25fc2c30d71e155","position":20,"distance":1434.296524372645,"lat":-33.398810000000005,"lon":-70.55202,"loc":[-70.55202,-33.398810000000005]},{"_id":"67097d55d25fc2c30d71e156","position":21,"distance":1478.6114178506768,"lat":-33.39912,"lon":-70.55232000000001,"loc":[-70.55232000000001,-33.39912]},{"_id":"67097d55d25fc2c30d71e157","position":22,"distance":1518.005826479858,"lat":-33.3994,"lon":-70.55258,"loc":[-70.55258,-33.3994]},{"_id":"67097d55d25fc2c30d71e158","position":23,"distance":1553.6309120009466,"lat":-33.39965,"lon":-70.55282000000001,"loc":[-70.55282000000001,-33.39965]},{"_id":"67097d55d25fc2c30d71e159","position":24,"distance":1593.7733129182643,"lat":-33.399910000000006,"lon":-70.55312,"loc":[-70.55312,-33.399910000000006]},{"_id":"67097d55d25fc2c30d71e15a","position":25,"distance":1632.9764404383623,"lat":-33.400130000000004,"lon":-70.55345000000001,"loc":[-70.55345000000001,-33.400130000000004]},{"_id":"67097d55d25fc2c30d71e15b","position":26,"distance":1738.474896696409,"lat":-33.40072,"lon":-70.55434000000001,"loc":[-70.55434000000001,-33.40072]},{"_id":"67097d55d25fc2c30d71e15c","position":27,"distance":1777.673033164621,"lat":-33.40095,"lon":-70.55466000000001,"loc":[-70.55466000000001,-33.40095]},{"_id":"67097d55d25fc2c30d71e15d","position":28,"distance":1809.815798065564,"lat":-33.40115,"lon":-70.55491,"loc":[-70.55491,-33.40115]},{"_id":"67097d55d25fc2c30d71e15e","position":29,"distance":1832.7774542089473,"lat":-33.401300000000006,"lon":-70.55508,"loc":[-70.55508,-33.401300000000006]},{"_id":"67097d55d25fc2c30d71e15f","position":30,"distance":1857.7014654130626,"lat":-33.40148,"lon":-70.55524000000001,"loc":[-70.55524000000001,-33.40148]},{"_id":"67097d55d25fc2c30d71e160","position":31,"distance":1871.0728377502157,"lat":-33.40158,"lon":-70.55532000000001,"loc":[-70.55532000000001,-33.40158]},{"_id":"67097d55d25fc2c30d71e161","position":32,"distance":1892.570690737771,"lat":-33.401740000000004,"lon":-70.55545000000001,"loc":[-70.55545000000001,-33.401740000000004]},{"_id":"67097d55d25fc2c30d71e162","position":33,"distance":1924.088458822758,"lat":-33.401990000000005,"lon":-70.55561,"loc":[-70.55561,-33.401990000000005]},{"_id":"67097d55d25fc2c30d71e163","position":34,"distance":2015.6657188701308,"lat":-33.40276,"lon":-70.55596,"loc":[-70.55596,-33.40276]},{"_id":"67097d55d25fc2c30d71e164","position":35,"distance":2141.705125880503,"lat":-33.403800000000004,"lon":-70.5565,"loc":[-70.5565,-33.403800000000004]},{"_id":"67097d55d25fc2c30d71e165","position":36,"distance":2172.708505453443,"lat":-33.40404,"lo... (set the log level to DEBUG or TRACE to see the full content) 
 </msg>
<msg timestamp="20241011 16:43:27.067" level="INFO">${response} = &lt;Response [200]&gt;</msg>
<status status="PASS" starttime="20241011 16:43:25.764" endtime="20241011 16:43:27.068"/>
</kw>
<kw name="Convert To String" library="BuiltIn">
<var>${code}</var>
<arg>${response.status_code}</arg>
<doc>Converts the given item to a Unicode string.</doc>
<msg timestamp="20241011 16:43:27.072" level="INFO">${code} = 200</msg>
<status status="PASS" starttime="20241011 16:43:27.070" endtime="20241011 16:43:27.073"/>
</kw>
<kw name="Should Be Equal As Numbers" library="BuiltIn">
<arg>${code}</arg>
<arg>200</arg>
<doc>Fails if objects are unequal after converting them to real numbers.</doc>
<status status="PASS" starttime="20241011 16:43:27.074" endtime="20241011 16:43:27.075"/>
</kw>
<kw name="Log" library="BuiltIn">
<arg>${code}</arg>
<doc>Logs the given message with the given level.</doc>
<msg timestamp="20241011 16:43:27.077" level="INFO">200</msg>
<status status="PASS" starttime="20241011 16:43:27.076" endtime="20241011 16:43:27.077"/>
</kw>
<kw name="Set Variable" library="BuiltIn">
<var>${scheduleId}</var>
<arg>${response.json()}[_id]</arg>
<doc>Returns the given values which can then be assigned to a variables.</doc>
<msg timestamp="20241011 16:43:27.081" level="INFO">${scheduleId} = 67097560bbc506c3081aee9a</msg>
<status status="PASS" starttime="20241011 16:43:27.078" endtime="20241011 16:43:27.082"/>
</kw>
<kw name="Set Global Variable" library="BuiltIn">
<arg>${scheduleId}</arg>
<doc>Makes a variable available globally in all tests and suites.</doc>
<msg timestamp="20241011 16:43:27.084" level="INFO">${scheduleId} = 67097560bbc506c3081aee9a</msg>
<status status="PASS" starttime="20241011 16:43:27.083" endtime="20241011 16:43:27.085"/>
</kw>
<status status="PASS" starttime="20241011 16:43:25.744" endtime="20241011 16:43:27.085"/>
</test>
<test id="s1-t5" name="Get Today Service Id" line="145">
<kw name="Set Variable" library="BuiltIn">
<var>${url}</var>
<arg>${STAGE_URL}/api/v1/admin/pb/allServices?community=${idComunidad}&amp;startDate=${start_date_today}&amp;endDate=${end_date_tomorrow}&amp;onlyODDs=false</arg>
<doc>Returns the given values which can then be assigned to a variables.</doc>
<msg timestamp="20241011 16:43:27.090" level="INFO">${url} = https://stage.allrideapp.com/api/v1/admin/pb/allServices?community=653fd601f90509541a748683&amp;startDate=2024-10-11T03:00:00.000Z&amp;endDate=2024-10-12T03:00:00.000Z&amp;onlyODDs=false</msg>
<status status="PASS" starttime="20241011 16:43:27.089" endtime="20241011 16:43:27.090"/>
</kw>
<kw name="Create Dictionary" library="BuiltIn">
<var>${headers}</var>
<arg>Authorization=${tokenAdmin}</arg>
<doc>Creates and returns a dictionary based on the given ``items``.</doc>
<msg timestamp="20241011 16:43:27.092" level="INFO">${headers} = {'Authorization': 'Bearer cb91fc010de72bf97bce8da804b7b1ed896bf0bf12e54034d570937eea068ed2e988a32cfd47af4ccb36bfe97a7d7166b39c72a1a792cb0b8d059b470c9d51cc'}</msg>
<status status="PASS" starttime="20241011 16:43:27.091" endtime="20241011 16:43:27.093"/>
</kw>
<kw name="GET" library="RequestsLibrary">
<var>${response}</var>
<arg>url=${url}</arg>
<arg>headers=${headers}</arg>
<doc>Sends a GET request.</doc>
<msg timestamp="20241011 16:43:29.662" level="INFO">GET Request : url=https://stage.allrideapp.com/api/v1/admin/pb/allServices?community=653fd601f90509541a748683&amp;startDate=2024-10-11T03:00:00.000Z&amp;endDate=2024-10-12T03:00:00.000Z&amp;onlyODDs=false 
 path_url=/api/v1/admin/pb/allServices?community=653fd601f90509541a748683&amp;startDate=2024-10-11T03:00:00.000Z&amp;endDate=2024-10-12T03:00:00.000Z&amp;onlyODDs=false 
 headers={'User-Agent': 'python-requests/2.31.0', 'Accept-Encoding': 'gzip, deflate', 'Accept': '*/*', 'Connection': 'keep-alive', 'Authorization': 'Bearer cb91fc010de72bf97bce8da804b7b1ed896bf0bf12e54034d570937eea068ed2e988a32cfd47af4ccb36bfe97a7d7166b39c72a1a792cb0b8d059b470c9d51cc'} 
 body=None 
 </msg>
<msg timestamp="20241011 16:43:29.663" level="INFO">GET Response : url=https://stage.allrideapp.com/api/v1/admin/pb/allServices?community=653fd601f90509541a748683&amp;startDate=2024-10-11T03:00:00.000Z&amp;endDate=2024-10-12T03:00:00.000Z&amp;onlyODDs=false 
 status=200, reason=OK 
 headers={'Date': 'Fri, 11 Oct 2024 19:43:31 GMT', 'Content-Type': 'application/json; charset=utf-8', 'Content-Length': '2491991', 'Connection': 'keep-alive', 'Server': 'nginx', 'X-DNS-Prefetch-Control': 'off', 'X-Frame-Options': 'SAMEORIGIN', 'Strict-Transport-Security': 'max-age=15552000; includeSubDomains', 'X-Download-Options': 'noopen', 'X-Content-Type-Options': 'nosniff', 'X-XSS-Protection': '1; mode=block', 'Access-Control-Allow-Origin': '*', 'X-RateLimit-Limit': '200', 'X-RateLimit-Remaining': '198', 'X-RateLimit-Reset': '1728675870', 'ETag': 'W/"260657-pUVxUbRwzLj/Gwo/MZ18dxqwJ10"'} 
 body={"regularDepartures":[{"_id":"66f0ad42e32540b4a49fcb84","restrictPassengers":{"validation":{"enabled":false,"parameters":[]},"reservation":{"enabled":false,"parameters":[]},"visibility":{"enabled":false,"parameters":[]},"enabled":false,"passengersMustComply":true,"allowedOnValidation":[],"allowedOnReservation":[],"allowedOnVisibility":[]},"superCommunities":[{"_id":"653fd68233d83952fafcd4be","name":"SC - Automatización","avatar":"https://s3.amazonaws.com/allride.uploads/superCommunityAvatar_653fd601f90509541a748683_1699885179092.png"}],"communities":[{"_id":"653fd601f90509541a748683","name":"Pruebas Automatización","avatar":"https://s3.amazonaws.com/allride.uploads/communityAvatar_653fd601f90509541a748683_1699885119125.png"}],"assistantIds":[],"active":false,"sharing":false,"disabled":false,"internal":false,"rounds":0,"distance":0,"scheduled":true,"odd":false,"estimatedDistance":0,"extraMinutes":0,"placeWaitTime":0,"hasExternalGPS":false,"allowsServiceSnapshots":false,"allowsNonServiceSnapshots":false,"allowsSnapshots":false,"allowsDistance":false,"usesOfflineCount":false,"linkedDepartures":[],"state":"pending","routeId":{"_id":"663e35cd0ef4bb983b9d0ad5","trail":{"enabled":false,"adjustByRounds":false},"rounds":{"enabled":false,"anchorStops":[]},"excludePassengers":{"active":false,"excludeType":"dontHide"},"scheduling":{"enabled":true,"limitUnit":"minutes","limitAmount":30,"lateNotification":{"enabled":false,"amount":0,"unit":"minutes"},"stopNotification":{"enabled":false,"amount":0,"unit":"minutes"},"startLimit":{"upperLimit":{"amount":60,"unit":"minutes"},"lowerLimit":{"amount":30,"unit":"minutes"}},"schedule":[{"capped":{"enabled":false,"capacity":0},"restrictPassengers":{"validation":{"enabled":false,"parameter":[]},"reservation":{"enabled":false,"parameter":[]},"visibility":{"enabled":false,"parameter":[]},"enabled":false,"passengersMustComply":true,"allowedOnValidation":[],"allowedOnReservation":[],"allowedOnVisibility":[]},"enabled":true,"_id":"663e35cd0ef4bb983b9d0adb","day":"fri","time":"15:57","estimatedArrival":null,"stopSchedule":[],"vehicleCategoryId":null,"defaultResources":[{"_id":"663e35cd0ef4bb983b9d0adc","driverId":"6582e724938e4e7b3bcf9f0a","vehicleId":"6553b81315e27f4db2b45935","drivers":[]}]}],"stopOnReservation":true,"restrictions":{"customParams":{"enabled":false,"params":[]},"_id":"663e35cd0ef4bb983b9d0add"}},"endDepartureNotice":{"enabled":false,"lastStop":null},"restrictPassengers":{"enabled":false,"allowed":[],"reservation":{"enabled":false,"parameters":[]},"validation":{"enabled":false,"parameters":[]},"visibility":{"enabled":false,"parameters":[]}},"snapshots":{"enabled":false},"validationParams":{"driverParams":[],"passengerParams":[]},"canResume":{"timeLimit":{"enabled":false,"amount":5,"unit":"minutes"},"enabled":false},"departureHourFulfillment":{"enabled":false,"ranges":[]},"arrivalHourFulfillment":{"enabled":false,"ranges":[]},"validateDeparture":{"enabled":false},"minimumConfirmationTime":{"enabled":false,"amount":1,"unit":"hours"},"assistantIds":[],"superCommunities":["653fd68233d83952fafcd4be"],"communities":["653fd601f90509541a748683"],"active":true,"visible":true,"internal":false,"anchorStops":[],"isStatic":false,"labels":[],"hasExternalGPS":false,"hasCapacity":false,"hasBeacons":false,"hasRounds":false,"hasBoardingCount":false,"hasUnboardingCount":false,"usesBusCode":false,"usesVehicleList":true,"dynamicSeatAssignment":false,"usesDriverCode":false,"usesDriverPin":false,"usesTickets":false,"usesTextToSpeech":false,"allowsManualValidation":true,"allowsRating":false,"allowsOnlyExistingDrivers":false,"allowsMultipleDrivers":false,"startsOnStop":false,"notNearStop":false,"allowsNonServiceSnapshots":false,"allowsServiceSnapshots":false,"allowsDistance":false,"usesOfflineCount":false,"hasBoardings":true,"hasUnboardings":true,"usesManualSeat":true,"noPassengerInfo":false,"showParable":false,"showStops":true,"allowGenericVehicles":false,"usesVehicleQRLink":false,"skipDeclaration":false,"skipQRValidation":false,"name":"Prueba recursos por defecto Robot Framework 2024-05-10","shapeId":"658c42cff6f903bbee969242","description":"Se verifica que los recursos por defecto no ocasionen servicios duplicados","extraInfo":"","color":"d70f0f","canReserve":true,"legOptions":[],"ownerIds":[{"_id":"663e35cd0ef4bb983b9d0ada","id":"653fd601f90509541a748683","role":"community"}],"segments":[{"_id":"663e35d10ef4bb983b9d0bb5","position":10,"distance":1021.7847986886095,"lat":-33.53708,"lon":-70.78811,"loc":[-70.78811,-33.53708]},{"_id":"663e35d10ef4bb983b9d0bb6","position":20,"distance":1768.9268472394679,"lat":-33.541720000000005,"lon":-70.78911000000001,"loc":[-70.78911000000001,-33.541720000000005]},{"_id":"663e35d10ef4bb983b9d0bb7","position":30,"distance":2132.9233712485707,"lat":-33.543910000000004,"lon":-70.79032000000001,"loc":[-70.79032000000001,-33.543910000000004]},{"_id":"663e35d10ef4bb983b9d0bb8","position":40,"distance":2789.0470168130223,"lat":-33.54786,"lon":-70.78999,"loc":[-70.78999,-33.54786]},{"_id":"663e35d10ef4bb983b9d0bb9","position":50,"distance":3784.7351288971163,"lat":-33.55371,"lon":-70.79537,"loc":[-70.79537,-33.55371]},{"_id":"663e35d10ef4bb983b9d0bba","position":60,"distance":4393.742087575719,"lat":-33.5576,"lon":-70.79119,"loc":[-70.79119,-33.5576]},{"_id":"663e35d10ef4bb983b9d0bbb","position":70,"distance":5428.9822514674215,"lat":-33.56394,"lon":-70.78301,"loc":[-70.78301,-33.56394]}],"roundOrder":[],"superCommunityId":"653fd68233d83952fafcd4be","communityId":"653fd601f90509541a748683","timeOnRoute":1,"distance":39,"distanceInMeters":258,"originStop":{"_id":"655d11d88a5a1a1ff0328464","oDDConfig":{"stopIds":[],"options":[]},"categories":["odd"],"communities":["653fd601f90509541a748683"],"superCommunities":[],"name":"Mall Apumanque Avenida Manquehue Sur, Las Condes, Chile","address":"Mall Apumanque Avenida Manquehue Sur, Las Condes, Chile","lat":-33.4098734,"lon":-70.5673477,"loc":[-70.5673477,-33.4098734],"ownerIds":[{"_id":"664e0cdfe07f2163131582a2","id":"653fd601f90509541a748683","role":"community"}],"users":[],"createdAt":"2023-11-21T20:23:52.925Z","updatedAt":"2024-09-12T21:46:13.251Z","__v":0},"destinationStop":{"_id":"655d11d88a5a1a1ff0328466","oDDConfig":{"stopIds":[],"options":[]},"categories":["odd"],"communities":["653fd601f90509541a748683"],"superCommunities":[],"name":"Alto Las Condes Avenida Presidente Kennedy Lateral, Las Condes, Chile","address":"Alto Las Condes Avenida Presidente Kennedy Lateral, Las Condes, Chile","lat":-33.3908833,"lon":-70.54620129999999,"loc":[-70.54620129999999,-33.3908833],"ownerIds":[{"_id":"664e0cdfe07f2163131582a2","id":"653fd601f90509541a748683","role":"community"}],"users":[],"createdAt":"2023-11-21T20:23:52.933Z","updatedAt":"2024-09-12T21:46:13.251Z","__v":0},"customParams":{"enabled":false,"params":[]},"customParamsAtTheEnd":{"enabled":false,"params":[]},"createdAt":"2024-05-10T14:57:17.104Z","updatedAt":"2024-05-10T14:57:21.226Z","__v":1},"serviceId":"66f0ad42e32540b4a49fcb37","serviceDate":"2024-10-11T18:57:00.000Z","vehicleId":{"_id":"6553b81315e27f4db2b45935","plate":"ABCD12","code":"1111"},"driverId":{"_id":"6582e724938e4e7b3bcf9f0a","code":"753","name":"Conductor RDD Abierto"},"drivers":[],"capacity":3,"categories":[],"trail":[],"legs":[],"stateHistory":[],"deviceHistory":[],"apportionByCategories":[],"reservations":[],"customParams":[],"customParamsAtTheEnd":[],"preTripChecklist":[],"startCapacity":3,"superCommunityId":"653fd68233d83952fafcd4be","communityId":"653fd601f90509541a748683","__v":0,"createdAt":"2024-09-22T23:50:26.793Z","updatedAt":"2024-09-22T23:50:26.793Z"},{"_id":"66f0ad43e32540b4a49fcd04","restrictPassengers":{"validation":{"enabled":false,"parameters":[]},"reservation":{"enabled":false,"parameters":[]},"visibility":{"enabled":false,"parameters":[]},"enabled":false,"passengersMustComply":true,"allowedOnValidation":[],"allowedOnReservation":[],"allowedOnVisibility":[]},"superCommunities":[{"_id":"653fd68233d83952fafcd4be","name":"SC - Automatización","avatar":"https://s3.amazonaws.com/allride.uploads/superCommunityAvatar_653fd601f90509541a748683_1699885179092.png"}],"communities":[{"_id":"653fd601f90509541a748683","name":"Pruebas Automatización","avatar":"https://s3.amazonaws.com/allride.uploads/communityAvatar_653fd601f90509541a748683_1699885119125.png"}],"assistantIds":[],"active":false,"sharing":false,"disabled":false,"internal":false,"rounds":0,"distance":0,"scheduled":true,"odd":false,"estimatedDistance":0,"extraMinutes":0,"placeWaitTime":0,"hasExternalGPS":false,"allowsServiceSnapshots":false,"allowsNonServiceSnapshots":false,"allowsSnapshots":false,"allowsDistance":false,"usesOfflineCount":false,"linkedDepartures":[],"state":"pending","routeId":{"_id":"663e35d5608983a281a91a35","trail":{"enabled":false,"adjustByRounds":false},"rounds":{"enabled":false,"anchorStops":[]},"excludePassengers":{"active":false,"excludeType":"dontHide"},"scheduling":{"enabled":true,"limitUnit":"minutes","limitAmount":30,"lateNotification":{"enabled":false,"amount":0,"unit":"minutes"},"stopNotification":{"enabled":false,"amount":0,"unit":"minutes"},"startLimit":{"upperLimit":{"amount":60,"unit":"minutes"},"lowerLimit":{"amount":30,"unit":"minutes"}},"schedule":[{"capped":{"enabled":false,"capacity":0},"restrictPassengers":{"validation":{"enabled":false,"parameter":[]},"reservation":{"enabled":false,"parameter":[]},"visibility":{"enabled":false,"parameter":[]},"enabled":false,"passengersMustComply":true,"allowedOnValidation":[],"allowedOnReservation":[],"allowedOnVisibility":[]},"enabled":true,"_id":"663e35d5608983a281a91a3b","day":"fri","time":"15:57","estimatedArrival":null,"stopSchedule":[],"vehicleCategoryId":null,"defaultResources":[{"_id":"663e35d5608983a281a91a3c","driverId":"6582e724938e4e7b3bcf9f0a","vehicleId":"6553b81315e27f4db2b45935","drivers":[]}]}],"stopOnReservation":true,"restrictions":{"customParams":{"enabled":false,"params":[]},"_id":"663e35d5608983a281a91a3d"}},"endDepartureNotice":{"enabled":fa... (set the log level to DEBUG or TRACE to see the full content) 
 </msg>
<msg timestamp="20241011 16:43:29.664" level="INFO">${response} = &lt;Response [200]&gt;</msg>
<status status="PASS" starttime="20241011 16:43:27.094" endtime="20241011 16:43:29.664"/>
</kw>
<kw name="Set Variable" library="BuiltIn">
<var>${responseJson}</var>
<arg>${response.json()}</arg>
<doc>Returns the given values which can then be assigned to a variables.</doc>
<msg timestamp="20241011 16:43:29.785" level="INFO">${responseJson} = {'regularDepartures': [{'_id': '66f0ad42e32540b4a49fcb84', 'restrictPassengers': {'validation': {'enabled': False, 'parameters': []}, 'reservation': {'enabled': False, 'parameters': []}, 'visibility':...</msg>
<status status="PASS" starttime="20241011 16:43:29.665" endtime="20241011 16:43:29.786"/>
</kw>
<kw name="Evaluate" library="BuiltIn">
<var>${filtered_services}</var>
<arg>[service for service in ${responseJson}[scheduledServices] if service['routeId']['_id'] == '67097560bbc506c3081aee9a']</arg>
<arg>json</arg>
<doc>Evaluates the given expression in Python and returns the result.</doc>
<msg timestamp="20241011 16:43:30.134" level="INFO">${filtered_services} = [{'_id': '67097fe2d25fc2c30d71f3e6', 'restrictPassengers': {'validation': {'enabled': False, 'parameters': []}, 'reservation': {'enabled': False, 'parameters': []}, 'visibility': {'enabled': False, 'p...</msg>
<status status="PASS" starttime="20241011 16:43:29.788" endtime="20241011 16:43:30.135"/>
</kw>
<kw name="Evaluate" library="BuiltIn">
<var>${sorted_services}</var>
<arg>sorted(${filtered_services}, key=lambda service: service['createdAt'], reverse=True)</arg>
<arg>json</arg>
<doc>Evaluates the given expression in Python and returns the result.</doc>
<msg timestamp="20241011 16:43:30.161" level="INFO">${sorted_services} = [{'_id': '67097fe2d25fc2c30d71f3e6', 'restrictPassengers': {'validation': {'enabled': False, 'parameters': []}, 'reservation': {'enabled': False, 'parameters': []}, 'visibility': {'enabled': False, 'p...</msg>
<status status="PASS" starttime="20241011 16:43:30.136" endtime="20241011 16:43:30.162"/>
</kw>
<kw name="Run Keyword If" library="BuiltIn">
<arg>${sorted_services} == []</arg>
<arg>Fatal Error</arg>
<arg>"No services found in Week 1 with routeId._id = '66f310608e6c377a3f43968e'. Stopping test"</arg>
<doc>Runs the given keyword with the given arguments, if ``condition`` is true.</doc>
<status status="PASS" starttime="20241011 16:43:30.162" endtime="20241011 16:43:30.184"/>
</kw>
<kw name="Set Variable" library="BuiltIn">
<var>${service}</var>
<arg>${sorted_services[0]}</arg>
<doc>Returns the given values which can then be assigned to a variables.</doc>
<msg timestamp="20241011 16:43:30.188" level="INFO">${service} = {'_id': '67097fe2d25fc2c30d71f3e6', 'restrictPassengers': {'validation': {'enabled': False, 'parameters': []}, 'reservation': {'enabled': False, 'parameters': []}, 'visibility': {'enabled': False, 'pa...</msg>
<status status="PASS" starttime="20241011 16:43:30.185" endtime="20241011 16:43:30.189"/>
</kw>
<kw name="Set Variable" library="BuiltIn">
<var>${service_id}</var>
<arg>${service['_id']}</arg>
<doc>Returns the given values which can then be assigned to a variables.</doc>
<msg timestamp="20241011 16:43:30.192" level="INFO">${service_id} = 67097fe2d25fc2c30d71f3e6</msg>
<status status="PASS" starttime="20241011 16:43:30.190" endtime="20241011 16:43:30.193"/>
</kw>
<kw name="Set Global Variable" library="BuiltIn">
<arg>${service_id}</arg>
<doc>Makes a variable available globally in all tests and suites.</doc>
<msg timestamp="20241011 16:43:30.195" level="INFO">${service_id} = 67097fe2d25fc2c30d71f3e6</msg>
<status status="PASS" starttime="20241011 16:43:30.194" endtime="20241011 16:43:30.195"/>
</kw>
<tag>test:retry(1)</tag>
<status status="PASS" starttime="20241011 16:43:27.088" endtime="20241011 16:43:30.196"/>
</test>
<test id="s1-t6" name="Resource Assignment(Driver and Vehicle)" line="168">
<kw name="Create Session" library="RequestsLibrary">
<arg>mysesion</arg>
<arg>${STAGE_URL}</arg>
<arg>verify=true</arg>
<doc>Create Session: create a HTTP session to a server</doc>
<msg timestamp="20241011 16:43:30.201" level="INFO">Creating Session using : alias=mysesion, url=https://stage.allrideapp.com, headers={},                     cookies={}, auth=None, timeout=None, proxies=None, verify=True,                     debug=0 </msg>
<status status="PASS" starttime="20241011 16:43:30.200" endtime="20241011 16:43:30.202"/>
</kw>
<kw name="Create Dictionary" library="BuiltIn">
<var>${headers}</var>
<arg>Authorization=${tokenAdmin}</arg>
<arg>Content-Type=application/json</arg>
<doc>Creates and returns a dictionary based on the given ``items``.</doc>
<msg timestamp="20241011 16:43:30.204" level="INFO">${headers} = {'Authorization': 'Bearer cb91fc010de72bf97bce8da804b7b1ed896bf0bf12e54034d570937eea068ed2e988a32cfd47af4ccb36bfe97a7d7166b39c72a1a792cb0b8d059b470c9d51cc', 'Content-Type': 'application/json'}</msg>
<status status="PASS" starttime="20241011 16:43:30.203" endtime="20241011 16:43:30.205"/>
</kw>
<kw name="POST On Session" library="RequestsLibrary">
<var>${response}</var>
<arg>mysesion</arg>
<arg>url= /api/v1/admin/pb/assignServiceResources/${service_id}?community=${idComunidad}</arg>
<arg>data=[{"multipleDrivers":false,"driver":{"driverId":"${driverId}"},"drivers":[],"vehicle":{"vehicleId":"${vehicleId}","capacity":"${vehicleCapacity}"},"passengers":[],"departure":null}]</arg>
<arg>headers=${headers}</arg>
<doc>Sends a POST request on a previously created HTTP Session.</doc>
<msg timestamp="20241011 16:43:31.282" level="INFO">POST Request : url=https://stage.allrideapp.com/api/v1/admin/pb/assignServiceResources/67097fe2d25fc2c30d71f3e6?community=653fd601f90509541a748683 
 path_url=/api/v1/admin/pb/assignServiceResources/67097fe2d25fc2c30d71f3e6?community=653fd601f90509541a748683 
 headers={'User-Agent': 'python-requests/2.31.0', 'Accept-Encoding': 'gzip, deflate', 'Accept': '*/*', 'Connection': 'keep-alive', 'Authorization': 'Bearer cb91fc010de72bf97bce8da804b7b1ed896bf0bf12e54034d570937eea068ed2e988a32cfd47af4ccb36bfe97a7d7166b39c72a1a792cb0b8d059b470c9d51cc', 'Content-Type': 'application/json', 'Content-Length': '188'} 
 body=[{"multipleDrivers":false,"driver":{"driverId":"6582e724938e4e7b3bcf9f0a"},"drivers":[],"vehicle":{"vehicleId":"6553b81315e27f4db2b45935","capacity":"3"},"passengers":[],"departure":null}] 
 </msg>
<msg timestamp="20241011 16:43:31.283" level="INFO">POST Response : url=https://stage.allrideapp.com/api/v1/admin/pb/assignServiceResources/67097fe2d25fc2c30d71f3e6?community=653fd601f90509541a748683 
 status=200, reason=OK 
 headers={'Date': 'Fri, 11 Oct 2024 19:43:34 GMT', 'Content-Type': 'application/json; charset=utf-8', 'Content-Length': '1145', 'Connection': 'keep-alive', 'Server': 'nginx', 'X-DNS-Prefetch-Control': 'off', 'X-Frame-Options': 'SAMEORIGIN', 'Strict-Transport-Security': 'max-age=15552000; includeSubDomains', 'X-Download-Options': 'noopen', 'X-Content-Type-Options': 'nosniff', 'X-XSS-Protection': '1; mode=block', 'Access-Control-Allow-Origin': '*', 'X-RateLimit-Limit': '200', 'X-RateLimit-Remaining': '198', 'X-RateLimit-Reset': '1728675872', 'ETag': 'W/"479-0FEyCJ2b2iHZd6xe801JWM1j0vo"'} 
 body={"restrictPassengers":{"validation":{"enabled":false,"parameters":[]},"reservation":{"enabled":false,"parameters":[]},"visibility":{"enabled":false,"parameters":[]},"enabled":false,"passengersMustComply":true,"allowedOnValidation":[],"allowedOnReservation":[],"allowedOnVisibility":[]},"superCommunities":["653fd68233d83952fafcd4be"],"communities":["653fd601f90509541a748683"],"active":true,"hasAssignedResources":true,"blocked":false,"disabled":false,"_id":"67097fe2d25fc2c30d71f3e6","routeId":"67097560bbc506c3081aee9a","serviceDate":"2024-10-11T20:43:00.000Z","observations":"","apportionByCategories":[],"stopSchedule":[],"resources":[{"_id":"67097fe6bbc506c3081b41e3","departure":{"departureId":"67097fe6bbc506c3081b41db"},"driver":{"driverId":"6582e724938e4e7b3bcf9f0a"},"drivers":[],"vehicle":{"vehicleId":"6553b81315e27f4db2b45935","capacity":5},"assignedAt":"2024-10-11T19:43:34.316Z"}],"reservations":[],"stateHistory":[],"superCommunityId":"653fd68233d83952fafcd4be","communityId":"653fd601f90509541a748683","createdAt":"2024-10-11T19:43:30.067Z","updatedAt":"2024-10-11T19:43:34.320Z","__v":1,"assignedAt":"2024-10-11T19:43:34.186Z"} 
 </msg>
<msg timestamp="20241011 16:43:31.283" level="INFO">${response} = &lt;Response [200]&gt;</msg>
<status status="PASS" starttime="20241011 16:43:30.206" endtime="20241011 16:43:31.283"/>
</kw>
<kw name="Convert To String" library="BuiltIn">
<var>${code}</var>
<arg>${response.status_code}</arg>
<doc>Converts the given item to a Unicode string.</doc>
<msg timestamp="20241011 16:43:31.287" level="INFO">${code} = 200</msg>
<status status="PASS" starttime="20241011 16:43:31.284" endtime="20241011 16:43:31.287"/>
</kw>
<kw name="Should Be Equal As Numbers" library="BuiltIn">
<arg>${code}</arg>
<arg>200</arg>
<doc>Fails if objects are unequal after converting them to real numbers.</doc>
<status status="PASS" starttime="20241011 16:43:31.287" endtime="20241011 16:43:31.287"/>
</kw>
<kw name="Log" library="BuiltIn">
<arg>${code}</arg>
<doc>Logs the given message with the given level.</doc>
<msg timestamp="20241011 16:43:31.290" level="INFO">200</msg>
<status status="PASS" starttime="20241011 16:43:31.289" endtime="20241011 16:43:31.290"/>
</kw>
<status status="PASS" starttime="20241011 16:43:30.198" endtime="20241011 16:43:31.291"/>
</test>
<test id="s1-t7" name="Get departureId" line="185">
<kw name="Set Variable" library="BuiltIn">
<var>${url}</var>
<arg>${STAGE_URL}/api/v1/admin/pb/service/${service_id}?community=${idComunidad}</arg>
<doc>Returns the given values which can then be assigned to a variables.</doc>
<msg timestamp="20241011 16:43:31.296" level="INFO">${url} = https://stage.allrideapp.com/api/v1/admin/pb/service/67097fe2d25fc2c30d71f3e6?community=653fd601f90509541a748683</msg>
<status status="PASS" starttime="20241011 16:43:31.295" endtime="20241011 16:43:31.296"/>
</kw>
<kw name="Create Dictionary" library="BuiltIn">
<var>&amp;{headers}</var>
<arg>Authorization=${tokenAdmin}</arg>
<doc>Creates and returns a dictionary based on the given ``items``.</doc>
<msg timestamp="20241011 16:43:31.298" level="INFO">&amp;{headers} = { Authorization=Bearer cb91fc010de72bf97bce8da804b7b1ed896bf0bf12e54034d570937eea068ed2e988a32cfd47af4ccb36bfe97a7d7166b39c72a1a792cb0b8d059b470c9d51cc }</msg>
<status status="PASS" starttime="20241011 16:43:31.297" endtime="20241011 16:43:31.298"/>
</kw>
<kw name="GET" library="RequestsLibrary">
<var>${response}</var>
<arg>url=${url}</arg>
<arg>headers=${headers}</arg>
<doc>Sends a GET request.</doc>
<msg timestamp="20241011 16:43:32.374" level="INFO">GET Request : url=https://stage.allrideapp.com/api/v1/admin/pb/service/67097fe2d25fc2c30d71f3e6?community=653fd601f90509541a748683 
 path_url=/api/v1/admin/pb/service/67097fe2d25fc2c30d71f3e6?community=653fd601f90509541a748683 
[...]
<status status="PASS" starttime="20241011 16:44:21.014" endtime="20241011 16:44:21.015"/>
</kw>
<doc>Test connecting to WebSocket and sending events</doc>
<status status="PASS" starttime="20241011 16:43:35.433" endtime="20241011 16:44:21.016"/>
</test>
<test id="s1-t12" name="Get User QR(No tickets user)" line="362">
<kw name="Create Session" library="RequestsLibrary">
<arg>mysesion</arg>
<arg>${STAGE_URL}</arg>
<arg>verify=true</arg>
<doc>Create Session: create a HTTP session to a server</doc>
<msg timestamp="20241011 16:44:21.020" level="INFO">Creating Session using : alias=mysesion, url=https://stage.allrideapp.com, headers={},                     cookies={}, auth=None, timeout=None, proxies=None, verify=True,                     debug=0 </msg>
<status status="PASS" starttime="20241011 16:44:21.019" endtime="20241011 16:44:21.021"/>
</kw>
<kw name="Create Dictionary" library="BuiltIn">
<var>${headers}</var>
<arg>Authorization=${tokenAdmin}</arg>
<arg>Content-Type=application/json</arg>
<doc>Creates and returns a dictionary based on the given ``items``.</doc>
<msg timestamp="20241011 16:44:21.024" level="INFO">${headers} = {'Authorization': 'Bearer cb91fc010de72bf97bce8da804b7b1ed896bf0bf12e54034d570937eea068ed2e988a32cfd47af4ccb36bfe97a7d7166b39c72a1a792cb0b8d059b470c9d51cc', 'Content-Type': 'application/json'}</msg>
<status status="PASS" starttime="20241011 16:44:21.023" endtime="20241011 16:44:21.024"/>
</kw>
<kw name="POST On Session" library="RequestsLibrary">
<var>${response}</var>
<arg>mysesion</arg>
<arg>url=/api/v1/admin/users/qrCodes?community=${idComunidad}</arg>
<arg>data={"ids":["661d508c72418a2e98cf7978"]}</arg>
<arg>headers=${headers}</arg>
<doc>Sends a POST request on a previously created HTTP Session.</doc>
<msg timestamp="20241011 16:44:22.017" level="INFO">POST Request : url=https://stage.allrideapp.com/api/v1/admin/users/qrCodes?community=653fd601f90509541a748683 
 path_url=/api/v1/admin/users/qrCodes?community=653fd601f90509541a748683 
 headers={'User-Agent': 'python-requests/2.31.0', 'Accept-Encoding': 'gzip, deflate', 'Accept': '*/*', 'Connection': 'keep-alive', 'Authorization': 'Bearer cb91fc010de72bf97bce8da804b7b1ed896bf0bf12e54034d570937eea068ed2e988a32cfd47af4ccb36bfe97a7d7166b39c72a1a792cb0b8d059b470c9d51cc', 'Content-Type': 'application/json', 'Content-Length': '36'} 
 body={"ids":["661d508c72418a2e98cf7978"]} 
 </msg>
<msg timestamp="20241011 16:44:22.018" level="INFO">POST Response : url=https://stage.allrideapp.com/api/v1/admin/users/qrCodes?community=653fd601f90509541a748683 
 status=200, reason=OK 
 headers={'Date': 'Fri, 11 Oct 2024 19:44:25 GMT', 'Content-Type': 'application/json; charset=utf-8', 'Content-Length': '200', 'Connection': 'keep-alive', 'Server': 'nginx', 'X-DNS-Prefetch-Control': 'off', 'X-Frame-Options': 'SAMEORIGIN', 'Strict-Transport-Security': 'max-age=15552000; includeSubDomains', 'X-Download-Options': 'noopen', 'X-Content-Type-Options': 'nosniff', 'X-XSS-Protection': '1; mode=block', 'Access-Control-Allow-Origin': '*', 'X-RateLimit-Limit': '200', 'X-RateLimit-Remaining': '198', 'X-RateLimit-Reset': '1728675878', 'ETag': 'W/"c8-xKckppnii+xewvHxmZnRCUq3Faw"'} 
 body=[{"_id":"661d508c72418a2e98cf7978","qrCode":"6f7e7d74b3cf097639ef9dcaf4a3366988fe946d1d1432eb910b5daaab4cf7fc39f9ef4bb93471fa9efdb508cfe47f14d2c0804857f6d7cb4346940246aaf2ee661d508c72418a2e98cf7978"}] 
 </msg>
<msg timestamp="20241011 16:44:22.018" level="INFO">${response} = &lt;Response [200]&gt;</msg>
<status status="PASS" starttime="20241011 16:44:21.025" endtime="20241011 16:44:22.018"/>
</kw>
<kw name="Convert To String" library="BuiltIn">
<var>${code}</var>
<arg>${response.status_code}</arg>
<doc>Converts the given item to a Unicode string.</doc>
<msg timestamp="20241011 16:44:22.022" level="INFO">${code} = 200</msg>
<status status="PASS" starttime="20241011 16:44:22.020" endtime="20241011 16:44:22.022"/>
</kw>
<kw name="Status Should Be" library="RequestsLibrary">
<arg>200</arg>
<doc>Fails if response status code is different than the expected.</doc>
<status status="PASS" starttime="20241011 16:44:22.023" endtime="20241011 16:44:22.024"/>
</kw>
<kw name="Set Variable" library="BuiltIn">
<var>${qrCodeNoTickets}</var>
<arg>${response.json()}[0][qrCode]</arg>
<doc>Returns the given values which can then be assigned to a variables.</doc>
<msg timestamp="20241011 16:44:22.028" level="INFO">${qrCodeNoTickets} = 6f7e7d74b3cf097639ef9dcaf4a3366988fe946d1d1432eb910b5daaab4cf7fc39f9ef4bb93471fa9efdb508cfe47f14d2c0804857f6d7cb4346940246aaf2ee661d508c72418a2e98cf7978</msg>
<status status="PASS" starttime="20241011 16:44:22.025" endtime="20241011 16:44:22.028"/>
</kw>
<kw name="Set Global Variable" library="BuiltIn">
<arg>${qrCodeNoTickets}</arg>
<doc>Makes a variable available globally in all tests and suites.</doc>
<msg timestamp="20241011 16:44:22.030" level="INFO">${qrCodeNoTickets} = 6f7e7d74b3cf097639ef9dcaf4a3366988fe946d1d1432eb910b5daaab4cf7fc39f9ef4bb93471fa9efdb508cfe47f14d2c0804857f6d7cb4346940246aaf2ee661d508c72418a2e98cf7978</msg>
<status status="PASS" starttime="20241011 16:44:22.030" endtime="20241011 16:44:22.031"/>
</kw>
<kw name="Log" library="BuiltIn">
<arg>${qrCodeNoTickets}</arg>
<doc>Logs the given message with the given level.</doc>
<msg timestamp="20241011 16:44:22.033" level="INFO">6f7e7d74b3cf097639ef9dcaf4a3366988fe946d1d1432eb910b5daaab4cf7fc39f9ef4bb93471fa9efdb508cfe47f14d2c0804857f6d7cb4346940246aaf2ee661d508c72418a2e98cf7978</msg>
<status status="PASS" starttime="20241011 16:44:22.032" endtime="20241011 16:44:22.033"/>
</kw>
<kw name="Log" library="BuiltIn">
<arg>${code}</arg>
<doc>Logs the given message with the given level.</doc>
<msg timestamp="20241011 16:44:22.036" level="INFO">200</msg>
<status status="PASS" starttime="20241011 16:44:22.035" endtime="20241011 16:44:22.036"/>
</kw>
<status status="PASS" starttime="20241011 16:44:21.018" endtime="20241011 16:44:22.037"/>
</test>
<test id="s1-t13" name="Validation QR Without Tickets" line="384">
<kw name="Create Session" library="RequestsLibrary">
<arg>mysesion</arg>
<arg>${STAGE_URL}</arg>
<arg>verify=true</arg>
<doc>Create Session: create a HTTP session to a server</doc>
<msg timestamp="20241011 16:44:22.042" level="INFO">Creating Session using : alias=mysesion, url=https://stage.allrideapp.com, headers={},                     cookies={}, auth=None, timeout=None, proxies=None, verify=True,                     debug=0 </msg>
<status status="PASS" starttime="20241011 16:44:22.041" endtime="20241011 16:44:22.043"/>
</kw>
<kw name="Create Dictionary" library="BuiltIn">
<var>${headers}</var>
<arg>Authorization=${departureToken}</arg>
<arg>Content-Type=application/json</arg>
<doc>Creates and returns a dictionary based on the given ``items``.</doc>
<msg timestamp="20241011 16:44:22.045" level="INFO">${headers} = {'Authorization': 'Bearer 856c8dc8cffad061d07abbff9b2e5456190bb1a2126fc4904f75149480184801f8fd002fa64a8d68fe537a76b23bf2206300cce9fe4419039b2809d0a1936a9d', 'Content-Type': 'application/json'}</msg>
<status status="PASS" starttime="20241011 16:44:22.044" endtime="20241011 16:44:22.046"/>
</kw>
<kw name="POST On Session" library="RequestsLibrary">
<var>${response}</var>
<arg>mysesion</arg>
<arg>url=/api/v2/pb/driver/departures/validate</arg>
<arg>data={"communityId":"${idComunidad}","validationString":"${qrCodeNoTickets}","timezone":"Chile/Continental","validationLat":-33.40975694626073,"validationLon":-70.56736916087651}</arg>
<arg>headers=${headers}</arg>
<doc>Sends a POST request on a previously created HTTP Session.</doc>
<msg timestamp="20241011 16:44:23.393" level="INFO">POST Request : url=https://stage.allrideapp.com/api/v2/pb/driver/departures/validate 
 path_url=/api/v2/pb/driver/departures/validate 
 headers={'User-Agent': 'python-requests/2.31.0', 'Accept-Encoding': 'gzip, deflate', 'Accept': '*/*', 'Connection': 'keep-alive', 'Authorization': 'Bearer 856c8dc8cffad061d07abbff9b2e5456190bb1a2126fc4904f75149480184801f8fd002fa64a8d68fe537a76b23bf2206300cce9fe4419039b2809d0a1936a9d', 'Content-Type': 'application/json', 'Content-Length': '317'} 
 body={"communityId":"653fd601f90509541a748683","validationString":"6f7e7d74b3cf097639ef9dcaf4a3366988fe946d1d1432eb910b5daaab4cf7fc39f9ef4bb93471fa9efdb508cfe47f14d2c0804857f6d7cb4346940246aaf2ee661d508c72418a2e98cf7978","timezone":"Chile/Continental","validationLat":-33.40975694626073,"validationLon":-70.56736916087651} 
 </msg>
<msg timestamp="20241011 16:44:23.393" level="INFO">POST Response : url=https://stage.allrideapp.com/api/v2/pb/driver/departures/validate 
 status=200, reason=OK 
 headers={'Date': 'Fri, 11 Oct 2024 19:44:26 GMT', 'Content-Type': 'application/json; charset=utf-8', 'Content-Length': '994', 'Connection': 'keep-alive', 'Server': 'nginx', 'X-DNS-Prefetch-Control': 'off', 'X-Frame-Options': 'SAMEORIGIN', 'Strict-Transport-Security': 'max-age=15552000; includeSubDomains', 'X-Download-Options': 'noopen', 'X-Content-Type-Options': 'nosniff', 'X-XSS-Protection': '1; mode=block', 'Access-Control-Allow-Origin': '*', 'ETag': 'W/"3e2-d64IWfSnceXbC+3A4kJZalnlWfo"'} 
 body={"busValidationParams":{"preValidationPassenger":{"answers":[]},"driver":{"answers":[]},"validatedPassenger":{"answers":[]}},"validated":true,"reason":[],"_id":"67098019d25fc2c30d71f70c","routeId":"67097560bbc506c3081aee9a","departureId":"67097fe6bbc506c3081b41db","serviceId":"67097fe2d25fc2c30d71f3e6","validationString":"6f7e7d74b3cf097639ef9dcaf4a3366988fe946d1d1432eb910b5daaab4cf7fc39f9ef4bb93471fa9efdb508cfe47f14d2c0804857f6d7cb4346940246aaf2ee661d508c72418a2e98cf7978","history":[],"loc":[-70.56736916087651,-33.40975694626073],"latitude":-33.40975694626073,"longitude":-70.56736916087651,"lat":-33.40975694626073,"lon":-70.56736916087651,"distance":3870.8106331304753,"userId":"661d508c72418a2e98cf7978","communityId":"653fd601f90509541a748683","assignedSeat":"1","createdAt":"2024-10-11T19:44:26.398Z","updatedAt":"2024-10-11T19:44:26.398Z","__v":0,"user":{"_id":"661d508c72418a2e98cf7978","name":"rdd 3","avatar":"https://s3.amazonaws.com/adedo.users-avatars/user_placeholder.png"}} 
 </msg>
<msg timestamp="20241011 16:44:23.393" level="INFO">${response} = &lt;Response [200]&gt;</msg>
<status status="PASS" starttime="20241011 16:44:22.047" endtime="20241011 16:44:23.394"/>
</kw>
<kw name="Convert To String" library="BuiltIn">
<var>${code}</var>
<arg>${response.status_code}</arg>
<doc>Converts the given item to a Unicode string.</doc>
<msg timestamp="20241011 16:44:23.397" level="INFO">${code} = 200</msg>
<status status="PASS" starttime="20241011 16:44:23.395" endtime="20241011 16:44:23.397"/>
</kw>
<kw name="Status Should Be" library="RequestsLibrary">
<arg>200</arg>
<doc>Fails if response status code is different than the expected.</doc>
<status status="PASS" starttime="20241011 16:44:23.398" endtime="20241011 16:44:23.398"/>
</kw>
<kw name="Log" library="BuiltIn">
<arg>${code}</arg>
<doc>Logs the given message with the given level.</doc>
<msg timestamp="20241011 16:44:23.400" level="INFO">200</msg>
<status status="PASS" starttime="20241011 16:44:23.399" endtime="20241011 16:44:23.400"/>
</kw>
<kw name="Sleep" library="BuiltIn">
<arg>10s</arg>
<doc>Pauses the test executed for the given time.</doc>
<msg timestamp="20241011 16:44:33.402" level="INFO">Slept 10 seconds</msg>
<status status="PASS" starttime="20241011 16:44:23.401" endtime="20241011 16:44:33.402"/>
</kw>
<status status="PASS" starttime="20241011 16:44:22.040" endtime="20241011 16:44:33.403"/>
</test>
<test id="s1-t14" name="Stop Post Leg Departure" line="404">
<kw name="Create Session" library="RequestsLibrary">
<arg>mysesion</arg>
<arg>${STAGE_URL}</arg>
<arg>verify=true</arg>
<doc>Create Session: create a HTTP session to a server</doc>
<msg timestamp="20241011 16:44:33.407" level="INFO">Creating Session using : alias=mysesion, url=https://stage.allrideapp.com, headers={},                     cookies={}, auth=None, timeout=None, proxies=None, verify=True,                     debug=0 </msg>
<status status="PASS" starttime="20241011 16:44:33.406" endtime="20241011 16:44:33.408"/>
</kw>
<kw name="Create Dictionary" library="BuiltIn">
<var>${headers}</var>
<arg>Authorization=${departureToken}</arg>
<arg>Content-Type=application/json</arg>
<doc>Creates and returns a dictionary based on the given ``items``.</doc>
<msg timestamp="20241011 16:44:33.410" level="INFO">${headers} = {'Authorization': 'Bearer 856c8dc8cffad061d07abbff9b2e5456190bb1a2126fc4904f75149480184801f8fd002fa64a8d68fe537a76b23bf2206300cce9fe4419039b2809d0a1936a9d', 'Content-Type': 'application/json'}</msg>
<status status="PASS" starttime="20241011 16:44:33.409" endtime="20241011 16:44:33.410"/>
</kw>
<kw name="POST On Session" library="RequestsLibrary">
<var>${response}</var>
<arg>mysesion</arg>
<arg>url=/api/v2/pb/driver/departure/stop</arg>
<arg>data={"customParamsAtEnd":[],"customParamsAtStart":null,"endLat":"-72.6071614","endLon":"-38.7651863","nextLeg":false,"post":{"customParamsAtEnd":null,"customParamsAtStart":null,"preTripChecklist":null},"pre":{"customParamsAtEnd":null,"customParamsAtStart":null,"preTripChecklist":null},"preTripChecklist":null,"service":{"customParamsAtEnd":null,"customParamsAtStart":null,"preTripChecklist":null},"shareToUsers":false}</arg>
<arg>headers=${headers}</arg>
<doc>Sends a POST request on a previously created HTTP Session.</doc>
<msg timestamp="20241011 16:44:34.440" level="INFO">POST Request : url=https://stage.allrideapp.com/api/v2/pb/driver/departure/stop 
 path_url=/api/v2/pb/driver/departure/stop 
 headers={'User-Agent': 'python-requests/2.31.0', 'Accept-Encoding': 'gzip, deflate', 'Accept': '*/*', 'Connection': 'keep-alive', 'Authorization': 'Bearer 856c8dc8cffad061d07abbff9b2e5456190bb1a2126fc4904f75149480184801f8fd002fa64a8d68fe537a76b23bf2206300cce9fe4419039b2809d0a1936a9d', 'Content-Type': 'application/json', 'Content-Length': '415'} 
 body={"customParamsAtEnd":[],"customParamsAtStart":null,"endLat":"-72.6071614","endLon":"-38.7651863","nextLeg":false,"post":{"customParamsAtEnd":null,"customParamsAtStart":null,"preTripChecklist":null},"pre":{"customParamsAtEnd":null,"customParamsAtStart":null,"preTripChecklist":null},"preTripChecklist":null,"service":{"customParamsAtEnd":null,"customParamsAtStart":null,"preTripChecklist":null},"shareToUsers":false} 
 </msg>
<msg timestamp="20241011 16:44:34.441" level="INFO">POST Response : url=https://stage.allrideapp.com/api/v2/pb/driver/departure/stop 
 status=200, reason=OK 
 headers={'Date': 'Fri, 11 Oct 2024 19:44:37 GMT', 'Content-Type': 'application/json; charset=utf-8', 'Content-Length': '2918', 'Connection': 'keep-alive', 'Server': 'nginx', 'X-DNS-Prefetch-Control': 'off', 'X-Frame-Options': 'SAMEORIGIN', 'Strict-Transport-Security': 'max-age=15552000; includeSubDomains', 'X-Download-Options': 'noopen', 'X-Content-Type-Options': 'nosniff', 'X-XSS-Protection': '1; mode=block', 'Access-Control-Allow-Origin': '*', 'ETag': 'W/"b66-dlfEWICzQzrGKbsZEWODeoveZek"'} 
 body={"restrictPassengers":{"validation":{"enabled":false,"parameters":[]},"reservation":{"enabled":false,"parameters":[]},"visibility":{"enabled":false,"parameters":[]},"enabled":false,"passengersMustComply":true,"allowedOnValidation":[],"allowedOnReservation":[],"allowedOnVisibility":[]},"superCommunities":["653fd68233d83952fafcd4be"],"communities":["653fd601f90509541a748683"],"assistantIds":[],"active":false,"sharing":true,"disabled":false,"internal":false,"rounds":0,"distance":4724472.6,"scheduled":true,"odd":false,"estimatedDistance":0,"extraMinutes":0,"placeWaitTime":0,"hasExternalGPS":false,"allowsServiceSnapshots":false,"allowsNonServiceSnapshots":false,"allowsSnapshots":false,"allowsDistance":true,"usesOfflineCount":false,"linkedDepartures":[],"_id":"67097fe6bbc506c3081b41db","communityId":"653fd601f90509541a748683","driverId":"6582e724938e4e7b3bcf9f0a","driverCode":"753","drivers":[],"vehicleId":"6553b81315e27f4db2b45935","busCode":"ABCD12","startCapacity":3,"routeId":"67097560bbc506c3081aee9a","serviceId":"67097fe2d25fc2c30d71f3e6","serviceDate":"2024-10-11T20:43:00.000Z","reservations":[{"waitTime":0,"validated":false,"fromApp":false,"manuallyBooked":false,"joined":false,"approvedByDriver":true,"_id":"67097fe9d25fc2c30d71f46d","userId":"65e8e076337a90a35ba6e8dd","seat":"2","stopId":"655d11d88a5a1a1ff0328464"}],"state":"pending","categories":[],"trail":[],"legs":[{"distance":833.71,"_id":"67097feabbc506c3081b422c","type":"service","startedAt":"2024-10-11T19:43:38.396Z","realStartLocation":{"_id":"67097feabbc506c3081b422d","lat":-33.3908833,"lon":-70.54620129999999,"loc":[-70.54620129999999,-33.3908833]},"driverId":"6582e724938e4e7b3bcf9f0a","preTripChecklist":[],"customParamsAtStart":[],"customParamsAtTheEnd":[],"endedAt":"2024-10-11T19:44:19.242Z"}],"stateHistory":[{"_id":"67097fe6bbc506c3081b41df","state":"pending","date":"2024-10-11T19:43:34.217Z"}],"deviceHistory":[],"apportionByCategories":[],"enabledSeats":[{"available":false,"_id":"67097fe6bbc506c3081b41dc","seat":"1","userId":"661d508c72418a2e98cf7978"},{"available":false,"_id":"67097fe6bbc506c3081b41dd","seat":"2","userId":"65e8e076337a90a35ba6e8dd"},{"available":true,"_id":"67097fe6bbc506c3081b41de","seat":"3"}],"customParams":[],"customParamsAtTheEnd":[],"preTripChecklist":[],"speedAlerts":[],"capacity":3,"superCommunityId":"653fd68233d83952fafcd4be","createdAt":"2024-10-11T19:43:34.217Z","updatedAt":"2024-10-11T19:44:26.389Z","__v":2,"realStartLocation":{"_id":"67097feabbc506c3081b422b","lat":-33.3908833,"lon":-70.54620129999999,"loc":[-70.54620129999999,-33.3908833]},"startedAt":"2024-10-11T19:43:38.397Z","token":"856c8dc8cffad061d07abbff9b2e5456190bb1a2126fc4904f75149480184801f8fd002fa64a8d68fe537a76b23bf2206300cce9fe4419039b2809d0a1936a9d","endedAt":"2024-10-11T19:44:37.330Z","realEndLocation":{"_id":"67098025bbc506c3081b44be","lat":-72.6071614,"lon":-38.7651863,"loc":[-38.7651863,-72.6071614]}} 
 </msg>
<msg timestamp="20241011 16:44:34.441" level="INFO">${response} = &lt;Response [200]&gt;</msg>
<status status="PASS" starttime="20241011 16:44:33.411" endtime="20241011 16:44:34.441"/>
</kw>
<kw name="Convert To String" library="BuiltIn">
<var>${code}</var>
<arg>${response.status_code}</arg>
<doc>Converts the given item to a Unicode string.</doc>
<msg timestamp="20241011 16:44:34.445" level="INFO">${code} = 200</msg>
<status status="PASS" starttime="20241011 16:44:34.442" endtime="20241011 16:44:34.445"/>
</kw>
<kw name="Status Should Be" library="RequestsLibrary">
<arg>200</arg>
<doc>Fails if response status code is different than the expected.</doc>
<status status="PASS" starttime="20241011 16:44:34.447" endtime="20241011 16:44:34.447"/>
</kw>
<kw name="Log" library="BuiltIn">
<arg>${code}</arg>
<doc>Logs the given message with the given level.</doc>
<msg timestamp="20241011 16:44:34.450" level="INFO">200</msg>
<status status="PASS" starttime="20241011 16:44:34.448" endtime="20241011 16:44:34.450"/>
</kw>
<kw name="Sleep" library="BuiltIn">
<arg>10s</arg>
<doc>Pauses the test executed for the given time.</doc>
<msg timestamp="20241011 16:44:44.453" level="INFO">Slept 10 seconds</msg>
<status status="PASS" starttime="20241011 16:44:34.451" endtime="20241011 16:44:44.453"/>
</kw>
<status status="PASS" starttime="20241011 16:44:33.405" endtime="20241011 16:44:44.454"/>
</test>
<status status="PASS" starttime="20241011 16:43:22.730" endtime="20241011 16:44:44.457"/>
</suite>
<statistics>
<total>
<stat pass="14" fail="0" skip="0">All Tests</stat>
</total>
<tag>
<stat pass="1" fail="0" skip="0">test:retry(1)</stat>
</tag>
<suite>
<stat pass="14" fail="0" skip="0" id="s1" name="socketRTL">socketRTL</stat>
</suite>
</statistics>
<errors>
</errors>
</robot>
