<?xml version="1.0" encoding="UTF-8"?>
<robot generator="Robot 6.1.1 (Python 3.10.12 on win32)" generated="20251027 17:26:46.695" rpa="false" schemaversion="4">
<suite id="s1" name="findUserFromCommunity" source="c:\Users\UsuarioCompuElite\Documents\GitHub\Respaldo\AllRide Test Cases\Test Cases\Admin\findUserFromCommunity.robot">
<test id="s1-t1" name="Set Date Variables" line="15">
<kw name="Get Current Date" library="DateTime">
<var>${fecha_hoy}</var>
<arg>result_format=%Y-%m-%d</arg>
<doc>Returns current local or UTC time with an optional increment.</doc>
<msg timestamp="20251027 17:26:47.114" level="INFO">${fecha_hoy} = 2025-10-27</msg>
<status status="PASS" starttime="20251027 17:26:47.113" endtime="20251027 17:26:47.116"/>
</kw>
<kw name="Set Global Variable" library="BuiltIn">
<arg>${fecha_hoy}</arg>
<doc>Makes a variable available globally in all tests and suites.</doc>
<msg timestamp="20251027 17:26:47.117" level="INFO">${fecha_hoy} = 2025-10-27</msg>
<status status="PASS" starttime="20251027 17:26:47.116" endtime="20251027 17:26:47.117"/>
</kw>
<kw name="Add Time To Date" library="DateTime">
<var>${fecha_manana}</var>
<arg>${fecha_hoy}</arg>
<arg>1 days</arg>
<arg>result_format=%Y-%m-%d</arg>
<doc>Adds time to date and returns the resulting date.</doc>
<msg timestamp="20251027 17:26:47.120" level="INFO">${fecha_manana} = 2025-10-28</msg>
<status status="PASS" starttime="20251027 17:26:47.117" endtime="20251027 17:26:47.120"/>
</kw>
<kw name="Set Global Variable" library="BuiltIn">
<arg>${fecha_manana}</arg>
<doc>Makes a variable available globally in all tests and suites.</doc>
<msg timestamp="20251027 17:26:47.120" level="INFO">${fecha_manana} = 2025-10-28</msg>
<status status="PASS" starttime="20251027 17:26:47.120" endtime="20251027 17:26:47.120"/>
</kw>
<kw name="Add Time To Date" library="DateTime">
<var>${fecha_pasado_manana}</var>
<arg>${fecha_hoy}</arg>
<arg>2 days</arg>
<arg>result_format=%Y-%m-%d</arg>
<doc>Adds time to date and returns the resulting date.</doc>
<msg timestamp="20251027 17:26:47.121" level="INFO">${fecha_pasado_manana} = 2025-10-29</msg>
<status status="PASS" starttime="20251027 17:26:47.121" endtime="20251027 17:26:47.121"/>
</kw>
<kw name="Set Global Variable" library="BuiltIn">
<arg>${fecha_pasado_manana}</arg>
<doc>Makes a variable available globally in all tests and suites.</doc>
<msg timestamp="20251027 17:26:47.122" level="INFO">${fecha_pasado_manana} = 2025-10-29</msg>
<status status="PASS" starttime="20251027 17:26:47.122" endtime="20251027 17:26:47.122"/>
</kw>
<kw name="Add Time To Date" library="DateTime">
<var>${fecha_pasado_pasado_manana}</var>
<arg>${fecha_hoy}</arg>
<arg>3 days</arg>
<arg>result_format=%Y-%m-%d</arg>
<doc>Adds time to date and returns the resulting date.</doc>
<msg timestamp="20251027 17:26:47.123" level="INFO">${fecha_pasado_pasado_manana} = 2025-10-30</msg>
<status status="PASS" starttime="20251027 17:26:47.122" endtime="20251027 17:26:47.123"/>
</kw>
<kw name="Set Global Variable" library="BuiltIn">
<arg>${fecha_pasado_pasado_manana}</arg>
<doc>Makes a variable available globally in all tests and suites.</doc>
<msg timestamp="20251027 17:26:47.124" level="INFO">${fecha_pasado_pasado_manana} = 2025-10-30</msg>
<status status="PASS" starttime="20251027 17:26:47.124" endtime="20251027 17:26:47.124"/>
</kw>
<kw name="Convert Date" library="DateTime">
<var>${dia_actual}</var>
<arg>${fecha_hoy}</arg>
<arg>result_format=%a</arg>
<doc>Converts between supported `date formats`.</doc>
<msg timestamp="20251027 17:26:47.125" level="INFO">${dia_actual} = Mon</msg>
<status status="PASS" starttime="20251027 17:26:47.124" endtime="20251027 17:26:47.125"/>
</kw>
<kw name="Set Variable" library="BuiltIn">
<var>${dia_actual_lower}</var>
<arg>${dia_actual.lower()}</arg>
<doc>Returns the given values which can then be assigned to a variables.</doc>
<msg timestamp="20251027 17:26:47.127" level="INFO">${dia_actual_lower} = mon</msg>
<status status="PASS" starttime="20251027 17:26:47.126" endtime="20251027 17:26:47.127"/>
</kw>
<kw name="Set Variable" library="BuiltIn">
<var>${arrival_date}</var>
<arg>${fecha_manana}T01:00:00.000Z</arg>
<doc>Returns the given values which can then be assigned to a variables.</doc>
<msg timestamp="20251027 17:26:47.129" level="INFO">${arrival_date} = 2025-10-28T01:00:00.000Z</msg>
<status status="PASS" starttime="20251027 17:26:47.129" endtime="20251027 17:26:47.129"/>
</kw>
<kw name="Set Global Variable" library="BuiltIn">
<arg>${arrival_date}</arg>
<doc>Makes a variable available globally in all tests and suites.</doc>
<msg timestamp="20251027 17:26:47.130" level="INFO">${arrival_date} = 2025-10-28T01:00:00.000Z</msg>
<status status="PASS" starttime="20251027 17:26:47.130" endtime="20251027 17:26:47.130"/>
</kw>
<kw name="Set Variable" library="BuiltIn">
<var>${r_estimated_arrival1}</var>
<arg>${fecha_manana}T14:45:57.000Z</arg>
<doc>Returns the given values which can then be assigned to a variables.</doc>
<msg timestamp="20251027 17:26:47.131" level="INFO">${r_estimated_arrival1} = 2025-10-28T14:45:57.000Z</msg>
<status status="PASS" starttime="20251027 17:26:47.131" endtime="20251027 17:26:47.131"/>
</kw>
<kw name="Set Global Variable" library="BuiltIn">
<arg>${r_estimated_arrival1}</arg>
<doc>Makes a variable available globally in all tests and suites.</doc>
<msg timestamp="20251027 17:26:47.132" level="INFO">${r_estimated_arrival1} = 2025-10-28T14:45:57.000Z</msg>
<status status="PASS" starttime="20251027 17:26:47.131" endtime="20251027 17:26:47.132"/>
</kw>
<kw name="Set Variable" library="BuiltIn">
<var>${service_date}</var>
<arg>${fecha_manana}T00:25:29.000Z</arg>
<doc>Returns the given values which can then be assigned to a variables.</doc>
<msg timestamp="20251027 17:26:47.133" level="INFO">${service_date} = 2025-10-28T00:25:29.000Z</msg>
<status status="PASS" starttime="20251027 17:26:47.132" endtime="20251027 17:26:47.133"/>
</kw>
<kw name="Set Global Variable" library="BuiltIn">
<arg>${service_date}</arg>
<doc>Makes a variable available globally in all tests and suites.</doc>
<msg timestamp="20251027 17:26:47.133" level="INFO">${service_date} = 2025-10-28T00:25:29.000Z</msg>
<status status="PASS" starttime="20251027 17:26:47.133" endtime="20251027 17:26:47.134"/>
</kw>
<kw name="Set Variable" library="BuiltIn">
<var>${modified_arrival_date}</var>
<arg>${fecha_manana}T01:00:00.000Z</arg>
<doc>Returns the given values which can then be assigned to a variables.</doc>
<msg timestamp="20251027 17:26:47.134" level="INFO">${modified_arrival_date} = 2025-10-28T01:00:00.000Z</msg>
<status status="PASS" starttime="20251027 17:26:47.134" endtime="20251027 17:26:47.134"/>
</kw>
<kw name="Set Global Variable" library="BuiltIn">
<arg>${modified_arrival_date}</arg>
<doc>Makes a variable available globally in all tests and suites.</doc>
<msg timestamp="20251027 17:26:47.136" level="INFO">${modified_arrival_date} = 2025-10-28T01:00:00.000Z</msg>
<status status="PASS" starttime="20251027 17:26:47.136" endtime="20251027 17:26:47.136"/>
</kw>
<kw name="Set Variable" library="BuiltIn">
<var>${r_modified_estimated_arrival}</var>
<arg>${fecha_pasado_manana}T14:45:57.000Z</arg>
<doc>Returns the given values which can then be assigned to a variables.</doc>
<msg timestamp="20251027 17:26:47.137" level="INFO">${r_modified_estimated_arrival} = 2025-10-29T14:45:57.000Z</msg>
<status status="PASS" starttime="20251027 17:26:47.136" endtime="20251027 17:26:47.137"/>
</kw>
<kw name="Set Global Variable" library="BuiltIn">
<arg>${r_modified_estimated_arrival}</arg>
<doc>Makes a variable available globally in all tests and suites.</doc>
<msg timestamp="20251027 17:26:47.138" level="INFO">${r_modified_estimated_arrival} = 2025-10-29T14:45:57.000Z</msg>
<status status="PASS" starttime="20251027 17:26:47.137" endtime="20251027 17:26:47.138"/>
</kw>
<kw name="Set Variable" library="BuiltIn">
<var>${modified_service_date}</var>
<arg>${fecha_manana}T00:25:29.000Z</arg>
<doc>Returns the given values which can then be assigned to a variables.</doc>
<msg timestamp="20251027 17:26:47.138" level="INFO">${modified_service_date} = 2025-10-28T00:25:29.000Z</msg>
<status status="PASS" starttime="20251027 17:26:47.138" endtime="20251027 17:26:47.138"/>
</kw>
<kw name="Set Global Variable" library="BuiltIn">
<arg>${modified_service_date}</arg>
<doc>Makes a variable available globally in all tests and suites.</doc>
<msg timestamp="20251027 17:26:47.139" level="INFO">${modified_service_date} = 2025-10-28T00:25:29.000Z</msg>
<status status="PASS" starttime="20251027 17:26:47.139" endtime="20251027 17:26:47.139"/>
</kw>
<kw name="Set Variable" library="BuiltIn">
<var>${service_date_20min}</var>
<arg>${fecha_manana}T00:20:00.000Z</arg>
<doc>Returns the given values which can then be assigned to a variables.</doc>
<msg timestamp="20251027 17:26:47.140" level="INFO">${service_date_20min} = 2025-10-28T00:20:00.000Z</msg>
<status status="PASS" starttime="20251027 17:26:47.139" endtime="20251027 17:26:47.140"/>
</kw>
<kw name="Set Global Variable" library="BuiltIn">
<arg>${service_date_20min}</arg>
<doc>Makes a variable available globally in all tests and suites.</doc>
<msg timestamp="20251027 17:26:47.141" level="INFO">${service_date_20min} = 2025-10-28T00:20:00.000Z</msg>
<status status="PASS" starttime="20251027 17:26:47.140" endtime="20251027 17:26:47.141"/>
</kw>
<kw name="Set Variable" library="BuiltIn">
<var>${service_date_22min}</var>
<arg>${fecha_manana}T00:47:00.000Z</arg>
<doc>Returns the given values which can then be assigned to a variables.</doc>
<msg timestamp="20251027 17:26:47.142" level="INFO">${service_date_22min} = 2025-10-28T00:47:00.000Z</msg>
<status status="PASS" starttime="20251027 17:26:47.141" endtime="20251027 17:26:47.142"/>
</kw>
<kw name="Set Global Variable" library="BuiltIn">
<arg>${service_date_22min}</arg>
<doc>Makes a variable available globally in all tests and suites.</doc>
<msg timestamp="20251027 17:26:47.143" level="INFO">${service_date_22min} = 2025-10-28T00:47:00.000Z</msg>
<status status="PASS" starttime="20251027 17:26:47.142" endtime="20251027 17:26:47.143"/>
</kw>
<kw name="Set Variable" library="BuiltIn">
<var>${start_date}</var>
<arg>${fecha_manana}T03:00:00.000Z</arg>
<doc>Returns the given values which can then be assigned to a variables.</doc>
<msg timestamp="20251027 17:26:47.143" level="INFO">${start_date} = 2025-10-28T03:00:00.000Z</msg>
<status status="PASS" starttime="20251027 17:26:47.143" endtime="20251027 17:26:47.143"/>
</kw>
<kw name="Set Global Variable" library="BuiltIn">
<arg>${start_date}</arg>
<doc>Makes a variable available globally in all tests and suites.</doc>
<msg timestamp="20251027 17:26:47.144" level="INFO">${start_date} = 2025-10-28T03:00:00.000Z</msg>
<status status="PASS" starttime="20251027 17:26:47.143" endtime="20251027 17:26:47.144"/>
</kw>
<kw name="Set Variable" library="BuiltIn">
<var>${end_date_4weeks}</var>
<arg>2023-12-30T02:59:59.999Z</arg>
<doc>Returns the given values which can then be assigned to a variables.</doc>
<msg timestamp="20251027 17:26:47.144" level="INFO">${end_date_4weeks} = 2023-12-30T02:59:59.999Z</msg>
<status status="PASS" starttime="20251027 17:26:47.144" endtime="20251027 17:26:47.144"/>
</kw>
<kw name="Set Global Variable" library="BuiltIn">
<arg>${end_date_4weeks}</arg>
<doc>Makes a variable available globally in all tests and suites.</doc>
<msg timestamp="20251027 17:26:47.145" level="INFO">${end_date_4weeks} = 2023-12-30T02:59:59.999Z</msg>
<status status="PASS" starttime="20251027 17:26:47.145" endtime="20251027 17:26:47.145"/>
</kw>
<kw name="Set Variable" library="BuiltIn">
<var>${end_date}</var>
<arg>${fecha_pasado_pasado_manana}T03:00:00.000Z</arg>
<doc>Returns the given values which can then be assigned to a variables.</doc>
<msg timestamp="20251027 17:26:47.146" level="INFO">${end_date} = 2025-10-30T03:00:00.000Z</msg>
<status status="PASS" starttime="20251027 17:26:47.145" endtime="20251027 17:26:47.146"/>
</kw>
<kw name="Set Global Variable" library="BuiltIn">
<arg>${end_date}</arg>
<doc>Makes a variable available globally in all tests and suites.</doc>
<msg timestamp="20251027 17:26:47.146" level="INFO">${end_date} = 2025-10-30T03:00:00.000Z</msg>
<status status="PASS" starttime="20251027 17:26:47.146" endtime="20251027 17:26:47.146"/>
</kw>
<kw name="Set Variable" library="BuiltIn">
<var>${end_date_tomorrow}</var>
<arg>${fecha_manana}T03:00:00.000Z</arg>
<doc>Returns the given values which can then be assigned to a variables.</doc>
<msg timestamp="20251027 17:26:47.147" level="INFO">${end_date_tomorrow} = 2025-10-28T03:00:00.000Z</msg>
<status status="PASS" starttime="20251027 17:26:47.147" endtime="20251027 17:26:47.147"/>
</kw>
<kw name="Set Global Variable" library="BuiltIn">
<arg>${end_date_tomorrow}</arg>
<doc>Makes a variable available globally in all tests and suites.</doc>
<msg timestamp="20251027 17:26:47.148" level="INFO">${end_date_tomorrow} = 2025-10-28T03:00:00.000Z</msg>
<status status="PASS" starttime="20251027 17:26:47.148" endtime="20251027 17:26:47.148"/>
</kw>
<kw name="Set Variable" library="BuiltIn">
<var>${schedule_day}</var>
<arg>${dia_actual_lower}</arg>
<doc>Returns the given values which can then be assigned to a variables.</doc>
<msg timestamp="20251027 17:26:47.149" level="INFO">${schedule_day} = mon</msg>
<status status="PASS" starttime="20251027 17:26:47.149" endtime="20251027 17:26:47.149"/>
</kw>
<kw name="Set Global Variable" library="BuiltIn">
<arg>${schedule_day}</arg>
<doc>Makes a variable available globally in all tests and suites.</doc>
<msg timestamp="20251027 17:26:47.150" level="INFO">${schedule_day} = mon</msg>
<status status="PASS" starttime="20251027 17:26:47.150" endtime="20251027 17:26:47.150"/>
</kw>
<kw name="Set Variable" library="BuiltIn">
<var>${start_date_today}</var>
<arg>${fecha_hoy}T03:00:00.000Z</arg>
<doc>Returns the given values which can then be assigned to a variables.</doc>
<msg timestamp="20251027 17:26:47.151" level="INFO">${start_date_today} = 2025-10-27T03:00:00.000Z</msg>
<status status="PASS" starttime="20251027 17:26:47.150" endtime="20251027 17:26:47.151"/>
</kw>
<kw name="Set Global Variable" library="BuiltIn">
<arg>${start_date_today}</arg>
<doc>Makes a variable available globally in all tests and suites.</doc>
<msg timestamp="20251027 17:26:47.151" level="INFO">${start_date_today} = 2025-10-27T03:00:00.000Z</msg>
<status status="PASS" starttime="20251027 17:26:47.151" endtime="20251027 17:26:47.151"/>
</kw>
<kw name="Set Variable" library="BuiltIn">
<var>${today_date}</var>
<arg>${fecha_hoy}</arg>
<doc>Returns the given values which can then be assigned to a variables.</doc>
<msg timestamp="20251027 17:26:47.152" level="INFO">${today_date} = 2025-10-27</msg>
<status status="PASS" starttime="20251027 17:26:47.152" endtime="20251027 17:26:47.152"/>
</kw>
<kw name="Set Global Variable" library="BuiltIn">
<arg>${today_date}</arg>
<doc>Makes a variable available globally in all tests and suites.</doc>
<msg timestamp="20251027 17:26:47.152" level="INFO">${today_date} = 2025-10-27</msg>
<status status="PASS" starttime="20251027 17:26:47.152" endtime="20251027 17:26:47.152"/>
</kw>
<kw name="Set Variable" library="BuiltIn">
<var>${end_date_tomorrow2}</var>
<arg>${fecha_manana}T02:59:59.999Z</arg>
<doc>Returns the given values which can then be assigned to a variables.</doc>
<msg timestamp="20251027 17:26:47.153" level="INFO">${end_date_tomorrow2} = 2025-10-28T02:59:59.999Z</msg>
<status status="PASS" starttime="20251027 17:26:47.153" endtime="20251027 17:26:47.153"/>
</kw>
<kw name="Set Global Variable" library="BuiltIn">
<arg>${end_date_tomorrow}</arg>
<doc>Makes a variable available globally in all tests and suites.</doc>
<msg timestamp="20251027 17:26:47.154" level="INFO">${end_date_tomorrow} = 2025-10-28T03:00:00.000Z</msg>
<status status="PASS" starttime="20251027 17:26:47.153" endtime="20251027 17:26:47.154"/>
</kw>
<kw name="Set Variable" library="BuiltIn">
<var>${expiration_date_qr}</var>
<arg>${fecha_manana}T14:10:37.968Z</arg>
<doc>Returns the given values which can then be assigned to a variables.</doc>
<msg timestamp="20251027 17:26:47.154" level="INFO">${expiration_date_qr} = 2025-10-28T14:10:37.968Z</msg>
<status status="PASS" starttime="20251027 17:26:47.154" endtime="20251027 17:26:47.154"/>
</kw>
<kw name="Set Global Variable" library="BuiltIn">
<arg>${expiration_date_qr}</arg>
<doc>Makes a variable available globally in all tests and suites.</doc>
<msg timestamp="20251027 17:26:47.155" level="INFO">${expiration_date_qr} = 2025-10-28T14:10:37.968Z</msg>
<status status="PASS" starttime="20251027 17:26:47.155" endtime="20251027 17:26:47.155"/>
</kw>
<kw name="Set Variable" library="BuiltIn">
<var>${start_date_tickets}</var>
<arg>${fecha_hoy}T04:00:00.000Z</arg>
<doc>Returns the given values which can then be assigned to a variables.</doc>
<msg timestamp="20251027 17:26:47.156" level="INFO">${start_date_tickets} = 2025-10-27T04:00:00.000Z</msg>
<status status="PASS" starttime="20251027 17:26:47.155" endtime="20251027 17:26:47.156"/>
</kw>
<kw name="Set Global Variable" library="BuiltIn">
<arg>${start_date_tickets}</arg>
<doc>Makes a variable available globally in all tests and suites.</doc>
<msg timestamp="20251027 17:26:47.156" level="INFO">${start_date_tickets} = 2025-10-27T04:00:00.000Z</msg>
<status status="PASS" starttime="20251027 17:26:47.156" endtime="20251027 17:26:47.156"/>
</kw>
<kw name="Set Variable" library="BuiltIn">
<var>${end_date_tickets}</var>
<arg>${fecha_manana}T03:59:59.999Z</arg>
<doc>Returns the given values which can then be assigned to a variables.</doc>
<msg timestamp="20251027 17:26:47.158" level="INFO">${end_date_tickets} = 2025-10-28T03:59:59.999Z</msg>
<status status="PASS" starttime="20251027 17:26:47.156" endtime="20251027 17:26:47.158"/>
</kw>
<kw name="Set Global Variable" library="BuiltIn">
<arg>${end_date_tickets}</arg>
<doc>Makes a variable available globally in all tests and suites.</doc>
<msg timestamp="20251027 17:26:47.158" level="INFO">${end_date_tickets} = 2025-10-28T03:59:59.999Z</msg>
<status status="PASS" starttime="20251027 17:26:47.158" endtime="20251027 17:26:47.158"/>
</kw>
<kw name="Set Variable" library="BuiltIn">
<var>${end_date_pasado_manana}</var>
<arg>${fecha_pasado_manana}T03:00:00.000Z</arg>
<doc>Returns the given values which can then be assigned to a variables.</doc>
<msg timestamp="20251027 17:26:47.159" level="INFO">${end_date_pasado_manana} = 2025-10-29T03:00:00.000Z</msg>
<status status="PASS" starttime="20251027 17:26:47.158" endtime="20251027 17:26:47.159"/>
</kw>
<kw name="Set Global Variable" library="BuiltIn">
<arg>${end_date_pasado_manana}</arg>
<doc>Makes a variable available globally in all tests and suites.</doc>
<msg timestamp="20251027 17:26:47.159" level="INFO">${end_date_pasado_manana} = 2025-10-29T03:00:00.000Z</msg>
<status status="PASS" starttime="20251027 17:26:47.159" endtime="20251027 17:26:47.159"/>
</kw>
<kw name="Set Variable" library="BuiltIn">
<var>${end_date_pastTomorrow}</var>
<arg>${fecha_pasado_manana}T03:00:00.000Z</arg>
<doc>Returns the given values which can then be assigned to a variables.</doc>
<msg timestamp="20251027 17:26:47.160" level="INFO">${end_date_pastTomorrow} = 2025-10-29T03:00:00.000Z</msg>
<status status="PASS" starttime="20251027 17:26:47.159" endtime="20251027 17:26:47.160"/>
</kw>
<kw name="Set Global Variable" library="BuiltIn">
<arg>${end_date_pastTomorrow}</arg>
<doc>Makes a variable available globally in all tests and suites.</doc>
<msg timestamp="20251027 17:26:47.160" level="INFO">${end_date_pastTomorrow} = 2025-10-29T03:00:00.000Z</msg>
<status status="PASS" starttime="20251027 17:26:47.160" endtime="20251027 17:26:47.160"/>
</kw>
<status status="PASS" starttime="20251027 17:26:47.113" endtime="20251027 17:26:47.160"/>
</test>
<test id="s1-t2" name="Generate Random 10 Digit Value" line="77">
<kw name="Evaluate" library="BuiltIn">
<var>${random_value1}</var>
<arg>"".join([str(random.randint(0,9)) for _ in range(10)])</arg>
<arg>random</arg>
<doc>Evaluates the given expression in Python and returns the result.</doc>
<msg timestamp="20251027 17:26:47.163" level="INFO">${random_value1} = 6452964118</msg>
<status status="PASS" starttime="20251027 17:26:47.162" endtime="20251027 17:26:47.163"/>
</kw>
<kw name="Log" library="BuiltIn">
<arg>Valor aleatorio generado: ${random_value1}</arg>
<doc>Logs the given message with the given level.</doc>
<msg timestamp="20251027 17:26:47.163" level="INFO">Valor aleatorio generado: 6452964118</msg>
<status status="PASS" starttime="20251027 17:26:47.163" endtime="20251027 17:26:47.163"/>
</kw>
<kw name="Set Global Variable" library="BuiltIn">
<arg>${random_value1}</arg>
<doc>Makes a variable available globally in all tests and suites.</doc>
<msg timestamp="20251027 17:26:47.164" level="INFO">${random_value1} = 6452964118</msg>
<status status="PASS" starttime="20251027 17:26:47.164" endtime="20251027 17:26:47.164"/>
</kw>
<status status="PASS" starttime="20251027 17:26:47.162" endtime="20251027 17:26:47.164"/>
</test>
<test id="s1-t3" name="1 hours local" line="82">
<kw name="Get Current Date" library="DateTime">
<var>${date}</var>
<arg>time_zone=local</arg>
<arg>exclude_millis=yes</arg>
<doc>Returns current local or UTC time with an optional increment.</doc>
<msg timestamp="20251027 17:26:47.166" level="INFO">${date} = 2025-10-27 17:26:47</msg>
<status status="PASS" starttime="20251027 17:26:47.165" endtime="20251027 17:26:47.166"/>
</kw>
<kw name="Convert Date" library="DateTime">
<var>${formatted_date}</var>
<arg>${date}</arg>
<arg>result_format=%H:%M:%S</arg>
<doc>Converts between supported `date formats`.</doc>
<msg timestamp="20251027 17:26:47.166" level="INFO">${formatted_date} = 17:26:47</msg>
<status status="PASS" starttime="20251027 17:26:47.166" endtime="20251027 17:26:47.166"/>
</kw>
<kw name="Log" library="BuiltIn">
<arg>Hora Actual: ${formatted_date}</arg>
<doc>Logs the given message with the given level.</doc>
<msg timestamp="20251027 17:26:47.167" level="INFO">Hora Actual: 17:26:47</msg>
<status status="PASS" starttime="20251027 17:26:47.167" endtime="20251027 17:26:47.167"/>
</kw>
<kw name="Add Time To Date" library="DateTime">
<var>${one_hour_later}</var>
<arg>${date}</arg>
<arg>1 hour</arg>
<doc>Adds time to date and returns the resulting date.</doc>
<msg timestamp="20251027 17:26:47.168" level="INFO">${one_hour_later} = 2025-10-27 18:26:47.000</msg>
<status status="PASS" starttime="20251027 17:26:47.167" endtime="20251027 17:26:47.168"/>
</kw>
<kw name="Convert Date" library="DateTime">
<var>${formatted_one_hour_later}</var>
<arg>${one_hour_later}</arg>
<arg>result_format=%H:%M</arg>
<doc>Converts between supported `date formats`.</doc>
<msg timestamp="20251027 17:26:47.168" level="INFO">${formatted_one_hour_later} = 18:26</msg>
<status status="PASS" starttime="20251027 17:26:47.168" endtime="20251027 17:26:47.168"/>
</kw>
<kw name="Log" library="BuiltIn">
<arg>Hora Actual + 1 hora: ${formatted_one_hour_later}</arg>
<doc>Logs the given message with the given level.</doc>
<msg timestamp="20251027 17:26:47.169" level="INFO">Hora Actual + 1 hora: 18:26</msg>
<status status="PASS" starttime="20251027 17:26:47.169" endtime="20251027 17:26:47.169"/>
</kw>
<kw name="Set Global Variable" library="BuiltIn">
<arg>${formatted_one_hour_later}</arg>
<doc>Makes a variable available globally in all tests and suites.</doc>
<msg timestamp="20251027 17:26:47.169" level="INFO">${formatted_one_hour_later} = 18:26</msg>
<status status="PASS" starttime="20251027 17:26:47.169" endtime="20251027 17:26:47.170"/>
</kw>
<status status="PASS" starttime="20251027 17:26:47.165" endtime="20251027 17:26:47.170"/>
</test>
<test id="s1-t4" name="Create new service in the selected route" line="94">
<kw name="Create Session" library="RequestsLibrary">
<arg>mysesion</arg>
<arg>${STAGE_URL}</arg>
<arg>verify=true</arg>
<doc>Create Session: create a HTTP session to a server</doc>
<msg timestamp="20251027 17:26:47.172" level="INFO">Creating Session using : alias=mysesion, url=https://stage.allrideapp.com, headers={},                     cookies={}, auth=None, timeout=None, proxies=None, verify=True,                     debug=0 </msg>
<status status="PASS" starttime="20251027 17:26:47.172" endtime="20251027 17:26:47.173"/>
</kw>
<kw name="Create Dictionary" library="BuiltIn">
<var>${headers}</var>
<arg>Authorization=${tokenAdmin}</arg>
<arg>Content-Type=application/json; charset=utf-8</arg>
<doc>Creates and returns a dictionary based on the given ``items``.</doc>
<msg timestamp="20251027 17:26:47.173" level="INFO">${headers} = {'Authorization': 'Bearer 0b1884bf3932a36cd0b043f42609cd51e826340125d0752de273c5be4247f9e63404ab0c805d306855efa6e853b1bd2fb74372bc4a066605f6ef94758182633d', 'Content-Type': 'application/json; charset=...</msg>
<status status="PASS" starttime="20251027 17:26:47.173" endtime="20251027 17:26:47.173"/>
</kw>
<kw name="PUT On Session" library="RequestsLibrary">
<var>${response}</var>
<arg>mysesion</arg>
<arg>url=https://stage.allrideapp.com/api/v1/admin/pb/routes/66f310608e6c377a3f43968e?community=6654ae4eba54fe502d4e4187</arg>
<arg>data={"_id":"66f310608e6c377a3f43968e","trail":{"enabled":false,"adjustByRounds":false},"rounds":{"enabled":false,"anchorStops":[]},"notifyUsersByStop":{"enabled":false,"sendTo":{"destinataries":"admins","emails":[],"adminLevels":[],"roles":[]}},"excludePassengers":{"active":false,"excludeType":"dontHide"},"scheduling":{"enabled":true,"limitUnit":"minutes","limitAmount":30,"lateNotification":{"enabled":false,"amount":0,"unit":"minutes"},"stopNotification":{"enabled":false,"amount":0,"unit":"minutes"},"startLimit":{"upperLimit":{"amount":60,"unit":"minutes"},"lowerLimit":{"amount":30,"unit":"minutes"}},"defaultServiceCost":null,"schedule":[{"enabled":true,"day":"${schedule_day}","time":"${formatted_one_hour_later}","estimatedArrival":null,"capped":{"enabled":false,"capacity":0},"vehicleCategoryId":null,"restrictPassengers":{"enabled":false,"visibility":{"enabled":false,"excludes":false,"parameters":[]},"reservation":{"enabled":false,"excludes":false,"parameters":[]},"validation":{"enabled":false,"excludes":false,"parameters":[]}},"serviceCost":0,"observations":"","reservations":{"enabled":false,"list":[]},"stopSchedule":[],"defaultResources":[],"_ogIndex":0}],"stopOnReservation":false,"restrictions":{"customParams":{"enabled":false,"params":[]}},"reservations":{"enabled":false,"list":[]}},"endDepartureNotice":{"enabled":false,"lastStop":null},"restrictPassengers":{"enabled":false,"allowed":["66f310608e6c377a3f43968e"],"visibility":{"enabled":false,"excludes":false,"parameters":[]},"reservation":{"enabled":false,"excludes":false,"parameters":[]},"validation":{"enabled":false,"excludes":false,"parameters":[]}},"snapshots":{"enabled":false},"validationParams":{"enabled":false,"driverParams":[],"passengerParams":[]},"canResume":{"timeLimit":{"enabled":false,"amount":5,"unit":"minutes"},"enabled":false},"departureHourFulfillment":{"enabled":false,"ranges":[]},"arrivalHourFulfillment":{"enabled":false,"ranges":[]},"validateDeparture":{"enabled":true},"minimumConfirmationTime":{"enabled":false,"amount":1,"unit":"hours"},"endServiceLegAutomatically":{"timer":{"amount":5,"unit":"minutes"},"distance":100},"assistantIds":["66ccdf58193998eca49014c3"],"superCommunities":["653fd68233d83952fafcd4be"],"communities":["6654ae4eba54fe502d4e4187"],"active":true,"visible":true,"internal":false,"anchorStops":[],"isStatic":false,"labels":[],"hasExternalGPS":false,"hasCapacity":true,"hasBeacons":true,"hasRounds":false,"hasBoardingCount":false,"hasUnboardingCount":false,"usesBusCode":false,"usesVehicleList":true,"dynamicSeatAssignment":false,"usesDriverCode":false,"usesDriverPin":false,"usesTickets":false,"usesPasses":false,"usesTextToSpeech":false,"allowsManualValidation":true,"allowsRating":true,"allowsOnlyExistingDrivers":false,"allowsMultipleDrivers":false,"allowsDebugging":false,"startsOnStop":false,"notNearStop":false,"allowsNonServiceSnapshots":false,"allowsServiceSnapshots":false,"allowsDistance":true,"usesOfflineCount":false,"hasBoardings":true,"hasUnboardings":true,"usesManualSeat":true,"noPassengerInfo":false,"showParable":false,"showStops":true,"allowGenericVehicles":true,"usesVehicleQRLink":false,"skipDeclaration":false,"skipQRValidation":false,"assistantAssignsSeat":true,"name":"Flujo Tickets Auxiliar","shapeId":"6654d514713b9a5184cfe21e","description":"Flujo Tickets Auxiliar","extraInfo":"","color":"652525","legOptions":[],"ownerIds":[{"_id":"66954794b24db9885e5aed83","id":"6654ae4eba54fe502d4e4187","role":"community"}],"segments":[{"_id":"66faba3063836b24c20ecabb","position":1,"distance":290.2660419534011,"lat":-34.408530000000006,"lon":-70.85308,"loc":[-70.85308,-34.408530000000006]},{"_id":"66faba3063836b24c20ecabc","position":2,"distance":488.1040403831149,"lat":-34.40699,"lon":-70.852,"loc":[-70.852,-34.40699]},{"_id":"66faba3063836b24c20ecabd","position":3,"distance":781.9113593811135,"lat":-34.40496,"lon":-70.84995,"loc":[-70.84995,-34.40496]},{"_id":"66faba3063836b24c20ecabe","position":4,"distance":1104.6940260856932,"lat":-34.40296,"lon":-70.84740000000001,"loc":[-70.84740000000001,-34.40296]},{"_id":"66faba3063836b24c20ecabf","position":5,"distance":1122.8597601245997,"lat":-34.402800000000006,"lon":-70.84736000000001,"loc":[-70.84736000000001,-34.402800000000006]},{"_id":"66faba3063836b24c20ecac0","position":6,"distance":1292.2891375798047,"lat":-34.40267,"lon":-70.84552000000001,"loc":[-70.84552000000001,-34.40267]},{"_id":"66faba3063836b24c20ecac1","position":7,"distance":1459.1985795046444,"lat":-34.40229,"lon":-70.84376,"loc":[-70.84376,-34.40229]},{"_id":"66faba3063836b24c20ecac2","position":8,"distance":1583.0555768914546,"lat":-34.40229,"lon":-70.84241,"loc":[-70.84241,-34.40229]},{"_id":"66faba3063836b24c20ecac3","position":9,"distance":2238.7794491503846,"lat":-34.40344,"lon":-70.8354,"loc":[-70.8354,-34.40344]},{"_id":"66faba3063836b24c20ecac4","position":10,"distance":2367.730135581892,"lat":-34.40379,"lon":-70.83406000000001,"loc":[-70.83406000000001,-34.40379]},{"_id":"66faba3063836b24c20ecac5","position":11,"distance":2813.2702156190876,"lat":-34.40545,"lon":-70.82964000000001,"loc":[-70.82964000000001,-34.40545]},{"_id":"66faba3063836b24c20ecac6","position":12,"distance":2907.937653439918,"lat":-34.405660000000005,"lon":-70.82864000000001,"loc":[-70.82864000000001,-34.405660000000005]},{"_id":"66faba3063836b24c20ecac7","position":13,"distance":3103.8542952895764,"lat":-34.40598,"lon":-70.82654000000001,"loc":[-70.82654000000001,-34.40598]},{"_id":"66faba3063836b24c20ecac8","position":14,"distance":3399.7333701489256,"lat":-34.406130000000005,"lon":-70.82332000000001,"loc":[-70.82332000000001,-34.406130000000005]},{"_id":"66faba3063836b24c20ecac9","position":15,"distance":3777.3304160935245,"lat":-34.40782,"lon":-70.81975,"loc":[-70.81975,-34.40782]},{"_id":"66faba3063836b24c20ecaca","position":16,"distance":4027.852872329667,"lat":-34.409060000000004,"lon":-70.81747,"loc":[-70.81747,-34.409060000000004]},{"_id":"66faba3063836b24c20ecacb","position":17,"distance":4262.946941118368,"lat":-34.40968,"lon":-70.81502,"loc":[-70.81502,-34.40968]},{"_id":"66faba3063836b24c20ecacc","position":18,"distance":4331.54548643874,"lat":-34.40997,"lon":-70.81436000000001,"loc":[-70.81436000000001,-34.40997]},{"_id":"66faba3063836b24c20ecacd","position":19,"distance":4470.011462521272,"lat":-34.41068,"lon":-70.81312000000001,"loc":[-70.81312000000001,-34.41068]},{"_id":"66faba3063836b24c20ecace","position":20,"distance":4569.730370049159,"lat":-34.41037,"lon":-70.8121,"loc":[-70.8121,-34.41037]},{"_id":"66faba3063836b24c20ecacf","position":21,"distance":4885.998380967774,"lat":-34.40916,"lon":-70.80898,"loc":[-70.80898,-34.40916]},{"_id":"66faba3063836b24c20ecad0","position":22,"distance":5117.696468148955,"lat":-34.40769,"lon":-70.80719,"loc":[-70.80719,-34.40769]},{"_id":"66faba3063836b24c20ecad1","position":23,"distance":5264.734491572538,"lat":-34.406670000000005,"lon":-70.80617000000001,"loc":[-70.80617000000001,-34.406670000000005]},{"_id":"66faba3063836b24c20ecad2","position":24,"distance":5425.207136314769,"lat":-34.405620000000006,"lon":-70.80497000000001,"loc":[-70.80497000000001,-34.405620000000006]},{"_id":"66faba3063836b24c20ecad3","position":25,"distance":5509.906626643151,"lat":-34.40527,"lon":-70.80415,"loc":[-70.80415,-34.40527]},{"_id":"66faba3063836b24c20ecad4","position":26,"distance":5600.221898860165,"lat":-34.40466,"lon":-70.8035,"loc":[-70.8035,-34.40466]},{"_id":"66faba3063836b24c20ecad5","position":27,"distance":5755.68153334114,"lat":-34.404250000000005,"lon":-70.80188000000001,"loc":[-70.80188000000001,-34.404250000000005]},{"_id":"66faba3063836b24c20ecad6","position":28,"distance":5915.319583664183,"lat":-34.40424,"lon":-70.80014,"loc":[-70.80014,-34.40424]},{"_id":"66faba3063836b24c20ecad7","position":29,"distance":6007.047842778099,"lat":-34.40404,"lon":-70.79917,"loc":[-70.79917,-34.40404]},{"_id":"66faba3063836b24c20ecad8","position":30,"distance":6182.3341417231395,"lat":-34.40551,"lon":-70.79848000000001,"loc":[-70.79848000000001,-34.40551]},{"_id":"66faba3063836b24c20ecad9","position":31,"distance":6367.330377715924,"lat":-34.40664,"lon":-70.79700000000001,"loc":[-70.79700000000001,-34.40664]},{"_id":"66faba3063836b24c20ecada","position":32,"distance":6527.46821540092,"lat":-34.407920000000004,"lon":-70.7962,"loc":[-70.7962,-34.407920000000004]},{"_id":"66faba3063836b24c20ecadb","position":33,"distance":7287.353626388585,"lat":-34.404030000000006,"lon":-70.78939000000001,"loc":[-70.78939000000001,-34.404030000000006]},{"_id":"66faba3063836b24c20ecadc","position":34,"distance":7845.43322025191,"lat":-34.40109,"lon":-70.78446000000001,"loc":[-70.78446000000001,-34.40109]},{"_id":"66faba3063836b24c20ecadd","position":35,"distance":7882.902565797689,"lat":-34.40119,"lon":-70.78407,"loc":[-70.78407,-34.40119]},{"_id":"66faba3063836b24c20ecade","position":36,"distance":8083.244366156947,"lat":-34.40008,"lon":-70.78235000000001,"loc":[-70.78235000000001,-34.40008]},{"_id":"66faba3063836b24c20ecadf","position":37,"distance":8151.255642391474,"lat":-34.399550000000005,"lon":-70.78272000000001,"loc":[-70.78272000000001,-34.399550000000005]},{"_id":"66faba3063836b24c20ecae0","position":38,"distance":8242.744317444498,"lat":-34.39882,"lon":-70.78226000000001,"loc":[-70.78226000000001,-34.39882]},{"_id":"66faba3063836b24c20ecae1","position":39,"distance":8448.184416414158,"lat":-34.397040000000004,"lon":-70.78166,"loc":[-70.78166,-34.397040000000004]},{"_id":"66faba3063836b24c20ecae2","position":40,"distance":8467.636269238845,"lat":-34.39687,"lon":-70.78171,"loc":[-70.78171,-34.39687]},{"_id":"66faba3063836b24c20ecae3","position":41,"distance":8609.810198718747,"lat":-34.39578,"lon":-70.78252,"loc":[-70.78252,-34.39578]},{"_id":"66faba3063836b24c20ecae4","position":42,"distance":8702.762775926865,"lat":-34.395430000000005,"lon":-70.78160000000001,"loc":[-70.78160000000001,-34.395430000000005]},{"_id":"66faba3063836b24c20ecae5","position":43,"distance":8729.30555711264,"lat":-34.395250000000004,"lon":-70.78141000000001,"loc":[-70.78141000000001,-34.395250000000004]},{"_id":"66faba3063836b24c20ecae6","position":44,"distance":8771.583165938728,"lat":-34.3949,"lon":-70.78123000000001,"loc":[-70.78123000000001,-34.3949]}],"superCommunityId":"653fd68233d83952fafcd4be","communityId":"6654ae4eba54fe502d4e4187","routeCost":10,"ticketCost":100,"timeOnRoute":14,"distance":9,"distanceInMeters":8784,"createdAt":"2024-09-24T19:17:52.759Z","updatedAt":"2025-01-03T20:05:48.776Z","__v":221,"rating":{"enabled":false,"withValidation":false},"hasBarrier":false,"minimumTimeToForceDeparture":{"amount":5,"enabled":false,"unit":"minutes"},"DNIValidation":{"enabled":false},"codeValidationOptions":{"enabled":false,"type":"qr","failureMessage":"Solo puedes presentar el código de AllRide o de tu cédula de identidad."},"customParams":{"enabled":false,"params":[]},"customParamsAtTheEnd":{"enabled":false,"params":[]},"notifyPassengersWithoutReservation":{"enabled":false,"sendTo":{"destinataries":"admins","emails":[],"adminLevels":[],"roles":[]},"sendAt":"eachStop"},"notifySkippedStop":{"enabled":false,"sendTo":{"destinataries":"admins","emails":[],"adminLevels":[],"roles":[]}},"notifyUnboardedPassengers":{"enabled":false,"sendTo":{"destinataries":"admins","emails":[],"adminLevels":[],"roles":[]},"sendAt":"eachStop"},"roundOrder":[],"routeDeviation":{"maxDistance":100,"maxTime":5,"enabled":false},"useServiceReservations":true}</arg>
<arg>headers=${headers}</arg>
<doc>Sends a PUT request on a previously created HTTP Session.</doc>
<msg timestamp="20251027 17:26:48.565" level="INFO">PUT Request : url=https://stage.allrideapp.com/api/v1/admin/pb/routes/66f310608e6c377a3f43968e?community=6654ae4eba54fe502d4e4187 
 path_url=/api/v1/admin/pb/routes/66f310608e6c377a3f43968e?community=6654ae4eba54fe502d4e4187 
 headers={'User-Agent': 'python-requests/2.32.3', 'Accept-Encoding': 'gzip, deflate', 'Accept': '*/*', 'Connection': 'keep-alive', 'Authorization': 'Bearer 0b1884bf3932a36cd0b043f42609cd51e826340125d0752de273c5be4247f9e63404ab0c805d306855efa6e853b1bd2fb74372bc4a066605f6ef94758182633d', 'Content-Type': 'application/json; charset=utf-8', 'Content-Length': '11399'} 
 body={"_id":"66f310608e6c377a3f43968e","trail":{"enabled":false,"adjustByRounds":false},"rounds":{"enabled":false,"anchorStops":[]},"notifyUsersByStop":{"enabled":false,"sendTo":{"destinataries":"admins","emails":[],"adminLevels":[],"roles":[]}},"excludePassengers":{"active":false,"excludeType":"dontHide"},"scheduling":{"enabled":true,"limitUnit":"minutes","limitAmount":30,"lateNotification":{"enabled":false,"amount":0,"unit":"minutes"},"stopNotification":{"enabled":false,"amount":0,"unit":"minutes"},"startLimit":{"upperLimit":{"amount":60,"unit":"minutes"},"lowerLimit":{"amount":30,"unit":"minutes"}},"defaultServiceCost":null,"schedule":[{"enabled":true,"day":"mon","time":"18:26","estimatedArrival":null,"capped":{"enabled":false,"capacity":0},"vehicleCategoryId":null,"restrictPassengers":{"enabled":false,"visibility":{"enabled":false,"excludes":false,"parameters":[]},"reservation":{"enabled":false,"excludes":false,"parameters":[]},"validation":{"enabled":false,"excludes":false,"parameters":[]}},"serviceCost":0,"observations":"","reservations":{"enabled":false,"list":[]},"stopSchedule":[],"defaultResources":[],"_ogIndex":0}],"stopOnReservation":false,"restrictions":{"customParams":{"enabled":false,"params":[]}},"reservations":{"enabled":false,"list":[]}},"endDepartureNotice":{"enabled":false,"lastStop":null},"restrictPassengers":{"enabled":false,"allowed":["66f310608e6c377a3f43968e"],"visibility":{"enabled":false,"excludes":false,"parameters":[]},"reservation":{"enabled":false,"excludes":false,"parameters":[]},"validation":{"enabled":false,"excludes":false,"parameters":[]}},"snapshots":{"enabled":false},"validationParams":{"enabled":false,"driverParams":[],"passengerParams":[]},"canResume":{"timeLimit":{"enabled":false,"amount":5,"unit":"minutes"},"enabled":false},"departureHourFulfillment":{"enabled":false,"ranges":[]},"arrivalHourFulfillment":{"enabled":false,"ranges":[]},"validateDeparture":{"enabled":true},"minimumConfirmationTime":{"enabled":false,"amount":1,"unit":"hours"},"endServiceLegAutomatically":{"timer":{"amount":5,"unit":"minutes"},"distance":100},"assistantIds":["66ccdf58193998eca49014c3"],"superCommunities":["653fd68233d83952fafcd4be"],"communities":["6654ae4eba54fe502d4e4187"],"active":true,"visible":true,"internal":false,"anchorStops":[],"isStatic":false,"labels":[],"hasExternalGPS":false,"hasCapacity":true,"hasBeacons":true,"hasRounds":false,"hasBoardingCount":false,"hasUnboardingCount":false,"usesBusCode":false,"usesVehicleList":true,"dynamicSeatAssignment":false,"usesDriverCode":false,"usesDriverPin":false,"usesTickets":false,"usesPasses":false,"usesTextToSpeech":false,"allowsManualValidation":true,"allowsRating":true,"allowsOnlyExistingDrivers":false,"allowsMultipleDrivers":false,"allowsDebugging":false,"startsOnStop":false,"notNearStop":false,"allowsNonServiceSnapshots":false,"allowsServiceSnapshots":false,"allowsDistance":true,"usesOfflineCount":false,"hasBoardings":true,"hasUnboardings":true,"usesManualSeat":true,"noPassengerInfo":false,"showParable":false,"showStops":true,"allowGenericVehicles":true,"usesVehicleQRLink":false,"skipDeclaration":false,"skipQRValidation":false,"assistantAssignsSeat":true,"name":"Flujo Tickets Auxiliar","shapeId":"6654d514713b9a5184cfe21e","description":"Flujo Tickets Auxiliar","extraInfo":"","color":"652525","legOptions":[],"ownerIds":[{"_id":"66954794b24db9885e5aed83","id":"6654ae4eba54fe502d4e4187","role":"community"}],"segments":[{"_id":"66faba3063836b24c20ecabb","position":1,"distance":290.2660419534011,"lat":-34.408530000000006,"lon":-70.85308,"loc":[-70.85308,-34.408530000000006]},{"_id":"66faba3063836b24c20ecabc","position":2,"distance":488.1040403831149,"lat":-34.40699,"lon":-70.852,"loc":[-70.852,-34.40699]},{"_id":"66faba3063836b24c20ecabd","position":3,"distance":781.9113593811135,"lat":-34.40496,"lon":-70.84995,"loc":[-70.84995,-34.40496]},{"_id":"66faba3063836b24c20ecabe","position":4,"distance":1104.6940260856932,"lat":-34.40296,"lon":-70.84740000000001,"loc":[-70.84740000000001,-34.40296]},{"_id":"66faba3063836b24c20ecabf","position":5,"distance":1122.8597601245997,"lat":-34.402800000000006,"lon":-70.84736000000001,"loc":[-70.84736000000001,-34.402800000000006]},{"_id":"66faba3063836b24c20ecac0","position":6,"distance":1292.2891375798047,"lat":-34.40267,"lon":-70.84552000000001,"loc":[-70.84552000000001,-34.40267]},{"_id":"66faba3063836b24c20ecac1","position":7,"distance":1459.1985795046444,"lat":-34.40229,"lon":-70.84376,"loc":[-70.84376,-34.40229]},{"_id":"66faba3063836b24c20ecac2","position":8,"distance":1583.0555768914546,"lat":-34.40229,"lon":-70.84241,"loc":[-70.84241,-34.40229]},{"_id":"66faba3063836b24c20ecac3","position":9,"distance":2238.7794491503846,"lat":-34.40344,"lon":-70.8354,"loc":[-70.8354,-34.40344]},{"_id":"66faba3063836b24c20ecac4","position":10,"distance":2367.730135581892,"lat":-34.40379,"lon":-70.83406000000001,"loc":[-70.83406000000001,-34.40379]},{"_id":"66faba3063836b24c20ecac5","position":11,"distance":2813.2702156190876,"lat":-34.40545,"lon":-70.82964000000001,"loc":[-70.82964000000001,-34.40545]},{"_id":"66faba3063836b24c20ecac6","position":12,"distance":2907.937653439918,"lat":-34.405660000000005,"lon":-70.82864000000001,"loc":[-70.82864000000001,-34.405660000000005]},{"_id":"66faba3063836b24c20ecac7","position":13,"distance":3103.8542952895764,"lat":-34.40598,"lon":-70.82654000000001,"loc":[-70.82654000000001,-34.40598]},{"_id":"66faba3063836b24c20ecac8","position":14,"distance":3399.7333701489256,"lat":-34.406130000000005,"lon":-70.82332000000001,"loc":[-70.82332000000001,-34.406130000000005]},{"_id":"66faba3063836b24c20ecac9","position":15,"distance":3777.3304160935245,"lat":-34.40782,"lon":-70.81975,"loc":[-70.81975,-34.40782]},{"_id":"66faba3063836b24c20ecaca","position":16,"distance":4027.852872329667,"lat":-34.409060000000004,"lon":-70.81747,"loc":[-70.81747,-34.409060000000004]},{"_id":"66faba3063836b24c20ecacb","position":17,"distance":4262.946941118368,"lat":-34.40968,"lon":-70.81502,"loc":[-70.81502,-34.40968]},{"_id":"66faba3063836b24c20ecacc","position":18,"distance":4331.54548643874,"lat":-34.40997,"lon":-70.81436000000001,"loc":[-70.81436000000001,-34.40997]},{"_id":"66faba3063836b24c20ecacd","position":19,"distance":4470.011462521272,"lat":-34.41068,"lon":-70.81312000000001,"loc":[-70.81312000000001,-34.41068]},{"_id":"66faba3063836b24c20ecace","position":20,"distance":4569.730370049159,"lat":-34.41037,"lon":-70.8121,"loc":[-70.8121,-34.41037]},{"_id":"66faba3063836b24c20ecacf","position":21,"distance":4885.998380967774,"lat":-34.40916,"lon":-70.80898,"loc":[-70.80898,-34.40916]},{"_id":"66faba3063836b24c20ecad0","position":22,"distance":5117.696468148955,"lat":-34.40769,"lon":-70.80719,"loc":[-70.80719,-34.40769]},{"_id":"66faba3063836b24c20ecad1","position":23,"distance":5264.734491572538,"lat":-34.406670000000005,"lon":-70.80617000000001,"loc":[-70.80617000000001,-34.406670000000005]},{"_id":"66faba3063836b24c20ecad2","position":24,"distance":5425.207136314769,"lat":-34.405620000000006,"lon":-70.80497000000001,"loc":[-70.80497000000001,-34.405620000000006]},{"_id":"66faba3063836b24c20ecad3","position":25,"distance":5509.906626643151,"lat":-34.40527,"lon":-70.80415,"loc":[-70.80415,-34.40527]},{"_id":"66faba3063836b24c20ecad4","position":26,"distance":5600.221898860165,"lat":-34.40466,"lon":-70.8035,"loc":[-70.8035,-34.40466]},{"_id":"66faba3063836b24c20ecad5","position":27,"distance":5755.68153334114,"lat":-34.404250000000005,"lon":-70.80188000000001,"loc":[-70.80188000000001,-34.404250000000005]},{"_id":"66faba3063836b24c20ecad6","position":28,"distance":5915.319583664183,"lat":-34.40424,"lon":-70.80014,"loc":[-70.80014,-34.40424]},{"_id":"66faba3063836b24c20ecad7","position":29,"distance":6007.047842778099,"lat":-34.40404,"lon":-70.79917,"loc":[-70.79917,-34.40404]},{"_id":"66faba3063836b24c20ecad8","position":30,"distance":6182.3341417231395,"lat":-34.40551,"lon":-70.79848000000001,"loc":[-70.79848000000001,-34.40551]},{"_id":"66faba3063836b24c20ecad9","position":31,"distance":6367.330377715924,"lat":-34.40664,"lon":-70.79700000000001,"loc":[-70.79700000000001,-34.40664]},{"_id":"66faba3063836b24c20ecada","position":32,"distance":6527.46821540092,"lat":-34.407920000000004,"lon":-70.7962,"loc":[-70.7962,-34.407920000000004]},{"_id":"66faba3063836b24c20ecadb","position":33,"distance":7287.353626388585,"lat":-34.404030000000006,"lon":-70.78939000000001,"loc":[-70.78939000000001,-34.404030000000006]},{"_id":"66faba3063836b24c20ecadc","position":34,"distance":7845.43322025191,"lat":-34.40109,"lon":-70.78446000000001,"loc":[-70.78446000000001,-34.40109]},{"_id":"66faba3063836b24c20ecadd","position":35,"distance":7882.902565797689,"lat":-34.40119,"lon":-70.78407,"loc":[-70.78407,-34.40119]},{"_id":"66faba3063836b24c20ecade","position":36,"distance":8083.244366156947,"lat":-34.40008,"lon":-70.78235000000001,"loc":[-70.78235000000001,-34.40008]},{"_id":"66faba3063836b24c20ecadf","position":37,"distance":8151.255642391474,"lat":-34.399550000000005,"lon":-70.78272000000001,"loc":[-70.78272000000001,-34.399550000000005]},{"_id":"66faba3063836b24c20ecae0","position":38,"distance":8242.744317444498,"lat":-34.39882,"lon":-70.78226000000001,"loc":[-70.78226000000001,-34.39882]},{"_id":"66faba3063836b24c20ecae1","position":39,"distance":8448.184416414158,"lat":-34.397040000000004,"lon":-70.78166,"loc":[-70.78166,-34.397040000000004]},{"_id":"66faba3063836b24c20ecae2","position":40,"distance":8467.636269238845,"lat":-34.39687,"lon":-70.78171,"loc":[-70.78171,-34.39687]},{"_id":"66faba3063836b24c20ecae3","position":41,"distance":8609.810198718747,"lat":-34.39578,"lon":-70.78252,"loc":[-70.78252,-34.39578]},{"_id":"66faba3063836b24c20ecae4","position":42,"distance":8702.762775926865,"lat":-34.395430000000005,"lon":-70.78160000000001,"loc":[-70.78160000000001,-34.395430000000005]},{"_id":"66faba3063836b24c20ecae5","position":43,"distance":8729.30555711264,"lat":-34.395250000000004,"lon":-70.78141000000001,"loc":[... (set the log level to DEBUG or TRACE to see the full content) 
 </msg>
<msg timestamp="20251027 17:26:48.566" level="INFO">PUT Response : url=https://stage.allrideapp.com/api/v1/admin/pb/routes/66f310608e6c377a3f43968e?community=6654ae4eba54fe502d4e4187 
 status=200, reason=OK 
 headers={'Date': 'Mon, 27 Oct 2025 20:26:48 GMT', 'Content-Type': 'application/json; charset=utf-8', 'Transfer-Encoding': 'chunked', 'Connection': 'keep-alive', 'Server': 'nginx', 'X-DNS-Prefetch-Control': 'off', 'X-Frame-Options': 'SAMEORIGIN', 'Strict-Transport-Security': 'max-age=15552000; includeSubDomains', 'X-Download-Options': 'noopen', 'X-Content-Type-Options': 'nosniff', 'X-XSS-Protection': '1; mode=block', 'Access-Control-Allow-Origin': '*', 'X-RateLimit-Limit': '200', 'X-RateLimit-Remaining': '199', 'X-RateLimit-Reset': '1761596869', 'ETag': 'W/"19604-BH4jXJhbxTB9zsz1x477oag9XNQ"', 'Content-Encoding': 'gzip'} 
 body={"trail":{"enabled":false,"adjustByRounds":false},"rounds":{"enabled":false,"anchorStops":[]},"notifyUsersByStop":{"enabled":false,"sendTo":{"destinataries":"admins","emails":[],"adminLevels":[]}},"notifyUnboardedPassengers":{"enabled":false,"sendTo":{"destinataries":"admins","emails":[],"adminLevels":[]},"sendAt":"eachStop"},"notifyPassengersWithoutReservation":{"enabled":false,"sendTo":{"destinataries":"admins","emails":[],"adminLevels":[]},"sendAt":"eachStop"},"notifySkippedStop":{"enabled":false,"sendTo":{"destinataries":"admins","emails":[],"adminLevels":[]}},"excludePassengers":{"active":false,"excludeType":"dontHide"},"scheduling":{"enabled":true,"defaultServiceCost":null,"schedule":[{"capped":{"enabled":false,"capacity":0},"restrictPassengers":{"validation":{"enabled":false,"conditional":"or","excludes":false,"parameters":[],"parameter":[]},"reservation":{"enabled":false,"conditional":"or","excludes":false,"parameters":[],"parameter":[]},"visibility":{"enabled":false,"conditional":"or","excludes":false,"parameters":[],"parameter":[]},"enabled":false},"reservations":{"enabled":false,"list":[]},"specificReservations":{"enabled":false,"list":[]},"enabled":true,"_id":"68ffd58852af3f354c9c037a","day":"mon","time":"18:26","estimatedArrival":null,"vehicleCategoryId":null,"serviceCost":0,"observations":"","stopSchedule":[],"defaultResources":[]}],"lateNotification":{"enabled":false,"amount":0,"unit":"minutes"},"stopNotification":{"enabled":false,"amount":0,"unit":"minutes"},"limitUnit":"minutes","limitAmount":30,"startLimit":{"upperLimit":{"amount":60,"unit":"minutes"},"lowerLimit":{"amount":30,"unit":"minutes"}},"restrictions":{"customParams":{"enabled":false,"params":[]},"byQuantity":{"unit":"days","userSkip":[]},"timeRules":{"booking":{"byLabels":{"rules":[]},"timeWindows":[]}},"_id":"68ffd58852af3f354c9c037b"},"stopOnReservation":false},"rating":{"enabled":false,"withValidation":false},"endDepartureNotice":{"enabled":false,"lastStop":null},"restrictPassengers":{"enabled":false,"visibility":{"enabled":false,"excludes":false,"parameters":[]},"reservation":{"enabled":false,"excludes":false,"parameters":[]},"validation":{"enabled":false,"excludes":false,"parameters":[]}},"snapshots":{"enabled":false},"validationParams":{"driverParams":[],"passengerParams":[]},"canResume":{"timeLimit":{"enabled":false,"amount":5,"unit":"minutes"},"enabled":false},"departureHourFulfillment":{"enabled":false,"ranges":[]},"arrivalHourFulfillment":{"enabled":false,"ranges":[]},"validateDeparture":{"enabled":true},"minimumConfirmationTime":{"enabled":false,"amount":1,"unit":"hours"},"minimumTimeToForceDeparture":{"enabled":false,"amount":5,"unit":"minutes"},"endServiceLegAutomatically":{"timer":{"amount":5,"unit":"minutes"},"distance":100},"codeValidationOptions":{"enabled":false,"type":"qr","failureMessage":"Solo puedes presentar el código de AllRide o de tu cédula de identidad."},"DNIValidation":{"enabled":false,"options":["qr"]},"routeDeviation":{"maxDistance":100,"maxTime":5,"enabled":false},"validation":{"external":[]},"restrictions":{"external":[]},"assistantIds":["66ccdf58193998eca49014c3"],"superCommunities":["653fd68233d83952fafcd4be"],"communities":["6654ae4eba54fe502d4e4187"],"active":true,"visible":true,"internal":false,"anchorStops":[],"isStatic":false,"labels":[],"hasExternalGPS":false,"hasCapacity":true,"hasBeacons":true,"hasRounds":false,"hasBoardingCount":false,"hasUnboardingCount":false,"usesBusCode":false,"usesVehicleList":true,"dynamicSeatAssignment":false,"usesDriverCode":false,"usesDriverPin":false,"usesTickets":false,"usesPasses":false,"usesTextToSpeech":false,"allowsManualValidation":true,"allowsRating":true,"allowsOnlyExistingDrivers":false,"allowsMultipleDrivers":false,"allowsDebugging":false,"startsOnStop":false,"notNearStop":false,"allowsNonServiceSnapshots":false,"allowsServiceSnapshots":false,"allowsDistance":true,"usesOfflineCount":false,"hasBoardings":true,"hasUnboardings":true,"usesManualSeat":true,"noPassengerInfo":false,"showParable":false,"showStops":true,"allowGenericVehicles":true,"usesVehicleQRLink":false,"skipDeclaration":false,"skipQRValidation":false,"assistantAssignsSeat":true,"hasBarrier":false,"_id":"66f310608e6c377a3f43968e","name":"Flujo Tickets Auxiliar","shapeId":"6654d514713b9a5184cfe21e","description":"Flujo Tickets Auxiliar","extraInfo":"","color":"652525","legOptions":[],"ownerIds":[{"_id":"66954794b24db9885e5aed83","id":"6654ae4eba54fe502d4e4187","role":"community"}],"segments":[{"_id":"67d0697d39e9bcf8539b3142","position":10,"distance":721.2678769755704,"lat":-34.405460000000005,"lon":-70.85045000000001,"loc":[-70.85045000000001,-34.405460000000005]},{"_id":"67d0697d39e9bcf8539b3143","position":20,"distance":1241.2723067370255,"lat":-34.402730000000005,"lon":-70.84620000000001,"loc":[-70.84620000000001,-34.402730000000005]},{"_id":"67d0697d39e9bcf8539b3144","position":30,"distance":1595.0719239538578,"lat":-34.40229,"lon":-70.84241,"loc":[-70.84241,-34.40229]},{"_id":"67d0697d39e9bcf8539b3145","position":40,"distance":2645.233134740408,"lat":-34.40482,"lon":-70.83145,"loc":[-70.83145,-34.40482]},{"_id":"67d0697d39e9bcf8539b3146","position":50,"distance":3375.973761804057,"lat":-34.40608,"lon":-70.82371,"loc":[-70.82371,-34.40608]},{"_id":"67d0697d39e9bcf8539b3147","position":60,"distance":4001.477015019511,"lat":-34.40887,"lon":-70.81783,"loc":[-70.81783,-34.40887]},{"_id":"67d0697d39e9bcf8539b3148","position":70,"distance":4306.587282954995,"lat":-34.409800000000004,"lon":-70.81472000000001,"loc":[-70.81472000000001,-34.409800000000004]},{"_id":"67d0697d39e9bcf8539b3149","position":80,"distance":4661.458987821193,"lat":-34.41008,"lon":-70.81132000000001,"loc":[-70.81132000000001,-34.41008]},{"_id":"67d0697d39e9bcf8539b314a","position":90,"distance":5358.443846332689,"lat":-34.40614,"lon":-70.80558,"loc":[-70.80558,-34.40614]},{"_id":"67d0697d39e9bcf8539b314b","position":100,"distance":5592.97633142821,"lat":-34.40478,"lon":-70.80369,"loc":[-70.80369,-34.40478]},{"_id":"67d0697d39e9bcf8539b314c","position":110,"distance":5831.604676259522,"lat":-34.40424,"lon":-70.80122,"loc":[-70.80122,-34.40424]},{"_id":"67d0697d39e9bcf8539b314d","position":120,"distance":6198.2717933998565,"lat":-34.40551,"lon":-70.79848000000001,"loc":[-70.79848000000001,-34.40551]},{"_id":"67d0697d39e9bcf8539b314e","position":130,"distance":6639.446024483833,"lat":-34.40744,"lon":-70.79534000000001,"loc":[-70.79534000000001,-34.40744]},{"_id":"67d0697d39e9bcf8539b314f","position":140,"distance":7804.1175750023685,"lat":-34.4014,"lon":-70.78497,"loc":[-70.78497,-34.4014]},{"_id":"67d0697d39e9bcf8539b3150","position":150,"distance":7962.092716278467,"lat":-34.4009,"lon":-70.78353,"loc":[-70.78353,-34.4009]},{"_id":"67d0697d39e9bcf8539b3151","position":160,"distance":8263.930344850285,"lat":-34.39882,"lon":-70.78226000000001,"loc":[-70.78226000000001,-34.39882]},{"_id":"67d0697d39e9bcf8539b3152","position":170,"distance":8751.198754212694,"lat":-34.395250000000004,"lon":-70.78141000000001,"loc":[-70.78141000000001,-34.395250000000004]}],"communityId":"6654ae4eba54fe502d4e4187","routeCost":10,"ticketCost":100,"timeOnRoute":14,"distance":9,"distanceInMeters":8791.128906727876,"createdAt":"2024-09-24T19:17:52.759Z","updatedAt":"2025-10-27T20:26:48.770Z","__v":688,"superCommunityId":"653fd68233d83952fafcd4be","customParams":{"enabled":false,"params":[]},"customParamsAtTheEnd":{"enabled":false,"params":[]},"roundOrder":[],"useServiceReservations":true,"modificationsHistory":[{"modifiedBy":{"adminId":"653fd89733d83952fafcd6ca","adminName":"Nicolás Bustamante"},"_id":"68798dace91650e96befa818","modifiedAt":"2025-07-17T23:56:28.716Z","changes":[{"_id":"68798dace91650e96befa819","field":"scheduling.schedule[0].time","previousValue":"12:55","newValue":"20:56"}]},{"modifiedBy":{"adminId":"653fd89733d83952fafcd6ca","adminName":"Nicolás Bustamante"},"_id":"687a4d1a944afc58b1aea31a","modifiedAt":"2025-07-18T13:33:14.003Z","changes":[{"_id":"687a4d1a944afc58b1aea31b","field":"scheduling.schedule[0].day","previousValue":"thu","newValue":"fri"},{"_id":"687a4d1a944afc58b1aea31c","field":"scheduling.schedule[0].time","previousValue":"20:56","newValue":"10:33"}]},{"modifiedBy":{"adminId":"653fd89733d83952fafcd6ca","adminName":"Nicolás Bustamante"},"_id":"687a83d456fded843acddb17","modifiedAt":"2025-07-18T17:26:44.414Z","changes":[{"_id":"687a83d456fded843acddb18","field":"scheduling.schedule[0].time","previousValue":"10:33","newValue":"14:26"}]},{"modifiedBy":{"adminId":"653fd89733d83952fafcd6ca","adminName":"Nicolás Bustamante"},"_id":"687aa4fb9bfe399d4368f690","modifiedAt":"2025-07-18T19:48:11.025Z","changes":[{"_id":"687aa4fb9bfe399d4368f691","field":"scheduling.schedule[0].time","previousValue":"14:26","newValue":"16:48"}]},{"modifiedBy":{"adminId":"653fd89733d83952fafcd6ca","adminName":"Nicolás Bustamante"},"_id":"687aa6876b82fba45790ecfd","modifiedAt":"2025-07-18T19:54:47.848Z","changes":[{"_id":"687aa6876b82fba45790ecfe","field":"scheduling.schedule[0].time","previousValue":"16:48","newValue":"16:54"}]},{"modifiedBy":{"adminId":"653fd89733d83952fafcd6ca","adminName":"Nicolás Bustamante"},"_id":"687b28987744e1f17878b8f2","modifiedAt":"2025-07-19T05:09:44.692Z","changes":[{"_id":"687b28987744e1f17878b8f3","field":"scheduling.schedule[0].day","previousValue":"fri","newValue":"sat"},{"_id":"687b28987744e1f17878b8f4","field":"scheduling.schedule[0].time","previousValue":"16:54","newValue":"02:09"}]},{"modifiedBy":{"adminId":"653fd89733d83952fafcd6ca","adminName":"Nicolás Bustamante"},"_id":"687b2fe2b7800bf76e30e404","modifiedAt":"2025-07-19T05:40:50.184Z","changes":[{"_id":"687b2fe2b7800bf76e30e405","field":"scheduling.schedule[0].time","previousValue":"02:09","newValue":"02:40"}]},{"modifiedBy":{"adminId":"653fd89733d83952fafcd6ca","adminName":"Nicolás Bustamante"},"_id":"687e565f8230fac20197096e","modifiedAt":"2025-07-21T15:01:51.880Z","changes":[{"_id":"687e565f8230fac20197096f","field":"scheduling.schedule[0].day","previou... (set the log level to DEBUG or TRACE to see the full content) 
 </msg>
<msg timestamp="20251027 17:26:48.567" level="INFO">${response} = &lt;Response [200]&gt;</msg>
<status status="PASS" starttime="20251027 17:26:47.174" endtime="20251027 17:26:48.567"/>
</kw>
<kw name="Convert To String" library="BuiltIn">
<var>${code}</var>
<arg>${response.status_code}</arg>
<doc>Converts the given item to a Unicode string.</doc>
<msg timestamp="20251027 17:26:48.569" level="INFO">${code} = 200</msg>
<status status="PASS" starttime="20251027 17:26:48.568" endtime="20251027 17:26:48.569"/>
</kw>
<kw name="Should Be Equal As Numbers" library="BuiltIn">
<arg>${code}</arg>
<arg>200</arg>
<doc>Fails if objects are unequal after converting them to real numbers.</doc>
<status status="PASS" starttime="20251027 17:26:48.569" endtime="20251027 17:26:48.571"/>
</kw>
<kw name="Log" library="BuiltIn">
<arg>${code}</arg>
<doc>Logs the given message with the given level.</doc>
<msg timestamp="20251027 17:26:48.572" level="INFO">200</msg>
<status status="PASS" starttime="20251027 17:26:48.572" endtime="20251027 17:26:48.572"/>
</kw>
<kw name="Dictionary Should Contain Key" library="Collections">
<arg>${response.json()}</arg>
<arg>_id</arg>
<arg>No _id Found when service is created. Failing</arg>
<doc>Fails if ``key`` is not found from ``dictionary``.</doc>
<status status="PASS" starttime="20251027 17:26:48.573" endtime="20251027 17:26:48.575"/>
</kw>
<kw name="Set Variable" library="BuiltIn">
<var>${scheduleId}</var>
<arg>${response.json()}[_id]</arg>
<doc>Returns the given values which can then be assigned to a variables.</doc>
<msg timestamp="20251027 17:26:48.576" level="INFO">${scheduleId} = 66f310608e6c377a3f43968e</msg>
<status status="PASS" starttime="20251027 17:26:48.575" endtime="20251027 17:26:48.576"/>
</kw>
<kw name="Set Global Variable" library="BuiltIn">
<arg>${scheduleId}</arg>
<doc>Makes a variable available globally in all tests and suites.</doc>
<msg timestamp="20251027 17:26:48.577" level="INFO">${scheduleId} = 66f310608e6c377a3f43968e</msg>
<status status="PASS" starttime="20251027 17:26:48.577" endtime="20251027 17:26:48.577"/>
</kw>
<kw name="Sleep" library="BuiltIn">
<arg>5s</arg>
<doc>Pauses the test executed for the given time.</doc>
<msg timestamp="20251027 17:26:53.580" level="INFO">Slept 5 seconds</msg>
<status status="PASS" starttime="20251027 17:26:48.577" endtime="20251027 17:26:53.580"/>
</kw>
<doc>Crear un nuevo servicio en la ruta 66f310608e6c377a3f43968e, si no se encuentra el servicio creado se ejecuta un Fatal error</doc>
<status status="PASS" starttime="20251027 17:26:47.171" endtime="20251027 17:26:53.581"/>
</test>
<test id="s1-t5" name="Create services" line="118">
<kw name="Create Session" library="RequestsLibrary">
<arg>mysesion</arg>
<arg>${STAGE_URL}</arg>
<arg>verify=true</arg>
<doc>Create Session: create a HTTP session to a server</doc>
<msg timestamp="20251027 17:26:53.584" level="INFO">Creating Session using : alias=mysesion, url=https://stage.allrideapp.com, headers={},                     cookies={}, auth=None, timeout=None, proxies=None, verify=True,                     debug=0 </msg>
<status status="PASS" starttime="20251027 17:26:53.583" endtime="20251027 17:26:53.584"/>
</kw>
<kw name="Create Dictionary" library="BuiltIn">
<var>${headers}</var>
<arg>Authorization=${tokenAdmin}</arg>
<arg>Content-Type=application/json; charset=utf-8</arg>
<doc>Creates and returns a dictionary based on the given ``items``.</doc>
<msg timestamp="20251027 17:26:53.585" level="INFO">${headers} = {'Authorization': 'Bearer 0b1884bf3932a36cd0b043f42609cd51e826340125d0752de273c5be4247f9e63404ab0c805d306855efa6e853b1bd2fb74372bc4a066605f6ef94758182633d', 'Content-Type': 'application/json; charset=...</msg>
<status status="PASS" starttime="20251027 17:26:53.584" endtime="20251027 17:26:53.585"/>
</kw>
<kw name="POST On Session" library="RequestsLibrary">
<var>${response}</var>
<arg>mysesion</arg>
<arg>url=https://stage.allrideapp.com/api/v1/admin/pb/createServices/6654ae4eba54fe502d4e4187?community=6654ae4eba54fe502d4e4187</arg>
<arg>data={}</arg>
<arg>headers=${headers}</arg>
<doc>Sends a POST request on a previously created HTTP Session.</doc>
<msg timestamp="20251027 17:26:54.073" level="INFO">POST Request : url=https://stage.allrideapp.com/api/v1/admin/pb/createServices/6654ae4eba54fe502d4e4187?community=6654ae4eba54fe502d4e4187 
 path_url=/api/v1/admin/pb/createServices/6654ae4eba54fe502d4e4187?community=6654ae4eba54fe502d4e4187 
 headers={'User-Agent': 'python-requests/2.32.3', 'Accept-Encoding': 'gzip, deflate', 'Accept': '*/*', 'Connection': 'keep-alive', 'Authorization': 'Bearer 0b1884bf3932a36cd0b043f42609cd51e826340125d0752de273c5be4247f9e63404ab0c805d306855efa6e853b1bd2fb74372bc4a066605f6ef94758182633d', 'Content-Type': 'application/json; charset=utf-8', 'Content-Length': '2'} 
 body={} 
 </msg>
<msg timestamp="20251027 17:26:54.073" level="INFO">POST Response : url=https://stage.allrideapp.com/api/v1/admin/pb/createServices/6654ae4eba54fe502d4e4187?community=6654ae4eba54fe502d4e4187 
 status=202, reason=Accepted 
 headers={'Date': 'Mon, 27 Oct 2025 20:26:54 GMT', 'Content-Type': 'application/json; charset=utf-8', 'Content-Length': '26', 'Connection': 'keep-alive', 'Server': 'nginx', 'X-DNS-Prefetch-Control': 'off', 'X-Frame-Options': 'SAMEORIGIN', 'Strict-Transport-Security': 'max-age=15552000; includeSubDomains', 'X-Download-Options': 'noopen', 'X-Content-Type-Options': 'nosniff', 'X-XSS-Protection': '1; mode=block', 'Access-Control-Allow-Origin': '*', 'X-RateLimit-Limit': '200', 'X-RateLimit-Remaining': '199', 'X-RateLimit-Reset': '1761596875', 'ETag': 'W/"1a-rgpen+A7WbEsD7ogEJREcZgofII"'} 
 body={"message":"job_in_queue"} 
 </msg>
<msg timestamp="20251027 17:26:54.073" level="INFO">${response} = &lt;Response [202]&gt;</msg>
<status status="PASS" starttime="20251027 17:26:53.585" endtime="20251027 17:26:54.073"/>
</kw>
<kw name="Convert To String" library="BuiltIn">
<var>${code}</var>
<arg>${response.status_code}</arg>
<doc>Converts the given item to a Unicode string.</doc>
<msg timestamp="20251027 17:26:54.075" level="INFO">${code} = 202</msg>
<status status="PASS" starttime="20251027 17:26:54.074" endtime="20251027 17:26:54.075"/>
</kw>
<kw name="Should Be Equal As Numbers" library="BuiltIn">
<arg>${code}</arg>
<arg>202</arg>
<doc>Fails if objects are unequal after converting them to real numbers.</doc>
<status status="PASS" starttime="20251027 17:26:54.075" endtime="20251027 17:26:54.075"/>
</kw>
<kw name="Log" library="BuiltIn">
<arg>${code}</arg>
<doc>Logs the given message with the given level.</doc>
<msg timestamp="20251027 17:26:54.077" level="INFO">202</msg>
<status status="PASS" starttime="20251027 17:26:54.077" endtime="20251027 17:26:54.077"/>
</kw>
<kw name="Sleep" library="BuiltIn">
<arg>10s</arg>
<doc>Pauses the test executed for the given time.</doc>
<msg timestamp="20251027 17:27:04.086" level="INFO">Slept 10 seconds</msg>
<status status="PASS" starttime="20251027 17:26:54.077" endtime="20251027 17:27:04.086"/>
</kw>
<doc>Iniciar la creación de servicios</doc>
<status status="PASS" starttime="20251027 17:26:53.582" endtime="20251027 17:27:04.086"/>
</test>
<test id="s1-t6" name="Create User" line="139">
<kw name="Create Session" library="RequestsLibrary">
<arg>mysesion</arg>
<arg>${STAGE_URL}</arg>
<arg>verify=true</arg>
<doc>Create Session: create a HTTP session to a server</doc>
<msg timestamp="20251027 17:27:04.088" level="INFO">Creating Session using : alias=mysesion, url=https://stage.allrideapp.com, headers={},                     cookies={}, auth=None, timeout=None, proxies=None, verify=True,                     debug=0 </msg>
<status status="PASS" starttime="20251027 17:27:04.088" endtime="20251027 17:27:04.088"/>
</kw>
<kw name="Create Dictionary" library="BuiltIn">
<var>${headers}</var>
<arg>Authorization=${tokenAdmin}</arg>
<arg>Content-Type=application/json; charset=utf-8</arg>
<doc>Creates and returns a dictionary based on the given ``items``.</doc>
<msg timestamp="20251027 17:27:04.089" level="INFO">${headers} = {'Authorization': 'Bearer 0b1884bf3932a36cd0b043f42609cd51e826340125d0752de273c5be4247f9e63404ab0c805d306855efa6e853b1bd2fb74372bc4a066605f6ef94758182633d', 'Content-Type': 'application/json; charset=...</msg>
<status status="PASS" starttime="20251027 17:27:04.089" endtime="20251027 17:27:04.089"/>
</kw>
<kw name="POST On Session" library="RequestsLibrary">
<var>${response}</var>
<arg>mysesion</arg>
<arg>url=https://stage.allrideapp.com/api/v1/admin/communityValidationUsers/?community=6654ae4eba54fe502d4e4187</arg>
<arg>data={"community":"6654ae4eba54fe502d4e4187","values":[{"key":"rut","value":"1938473829","public":true,"check":true},{"key":"coordinates","value":"","public":false,"check":false},{"key":"address","value":"","public":true,"check":false},{"key":"Color","value":"Negro","public":true,"check":false},{"key":"Animal","value":"Perro","public":true,"check":false},{"key":"Empresa","value":"AllRide","public":true,"check":false}],"validated":false}</arg>
<arg>headers=${headers}</arg>
<doc>Sends a POST request on a previously created HTTP Session.</doc>
<msg timestamp="20251027 17:27:04.623" level="INFO">POST Request : url=https://stage.allrideapp.com/api/v1/admin/communityValidationUsers/?community=6654ae4eba54fe502d4e4187 
 path_url=/api/v1/admin/communityValidationUsers/?community=6654ae4eba54fe502d4e4187 
 headers={'User-Agent': 'python-requests/2.32.3', 'Accept-Encoding': 'gzip, deflate', 'Accept': '*/*', 'Connection': 'keep-alive', 'Authorization': 'Bearer 0b1884bf3932a36cd0b043f42609cd51e826340125d0752de273c5be4247f9e63404ab0c805d306855efa6e853b1bd2fb74372bc4a066605f6ef94758182633d', 'Content-Type': 'application/json; charset=utf-8', 'Content-Length': '435'} 
 body={"community":"6654ae4eba54fe502d4e4187","values":[{"key":"rut","value":"1938473829","public":true,"check":true},{"key":"coordinates","value":"","public":false,"check":false},{"key":"address","value":"","public":true,"check":false},{"key":"Color","value":"Negro","public":true,"check":false},{"key":"Animal","value":"Perro","public":true,"check":false},{"key":"Empresa","value":"AllRide","public":true,"check":false}],"validated":false} 
 </msg>
<msg timestamp="20251027 17:27:04.623" level="INFO">POST Response : url=https://stage.allrideapp.com/api/v1/admin/communityValidationUsers/?community=6654ae4eba54fe502d4e4187 
 status=200, reason=OK 
 headers={'Date': 'Mon, 27 Oct 2025 20:27:05 GMT', 'Content-Type': 'application/json; charset=utf-8', 'Transfer-Encoding': 'chunked', 'Connection': 'keep-alive', 'Server': 'nginx', 'X-DNS-Prefetch-Control': 'off', 'X-Frame-Options': 'SAMEORIGIN', 'Strict-Transport-Security': 'max-age=15552000; includeSubDomains', 'X-Download-Options': 'noopen', 'X-Content-Type-Options': 'nosniff', 'X-XSS-Protection': '1; mode=block', 'Access-Control-Allow-Origin': '*', 'X-RateLimit-Limit': '200', 'X-RateLimit-Remaining': '199', 'X-RateLimit-Reset': '1761596886', 'ETag': 'W/"323-nzfmLuiF2pY4KNxt3TrcezizK40"', 'Content-Encoding': 'gzip'} 
 body={"pending":false,"validation":{"validated":false,"userIds":[],"_id":"68ffd59952af3f354c9c03b8","community":"6654ae4eba54fe502d4e4187","values":[{"listValue":[],"public":true,"_id":"68ffd59952af3f354c9c03b9","key":"rut","value":"1938473829"},{"listValue":[],"public":false,"_id":"68ffd59952af3f354c9c03ba","key":"coordinates","value":""},{"listValue":[],"public":true,"_id":"68ffd59952af3f354c9c03bb","key":"address","value":""},{"listValue":[],"public":true,"_id":"68ffd59952af3f354c9c03bc","key":"Color","value":"Negro"},{"listValue":[],"public":true,"_id":"68ffd59952af3f354c9c03bd","key":"Animal","value":"Perro"},{"listValue":[],"public":true,"_id":"68ffd59952af3f354c9c03be","key":"Empresa","value":"AllRide"}],"createdAt":"2025-10-27T20:27:05.084Z","updatedAt":"2025-10-27T20:27:05.084Z","__v":0}} 
 </msg>
<msg timestamp="20251027 17:27:04.623" level="INFO">${response} = &lt;Response [200]&gt;</msg>
<status status="PASS" starttime="20251027 17:27:04.089" endtime="20251027 17:27:04.624"/>
</kw>
<kw name="Set Variable" library="BuiltIn">
<var>${usersFound}</var>
<arg>${response.json()}</arg>
<doc>Returns the given values which can then be assigned to a variables.</doc>
<msg timestamp="20251027 17:27:04.627" level="INFO">${usersFound} = {'pending': False, 'validation': {'validated': False, 'userIds': [], '_id': '68ffd59952af3f354c9c03b8', 'community': '6654ae4eba54fe502d4e4187', 'values': [{'listValue': [], 'public': True, '_id': '68...</msg>
<status status="PASS" starttime="20251027 17:27:04.625" endtime="20251027 17:27:04.627"/>
</kw>
<doc>Crear código de enrolamiento al crear un usuario</doc>
<status status="PASS" starttime="20251027 17:27:04.087" endtime="20251027 17:27:04.628"/>
</test>
<test id="s1-t7" name="Create User part 2" line="155">
<kw name="Create Session" library="RequestsLibrary">
<arg>mysesion</arg>
<arg>${STAGE_URL}</arg>
<arg>verify=true</arg>
<doc>Create Session: create a HTTP session to a server</doc>
<msg timestamp="20251027 17:27:04.630" level="INFO">Creating Session using : alias=mysesion, url=https://stage.allrideapp.com, headers={},                     cookies={}, auth=None, timeout=None, proxies=None, verify=True,                     debug=0 </msg>
<status status="PASS" starttime="20251027 17:27:04.630" endtime="20251027 17:27:04.633"/>
</kw>
<kw name="Create Dictionary" library="BuiltIn">
<var>${headers}</var>
<arg>Authorization=${tokenAdmin}</arg>
<arg>Content-Type=application/json; charset=utf-8</arg>
<doc>Creates and returns a dictionary based on the given ``items``.</doc>
<msg timestamp="20251027 17:27:04.633" level="INFO">${headers} = {'Authorization': 'Bearer 0b1884bf3932a36cd0b043f42609cd51e826340125d0752de273c5be4247f9e63404ab0c805d306855efa6e853b1bd2fb74372bc4a066605f6ef94758182633d', 'Content-Type': 'application/json; charset=...</msg>
<status status="PASS" starttime="20251027 17:27:04.633" endtime="20251027 17:27:04.633"/>
</kw>
<kw name="POST On Session" library="RequestsLibrary">
<var>${response}</var>
<arg>mysesion</arg>
<arg>url=https://stage.allrideapp.com/api/v1/admin/users/createUser?community=6654ae4eba54fe502d4e4187</arg>
<arg>data={"communityId":"6654ae4eba54fe502d4e4187","country":"cl","name":"Usuario QA Eliminar","customValidation":{"rut":"1938473829","address":"","coordinates":"","Color":"Negro","Animal":"Perro","Empresa":"AllRide"},"phoneNumber":null,"validationId":"683f31a1c0385302510120f9"}</arg>
<arg>headers=${headers}</arg>
<doc>Sends a POST request on a previously created HTTP Session.</doc>
<msg timestamp="20251027 17:27:08.750" level="INFO">POST Request : url=https://stage.allrideapp.com/api/v1/admin/users/createUser?community=6654ae4eba54fe502d4e4187 
 path_url=/api/v1/admin/users/createUser?community=6654ae4eba54fe502d4e4187 
 headers={'User-Agent': 'python-requests/2.32.3', 'Accept-Encoding': 'gzip, deflate', 'Accept': '*/*', 'Connection': 'keep-alive', 'Authorization': 'Bearer 0b1884bf3932a36cd0b043f42609cd51e826340125d0752de273c5be4247f9e63404ab0c805d306855efa6e853b1bd2fb74372bc4a066605f6ef94758182633d', 'Content-Type': 'application/json; charset=utf-8', 'Content-Length': '270'} 
 body={"communityId":"6654ae4eba54fe502d4e4187","country":"cl","name":"Usuario QA Eliminar","customValidation":{"rut":"1938473829","address":"","coordinates":"","Color":"Negro","Animal":"Perro","Empresa":"AllRide"},"phoneNumber":null,"validationId":"683f31a1c0385302510120f9"} 
 </msg>
<msg timestamp="20251027 17:27:08.751" level="INFO">POST Response : url=https://stage.allrideapp.com/api/v1/admin/users/createUser?community=6654ae4eba54fe502d4e4187 
 status=200, reason=OK 
 headers={'Date': 'Mon, 27 Oct 2025 20:27:09 GMT', 'Content-Type': 'application/json; charset=utf-8', 'Transfer-Encoding': 'chunked', 'Connection': 'keep-alive', 'Server': 'nginx', 'X-DNS-Prefetch-Control': 'off', 'X-Frame-Options': 'SAMEORIGIN', 'Strict-Transport-Security': 'max-age=15552000; includeSubDomains', 'X-Download-Options': 'noopen', 'X-Content-Type-Options': 'nosniff', 'X-XSS-Protection': '1; mode=block', 'Access-Control-Allow-Origin': '*', 'X-RateLimit-Limit': '200', 'X-RateLimit-Remaining': '199', 'X-RateLimit-Reset': '1761596887', 'ETag': 'W/"c26-doBZTBEojbngdFFWvvN0npvn0dc"', 'Content-Encoding': 'gzip'} 
 body={"correct":[{"personalInfo":{"phoneNumber":null,"rut":"1938473829"},"config":{"privateBus":{"showSection":true,"canBeValidated":true,"canBook":true},"enabledPin":false,"excludeMassiveMailing":false,"excludeMailingLevels":[],"excludeNotifications":[]},"active":true,"adminLevel":0,"setUserLimits":false,"distance":0,"pendingDeletion":false,"_id":"68ffd59ab3127d01c8fb6fd4","updatedAvatar":"2025-10-27T20:27:06.777Z","socialServices":[],"communities":[{"bounced":false,"confirmed":true,"_id":"68ffd59cb3127d01c8fb6fdd","communityId":"6654ae4eba54fe502d4e4187","custom":[{"listValue":[],"private":false,"_id":"683f31a1c0385302510120fa","key":"rut","value":"1938473829"},{"listValue":[],"private":false,"_id":"683f31a1c0385302510120fb","key":"coordinates","value":""},{"listValue":[],"private":false,"_id":"683f31a1c0385302510120fc","key":"address","value":""},{"listValue":[],"private":false,"_id":"683f31a1c0385302510120fd","key":"Color","value":"Negro"},{"listValue":[],"private":false,"_id":"683f31a1c0385302510120fe","key":"Animal","value":"Perro"},{"listValue":[],"private":false,"_id":"683f31a1c0385302510120ff","key":"Empresa","value":"AllRide"}],"isAdmin":false,"privateBus":{"odd":{"canCreate":true,"needsAdminApproval":true,"exclusiveDepartures":false,"asapDepartures":false,"providers":[]},"validation":{"external":{"required":true}},"enabled":true,"favoriteRoutes":[],"suggestedRoutes":[],"_id":"68ffd59cb3127d01c8fb6fe4","oDDServices":[{"canCreate":true,"needsAdminApproval":true,"exclusiveDepartures":false,"asapDepartures":false,"transitDepartures":false,"providers":[],"_id":"68ffd59cb3127d01c8fb6fe5","name":"Taxis Nico"},{"canCreate":true,"needsAdminApproval":false,"exclusiveDepartures":false,"asapDepartures":false,"transitDepartures":false,"providers":[],"_id":"68ffd59cb3127d01c8fb6fe6","name":"Limitada Nico"}]},"favoritePlaces":[],"createdAt":"2025-10-27T20:27:08.608Z","updatedAt":"2025-10-27T20:27:08.608Z"}],"createdAt":"2025-10-27T20:27:08.608Z","garage":[],"emails":[{"fromCommunity":true,"bounced":false,"_id":"68ffd59cb3127d01c8fb6fe7","active":false,"validationToken":"43656923c175ab2a8656912a5f29289d999317ee8ec1eb290b313f6002547e40a0c8981cdd0755ca52d864d3db63b0063a9ca07d21d0c7364841b2574ab6358a"}],"achievements":[],"notifications":[],"accessToken":"42b3b723a969ac9971bd666f6230b59cbb839b330c7a563166093056cbe84b64c81d16e44411a4cb200a16944dac58e24b9b3fc5d55fbf452d2eebce5c04b59f","realTimeToken":"5cc495d5c8ce6b64ba328bf35c0a440f5cabf925fa409f2012b86d5ba3bd553eca1eb4804db438687b75a7df131b0e02fe32e1f584d35d36a4d93b6abba899b9","newChatToken":"22ea0b34df85fccfdef29cb4d794a9cd7868dd46cc621ed9e29e3d2b85d3f0c7a0126bbab4aaf1b0166f97295237a71bd945bc1a4a5789d3fb773ea1dddb9287","cpToken":"b711f551a32aa8f752270ef8b84ea50f5aec8c7582bf24f875d382684a4a3da0f39758d4c845ff7fe3418dd2c9f81041d310b91095a25c81d151c8a35a265ed0","country":"cl","name":"Usuario QA Eliminar","createdFromAdmin":true,"avatar":"https://s3.amazonaws.com/adedo.users-avatars/user_placeholder.png","updatedAt":"2025-10-27T20:27:06.777Z","currency":"clp","__v":0}],"withErrors":[],"cardsWithError":[],"timeStamp":true} 
 </msg>
<msg timestamp="20251027 17:27:08.751" level="INFO">${response} = &lt;Response [200]&gt;</msg>
<status status="PASS" starttime="20251027 17:27:04.634" endtime="20251027 17:27:08.751"/>
</kw>
<kw name="Set Variable" library="BuiltIn">
<var>${userId}</var>
<arg>${response.json()}[correct][0][_id]</arg>
<doc>Returns the given values which can then be assigned to a variables.</doc>
<msg timestamp="20251027 17:27:08.753" level="INFO">${userId} = 68ffd59ab3127d01c8fb6fd4</msg>
<status status="PASS" starttime="20251027 17:27:08.752" endtime="20251027 17:27:08.753"/>
</kw>
<kw name="Set Global Variable" library="BuiltIn">
<arg>${userId}</arg>
<doc>Makes a variable available globally in all tests and suites.</doc>
<msg timestamp="20251027 17:27:08.754" level="INFO">${userId} = 68ffd59ab3127d01c8fb6fd4</msg>
<status status="PASS" starttime="20251027 17:27:08.753" endtime="20251027 17:27:08.754"/>
</kw>
<doc>Crear usuario con código de enrolamiento recientemente creado</doc>
<status status="PASS" starttime="20251027 17:27:04.629" endtime="20251027 17:27:08.754"/>
</test>
<test id="s1-t8" name="Find User (Usuario QA Eliminar)" line="176">
<kw name="Create Session" library="RequestsLibrary">
<arg>mysesion</arg>
<arg>${STAGE_URL}</arg>
<arg>verify=true</arg>
<doc>Create Session: create a HTTP session to a server</doc>
<msg timestamp="20251027 17:27:08.757" level="INFO">Creating Session using : alias=mysesion, url=https://stage.allrideapp.com, headers={},                     cookies={}, auth=None, timeout=None, proxies=None, verify=True,                     debug=0 </msg>
<status status="PASS" starttime="20251027 17:27:08.756" endtime="20251027 17:27:08.757"/>
</kw>
<kw name="Create Dictionary" library="BuiltIn">
<var>${headers}</var>
<arg>Authorization=${tokenAdmin}</arg>
<arg>Content-Type=application/json; charset=utf-8</arg>
<doc>Creates and returns a dictionary based on the given ``items``.</doc>
<msg timestamp="20251027 17:27:08.759" level="INFO">${headers} = {'Authorization': 'Bearer 0b1884bf3932a36cd0b043f42609cd51e826340125d0752de273c5be4247f9e63404ab0c805d306855efa6e853b1bd2fb74372bc4a066605f6ef94758182633d', 'Content-Type': 'application/json; charset=...</msg>
[...]
"available":true,"_id":"68ffd5b452af3f354c9c0446","seat":"40"},{"available":true,"_id":"68ffd5b452af3f354c9c0447","seat":"41"},{"available":true,"_id":"68ffd5b452af3f354c9c0448","seat":"42"},{"available":true,"_id":"68ffd5b452af3f354c9c0449","seat":"43"},{"available":true,"_id":"68ffd5b452af3f354c9c044a","seat":"44"},{"available":true,"_id":"68ffd5b452af3f354c9c044b","seat":"45"},{"available":true,"_id":"68ffd5b452af3f354c9c044c","seat":"46"}],"customParams":[],"customParamsAtTheEnd":[],"preTripChecklist":[],"speedAlerts":[],"deviationAlerts":[],"capacity":46,"superCommunityId":{"_id":"653fd68233d83952fafcd4be","timezone":"Chile/Continental","name":"SC - Automatización","avatar":"https://s3.amazonaws.com/allride.uploads/superCommunityAvatar_653fd601f90509541a748683_1699885179092.png","communities":[{"newConfig":{"general":{"external":{"tandem":{"enabled":false}},"allowsManualUsers":false,"replacesManualUser":true},"privateBus":{"rateRoute":{"enabled":false,"withValidation":false},"harassmentAssistanceSettings":{"enabled":false,"showInformation":true,"showTextAbove":true},"odd":{"minimumConfirmationTime":{"amount":1,"enabled":false,"unit":"hours"},"startLimit":{"amount":1,"enabled":false,"unit":"hours"},"enabled":false,"hideEstimatedTimes":false},"passengerList":{"data":{"community":false,"fullName":false,"phone":false,"validationParam":false},"enabled":false},"restrictiveLabels":{"enabled":false,"labels":[]},"routeConfig":{"rateRoute":{"enabled":false,"withValidation":false},"endDepartureNotice":{"enabled":false},"restrictPassengers":{"allowed":[],"enabled":false},"allowGenericVehicles":false,"allowsDistance":false,"allowsManualValidation":false,"allowsOnlyExistingDrivers":true,"allowsRating":false,"dynamicSeatAssignment":false,"hasCapacity":false,"isStatic":true,"showParable":false,"usesBusCode":false,"usesDriverCode":false,"usesManualSeat":false,"usesTextToSpeech":false,"usesVehicleList":false,"usesVehicleQRLink":false},"scheduling":{"dynamicResourceAssignment":{"enabled":false,"limitTime":15,"limitUnit":"minutes"},"enabled":false},"validation":{"customValidationParams":{"driverParams":[]},"dailyLimit":{"userSkip":[]},"departureLimit":{"userSkip":[]},"DNIValidation":{"enabled":false},"timeLimit":{"userSkip":[]},"timestamp":{"userSkip":[]}},"oDDSettings":{"latestUserStopsSearch":false,"pricing":[]},"supervisorApp":{"checkpointDistance":100},"allowGenericVehicles":false,"allowsRating":false,"noPassengerInfo":false}},"_id":"681abe1c6d5c5f5805bcbd8e","community":"653fd601f90509541a748683","config":[{"enabled":true,"_id":"681abe1c6d5c5f5805bcbd8f","configType":"pb"},{"enabled":true,"_id":"681abe1c6d5c5f5805bcbd90","configType":"admin"},{"enabled":true,"_id":"681abe1c6d5c5f5805bcbd91","configType":"cabpool"}]},{"newConfig":{"general":{"external":{"tandem":{"enabled":false}},"allowsManualUsers":false,"replacesManualUser":true},"privateBus":{"rateRoute":{"enabled":false,"withValidation":false},"harassmentAssistanceSettings":{"enabled":false,"showInformation":true,"showTextAbove":true},"odd":{"minimumConfirmationTime":{"amount":1,"enabled":false,"unit":"hours"},"startLimit":{"amount":1,"enabled":false,"unit":"hours"},"enabled":false,"hideEstimatedTimes":false},"passengerList":{"data":{"community":false,"fullName":false,"phone":false,"validationParam":false},"enabled":false},"restrictiveLabels":{"enabled":false,"labels":[]},"routeConfig":{"rateRoute":{"enabled":false,"withValidation":false},"endDepartureNotice":{"enabled":false},"restrictPassengers":{"allowed":[],"enabled":false},"allowGenericVehicles":false,"allowsDistance":false,"allowsManualValidation":false,"allowsOnlyExistingDrivers":true,"allowsRating":false,"dynamicSeatAssignment":false,"hasCapacity":false,"isStatic":true,"showParable":false,"usesBusCode":false,"usesDriverCode":false,"usesManualSeat":false,"usesTextToSpeech":false,"usesVehicleList":false,"usesVehicleQRLink":false},"scheduling":{"dynamicResourceAssignment":{"enabled":false,"limitTime":15,"limitUnit":"minutes"},"enabled":false},"validation":{"customValidationParams":{"driverParams":[]},"dailyLimit":{"userSkip":[]},"departureLimit":{"userSkip":[]},"DNIValidation":{"enabled":false},"timeLimit":{"userSkip":[]},"timestamp":{"userSkip":[]}},"oDDSettings":{"latestUserStopsSearch":false,"pricing":[]},"supervisorApp":{"checkpointDistance":100},"allowGenericVehicles":false,"allowsRating":false,"noPassengerInfo":false}},"_id":"681abe1c6d5c5f5805bcbd92","community":"6654ae4eba54fe502d4e4187","config":[{"enabled":true,"_id":"681abe1c6d5c5f5805bcbd93","configType":"pb"},{"enabled":true,"_id":"681abe1c6d5c5f5805bcbd94","configType":"admin"},{"enabled":true,"_id":"681abe1c6d5c5f5805bcbd95","configType":"cabpool"}]},{"newConfig":{"general":{"external":{"tandem":{"enabled":false}},"allowsManualUsers":false,"replacesManualUser":true},"privateBus":{"rateRoute":{"enabled":false,"withValidation":false},"harassmentAssistanceSettings":{"enabled":false,"showInformation":true,"showTextAbove":true},"odd":{"minimumConfirmationTime":{"amount":1,"enabled":false,"unit":"hours"},"startLimit":{"amount":1,"enabled":false,"unit":"hours"},"enabled":false,"hideEstimatedTimes":false},"passengerList":{"data":{"community":false,"fullName":false,"phone":false,"validationParam":false},"enabled":false},"restrictiveLabels":{"enabled":false,"labels":[]},"routeConfig":{"rateRoute":{"enabled":false,"withValidation":false},"endDepartureNotice":{"enabled":false},"restrictPassengers":{"allowed":[],"enabled":false},"allowGenericVehicles":false,"allowsDistance":false,"allowsManualValidation":false,"allowsOnlyExistingDrivers":true,"allowsRating":false,"dynamicSeatAssignment":false,"hasCapacity":false,"isStatic":true,"showParable":false,"usesBusCode":false,"usesDriverCode":false,"usesManualSeat":false,"usesTextToSpeech":false,"usesVehicleList":false,"usesVehicleQRLink":false},"scheduling":{"dynamicResourceAssignment":{"enabled":false,"limitTime":15,"limitUnit":"minutes"},"enabled":false},"validation":{"customValidationParams":{"driverParams":[]},"dailyLimit":{"userSkip":[]},"departureLimit":{"userSkip":[]},"DNIValidation":{"enabled":false},"timeLimit":{"userSkip":[]},"timestamp":{"userSkip":[]}},"oDDSettings":{"latestUserStopsSearch":false,"pricing":[]},"supervisorApp":{"checkpointDistance":100},"allowGenericVehicles":false,"allowsRating":false,"noPassengerInfo":false}},"_id":"681abe1c6d5c5f5805bcbd96","community":"67b879e99a2ba09f940ea7c5","config":[{"enabled":true,"_id":"681abe1c6d5c5f5805bcbd97","configType":"pb"},{"enabled":true,"_id":"681abe1c6d5c5f5805bcbd98","configType":"admin"},{"enabled":true,"_id":"681abe1c6d5c5f5805bcbd99","configType":"cabpool"}]}],"createdAt":"2023-10-30T16:14:58.195Z","updatedAt":"2025-05-07T01:57:48.549Z","__v":5,"config":{"general":{"allowsManualUsers":false,"external":{"tandem":{"enabled":false}},"replacesManualUser":true},"privateBus":{"supervisorApp":{"driverCustomParams":{"ifExists":{"type":{"enabled":true,"params":[]}},"ifNotExists":{"type":{"enabled":true,"params":[]}}},"vehicleCustomParams":{"ifExists":{"type":{"enabled":true,"params":[]}},"ifNotExists":{"type":{"enabled":true,"params":[]}}},"controlCustomParams":{"type":{"enabled":false,"params":[]}},"checkpointDistance":100},"allowGenericVehicles":false,"allowsRating":false,"harassmentAssistanceSettings":{"enabled":false,"showInformation":true,"showTextAbove":true},"noPassengerInfo":false,"oDDSettings":{"pricing":[],"latestUserStopsSearch":false},"odd":{"enabled":false,"hideEstimatedTimes":false,"minimumConfirmationTime":{"amount":1,"enabled":false,"unit":"hours"},"startLimit":{"amount":1,"enabled":false,"unit":"hours"}},"passengerList":{"data":{"community":false,"fullName":false,"phone":false,"validationParam":false},"enabled":false},"restrictiveLabels":{"enabled":false,"labels":[]},"routeConfig":{"allowGenericVehicles":false,"allowsDistance":false,"allowsManualValidation":false,"allowsOnlyExistingDrivers":true,"allowsRating":false,"dynamicSeatAssignment":false,"endDepartureNotice":{"enabled":false},"hasCapacity":false,"isStatic":true,"restrictPassengers":{"allowed":[],"enabled":false},"showParable":false,"usesBusCode":false,"usesDriverCode":false,"usesManualSeat":false,"usesTextToSpeech":false,"usesVehicleList":false,"usesVehicleQRLink":false,"rateRoute":{"enabled":false,"withValidation":false}},"scheduling":{"dynamicResourceAssignment":{"enabled":false,"limitTime":15,"limitUnit":"minutes"},"enabled":false},"validation":{"DNIValidation":{"enabled":false},"customValidationParams":{"driverParams":[]},"dailyLimit":{"userSkip":[]},"departureLimit":{"userSkip":[]},"timeLimit":{"userSkip":[]},"timestamp":{"userSkip":[]}},"rateRoute":{"enabled":false,"withValidation":false}}},"configSource":"communityDefault"},"createdAt":"2025-10-27T20:27:32.514Z","updatedAt":"2025-10-27T20:27:36.029Z","__v":2,"state":"pending","category":{"communities":["653fd601f90509541a748683","6654ae4eba54fe502d4e4187"],"superCommunities":["653fd68233d83952fafcd4be"],"active":true,"generic":false,"_id":"66830b1a30b7052ec7743255","name":"Bus SC","description":"Bus SC","capacity":46,"enabledSeats":[],"layout":{"enabled":true,"_id":"66830b3ebb41bfd79a461fff","floorLayouts":[{"_id":"66830b3ebb41bfd79a461fc2","rows":12,"columns":5,"spaces":[{"enabled":true,"locked":false,"disabled":false,"_id":"66830b1a30b7052ec7743286","seat":"1","seatNumber":1},{"enabled":true,"locked":false,"disabled":false,"_id":"66830b1a30b7052ec7743287","seat":"2","seatNumber":2},{"enabled":false,"locked":false,"disabled":true,"_id":"66830b1a30b7052ec7743288","seat":null,"seatNumber":null},{"enabled":true,"locked":false,"disabled":false,"_id":"66830b1a30b7052ec7743289","seat":"3","seatNumber":3},{"enabled":true,"locked":false,"disabled":false,"_id":"66830b1a30b7052ec774328a","seat":"4","seatNumber":4},{"enabled":true,"locked":false,"disabled":false,"_id":"66830b1a30b7052ec774328b","seat":"5","seatNumber":5},{"enabled":true,"locked":false,"disabled":false,"_id":"66830b1a30b7052ec774328c","seat":"6","seatNumber":6},{"enabled":false,"locked":false,"disabled":true,"_id":"66830b1a30b7052ec774328d","seat":null,"seatNumber":null},{"enabled":true,"locked":false,"disabled":false,"_id":"66830b1a30b7052ec774328e","seat":"7","seatNumber":7},{"enabled":true,"locked":false,"disabled":false,"_id":"66830b1a30b7052ec774328f","seat":"8","seatNumber":8},{"enabled":true,"locked":false,"disabled":false,"_id":"66830b1a30b7052ec7743290","seat":"9","seatNumber":9},{"enabled":true,"locked":false,"disabled":false,"_id":"66830b1a30b7052ec7743291","seat":"10","seatNumber":10},{"enabled":false,"locked":false,"disabled":true,"_id":"66830b1a30b7052ec7743292","seat":null,"seatNumber":null},{"enabled":true,"locked":false,"disabled":false,"_id":"66830b1a30b7052ec7743293","seat":"11","seatNumber":11},{"enabled":true,"locked":false,"disabled":false,"_id":"66830b1a30b7052ec7743294","seat":"12","seatNumber":12},{"enabled":true,"locked":false,"disabled":false,"_id":"66830b1a30b7052ec7743295","seat":"13","seatNumber":13},{"enabled":true,"locked":false,"disabled":false,"_id":"66830b1a30b7052ec7743296","seat":"14","seatNumber":14},{"enabled":false,"locked":false,"disabled":true,"_id":"66830b1a30b7052ec7743297","seat":null,"seatNumber":null},{"enabled":true,"locked":false,"disabled":false,"_id":"66830b1a30b7052ec7743298","seat":"15","seatNumber":15},{"enabled":true,"locked":false,"disabled":false,"_id":"66830b1a30b7052ec7743299","seat":"16","seatNumber":16},{"enabled":true,"locked":false,"disabled":false,"_id":"66830b1a30b7052ec774329a","seat":"17","seatNumber":17},{"enabled":true,"locked":false,"disabled":false,"_id":"66830b1a30b7052ec774329b","seat":"18","seatNumber":18},{"enabled":false,"locked":false,"disabled":true,"_id":"66830b1a30b7052ec774329c","seat":null,"seatNumber":null},{"enabled":true,"locked":false,"disabled":false,"_id":"66830b1a30b7052ec774329d","seat":"19","seatNumber":19},{"enabled":true,"locked":false,"disabled":false,"_id":"66830b1a30b7052ec774329e","seat":"20","seatNumber":20},{"enabled":true,"locked":false,"disabled":false,"_id":"66830b1a30b7052ec774329f","seat":"21","seatNumber":21},{"enabled":true,"locked":false,"disabled":false,"_id":"66830b1a30b7052ec77432a0","seat":"22","seatNumber":22},{"enabled":false,"locked":false,"disabled":true,"_id":"66830b1a30b7052ec77432a1","seat":null,"seatNumber":null},{"enabled":true,"locked":false,"disabled":false,"_id":"66830b1a30b7052ec77432a2","seat":"23","seatNumber":23},{"enabled":true,"locked":false,"disabled":false,"_id":"66830b1a30b7052ec77432a3","seat":"24","seatNumber":24},{"enabled":true,"locked":false,"disabled":false,"_id":"66830b1a30b7052ec77432a4","seat":"25","seatNumber":25},{"enabled":true,"locked":false,"disabled":false,"_id":"66830b1a30b7052ec77432a5","seat":"26","seatNumber":26},{"enabled":false,"locked":false,"disabled":true,"_id":"66830b1a30b7052ec77432a6","seat":null,"seatNumber":null},{"enabled":true,"locked":false,"disabled":false,"_id":"66830b1a30b7052ec77432a7","seat":"27","seatNumber":27},{"enabled":true,"locked":false,"disabled":false,"_id":"66830b1a30b7052ec77432a8","seat":"28","seatNumber":28},{"enabled":true,"locked":false,"disabled":false,"_id":"66830b1a30b7052ec77432a9","seat":"29","seatNumber":29},{"enabled":true,"locked":false,"disabled":false,"_id":"66830b1a30b7052ec77432aa","seat":"30","seatNumber":30},{"enabled":false,"locked":false,"disabled":true,"_id":"66830b1a30b7052ec77432ab","seat":null,"seatNumber":null},{"enabled":true,"locked":false,"disabled":false,"_id":"66830b1a30b7052ec77432ac","seat":"31","seatNumber":31},{"enabled":true,"locked":false,"disabled":false,"_id":"66830b1a30b7052ec77432ad","seat":"32","seatNumber":32},{"enabled":true,"locked":false,"disabled":false,"_id":"66830b1a30b7052ec77432ae","seat":"33","seatNumber":33},{"enabled":true,"locked":false,"disabled":false,"_id":"66830b1a30b7052ec77432af","seat":"34","seatNumber":34},{"enabled":false,"locked":false,"disabled":true,"_id":"66830b1a30b7052ec77432b0","seat":null,"seatNumber":null},{"enabled":true,"locked":false,"disabled":false,"_id":"66830b1a30b7052ec77432b1","seat":"35","seatNumber":35},{"enabled":true,"locked":false,"disabled":false,"_id":"66830b1a30b7052ec77432b2","seat":"36","seatNumber":36},{"enabled":true,"locked":false,"disabled":false,"_id":"66830b1a30b7052ec77432b3","seat":"37","seatNumber":37},{"enabled":true,"locked":false,"disabled":false,"_id":"66830b1a30b7052ec77432b4","seat":"38","seatNumber":38},{"enabled":false,"locked":false,"disabled":true,"_id":"66830b1a30b7052ec77432b5","seat":null,"seatNumber":null},{"enabled":true,"locked":false,"disabled":false,"_id":"66830b1a30b7052ec77432b6","seat":"39","seatNumber":39},{"enabled":true,"locked":false,"disabled":false,"_id":"66830b1a30b7052ec77432b7","seat":"40","seatNumber":40},{"enabled":true,"locked":false,"disabled":false,"_id":"66830b1a30b7052ec77432b8","seat":"41","seatNumber":41},{"enabled":true,"locked":false,"disabled":false,"_id":"66830b1a30b7052ec77432b9","seat":"42","seatNumber":42},{"enabled":false,"locked":false,"disabled":true,"_id":"66830b1a30b7052ec77432ba","seat":null,"seatNumber":null},{"enabled":true,"locked":false,"disabled":false,"_id":"66830b1a30b7052ec77432bb","seat":"43","seatNumber":43},{"enabled":true,"locked":false,"disabled":false,"_id":"66830b1a30b7052ec77432bc","seat":"44","seatNumber":44},{"enabled":true,"locked":false,"disabled":false,"_id":"66830b1a30b7052ec77432bd","seat":"45","seatNumber":45},{"enabled":true,"locked":false,"disabled":false,"_id":"66830b1a30b7052ec77432be","seat":"46","seatNumber":46},{"enabled":false,"locked":false,"disabled":true,"_id":"66830b1a30b7052ec77432bf","seat":null,"seatNumber":null},{"enabled":false,"locked":false,"disabled":true,"_id":"66830b1a30b7052ec77432c0","seat":null,"seatNumber":null},{"enabled":false,"locked":false,"disabled":true,"_id":"66830b1a30b7052ec77432c1","seat":null,"seatNumber":null}]}],"floors":1,"seatArrangementDirection":"leftToRight"},"ownerIds":[{"_id":"66830b1a30b7052ec77432c2","id":"653fd68233d83952fafcd4be","role":"superCommunity"}],"superCommunityId":"653fd68233d83952fafcd4be","communityId":"653fd601f90509541a748683","createdAt":"2024-07-01T20:01:30.994Z","updatedAt":"2024-07-01T20:02:07.003Z","__v":1},"type":"scheduled_departure"} 
 </msg>
<msg timestamp="20251027 17:27:41.187" level="TRACE">Return: &lt;Response [200]&gt;</msg>
<msg timestamp="20251027 17:27:41.187" level="INFO">${response} = &lt;Response [200]&gt;</msg>
<status status="PASS" starttime="20251027 17:27:40.469" endtime="20251027 17:27:41.187"/>
</kw>
<kw name="Should Be Equal As Numbers" library="BuiltIn">
<arg>${response.status_code}</arg>
<arg>200</arg>
<doc>Fails if objects are unequal after converting them to real numbers.</doc>
<msg timestamp="20251027 17:27:41.190" level="TRACE">Arguments: [ 200 | '200' ]</msg>
<msg timestamp="20251027 17:27:41.190" level="INFO">Argument types are:
&lt;class 'int'&gt;
&lt;class 'str'&gt;</msg>
<msg timestamp="20251027 17:27:41.191" level="TRACE">Return: None</msg>
<status status="PASS" starttime="20251027 17:27:41.189" endtime="20251027 17:27:41.191"/>
</kw>
<kw name="Set Variable" library="BuiltIn">
<var>${capacity}</var>
<arg>${response.json()}[capacity]</arg>
<doc>Returns the given values which can then be assigned to a variables.</doc>
<msg timestamp="20251027 17:27:41.196" level="TRACE">Arguments: [ 46 ]</msg>
<msg timestamp="20251027 17:27:41.196" level="TRACE">Return: 46</msg>
<msg timestamp="20251027 17:27:41.197" level="INFO">${capacity} = 46</msg>
<status status="PASS" starttime="20251027 17:27:41.191" endtime="20251027 17:27:41.197"/>
</kw>
<kw name="Set Variable" library="BuiltIn">
<var>${startCapacity}</var>
<arg>${response.json()}[startCapacity]</arg>
<doc>Returns the given values which can then be assigned to a variables.</doc>
<msg timestamp="20251027 17:27:41.203" level="TRACE">Arguments: [ 46 ]</msg>
<msg timestamp="20251027 17:27:41.203" level="TRACE">Return: 46</msg>
<msg timestamp="20251027 17:27:41.203" level="INFO">${startCapacity} = 46</msg>
<status status="PASS" starttime="20251027 17:27:41.199" endtime="20251027 17:27:41.203"/>
</kw>
<kw name="Should Be Equal As Numbers" library="BuiltIn">
<arg>${capacity}</arg>
<arg>46</arg>
<arg>msg=❌ 'capacity' should be 46 but was ${capacity}</arg>
<doc>Fails if objects are unequal after converting them to real numbers.</doc>
<msg timestamp="20251027 17:27:41.208" level="TRACE">Arguments: [ 46 | '46' | msg="❌ 'capacity' should be 46 but was 46" ]</msg>
<msg timestamp="20251027 17:27:41.208" level="INFO">Argument types are:
&lt;class 'int'&gt;
&lt;class 'str'&gt;</msg>
<msg timestamp="20251027 17:27:41.208" level="TRACE">Return: None</msg>
<status status="PASS" starttime="20251027 17:27:41.207" endtime="20251027 17:27:41.208"/>
</kw>
<kw name="Should Be Equal As Strings" library="BuiltIn">
<arg>${startCapacity}</arg>
<arg>46</arg>
<arg>msg=❌ 'startCapacity' should be 46 but was ${startCapacity}</arg>
<doc>Fails if objects are unequal after converting them to strings.</doc>
<msg timestamp="20251027 17:27:41.210" level="TRACE">Arguments: [ 46 | '46' | msg="❌ 'startCapacity' should be 46 but was 46" ]</msg>
<msg timestamp="20251027 17:27:41.210" level="INFO">Argument types are:
&lt;class 'int'&gt;
&lt;class 'str'&gt;</msg>
<msg timestamp="20251027 17:27:41.211" level="TRACE">Return: None</msg>
<status status="PASS" starttime="20251027 17:27:41.209" endtime="20251027 17:27:41.211"/>
</kw>
<status status="PASS" starttime="20251027 17:27:40.452" endtime="20251027 17:27:41.212"/>
</test>
<status status="PASS" starttime="20251027 17:26:46.698" endtime="20251027 17:27:41.215"/>
</suite>
<statistics>
<total>
<stat pass="18" fail="0" skip="0">All Tests</stat>
</total>
<tag>
</tag>
<suite>
<stat pass="18" fail="0" skip="0" id="s1" name="findUserFromCommunity">findUserFromCommunity</stat>
</suite>
</statistics>
<errors>
<msg timestamp="20251027 17:27:38.408" level="WARN">Multiple tests with name 'Find User (Usuario QA Eliminar)' executed in suite 'findUserFromCommunity'.</msg>
</errors>
</robot>
