<?xml version="1.0" encoding="UTF-8"?>
<robot generator="Robot 6.1.1 (Python 3.10.12 on win32)" generated="20250917 17:33:27.761" rpa="false" schemaversion="4">
<suite id="s1" name="carpoolFlow" source="c:\Users\UsuarioCompuElite\Documents\GitHub\Respaldo\AllRide Test Cases\Test Cases\Carpool\carpoolFlow.robot">
<test id="s1-t1" name="Set Date Variables" line="15">
<kw name="Get Current Date" library="DateTime">
<var>${fecha_hoy}</var>
<arg>result_format=%Y-%m-%d</arg>
<doc>Returns current local or UTC time with an optional increment.</doc>
<msg timestamp="20250917 17:33:28.227" level="INFO">${fecha_hoy} = 2025-09-17</msg>
<status status="PASS" starttime="20250917 17:33:28.226" endtime="20250917 17:33:28.227"/>
</kw>
<kw name="Set Global Variable" library="BuiltIn">
<arg>${fecha_hoy}</arg>
<doc>Makes a variable available globally in all tests and suites.</doc>
<msg timestamp="20250917 17:33:28.228" level="INFO">${fecha_hoy} = 2025-09-17</msg>
<status status="PASS" starttime="20250917 17:33:28.228" endtime="20250917 17:33:28.228"/>
</kw>
<kw name="Add Time To Date" library="DateTime">
<var>${fecha_manana}</var>
<arg>${fecha_hoy}</arg>
<arg>1 days</arg>
<arg>result_format=%Y-%m-%d</arg>
<doc>Adds time to date and returns the resulting date.</doc>
<msg timestamp="20250917 17:33:28.230" level="INFO">${fecha_manana} = 2025-09-18</msg>
<status status="PASS" starttime="20250917 17:33:28.229" endtime="20250917 17:33:28.231"/>
</kw>
<kw name="Set Global Variable" library="BuiltIn">
<arg>${fecha_manana}</arg>
<doc>Makes a variable available globally in all tests and suites.</doc>
<msg timestamp="20250917 17:33:28.231" level="INFO">${fecha_manana} = 2025-09-18</msg>
<status status="PASS" starttime="20250917 17:33:28.231" endtime="20250917 17:33:28.231"/>
</kw>
<kw name="Add Time To Date" library="DateTime">
<var>${fecha_pasado_manana}</var>
<arg>${fecha_hoy}</arg>
<arg>2 days</arg>
<arg>result_format=%Y-%m-%d</arg>
<doc>Adds time to date and returns the resulting date.</doc>
<msg timestamp="20250917 17:33:28.232" level="INFO">${fecha_pasado_manana} = 2025-09-19</msg>
<status status="PASS" starttime="20250917 17:33:28.232" endtime="20250917 17:33:28.232"/>
</kw>
<kw name="Set Global Variable" library="BuiltIn">
<arg>${fecha_pasado_manana}</arg>
<doc>Makes a variable available globally in all tests and suites.</doc>
<msg timestamp="20250917 17:33:28.233" level="INFO">${fecha_pasado_manana} = 2025-09-19</msg>
<status status="PASS" starttime="20250917 17:33:28.233" endtime="20250917 17:33:28.233"/>
</kw>
<kw name="Add Time To Date" library="DateTime">
<var>${fecha_pasado_pasado_manana}</var>
<arg>${fecha_hoy}</arg>
<arg>3 days</arg>
<arg>result_format=%Y-%m-%d</arg>
<doc>Adds time to date and returns the resulting date.</doc>
<msg timestamp="20250917 17:33:28.235" level="INFO">${fecha_pasado_pasado_manana} = 2025-09-20</msg>
<status status="PASS" starttime="20250917 17:33:28.233" endtime="20250917 17:33:28.235"/>
</kw>
<kw name="Set Global Variable" library="BuiltIn">
<arg>${fecha_pasado_pasado_manana}</arg>
<doc>Makes a variable available globally in all tests and suites.</doc>
<msg timestamp="20250917 17:33:28.235" level="INFO">${fecha_pasado_pasado_manana} = 2025-09-20</msg>
<status status="PASS" starttime="20250917 17:33:28.235" endtime="20250917 17:33:28.235"/>
</kw>
<kw name="Convert Date" library="DateTime">
<var>${dia_actual}</var>
<arg>${fecha_hoy}</arg>
<arg>result_format=%a</arg>
<doc>Converts between supported `date formats`.</doc>
<msg timestamp="20250917 17:33:28.235" level="INFO">${dia_actual} = Wed</msg>
<status status="PASS" starttime="20250917 17:33:28.235" endtime="20250917 17:33:28.235"/>
</kw>
<kw name="Set Variable" library="BuiltIn">
<var>${dia_actual_lower}</var>
<arg>${dia_actual.lower()}</arg>
<doc>Returns the given values which can then be assigned to a variables.</doc>
<msg timestamp="20250917 17:33:28.236" level="INFO">${dia_actual_lower} = wed</msg>
<status status="PASS" starttime="20250917 17:33:28.236" endtime="20250917 17:33:28.237"/>
</kw>
<kw name="Set Variable" library="BuiltIn">
<var>${arrival_date}</var>
<arg>${fecha_manana}T01:00:00.000Z</arg>
<doc>Returns the given values which can then be assigned to a variables.</doc>
<msg timestamp="20250917 17:33:28.237" level="INFO">${arrival_date} = 2025-09-18T01:00:00.000Z</msg>
<status status="PASS" starttime="20250917 17:33:28.237" endtime="20250917 17:33:28.237"/>
</kw>
<kw name="Set Global Variable" library="BuiltIn">
<arg>${arrival_date}</arg>
<doc>Makes a variable available globally in all tests and suites.</doc>
<msg timestamp="20250917 17:33:28.238" level="INFO">${arrival_date} = 2025-09-18T01:00:00.000Z</msg>
<status status="PASS" starttime="20250917 17:33:28.237" endtime="20250917 17:33:28.238"/>
</kw>
<kw name="Set Variable" library="BuiltIn">
<var>${r_estimated_arrival1}</var>
<arg>${fecha_manana}T14:45:57.000Z</arg>
<doc>Returns the given values which can then be assigned to a variables.</doc>
<msg timestamp="20250917 17:33:28.238" level="INFO">${r_estimated_arrival1} = 2025-09-18T14:45:57.000Z</msg>
<status status="PASS" starttime="20250917 17:33:28.238" endtime="20250917 17:33:28.238"/>
</kw>
<kw name="Set Global Variable" library="BuiltIn">
<arg>${r_estimated_arrival1}</arg>
<doc>Makes a variable available globally in all tests and suites.</doc>
<msg timestamp="20250917 17:33:28.239" level="INFO">${r_estimated_arrival1} = 2025-09-18T14:45:57.000Z</msg>
<status status="PASS" starttime="20250917 17:33:28.239" endtime="20250917 17:33:28.239"/>
</kw>
<kw name="Set Variable" library="BuiltIn">
<var>${service_date}</var>
<arg>${fecha_manana}T00:25:29.000Z</arg>
<doc>Returns the given values which can then be assigned to a variables.</doc>
<msg timestamp="20250917 17:33:28.239" level="INFO">${service_date} = 2025-09-18T00:25:29.000Z</msg>
<status status="PASS" starttime="20250917 17:33:28.239" endtime="20250917 17:33:28.239"/>
</kw>
<kw name="Set Global Variable" library="BuiltIn">
<arg>${service_date}</arg>
<doc>Makes a variable available globally in all tests and suites.</doc>
<msg timestamp="20250917 17:33:28.241" level="INFO">${service_date} = 2025-09-18T00:25:29.000Z</msg>
<status status="PASS" starttime="20250917 17:33:28.241" endtime="20250917 17:33:28.241"/>
</kw>
<kw name="Set Variable" library="BuiltIn">
<var>${modified_arrival_date}</var>
<arg>${fecha_manana}T01:00:00.000Z</arg>
<doc>Returns the given values which can then be assigned to a variables.</doc>
<msg timestamp="20250917 17:33:28.241" level="INFO">${modified_arrival_date} = 2025-09-18T01:00:00.000Z</msg>
<status status="PASS" starttime="20250917 17:33:28.241" endtime="20250917 17:33:28.241"/>
</kw>
<kw name="Set Global Variable" library="BuiltIn">
<arg>${modified_arrival_date}</arg>
<doc>Makes a variable available globally in all tests and suites.</doc>
<msg timestamp="20250917 17:33:28.242" level="INFO">${modified_arrival_date} = 2025-09-18T01:00:00.000Z</msg>
<status status="PASS" starttime="20250917 17:33:28.242" endtime="20250917 17:33:28.242"/>
</kw>
<kw name="Set Variable" library="BuiltIn">
<var>${r_modified_estimated_arrival}</var>
<arg>${fecha_pasado_manana}T14:45:57.000Z</arg>
<doc>Returns the given values which can then be assigned to a variables.</doc>
<msg timestamp="20250917 17:33:28.243" level="INFO">${r_modified_estimated_arrival} = 2025-09-19T14:45:57.000Z</msg>
<status status="PASS" starttime="20250917 17:33:28.242" endtime="20250917 17:33:28.243"/>
</kw>
<kw name="Set Global Variable" library="BuiltIn">
<arg>${r_modified_estimated_arrival}</arg>
<doc>Makes a variable available globally in all tests and suites.</doc>
<msg timestamp="20250917 17:33:28.243" level="INFO">${r_modified_estimated_arrival} = 2025-09-19T14:45:57.000Z</msg>
<status status="PASS" starttime="20250917 17:33:28.243" endtime="20250917 17:33:28.243"/>
</kw>
<kw name="Set Variable" library="BuiltIn">
<var>${modified_service_date}</var>
<arg>${fecha_manana}T00:25:29.000Z</arg>
<doc>Returns the given values which can then be assigned to a variables.</doc>
<msg timestamp="20250917 17:33:28.244" level="INFO">${modified_service_date} = 2025-09-18T00:25:29.000Z</msg>
<status status="PASS" starttime="20250917 17:33:28.244" endtime="20250917 17:33:28.244"/>
</kw>
<kw name="Set Global Variable" library="BuiltIn">
<arg>${modified_service_date}</arg>
<doc>Makes a variable available globally in all tests and suites.</doc>
<msg timestamp="20250917 17:33:28.245" level="INFO">${modified_service_date} = 2025-09-18T00:25:29.000Z</msg>
<status status="PASS" starttime="20250917 17:33:28.245" endtime="20250917 17:33:28.245"/>
</kw>
<kw name="Set Variable" library="BuiltIn">
<var>${service_date_20min}</var>
<arg>${fecha_manana}T00:20:00.000Z</arg>
<doc>Returns the given values which can then be assigned to a variables.</doc>
<msg timestamp="20250917 17:33:28.246" level="INFO">${service_date_20min} = 2025-09-18T00:20:00.000Z</msg>
<status status="PASS" starttime="20250917 17:33:28.245" endtime="20250917 17:33:28.246"/>
</kw>
<kw name="Set Global Variable" library="BuiltIn">
<arg>${service_date_20min}</arg>
<doc>Makes a variable available globally in all tests and suites.</doc>
<msg timestamp="20250917 17:33:28.247" level="INFO">${service_date_20min} = 2025-09-18T00:20:00.000Z</msg>
<status status="PASS" starttime="20250917 17:33:28.246" endtime="20250917 17:33:28.247"/>
</kw>
<kw name="Set Variable" library="BuiltIn">
<var>${service_date_22min}</var>
<arg>${fecha_manana}T00:47:00.000Z</arg>
<doc>Returns the given values which can then be assigned to a variables.</doc>
<msg timestamp="20250917 17:33:28.247" level="INFO">${service_date_22min} = 2025-09-18T00:47:00.000Z</msg>
<status status="PASS" starttime="20250917 17:33:28.247" endtime="20250917 17:33:28.247"/>
</kw>
<kw name="Set Global Variable" library="BuiltIn">
<arg>${service_date_22min}</arg>
<doc>Makes a variable available globally in all tests and suites.</doc>
<msg timestamp="20250917 17:33:28.249" level="INFO">${service_date_22min} = 2025-09-18T00:47:00.000Z</msg>
<status status="PASS" starttime="20250917 17:33:28.249" endtime="20250917 17:33:28.249"/>
</kw>
<kw name="Set Variable" library="BuiltIn">
<var>${start_date}</var>
<arg>${fecha_manana}T03:00:00.000Z</arg>
<doc>Returns the given values which can then be assigned to a variables.</doc>
<msg timestamp="20250917 17:33:28.250" level="INFO">${start_date} = 2025-09-18T03:00:00.000Z</msg>
<status status="PASS" starttime="20250917 17:33:28.250" endtime="20250917 17:33:28.250"/>
</kw>
<kw name="Set Global Variable" library="BuiltIn">
<arg>${start_date}</arg>
<doc>Makes a variable available globally in all tests and suites.</doc>
<msg timestamp="20250917 17:33:28.250" level="INFO">${start_date} = 2025-09-18T03:00:00.000Z</msg>
<status status="PASS" starttime="20250917 17:33:28.250" endtime="20250917 17:33:28.250"/>
</kw>
<kw name="Set Variable" library="BuiltIn">
<var>${end_date_4weeks}</var>
<arg>2023-12-30T02:59:59.999Z</arg>
<doc>Returns the given values which can then be assigned to a variables.</doc>
<msg timestamp="20250917 17:33:28.251" level="INFO">${end_date_4weeks} = 2023-12-30T02:59:59.999Z</msg>
<status status="PASS" starttime="20250917 17:33:28.251" endtime="20250917 17:33:28.251"/>
</kw>
<kw name="Set Global Variable" library="BuiltIn">
<arg>${end_date_4weeks}</arg>
<doc>Makes a variable available globally in all tests and suites.</doc>
<msg timestamp="20250917 17:33:28.252" level="INFO">${end_date_4weeks} = 2023-12-30T02:59:59.999Z</msg>
<status status="PASS" starttime="20250917 17:33:28.251" endtime="20250917 17:33:28.252"/>
</kw>
<kw name="Set Variable" library="BuiltIn">
<var>${end_date}</var>
<arg>${fecha_pasado_pasado_manana}T03:00:00.000Z</arg>
<doc>Returns the given values which can then be assigned to a variables.</doc>
<msg timestamp="20250917 17:33:28.252" level="INFO">${end_date} = 2025-09-20T03:00:00.000Z</msg>
<status status="PASS" starttime="20250917 17:33:28.252" endtime="20250917 17:33:28.252"/>
</kw>
<kw name="Set Global Variable" library="BuiltIn">
<arg>${end_date}</arg>
<doc>Makes a variable available globally in all tests and suites.</doc>
<msg timestamp="20250917 17:33:28.254" level="INFO">${end_date} = 2025-09-20T03:00:00.000Z</msg>
<status status="PASS" starttime="20250917 17:33:28.254" endtime="20250917 17:33:28.254"/>
</kw>
<kw name="Set Variable" library="BuiltIn">
<var>${end_date_tomorrow}</var>
<arg>${fecha_manana}T03:00:00.000Z</arg>
<doc>Returns the given values which can then be assigned to a variables.</doc>
<msg timestamp="20250917 17:33:28.255" level="INFO">${end_date_tomorrow} = 2025-09-18T03:00:00.000Z</msg>
<status status="PASS" starttime="20250917 17:33:28.254" endtime="20250917 17:33:28.255"/>
</kw>
<kw name="Set Global Variable" library="BuiltIn">
<arg>${end_date_tomorrow}</arg>
<doc>Makes a variable available globally in all tests and suites.</doc>
<msg timestamp="20250917 17:33:28.256" level="INFO">${end_date_tomorrow} = 2025-09-18T03:00:00.000Z</msg>
<status status="PASS" starttime="20250917 17:33:28.255" endtime="20250917 17:33:28.256"/>
</kw>
<kw name="Set Variable" library="BuiltIn">
<var>${end_date_pastTomorrow}</var>
<arg>${fecha_pasado_manana}T03:00:00.000Z</arg>
<doc>Returns the given values which can then be assigned to a variables.</doc>
<msg timestamp="20250917 17:33:28.256" level="INFO">${end_date_pastTomorrow} = 2025-09-19T03:00:00.000Z</msg>
<status status="PASS" starttime="20250917 17:33:28.256" endtime="20250917 17:33:28.256"/>
</kw>
<kw name="Set Global Variable" library="BuiltIn">
<arg>${end_date_pastTomorrow}</arg>
<doc>Makes a variable available globally in all tests and suites.</doc>
<msg timestamp="20250917 17:33:28.257" level="INFO">${end_date_pastTomorrow} = 2025-09-19T03:00:00.000Z</msg>
<status status="PASS" starttime="20250917 17:33:28.257" endtime="20250917 17:33:28.257"/>
</kw>
<kw name="Set Variable" library="BuiltIn">
<var>${schedule_day}</var>
<arg>${dia_actual_lower}</arg>
<doc>Returns the given values which can then be assigned to a variables.</doc>
<msg timestamp="20250917 17:33:28.257" level="INFO">${schedule_day} = wed</msg>
<status status="PASS" starttime="20250917 17:33:28.257" endtime="20250917 17:33:28.257"/>
</kw>
<kw name="Set Global Variable" library="BuiltIn">
<arg>${schedule_day}</arg>
<doc>Makes a variable available globally in all tests and suites.</doc>
<msg timestamp="20250917 17:33:28.258" level="INFO">${schedule_day} = wed</msg>
<status status="PASS" starttime="20250917 17:33:28.258" endtime="20250917 17:33:28.258"/>
</kw>
<kw name="Set Variable" library="BuiltIn">
<var>${start_date_today}</var>
<arg>${fecha_hoy}T03:00:00.000Z</arg>
<doc>Returns the given values which can then be assigned to a variables.</doc>
<msg timestamp="20250917 17:33:28.258" level="INFO">${start_date_today} = 2025-09-17T03:00:00.000Z</msg>
<status status="PASS" starttime="20250917 17:33:28.258" endtime="20250917 17:33:28.258"/>
</kw>
<kw name="Set Global Variable" library="BuiltIn">
<arg>${start_date_today}</arg>
<doc>Makes a variable available globally in all tests and suites.</doc>
<msg timestamp="20250917 17:33:28.259" level="INFO">${start_date_today} = 2025-09-17T03:00:00.000Z</msg>
<status status="PASS" starttime="20250917 17:33:28.259" endtime="20250917 17:33:28.259"/>
</kw>
<kw name="Set Variable" library="BuiltIn">
<var>${today_date}</var>
<arg>${fecha_hoy}</arg>
<doc>Returns the given values which can then be assigned to a variables.</doc>
<msg timestamp="20250917 17:33:28.260" level="INFO">${today_date} = 2025-09-17</msg>
<status status="PASS" starttime="20250917 17:33:28.259" endtime="20250917 17:33:28.260"/>
</kw>
<kw name="Set Global Variable" library="BuiltIn">
<arg>${today_date}</arg>
<doc>Makes a variable available globally in all tests and suites.</doc>
<msg timestamp="20250917 17:33:28.262" level="INFO">${today_date} = 2025-09-17</msg>
<status status="PASS" starttime="20250917 17:33:28.260" endtime="20250917 17:33:28.262"/>
</kw>
<kw name="Set Variable" library="BuiltIn">
<var>${end_date_tomorrow2}</var>
<arg>${fecha_manana}T02:59:59.999Z</arg>
<doc>Returns the given values which can then be assigned to a variables.</doc>
<msg timestamp="20250917 17:33:28.263" level="INFO">${end_date_tomorrow2} = 2025-09-18T02:59:59.999Z</msg>
<status status="PASS" starttime="20250917 17:33:28.262" endtime="20250917 17:33:28.263"/>
</kw>
<kw name="Set Global Variable" library="BuiltIn">
<arg>${end_date_tomorrow}</arg>
<doc>Makes a variable available globally in all tests and suites.</doc>
<msg timestamp="20250917 17:33:28.263" level="INFO">${end_date_tomorrow} = 2025-09-18T03:00:00.000Z</msg>
<status status="PASS" starttime="20250917 17:33:28.263" endtime="20250917 17:33:28.263"/>
</kw>
<kw name="Set Variable" library="BuiltIn">
<var>${expiration_date_qr}</var>
<arg>${fecha_manana}T14:10:37.968Z</arg>
<doc>Returns the given values which can then be assigned to a variables.</doc>
<msg timestamp="20250917 17:33:28.264" level="INFO">${expiration_date_qr} = 2025-09-18T14:10:37.968Z</msg>
<status status="PASS" starttime="20250917 17:33:28.264" endtime="20250917 17:33:28.264"/>
</kw>
<kw name="Set Global Variable" library="BuiltIn">
<arg>${expiration_date_qr}</arg>
<doc>Makes a variable available globally in all tests and suites.</doc>
<msg timestamp="20250917 17:33:28.264" level="INFO">${expiration_date_qr} = 2025-09-18T14:10:37.968Z</msg>
<status status="PASS" starttime="20250917 17:33:28.264" endtime="20250917 17:33:28.265"/>
</kw>
<status status="PASS" starttime="20250917 17:33:28.225" endtime="20250917 17:33:28.265"/>
</test>
<test id="s1-t2" name="2 hours local" line="67">
<kw name="Get Current Date" library="DateTime">
<var>${date}</var>
<arg>time_zone=local</arg>
<arg>exclude_millis=yes</arg>
<doc>Returns current local or UTC time with an optional increment.</doc>
<msg timestamp="20250917 17:33:28.266" level="INFO">${date} = 2025-09-17 17:33:28</msg>
<status status="PASS" starttime="20250917 17:33:28.266" endtime="20250917 17:33:28.266"/>
</kw>
<kw name="Convert Date" library="DateTime">
<var>${formatted_date}</var>
<arg>${date}</arg>
<arg>result_format=%H:%M:%S</arg>
<doc>Converts between supported `date formats`.</doc>
<msg timestamp="20250917 17:33:28.267" level="INFO">${formatted_date} = 17:33:28</msg>
<status status="PASS" starttime="20250917 17:33:28.267" endtime="20250917 17:33:28.267"/>
</kw>
<kw name="Log" library="BuiltIn">
<arg>Hora Actual: ${formatted_date}</arg>
<doc>Logs the given message with the given level.</doc>
<msg timestamp="20250917 17:33:28.268" level="INFO">Hora Actual: 17:33:28</msg>
<status status="PASS" starttime="20250917 17:33:28.267" endtime="20250917 17:33:28.268"/>
</kw>
<kw name="Add Time To Date" library="DateTime">
<var>${one_hour_later}</var>
<arg>${date}</arg>
<arg>1 hour</arg>
<doc>Adds time to date and returns the resulting date.</doc>
<msg timestamp="20250917 17:33:28.268" level="INFO">${one_hour_later} = 2025-09-17 18:33:28.000</msg>
<status status="PASS" starttime="20250917 17:33:28.268" endtime="20250917 17:33:28.268"/>
</kw>
<kw name="Convert Date" library="DateTime">
<var>${formatted_one_hour_later}</var>
<arg>${one_hour_later}</arg>
<arg>result_format=%H:%M</arg>
<doc>Converts between supported `date formats`.</doc>
<msg timestamp="20250917 17:33:28.269" level="INFO">${formatted_one_hour_later} = 18:33</msg>
<status status="PASS" starttime="20250917 17:33:28.268" endtime="20250917 17:33:28.269"/>
</kw>
<kw name="Log" library="BuiltIn">
<arg>Hora Actual + 1 hora: ${formatted_one_hour_later}</arg>
<doc>Logs the given message with the given level.</doc>
<msg timestamp="20250917 17:33:28.269" level="INFO">Hora Actual + 1 hora: 18:33</msg>
<status status="PASS" starttime="20250917 17:33:28.269" endtime="20250917 17:33:28.269"/>
</kw>
<kw name="Set Global Variable" library="BuiltIn">
<arg>${formatted_one_hour_later}</arg>
<doc>Makes a variable available globally in all tests and suites.</doc>
<msg timestamp="20250917 17:33:28.270" level="INFO">${formatted_one_hour_later} = 18:33</msg>
<status status="PASS" starttime="20250917 17:33:28.270" endtime="20250917 17:33:28.270"/>
</kw>
<status status="PASS" starttime="20250917 17:33:28.265" endtime="20250917 17:33:28.271"/>
</test>
<test id="s1-t3" name="Login User With Email(Obtain Token) Carpool 1" line="78">
<kw name="Create Session" library="RequestsLibrary">
<arg>mysesion</arg>
<arg>${STAGE_URL}</arg>
<arg>verify=true</arg>
<doc>Create Session: create a HTTP session to a server</doc>
<msg timestamp="20250917 17:33:28.274" level="INFO">Creating Session using : alias=mysesion, url=https://stage.allrideapp.com, headers={},                     cookies={}, auth=None, timeout=None, proxies=None, verify=True,                     debug=0 </msg>
<status status="PASS" starttime="20250917 17:33:28.272" endtime="20250917 17:33:28.274"/>
</kw>
<kw name="Set Variable" library="BuiltIn">
<var>${jsonBody}</var>
<arg>{"username":"nicolas+carpool1@allrideapp.com","password":"Lolowerty21@"}</arg>
<doc>Returns the given values which can then be assigned to a variables.</doc>
<msg timestamp="20250917 17:33:28.275" level="INFO">${jsonBody} = {"username":"nicolas+carpool1@allrideapp.com","password":"Lolowerty21@"}</msg>
<status status="PASS" starttime="20250917 17:33:28.274" endtime="20250917 17:33:28.275"/>
</kw>
<kw name="Evaluate" library="BuiltIn">
<var>${parsed_json}</var>
<arg>json.loads($jsonBody)</arg>
<arg>json</arg>
<doc>Evaluates the given expression in Python and returns the result.</doc>
<msg timestamp="20250917 17:33:28.278" level="INFO">${parsed_json} = {'username': 'nicolas+carpool1@allrideapp.com', 'password': 'Lolowerty21@'}</msg>
<status status="PASS" starttime="20250917 17:33:28.275" endtime="20250917 17:33:28.279"/>
</kw>
<kw name="Create Dictionary" library="BuiltIn">
<var>${headers}</var>
<arg>Authorization=""</arg>
<arg>Content-Type=application/json</arg>
<doc>Creates and returns a dictionary based on the given ``items``.</doc>
<msg timestamp="20250917 17:33:28.279" level="INFO">${headers} = {'Authorization': '""', 'Content-Type': 'application/json'}</msg>
<status status="PASS" starttime="20250917 17:33:28.279" endtime="20250917 17:33:28.280"/>
</kw>
<kw name="POST On Session" library="RequestsLibrary">
<var>${response}</var>
<arg>mysesion</arg>
<arg>url=${loginUserUrl}</arg>
<arg>json=${parsed_json}</arg>
<arg>headers=${headers}</arg>
<doc>Sends a POST request on a previously created HTTP Session.</doc>
<msg timestamp="20250917 17:33:29.019" level="INFO">POST Request : url=https://stage.allrideapp.com/api/v1/login/email 
 path_url=/api/v1/login/email 
 headers={'User-Agent': 'python-requests/2.32.3', 'Accept-Encoding': 'gzip, deflate', 'Accept': '*/*', 'Connection': 'keep-alive', 'Authorization': '""', 'Content-Type': 'application/json', 'Content-Length': '75'} 
 body=b'{"username": "nicolas+carpool1@allrideapp.com", "password": "Lolowerty21@"}' 
 </msg>
<msg timestamp="20250917 17:33:29.020" level="INFO">POST Response : url=https://stage.allrideapp.com/api/v1/login/email 
 status=200, reason=OK 
 headers={'Date': 'Wed, 17 Sep 2025 20:33:29 GMT', 'Content-Type': 'application/json; charset=utf-8', 'Transfer-Encoding': 'chunked', 'Connection': 'keep-alive', 'Server': 'nginx', 'X-DNS-Prefetch-Control': 'off', 'X-Frame-Options': 'SAMEORIGIN', 'Strict-Transport-Security': 'max-age=15552000; includeSubDomains', 'X-Download-Options': 'noopen', 'X-Content-Type-Options': 'nosniff', 'X-XSS-Protection': '1; mode=block', 'Access-Control-Allow-Origin': '*', 'X-RateLimit-Limit': '5', 'X-RateLimit-Remaining': '4', 'X-RateLimit-Reset': '1758141241', 'ETag': 'W/"12cc-O+fen5SYd5Nxd9Yq95PRJC3n7HM"', 'Content-Encoding': 'gzip'} 
 body={"personalInfo":{"rut":"59829559k"},"device":{"os":"android","lang":"es","token":"fEV6cvVjTZKR6KTrCSH6fB:APA91bELLEANuUsuQSHA9SkNyQQImo1rTVE4msdcWxXCxn0dTZrd54gQOblJadAUDY19LPABLBzKnEtvQOnaiR5Ra1anLQG8bWi7cdHtdem3_TFNgISYTVM","manufacturer":"google","appVersion":"210","lastSeenOnline":"2025-09-17T19:39:05.728Z"},"config":{"privateBus":{"showSection":true,"canBeValidated":true,"canBook":true},"enabledPin":false,"excludeMassiveMailing":false,"excludeMailingLevels":[],"excludeNotifications":[]},"active":true,"adminLevel":0,"setUserLimits":false,"distance":0,"pendingDeletion":false,"_id":"68a75a4e7811f4c78b962442","updatedAvatar":"2025-08-21T17:41:34.881Z","socialServices":[],"communities":[{"bounced":false,"confirmed":true,"_id":"68a75af30decfc246895897f","communityId":"6654ae4eba54fe502d4e4187","isAdmin":false,"isStudent":false,"custom":[{"listValue":[],"private":false,"_id":"68a75af30decfc2468958980","key":"rut","value":"59829559k"},{"listValue":[],"private":false,"_id":"68a75af30decfc2468958981","key":"address","value":""},{"listValue":[],"private":true,"_id":"68a75af30decfc2468958982","key":"coordinates","value":"0.0,0.0"},{"listValue":[],"private":false,"_id":"68a75af30decfc2468958983","key":"Color","value":""},{"listValue":[],"private":false,"_id":"68a75af30decfc2468958984","key":"Animal","value":""},{"listValue":[],"private":false,"_id":"68a75af30decfc2468958985","key":"Empresa","value":""},{"listValue":[],"private":false,"_id":"68a75af30decfc2468958986","key":"Teléfono","value":""},{"listValue":[],"private":false,"_id":"68a75af30decfc2468958987","key":"Correo","value":""}],"privateBus":{"odd":{"canCreate":true,"needsAdminApproval":true,"exclusiveDepartures":false,"asapDepartures":false,"providers":[]},"validation":{"external":{"required":true}},"enabled":true,"favoriteRoutes":[],"suggestedRoutes":["672a5859d9b6f9e986592e3a","68276f92e848f6e3d43da845"],"_id":"68a75af30decfc2468958988","oDDServices":[{"canCreate":true,"needsAdminApproval":false,"exclusiveDepartures":false,"asapDepartures":false,"transitDepartures":false,"providers":[],"_id":"68a75af30decfc2468958989","name":"Limitada Nico"}]},"parkingLot":{"enabled":true,"priority":7000,"_id":"68a75af30decfc246895898a","priorityHistory":[],"enabledLots":[]},"favoritePlaces":[],"createdAt":"2025-08-21T17:44:19.319Z","updatedAt":"2025-09-17T19:34:35.173Z"}],"createdAt":"2025-08-21T17:41:34.892Z","garage":[],"emails":[{"fromCommunity":false,"bounced":false,"_id":"68a75a4e7811f4c78b962443","email":"nicolas+carpool1@allrideapp.com","validationToken":"48e64aaa2070d5702ccddd971ede65e25a88e1a9c18c642a01226700ef723f00ffb8658ca5d8616921af0d5e5e3d2768701c7c2f58b0c398e0bf06bc0df33143","active":true}],"achievements":[],"notifications":[],"password":"pbkdf2_sha256$20000$9792f4ec7a757212c981c90a$ES975B7JqIGuI1PPxR920+f0Kmb2jr3mCPaikWQPrxU=","name":"Nico QA Carpool 1","country":"cl","avatar":"https://s3.amazonaws.com/adedo.users-avatars/user_placeholder.png","updatedAt":"2025-09-17T20:33:29.882Z","currency":"clp","__v":1,"accessToken":"2c248554a678ba4db9f24a2c29ff3bde8aac94aaff31a8aba13d4b80c4f005d487dd5582ee20be44b120530cf71edba52322bf33e2bd29af89f434b5617b8be9","cpToken":"20fbb8260ecaee9c22cdaa978eb376d5d4aa191ab297948525672aa4f461fc741f5d09a0d1f700991f1a5aac83575d46c5a7b84de75099af56ff0f27288e2335","lastLogin":"2025-09-17T20:33:29.878Z","newChatToken":"10c72729248548bb24edf601ae6ae4d9fed3d97d10c88bf93979eddd9f25a16d43bcebb92a9b8a6f0830f91bced5fbbe917671d647d6f73c2695d0b1c2d8772f","realTimeToken":"6169330315c921709892e7f041515558a2bd1ccb4d944bfee15dab63ff4026c27d943ba45bcbb1a55e85c25ec692734c4c3355ac5954464fd5546e48a576c629","stripeId":"cus_SuRNQj49PbpVmv","auth":{"refreshId":"68cb0d47e9ce45006a5455fb","accessToken":"46d41d57770bfdf710eb4abadf11cae879b329098b9013c54f2366445a3570193b3153c677fc50f83eb7f026c7de89c9ccc9a635155af3483f2aaeaba9f6e8ee92dcf3a68ac29bd6ff65cf48856f0ea9174448c56d06233c8e8b00bebc52e4ed78c4a767a9b112d9891230db9a641c29bacd73d85844bd367fadd116b2464d286d3d05bf837ae3336b7cdf441247022c","realtimeToken":"57c215dc9a3dc953783ede5143ad82d5656d79d6ca37203f8784e48493fb13405386d2e7dbf812130c451550f5c1dffd60a5d1b138cd37b26c6701a242cd0094ad5d996dada99a928203e80308055266243bb712b5ccc753d026ef2b04997793bb9739046ea4d88396706f38492e5d00b6afc013a00482bd1fa61f4b006b94861b6f1e718fb68da285dfad1b708b157a","chatToken":"557e773df0d862f297779ff5167c6f147cda665f9de1ecb6bd6baefca9c7e55521649bd1f28d43d50485a60bd678ffb2dcab907525be563b070363b6b4276ebae341d1ec51d090a440b3810a59816c2e8c6f791aabf91dec529db3f0a02138e5747e7b054877235a9514a50cca06af0d474ae3a4fef06e7d2e7607bebd4cca935653a33e209a8a2f2dcd4441e320d709","expiresAt":"2025-09-18T19:34:31.396Z"},"refreshToken":"7645777a4fecd62691e38dcf422dbb760598fae3d8581d05bc2833d5fb14ed9cd7ff880569aaf722c095c616f4b1eb2753902479bdd0b2cd019ba1eddccd6eee"} 
 </msg>
<msg timestamp="20250917 17:33:29.021" level="INFO">${response} = &lt;Response [200]&gt;</msg>
<status status="PASS" starttime="20250917 17:33:28.280" endtime="20250917 17:33:29.021"/>
</kw>
<kw name="Convert To String" library="BuiltIn">
<var>${code}</var>
<arg>${response.status_code}</arg>
<doc>Converts the given item to a Unicode string.</doc>
<msg timestamp="20250917 17:33:29.024" level="INFO">${code} = 200</msg>
<status status="PASS" starttime="20250917 17:33:29.022" endtime="20250917 17:33:29.024"/>
</kw>
<kw name="Should Be Equal As Numbers" library="BuiltIn">
<arg>${code}</arg>
<arg>200</arg>
<doc>Fails if objects are unequal after converting them to real numbers.</doc>
<status status="PASS" starttime="20250917 17:33:29.025" endtime="20250917 17:33:29.025"/>
</kw>
<kw name="Log" library="BuiltIn">
<arg>${code}</arg>
<doc>Logs the given message with the given level.</doc>
<msg timestamp="20250917 17:33:29.026" level="INFO">200</msg>
<status status="PASS" starttime="20250917 17:33:29.025" endtime="20250917 17:33:29.026"/>
</kw>
<kw name="List Should Contain Value" library="Collections">
<arg>${response.json()}</arg>
<arg>accessToken</arg>
<arg>No accesToken found in Login!, Failing</arg>
<doc>Fails if the ``value`` is not found from ``list``.</doc>
<status status="PASS" starttime="20250917 17:33:29.026" endtime="20250917 17:33:29.027"/>
</kw>
<kw name="Set Variable" library="BuiltIn">
<var>${accessToken}</var>
<arg>${response.json()}[accessToken]</arg>
<doc>Returns the given values which can then be assigned to a variables.</doc>
<msg timestamp="20250917 17:33:29.028" level="INFO">${accessToken} = 2c248554a678ba4db9f24a2c29ff3bde8aac94aaff31a8aba13d4b80c4f005d487dd5582ee20be44b120530cf71edba52322bf33e2bd29af89f434b5617b8be9</msg>
<status status="PASS" starttime="20250917 17:33:29.028" endtime="20250917 17:33:29.029"/>
</kw>
<kw name="Set Variable" library="BuiltIn">
<var>${realTimeToken}</var>
<arg>${response.json()}[realTimeToken]</arg>
<doc>Returns the given values which can then be assigned to a variables.</doc>
<msg timestamp="20250917 17:33:29.030" level="INFO">${realTimeToken} = 6169330315c921709892e7f041515558a2bd1ccb4d944bfee15dab63ff4026c27d943ba45bcbb1a55e85c25ec692734c4c3355ac5954464fd5546e48a576c629</msg>
<status status="PASS" starttime="20250917 17:33:29.029" endtime="20250917 17:33:29.030"/>
</kw>
<kw name="Evaluate" library="BuiltIn">
<var>${accessTokenCarpool1}</var>
<arg>"${accessToken}"</arg>
<doc>Evaluates the given expression in Python and returns the result.</doc>
<msg timestamp="20250917 17:33:29.030" level="INFO">${accessTokenCarpool1} = 2c248554a678ba4db9f24a2c29ff3bde8aac94aaff31a8aba13d4b80c4f005d487dd5582ee20be44b120530cf71edba52322bf33e2bd29af89f434b5617b8be9</msg>
<status status="PASS" starttime="20250917 17:33:29.030" endtime="20250917 17:33:29.030"/>
</kw>
<kw name="Set Global Variable" library="BuiltIn">
<arg>${accessTokenCarpool1}</arg>
<doc>Makes a variable available globally in all tests and suites.</doc>
<msg timestamp="20250917 17:33:29.030" level="INFO">${accessTokenCarpool1} = 2c248554a678ba4db9f24a2c29ff3bde8aac94aaff31a8aba13d4b80c4f005d487dd5582ee20be44b120530cf71edba52322bf33e2bd29af89f434b5617b8be9</msg>
<status status="PASS" starttime="20250917 17:33:29.030" endtime="20250917 17:33:29.030"/>
</kw>
<kw name="Set Global Variable" library="BuiltIn">
<arg>${realTimeToken}</arg>
<doc>Makes a variable available globally in all tests and suites.</doc>
<msg timestamp="20250917 17:33:29.032" level="INFO">${realTimeToken} = 6169330315c921709892e7f041515558a2bd1ccb4d944bfee15dab63ff4026c27d943ba45bcbb1a55e85c25ec692734c4c3355ac5954464fd5546e48a576c629</msg>
<status status="PASS" starttime="20250917 17:33:29.032" endtime="20250917 17:33:29.032"/>
</kw>
<status status="PASS" starttime="20250917 17:33:28.272" endtime="20250917 17:33:29.032"/>
</test>
<test id="s1-t4" name="Login User With Email(Obtain Token) Carpool 2" line="101">
<kw name="Create Session" library="RequestsLibrary">
<arg>mysesion</arg>
<arg>${STAGE_URL}</arg>
<arg>verify=true</arg>
<doc>Create Session: create a HTTP session to a server</doc>
<msg timestamp="20250917 17:33:29.035" level="INFO">Creating Session using : alias=mysesion, url=https://stage.allrideapp.com, headers={},                     cookies={}, auth=None, timeout=None, proxies=None, verify=True,                     debug=0 </msg>
<status status="PASS" starttime="20250917 17:33:29.034" endtime="20250917 17:33:29.035"/>
</kw>
<kw name="Set Variable" library="BuiltIn">
<var>${jsonBody}</var>
<arg>{"username":"nicolas+carpool2@allrideapp.com","password":"Lolowerty21@"}</arg>
<doc>Returns the given values which can then be assigned to a variables.</doc>
<msg timestamp="20250917 17:33:29.036" level="INFO">${jsonBody} = {"username":"nicolas+carpool2@allrideapp.com","password":"Lolowerty21@"}</msg>
<status status="PASS" starttime="20250917 17:33:29.036" endtime="20250917 17:33:29.036"/>
</kw>
<kw name="Evaluate" library="BuiltIn">
<var>${parsed_json}</var>
<arg>json.loads($jsonBody)</arg>
<arg>json</arg>
<doc>Evaluates the given expression in Python and returns the result.</doc>
<msg timestamp="20250917 17:33:29.037" level="INFO">${parsed_json} = {'username': 'nicolas+carpool2@allrideapp.com', 'password': 'Lolowerty21@'}</msg>
<status status="PASS" starttime="20250917 17:33:29.036" endtime="20250917 17:33:29.037"/>
</kw>
<kw name="Create Dictionary" library="BuiltIn">
<var>${headers}</var>
<arg>Authorization=""</arg>
<arg>Content-Type=application/json</arg>
<doc>Creates and returns a dictionary based on the given ``items``.</doc>
<msg timestamp="20250917 17:33:29.037" level="INFO">${headers} = {'Authorization': '""', 'Content-Type': 'application/json'}</msg>
<status status="PASS" starttime="20250917 17:33:29.037" endtime="20250917 17:33:29.037"/>
</kw>
<kw name="POST On Session" library="RequestsLibrary">
<var>${response}</var>
<arg>mysesion</arg>
<arg>url=${loginUserUrl}</arg>
<arg>json=${parsed_json}</arg>
<arg>headers=${headers}</arg>
<doc>Sends a POST request on a previously created HTTP Session.</doc>
<msg timestamp="20250917 17:33:29.695" level="INFO">POST Request : url=https://stage.allrideapp.com/api/v1/login/email 
 path_url=/api/v1/login/email 
 headers={'User-Agent': 'python-requests/2.32.3', 'Accept-Encoding': 'gzip, deflate', 'Accept': '*/*', 'Connection': 'keep-alive', 'Authorization': '""', 'Content-Type': 'application/json', 'Content-Length': '75'} 
 body=b'{"username": "nicolas+carpool2@allrideapp.com", "password": "Lolowerty21@"}' 
 </msg>
<msg timestamp="20250917 17:33:29.695" level="INFO">POST Response : url=https://stage.allrideapp.com/api/v1/login/email 
 status=200, reason=OK 
 headers={'Date': 'Wed, 17 Sep 2025 20:33:30 GMT', 'Content-Type': 'application/json; charset=utf-8', 'Transfer-Encoding': 'chunked', 'Connection': 'keep-alive', 'Server': 'nginx', 'X-DNS-Prefetch-Control': 'off', 'X-Frame-Options': 'SAMEORIGIN', 'Strict-Transport-Security': 'max-age=15552000; includeSubDomains', 'X-Download-Options': 'noopen', 'X-Content-Type-Options': 'nosniff', 'X-XSS-Protection': '1; mode=block', 'Access-Control-Allow-Origin': '*', 'X-RateLimit-Limit': '5', 'X-RateLimit-Remaining': '4', 'X-RateLimit-Reset': '1758141240', 'ETag': 'W/"1260-YgdaWA0ny1sNLghQ06sWnMBE2+M"', 'Content-Encoding': 'gzip'} 
 body={"personalInfo":{"rut":"492086282","phoneNumber":null},"device":{"os":"android","lang":"es","token":"fPV1hMm8RpO9CkIwktMycI:APA91bH8OGlOsuvX18NPPl_PszlBL7GB7cWAnxQ_VF3s6ngeyc7MVlgk5ql6ZbPoFyRmot9PPLe2_gWwldWcW_ofqoRE76d_s3JaVq0LtESpEm682A6FlaQ","manufacturer":"google","appVersion":"211","lastSeenOnline":"2025-09-17T19:47:48.150Z"},"config":{"privateBus":{"showSection":true,"canBeValidated":true,"canBook":true},"enabledPin":false,"excludeMassiveMailing":false,"excludeMailingLevels":[],"excludeNotifications":[]},"active":true,"adminLevel":0,"setUserLimits":false,"distance":0,"pendingDeletion":false,"_id":"68b7576fc6280f9b167a25c8","updatedAvatar":"2025-09-02T20:45:35.587Z","socialServices":[],"communities":[{"bounced":false,"confirmed":true,"_id":"68b758f5c6280f9b167a282c","communityId":"6654ae4eba54fe502d4e4187","isAdmin":false,"isStudent":false,"custom":[{"listValue":[],"private":true,"_id":"68b758f5c6280f9b167a282d","key":"rut","value":"492086282"},{"listValue":[],"private":true,"_id":"68b758f5c6280f9b167a282e","key":"address","value":""},{"listValue":[],"private":true,"_id":"68b758f5c6280f9b167a282f","key":"coordinates","value":"0.0,0.0"},{"listValue":[],"private":true,"_id":"68b758f5c6280f9b167a2830","key":"Color","value":""},{"listValue":[],"private":true,"_id":"68b758f5c6280f9b167a2831","key":"Animal","value":""},{"listValue":[],"private":true,"_id":"68b758f5c6280f9b167a2832","key":"Empresa","value":""},{"listValue":[],"private":true,"_id":"68b758f5c6280f9b167a2834","key":"Correo","value":""}],"privateBus":{"odd":{"canCreate":true,"needsAdminApproval":false,"exclusiveDepartures":false,"asapDepartures":false,"providers":[]},"validation":{"external":{"required":true}},"enabled":true,"favoriteRoutes":[],"suggestedRoutes":["680be26f4ac591328eb4d017"],"_id":"68b758f5c6280f9b167a2835","oDDServices":[{"canCreate":true,"needsAdminApproval":false,"exclusiveDepartures":false,"asapDepartures":false,"transitDepartures":false,"providers":[],"_id":"68c82f8a4a5b1a7e44342022","name":"Limitada Nico"}]},"parkingLot":{"enabled":true,"priority":7000,"_id":"68b758f5c6280f9b167a2837","priorityHistory":[],"enabledLots":[]},"favoritePlaces":[],"createdAt":"2025-09-02T20:52:05.355Z","updatedAt":"2025-09-15T15:23:54.939Z"}],"createdAt":"2025-09-02T20:45:35.599Z","garage":[],"emails":[{"fromCommunity":false,"bounced":false,"_id":"68b7576fc6280f9b167a25c9","email":"nicolas+carpool2@allrideapp.com","validationToken":"7fed2ac2533419d27f70ad7c702e0f4d0581b60cbc25a566b7f9ae3499b072ea56594f092120c7763f4729702470877e6f49f0a48d3dcabb676dca10aa39d0ad","active":true}],"achievements":[],"notifications":[],"password":"pbkdf2_sha256$20000$07582b9206f2d3dff9caa8e8$5zh+G7/0z5vDkHT53A5M3SpGk2qLQPlJ5xCFSRzPvPU=","name":"Nico QA Carpool 2","country":"cl","avatar":"https://s3.amazonaws.com/adedo.users-avatars/user_placeholder.png","updatedAt":"2025-09-17T20:33:30.558Z","currency":"clp","__v":2,"accessToken":"4a275b0ca331f94a970d1801b2f7d47086e27e53f533f52e0eb6c99406141883add498824029ecbd2da2e5f017cb421c0313bebc9e70f44f4ead2df31cdf7626","cpToken":"cca8de904c06a05c958b87b6b045924c80e4f126f4cfac35414546e876e43d40d3d686f7733636607fe7630edfcc2b180121978d7b55ff10359a9e9e0152d1f1","lastLogin":"2025-09-17T20:33:30.553Z","newChatToken":"7998d71672f2df2c58516a0548d178d4e447f49b0e136023f40663c0aec9f7044a65446009f1bdc83c180680c9ac9c873eae8e9efc6ce5ed393f1942c63b79ba","realTimeToken":"9a281f27746d1789ee1924508f0d38cd3a647f0153c726363d379e93b3840586ee3b74f47de0284d26efee7ddce6c23f39fe53d34b33f63f1de8d5e446fe75bc","stripeId":"cus_Syz8nt8dboT3iy","auth":{"refreshId":"68cb1062e9ce45006a545d13","accessToken":"ed870a8a5df955522e0deea45c2f5b5b7c3f955d8a293e19ba9a25b4234b3b13c59205b1d3f69de1a4fe7242faa8f59704329080e46537455d109cc54cd090e9e675a7d08c0131f5ab445afed0210b116b3d65bfd71db550575cb0558cd01e2e6ea1de17b19da405041bd28ea98d8c918dfafcbd48315e33fd8226cf9432b6898762d91a51da09be5f8febd74600df50","realtimeToken":"230e2b7524a35fb1baef95d958f43ea742c6cf20caa6c57410d3439a0a0e157a5fb04a62123a2cf2c0037c55d7c1cc1c302d26c16ba01aa1ddcbe438dbb8bd1528bf632284bcb0bbc2045072c6ce04ddebcaf36207222ebc268e034ddc155cb086df094e6ee20f552fe6bf4b814aa94e173dbf78c47a58b2b007dc3206812d50282c400fe4a0aec2c9707efd514db34f","chatToken":"f7837adbdaa3483ea597c76000370eedf9bf6bdfc3141da1490301b011758f5e55ab6a6cfc5fc4fcc955664b19764fda66e609b80a8b6d44f5390fc7994a2cb0b899795bb077a4089d186936e841e50a3dfc5f58d055a52e300f581a468d1c0c5ea53019b79ccaf3676a9b2aa6180fcf6e2487e1baf325dd22b72309165388c9f4d19ccd623315d6ae64627d462bac59","expiresAt":"2025-09-18T19:47:47.032Z"},"refreshToken":"8123f87b4137bf1e8b277ad3491f18c7cebd735f4dc0a793947951d0da12bcba13b4305d79e567a899ad4e6f1d570b3b8f12b4e9bb14c630ba859675cade56f2"} 
 </msg>
<msg timestamp="20250917 17:33:29.696" level="INFO">${response} = &lt;Response [200]&gt;</msg>
<status status="PASS" starttime="20250917 17:33:29.038" endtime="20250917 17:33:29.696"/>
</kw>
<kw name="Convert To String" library="BuiltIn">
<var>${code}</var>
<arg>${response.status_code}</arg>
<doc>Converts the given item to a Unicode string.</doc>
<msg timestamp="20250917 17:33:29.698" level="INFO">${code} = 200</msg>
<status status="PASS" starttime="20250917 17:33:29.696" endtime="20250917 17:33:29.698"/>
</kw>
<kw name="Should Be Equal As Numbers" library="BuiltIn">
<arg>${code}</arg>
<arg>200</arg>
<doc>Fails if objects are unequal after converting them to real numbers.</doc>
<status status="PASS" starttime="20250917 17:33:29.698" endtime="20250917 17:33:29.699"/>
</kw>
<kw name="Log" library="BuiltIn">
<arg>${code}</arg>
<doc>Logs the given message with the given level.</doc>
<msg timestamp="20250917 17:33:29.700" level="INFO">200</msg>
<status status="PASS" starttime="20250917 17:33:29.699" endtime="20250917 17:33:29.700"/>
</kw>
<kw name="List Should Contain Value" library="Collections">
<arg>${response.json()}</arg>
<arg>accessToken</arg>
<arg>No accesToken found in Login!, Failing</arg>
<doc>Fails if the ``value`` is not found from ``list``.</doc>
<status status="PASS" starttime="20250917 17:33:29.700" endtime="20250917 17:33:29.702"/>
</kw>
<kw name="Set Variable" library="BuiltIn">
<var>${accessToken}</var>
<arg>${response.json()}[accessToken]</arg>
<doc>Returns the given values which can then be assigned to a variables.</doc>
<msg timestamp="20250917 17:33:29.703" level="INFO">${accessToken} = 4a275b0ca331f94a970d1801b2f7d47086e27e53f533f52e0eb6c99406141883add498824029ecbd2da2e5f017cb421c0313bebc9e70f44f4ead2df31cdf7626</msg>
<status status="PASS" starttime="20250917 17:33:29.702" endtime="20250917 17:33:29.703"/>
</kw>
<kw name="Evaluate" library="BuiltIn">
<var>${accessTokenCarpool2}</var>
<arg>"${accessToken}"</arg>
<doc>Evaluates the given expression in Python and returns the result.</doc>
<msg timestamp="20250917 17:33:29.704" level="INFO">${accessTokenCarpool2} = 4a275b0ca331f94a970d1801b2f7d47086e27e53f533f52e0eb6c99406141883add498824029ecbd2da2e5f017cb421c0313bebc9e70f44f4ead2df31cdf7626</msg>
<status status="PASS" starttime="20250917 17:33:29.703" endtime="20250917 17:33:29.704"/>
</kw>
<kw name="Set Global Variable" library="BuiltIn">
<arg>${accessTokenCarpool2}</arg>
<doc>Makes a variable available globally in all tests and suites.</doc>
<msg timestamp="20250917 17:33:29.704" level="INFO">${accessTokenCarpool2} = 4a275b0ca331f94a970d1801b2f7d47086e27e53f533f52e0eb6c99406141883add498824029ecbd2da2e5f017cb421c0313bebc9e70f44f4ead2df31cdf7626</msg>
<status status="PASS" starttime="20250917 17:33:29.704" endtime="20250917 17:33:29.704"/>
</kw>
<kw name="Set Variable" library="BuiltIn">
<var>${realTimeTokenUser}</var>
<arg>${response.json()}[realTimeToken]</arg>
<doc>Returns the given values which can then be assigned to a variables.</doc>
<msg timestamp="20250917 17:33:29.706" level="INFO">${realTimeTokenUser} = 9a281f27746d1789ee1924508f0d38cd3a647f0153c726363d379e93b3840586ee3b74f47de0284d26efee7ddce6c23f39fe53d34b33f63f1de8d5e446fe75bc</msg>
<status status="PASS" starttime="20250917 17:33:29.705" endtime="20250917 17:33:29.706"/>
</kw>
<kw name="Set Global Variable" library="BuiltIn">
<arg>${realTimeTokenUser}</arg>
<doc>Makes a variable available globally in all tests and suites.</doc>
<msg timestamp="20250917 17:33:29.706" level="INFO">${realTimeTokenUser} = 9a281f27746d1789ee1924508f0d38cd3a647f0153c726363d379e93b3840586ee3b74f47de0284d26efee7ddce6c23f39fe53d34b33f63f1de8d5e446fe75bc</msg>
<status status="PASS" starttime="20250917 17:33:29.706" endtime="20250917 17:33:29.706"/>
</kw>
<status status="PASS" starttime="20250917 17:33:29.034" endtime="20250917 17:33:29.707"/>
</test>
<test id="s1-t5" name="Get trip list at start" line="126">
<kw name="Set Variable" library="BuiltIn">
<var>${url}</var>
<arg>${STAGE_URL}/api/v1/trips/list</arg>
<doc>Returns the given values which can then be assigned to a variables.</doc>
<msg timestamp="20250917 17:33:29.710" level="INFO">${url} = https://stage.allrideapp.com/api/v1/trips/list</msg>
<status status="PASS" starttime="20250917 17:33:29.710" endtime="20250917 17:33:29.710"/>
</kw>
<kw name="Create Dictionary" library="BuiltIn">
<var>&amp;{headers}</var>
<arg>Authorization=Bearer ${accessTokenCarpool1}</arg>
<doc>Creates and returns a dictionary based on the given ``items``.</doc>
<msg timestamp="20250917 17:33:29.711" level="INFO">&amp;{headers} = { Authorization=Bearer 2c248554a678ba4db9f24a2c29ff3bde8aac94aaff31a8aba13d4b80c4f005d487dd5582ee20be44b120530cf71edba52322bf33e2bd29af89f434b5617b8be9 }</msg>
<status status="PASS" starttime="20250917 17:33:29.711" endtime="20250917 17:33:29.711"/>
</kw>
<kw name="GET" library="RequestsLibrary">
<var>${response}</var>
<arg>url=${url}</arg>
<arg>headers=${headers}</arg>
<doc>Sends a GET request.</doc>
<msg timestamp="20250917 17:33:31.679" level="INFO">GET Request : url=https://stage.allrideapp.com/api/v1/trips/list 
 path_url=/api/v1/trips/list 
 headers={'User-Agent': 'python-requests/2.32.3', 'Accept-Encoding': 'gzip, deflate', 'Accept': '*/*', 'Connection': 'keep-alive', 'Authorization': 'Bearer 2c248554a678ba4db9f24a2c29ff3bde8aac94aaff31a8aba13d4b80c4f005d487dd5582ee20be44b120530cf71edba52322bf33e2bd29af89f434b5617b8be9'} 
 body=None 
 </msg>
<msg timestamp="20250917 17:33:31.680" level="INFO">GET Response : url=https://stage.allrideapp.com/api/v1/trips/list 
 status=200, reason=OK 
 headers={'Date': 'Wed, 17 Sep 2025 20:33:32 GMT', 'Content-Type': 'application/json; charset=utf-8', 'Transfer-Encoding': 'chunked', 'Connection': 'keep-alive', 'Server': 'nginx', 'X-DNS-Prefetch-Control': 'off', 'X-Frame-Options': 'SAMEORIGIN', 'Strict-Transport-Security': 'max-age=15552000; includeSubDomains', 'X-Download-Options': 'noopen', 'X-Content-Type-Options': 'nosniff', 'X-XSS-Protection': '1; mode=block', 'Access-Control-Allow-Origin': '*', 'X-RateLimit-Limit': '200', 'X-RateLimit-Remaining': '199', 'X-RateLimit-Reset': '1758141272', 'ETag': 'W/"1ade8-gSqVztoxL3n1lW7Lo/xCd6Ln4vE"', 'Content-Encoding': 'gzip'} 
 body=[{"origin":{"location":[-70.8537,-34.4111],"longName":"Hospital Rengo","shortName":"Hospital Rengo","placeId":null},"destination":{"location":[-70.7819,-34.3945],"longName":"Media luna cerrillos","shortName":"Media Luna Cerrillos","placeId":"6654d4c8713b9a5184cfe1de"},"owner":{"communities":["6654ae4eba54fe502d4e4187"],"id":"68a75a4e7811f4c78b962442","name":"Nico QA Carpool 1","avatar":"https://s3.amazonaws.com/adedo.users-avatars/user_placeholder.png","garage":[]},"aproxWaypoints":{"coordinates":[[-70.85381,-34.41107],[-70.85367,-34.41072],[-70.8535,-34.41007],[-70.85308,-34.40853],[-70.85251,-34.4076],[-70.85206,-34.40705],[-70.85159,-34.40653],[-70.85126,-34.4062],[-70.85087,-34.40583],[-70.85045,-34.40546],[-70.85003,-34.40502],[-70.84913,-34.40427],[-70.84813,-34.40353],[-70.84789,-34.40336],[-70.84742,-34.40297],[-70.84739,-34.40294],[-70.84736,-34.40283],[-70.84736,-34.4028],[-70.84715,-34.40279],[-70.84644,-34.40275],[-70.84573,-34.40269],[-70.8454,-34.40264],[-70.84433,-34.40239],[-70.84376,-34.40229],[-70.84337,-34.40227],[-70.84272,-34.40227],[-70.84241,-34.40229],[-70.84184,-34.40239],[-70.84125,-34.4025],[-70.83714,-34.40315],[-70.83642,-34.40327],[-70.8354,-34.40344],[-70.83488,-34.40357],[-70.83406,-34.40379],[-70.83375,-34.4039],[-70.83302,-34.4042],[-70.83145,-34.40482],[-70.83095,-34.40499],[-70.8303,-34.40523],[-70.82964,-34.40545],[-70.8294,-34.40552],[-70.82864,-34.40566],[-70.82751,-34.40584],[-70.82674,-34.40595],[-70.82589,-34.40601],[-70.8242,-34.40606],[-70.82344,-34.4061],[-70.8232,-34.40616],[-70.82282,-34.40633],[-70.82265,-34.40642],[-70.82228,-34.40661],[-70.82046,-34.40749],[-70.81975,-34.40782],[-70.81846,-34.40853],[-70.8176,-34.409],[-70.81725,-34.40913],[-70.81608,-34.40943],[-70.81525,-34.40961],[-70.81484,-34.40975],[-70.81446,-34.40992],[-70.81407,-34.41013],[-70.81334,-34.41055],[-70.81312,-34.41068],[-70.81286,-34.41062],[-70.81253,-34.41052],[-70.8121,-34.41037],[-70.80991,-34.40956],[-70.80924,-34.4093],[-70.80898,-34.40916],[-70.80834,-34.40865],[-70.80719,-34.40769],[-70.80685,-34.40737],[-70.80617,-34.40667],[-70.80582,-34.40635],[-70.80503,-34.40567],[-70.80483,-34.40554],[-70.8044,-34.40537],[-70.80415,-34.40527],[-70.80403,-34.40516],[-70.80382,-34.40491],[-70.80369,-34.40478],[-70.80358,-34.4047],[-70.8035,-34.40466],[-70.80312,-34.40457],[-70.80267,-34.40449],[-70.80251,-34.40444],[-70.80206,-34.40428],[-70.80188,-34.40425],[-70.80164,-34.40424],[-70.80096,-34.40423],[-70.80057,-34.4042],[-70.80041,-34.40421],[-70.80014,-34.40424],[-70.79997,-34.40422],[-70.79917,-34.40404],[-70.79892,-34.40455],[-70.79848,-34.40551],[-70.7984,-34.40561],[-70.79822,-34.40577],[-70.79717,-34.40651],[-70.797,-34.40664],[-70.79688,-34.40679],[-70.79667,-34.40719],[-70.79651,-34.40748],[-70.7962,-34.40792],[-70.79594,-34.4078],[-70.79534,-34.40744],[-70.79477,-34.4071],[-70.79366,-34.40644],[-70.79082,-34.40485],[-70.78907,-34.40384],[-70.78692,-34.40257],[-70.78458,-34.40116],[-70.78446,-34.40109],[-70.78438,-34.40108],[-70.78428,-34.40113],[-70.78417,-34.4012],[-70.78407,-34.40119],[-70.78353,-34.4009],[-70.78304,-34.40056],[-70.7827,-34.40029],[-70.78251,-34.40016],[-70.78235,-34.40008],[-70.78271,-34.3996],[-70.78272,-34.39955],[-70.78254,-34.39927],[-70.78226,-34.39882],[-70.78216,-34.39857],[-70.78178,-34.39746],[-70.78166,-34.39704],[-70.78167,-34.39695],[-70.78207,-34.39635],[-70.78252,-34.39578],[-70.78226,-34.39571],[-70.78214,-34.39566],[-70.78236,-34.39534],[-70.78264,-34.39501],[-70.78255,-34.3948],[-70.78238,-34.39462]],"type":"LineString"},"suggestions":{"enabled":true},"followers":[],"pending":[],"filed":false,"allowsSectionCost":true,"suggestedUsers":["68b7576fc6280f9b167a25c8","666078059a5ece0ee6e95904","66d8cf4f4a7101503b01f84a","6532b807897f712ff487a792"],"invitedUsers":[],"_id":"68c82d62ae7fc6dda1200075","tripDates":[{"_id":"68c82d62ae7fc6dda1200076","day":"monday","time":"2025-09-15T18:38:00.000Z"}],"followerShards":[],"restrictions":[{"restrictionValues":[],"_id":"68c82d62ae7fc6dda1200077","restrictionType":"public"}],"pickupPlaces":[],"dropoutPlaces":[],"followersData":[],"pendingsData":[],"seats":4,"direction":74.36685324702432,"distance":8.792875428762256,"timezone":"America/Santiago","currency":"clp","comment":"","recurrent":true,"codedRoute":"d|_qEhsmoLeA[aCa@sHsAyDqBmByAgBAaAaAiAmAiAsAwAsAuCsDsCgEa@o@mAAEEUEE?Ai@GmCKmCIaAq@uESqBCmA?aCB@RqBTuB`CuXVoC`@kEXgBj@cDT@z@qCzByH`@cBn@aCj@cCLo@ZwCb@aFTyCJiDHqIFwCJo@`@kAPa@d@iAnDkJ`AmClCaG|AkDXeAz@iFb@eDZqA`@kAh@mArAqCXk@Ks@SaA]uAaDuLs@eC[s@eB_C_EeF_AcAkCgC_AeAgCCYg@a@uASq@UWq@i@YYOUGOQkAOyAI_@_@yAEc@Ao@AgCEmA@_@Du@Ca@c@_DdBq@~DwARO^c@rCqEXa@WnAi@x@_@vA@Ws@gAwBcAqBcCEHwPiEIFmLyGsMMWAOHSLUASy@kBcAaBu@cAYe@O_@_BfAI@w@c@yAw@q@SEkAsAWQ@wBnAqBxAMs@IW_Aj@aAv@i@Qc@a@","cost":0,"category":"5dab2269d79e785955386e2d","originalCost":700,"studentFee":false,"createdAt":"2025-09-15T15:14:43.111Z","updatedAt":"2025-09-17T19:42:41.997Z","__v":4,"tripInstances":[{"passengers":[],"filed":false,"distance":0,"_id":"68c82d63ae7fc6dda120009c","status":"published","timeToLeave":0,"startDate":"2025-09-22T18:38:00.363Z","recurrent":true,"tripId":"68c82d62ae7fc6dda1200075","userId":"68a75a4e7811f4c78b962442","boardingDetails":[],"createdAt":"2025-09-15T15:14:43.400Z","updatedAt":"2025-09-15T15:14:43.400Z","__v":0},{"passengers":[],"filed":false,"distance":0,"_id":"68c82d63ae7fc6dda12000a0","status":"published","timeToLeave":0,"startDate":"2025-09-29T18:38:00.363Z","recurrent":true,"tripId":"68c82d62ae7fc6dda1200075","userId":"68a75a4e7811f4c78b962442","boardingDetails":[],"createdAt":"2025-09-15T15:14:43.420Z","updatedAt":"2025-09-15T15:14:43.420Z","__v":0},{"passengers":[],"filed":false,"distance":0,"_id":"68c82d63ae7fc6dda12000a4","status":"published","timeToLeave":0,"startDate":"2025-10-06T18:38:00.363Z","recurrent":true,"tripId":"68c82d62ae7fc6dda1200075","userId":"68a75a4e7811f4c78b962442","boardingDetails":[],"createdAt":"2025-09-15T15:14:43.433Z","updatedAt":"2025-09-15T15:14:43.433Z","__v":0},{"passengers":[],"filed":false,"distance":0,"_id":"68c82d63ae7fc6dda12000a8","status":"published","timeToLeave":0,"startDate":"2025-10-13T18:38:00.363Z","recurrent":true,"tripId":"68c82d62ae7fc6dda1200075","userId":"68a75a4e7811f4c78b962442","boardingDetails":[],"createdAt":"2025-09-15T15:14:43.446Z","updatedAt":"2025-09-15T15:14:43.446Z","__v":0}],"fee":0,"searches":[{"_id":"66630e5c3248ad0dd73afeaf","userId":"666078059a5ece0ee6e95904"},{"_id":"66630f9e3248ad0dd73aff80","userId":"666078059a5ece0ee6e95904"},{"_id":"666311693248ad0dd73affc6","userId":"666078059a5ece0ee6e95904"},{"_id":"6667116afea8eb2b26b203b0","userId":"666078059a5ece0ee6e95904"},{"_id":"6667117eca24091752ad209c","userId":"666078059a5ece0ee6e95904"},{"_id":"666711abca24091752ad20d8","userId":"666078059a5ece0ee6e95904"},{"_id":"666711f0ca24091752ad2118","userId":"666078059a5ece0ee6e95904"},{"_id":"66c7c15e44bc6e275050faa4","userId":"648b41038c2c98237ede6dd8"},{"_id":"66c7c16044bc6e275050facb","userId":"666078059a5ece0ee6e95904"},{"_id":"66c7c16d44bc6e275050faf2","userId":"64bfd6d5e43484249639e99e"},{"_id":"66cf6a6ea61a970b285f2749","userId":"666078059a5ece0ee6e95904"},{"_id":"66cf6ab0a61a970b285f28c7","userId":"666078059a5ece0ee6e95904"},{"_id":"66cf6f9ba61a970b285f47d7","userId":"666078059a5ece0ee6e95904"},{"_id":"66cf6ff5a61a970b285f494a","userId":"666078059a5ece0ee6e95904"},{"_id":"66cf7047a61a970b285f4a8c","userId":"666078059a5ece0ee6e95904"},{"_id":"66d20a4dce48bc99d8352be0","userId":"666078059a5ece0ee6e95904"},{"_id":"66e1a70ccffd418ba34011c3","userId":"666078059a5ece0ee6e95904"},{"_id":"66e1a79279c01d88c09c2d70","userId":"666078059a5ece0ee6e95904"},{"_id":"66fb0043fefa10b07da9557a","userId":"666078059a5ece0ee6e95904"},{"_id":"67005ac7498d61704aebcd49","userId":"666078059a5ece0ee6e95904"},{"_id":"67005ae5498d61704aebce54","userId":"666078059a5ece0ee6e95904"},{"_id":"670e8fb543dd85033b2fb884","userId":"666078059a5ece0ee6e95904"},{"_id":"6734e966f46896e93e85845b","userId":"672b7ad09e0af633642f7e01"},{"_id":"6736230b538ff1b079ec7caa","userId":"666078059a5ece0ee6e95904"},{"_id":"673cb41201c314da155c59f4","userId":"666078059a5ece0ee6e95904"},{"_id":"673cb4b6d5f1d4a1c09db766","userId":"666078059a5ece0ee6e95904"},{"_id":"674a292416ca1227234b20f2","userId":"672b7ad09e0af633642f7e01"},{"_id":"674a2a0a16ca1227234b25b2","userId":"672b7ad09e0af633642f7e01"},{"_id":"675751530045ccd021170a4b","userId":"666078059a5ece0ee6e95904"},{"_id":"675b148855dc721ce51af6e7","userId":"65e5d25bb23585cc1d6720b4"},{"_id":"6769945afc0e203f1a3ddf61","userId":"6667489cb5433b5dc2fa94e9"},{"_id":"676eb86dcc79d88be189c5fc","userId":"666078059a5ece0ee6e95904"},{"_id":"677c363d3b31d134c7565769","userId":"66d8cf4f4a7101503b01f84a"},{"_id":"678933af8d58c6ac9a72ea04","userId":"66d8cf4f4a7101503b01f84a"},{"_id":"678934be392fe06974b700c6","userId":"66d8cf4f4a7101503b01f84a"},{"_id":"6789380c8d58c6ac9a7306f9","userId":"66d8cf4f4a7101503b01f84a"},{"_id":"67895674392fe06974b7f1dd","userId":"66d8cf4f4a7101503b01f84a"},{"_id":"679116a39194dce0f2fa3184","userId":"66d8cf4f4a7101503b01f84a"},{"_id":"6791198632e8fda37942a67a","userId":"66d8cf4f4a7101503b01f84a"},{"_id":"679119df9194dce0f2fa4acd","userId":"66d8cf4f4a7101503b01f84a"},{"_id":"67b490227f5599e1b1180040","userId":"66d8cf4f4a7101503b01f84a"},{"_id":"67b49032d686df1ce3f69b86","userId":"66d8cf4f4a7101503b01f84a"},{"_id":"67c9fd4e8d8ee7a970e7fc80","userId":"66d8cf4f4a7101503b01f84a"},{"_id":"67d183fac984da17f8af27a0","userId":"6667489cb5433b5dc2fa94e9"},{"_id":"67d18407c984da17f8af2865","userId":"6667489cb5433b5dc2fa94e9"},{"_id":"67d184ccc984da17f8af2bf4","userId":"66d8cf4f4a7101503b01f84a"},{"_id":"67d18543c984da17f8af2e82","userId":"6667489cb5433b5dc2fa94e9"},{"_id":"67d18577c984da17f8af2fa6","userId":"6667489cb5433b5dc2fa94e9"},{"_id":"67d18589c984da17f8af3017","userId":"6667489cb5433b5dc2fa94e9"},{"_id":"67d1861d1f67f2a5b47d62b7","userId":"6667489cb5433b5dc2fa94e9"},{"_id":"67d18641c984da17f8af33b0","userId":"6667489cb5433b5dc2fa94e9"},{"_id":"67d85a2ece0fb71... (set the log level to DEBUG or TRACE to see the full content) 
 </msg>
<msg timestamp="20250917 17:33:31.680" level="INFO">${response} = &lt;Response [200]&gt;</msg>
<status status="PASS" starttime="20250917 17:33:29.711" endtime="20250917 17:33:31.680"/>
</kw>
<kw name="Should Be Equal As Numbers" library="BuiltIn">
<arg>${response.status_code}</arg>
<arg>200</arg>
<doc>Fails if objects are unequal after converting them to real numbers.</doc>
<msg timestamp="20250917 17:33:31.681" level="INFO">Argument types are:
&lt;class 'int'&gt;
&lt;class 'str'&gt;</msg>
<status status="PASS" starttime="20250917 17:33:31.680" endtime="20250917 17:33:31.681"/>
</kw>
<doc>Se verifica el descuento del pase luego de la validación offline, no deberían quedar usos</doc>
<status status="PASS" starttime="20250917 17:33:29.708" endtime="20250917 17:33:31.681"/>
</test>
<test id="s1-t6" name="Get community places" line="140">
<kw name="Create Session" library="RequestsLibrary">
<arg>mysesion</arg>
<arg>${STAGE_URL}</arg>
<arg>verify=true</arg>
<doc>Create Session: create a HTTP session to a server</doc>
<msg timestamp="20250917 17:33:31.683" level="INFO">Creating Session using : alias=mysesion, url=https://stage.allrideapp.com, headers={},                     cookies={}, auth=None, timeout=None, proxies=None, verify=True,                     debug=0 </msg>
<status status="PASS" starttime="20250917 17:33:31.682" endtime="20250917 17:33:31.683"/>
</kw>
<kw name="Create Dictionary" library="BuiltIn">
<var>${headers}</var>
<arg>Authorization=Bearer ${accessTokenCarpool1}</arg>
<arg>Content-Type=application/json; charset=utf-8</arg>
<doc>Creates and returns a dictionary based on the given ``items``.</doc>
<msg timestamp="20250917 17:33:31.683" level="INFO">${headers} = {'Authorization': 'Bearer 2c248554a678ba4db9f24a2c29ff3bde8aac94aaff31a8aba13d4b80c4f005d487dd5582ee20be44b120530cf71edba52322bf33e2bd29af89f434b5617b8be9', 'Content-Type': 'application/json; charset=...</msg>
<status status="PASS" starttime="20250917 17:33:31.683" endtime="20250917 17:33:31.684"/>
</kw>
<kw name="POST On Session" library="RequestsLibrary">
<var>${response}</var>
<arg>mysesion</arg>
<arg>url=/api/v1/communities/places</arg>
<arg>headers=${headers}</arg>
<doc>Sends a POST request on a previously created HTTP Session.</doc>
<msg timestamp="20250917 17:33:32.218" level="INFO">POST Request : url=https://stage.allrideapp.com/api/v1/communities/places 
 path_url=/api/v1/communities/places 
 headers={'User-Agent': 'python-requests/2.32.3', 'Accept-Encoding': 'gzip, deflate', 'Accept': '*/*', 'Connection': 'keep-alive', 'Authorization': 'Bearer 2c248554a678ba4db9f24a2c29ff3bde8aac94aaff31a8aba13d4b80c4f005d487dd5582ee20be44b120530cf71edba52322bf33e2bd29af89f434b5617b8be9', 'Content-Type': 'application/json; charset=utf-8', 'Content-Length': '0'} 
 body=None 
 </msg>
<msg timestamp="20250917 17:33:32.218" level="INFO">POST Response : url=https://stage.allrideapp.com/api/v1/communities/places 
 status=200, reason=OK 
 headers={'Date': 'Wed, 17 Sep 2025 20:33:33 GMT', 'Content-Type': 'application/json; charset=utf-8', 'Transfer-Encoding': 'chunked', 'Connection': 'keep-alive', 'Server': 'nginx', 'X-DNS-Prefetch-Control': 'off', 'X-Frame-Options': 'SAMEORIGIN', 'Strict-Transport-Security': 'max-age=15552000; includeSubDomains', 'X-Download-Options': 'noopen', 'X-Content-Type-Options': 'nosniff', 'X-XSS-Protection': '1; mode=block', 'Access-Control-Allow-Origin': '*', 'X-RateLimit-Limit': '200', 'X-RateLimit-Remaining': '199', 'X-RateLimit-Reset': '1758141274', 'ETag': 'W/"394-wGtg3j+vWNtXbJqLct9rl0hIjsI"', 'Content-Encoding': 'gzip'} 
 body=[{"_id":"5dc9813275208504dbde6ef7","shortName":"U. Católica vs. Colo Colo","longName":"EVENTO: Domingo 17 de Noviembre, 12:00","latitude":-33.3957,"longitude":-70.5006,"eventDate":"2019-11-17T15:00:00.000Z","availability":{"startDate":"2019-11-11T00:00:00.000Z","endDate":"2019-11-18T00:00:00.000Z"},"icon":"https://s3.amazonaws.com/allride.places.searchicon/logo_club_catolica.png","createdAt":"2019-11-11T15:41:38.224Z","updatedAt":"2019-11-11T15:42:55.625Z","__v":0,"country":"cl"},{"_id":"64553f3615f59d3a11e40734","icon":"https://s3.amazonaws.com/prod.allride.communities/community_avatar_1536669825113.jpg","__v":0,"createdAt":"2023-05-05T17:39:02.230Z","updatedAt":"2023-05-05T17:39:02.230Z"},{"_id":"64553f3615f59d3a11e40736","icon":"https://s3.amazonaws.com/prod.allride.communities/community_avatar_1536669825113.jpg","__v":0,"createdAt":"2023-05-05T17:39:02.230Z","updatedAt":"2023-05-05T17:39:02.230Z"}] 
 </msg>
<msg timestamp="20250917 17:33:32.218" level="INFO">${response} = &lt;Response [200]&gt;</msg>
<status status="PASS" starttime="20250917 17:33:31.684" endtime="20250917 17:33:32.218"/>
</kw>
<kw name="Convert To String" library="BuiltIn">
<var>${code}</var>
<arg>${response.status_code}</arg>
<doc>Converts the given item to a Unicode string.</doc>
<msg timestamp="20250917 17:33:32.220" level="INFO">${code} = 200</msg>
<status status="PASS" starttime="20250917 17:33:32.219" endtime="20250917 17:33:32.220"/>
</kw>
<kw name="Should Be Equal As Numbers" library="BuiltIn">
<arg>${code}</arg>
<arg>200</arg>
<doc>Fails if objects are unequal after converting them to real numbers.</doc>
<status status="PASS" starttime="20250917 17:33:32.221" endtime="20250917 17:33:32.222"/>
</kw>
<kw name="Set Variable" library="BuiltIn">
<var>${json}</var>
<arg>${response.json()}</arg>
<doc>Returns the given values which can then be assigned to a variables.</doc>
<msg timestamp="20250917 17:33:32.223" level="INFO">${json} = [{'_id': '5dc9813275208504dbde6ef7', 'shortName': 'U. Católica vs. Colo Colo', 'longName': 'EVENTO: Domingo 17 de Noviembre, 12:00', 'latitude': -33.3957, 'longitude': -70.5006, 'eventDate': '2019-11-...</msg>
<status status="PASS" starttime="20250917 17:33:32.222" endtime="20250917 17:33:32.223"/>
</kw>
<status status="PASS" starttime="20250917 17:33:31.682" endtime="20250917 17:33:32.223"/>
</test>
<test id="s1-t7" name="Create recurrent route as driver (user1)" line="156">
<kw name="Create Session" library="RequestsLibrary">
<arg>mysesion</arg>
<arg>${STAGE_URL}</arg>
<arg>verify=true</arg>
<doc>Create Session: create a HTTP session to a server</doc>
<msg timestamp="20250917 17:33:32.226" level="INFO">Creating Session using : alias=mysesion, url=https://stage.allrideapp.com, headers={},                     cookies={}, auth=None, timeout=None, proxies=None, verify=True,                     debug=0 </msg>
<status status="PASS" starttime="20250917 17:33:32.224" endtime="20250917 17:33:32.226"/>
</kw>
<kw name="Create Dictionary" library="BuiltIn">
<var>${headers}</var>
<arg>Authorization=Bearer ${accessTokenCarpool1}</arg>
<arg>Content-Type=application/json; charset=utf-8</arg>
<doc>Creates and returns a dictionary based on the given ``items``.</doc>
<msg timestamp="20250917 17:33:32.227" level="INFO">${headers} = {'Authorization': 'Bearer 2c248554a678ba4db9f24a2c29ff3bde8aac94aaff31a8aba13d4b80c4f005d487dd5582ee20be44b120530cf71edba52322bf33e2bd29af89f434b5617b8be9', 'Content-Type': 'application/json; charset=...</msg>
<status status="PASS" starttime="20250917 17:33:32.227" endtime="20250917 17:33:32.227"/>
</kw>
<kw name="POST On Session" library="RequestsLibrary">
<var>${response}</var>
<arg>mysesion</arg>
<arg>url=/api/v1/trips/</arg>
<arg>data={"allowsSectionCost":false,"aproxWaypoints":{"coordinates":[[-70.85381,-34.41107],[-70.85367,-34.41072],[-70.8535,-34.41007],[-70.85308,-34.40853],[-70.85251,-34.4076],[-70.85206,-34.40705],[-70.85159,-34.40653],[-70.85126,-34.4062],[-70.85087,-34.40583],[-70.85045,-34.40546],[-70.85003,-34.40502],[-70.84913,-34.40427],[-70.84813,-34.40353],[-70.84789,-34.40336],[-70.84742,-34.40297],[-70.84739,-34.40294],[-70.84736,-34.40283],[-70.84736,-34.4028],[-70.84715,-34.40279],[-70.84644,-34.40275],[-70.84573,-34.40269],[-70.8454,-34.40264],[-70.84433,-34.40239],[-70.84376,-34.40229],[-70.84337,-34.40227],[-70.84272,-34.40227],[-70.84241,-34.40229],[-70.84184,-34.40239],[-70.84125,-34.4025],[-70.83714,-34.40315],[-70.83642,-34.40327],[-70.8354,-34.40344],[-70.83488,-34.40357],[-70.83406,-34.40379],[-70.83375,-34.4039],[-70.83302,-34.4042],[-70.83145,-34.40482],[-70.83095,-34.40499],[-70.8303,-34.40523],[-70.82964,-34.40545],[-70.8294,-34.40552],[-70.82864,-34.40566],[-70.82751,-34.40584],[-70.82674,-34.40595],[-70.82589,-34.40601],[-70.8242,-34.40606],[-70.82344,-34.4061],[-70.8232,-34.40616],[-70.82282,-34.40633],[-70.82265,-34.40642],[-70.82228,-34.40661],[-70.82046,-34.40749],[-70.81975,-34.40782],[-70.81846,-34.40853],[-70.8176,-34.409],[-70.81725,-34.40913],[-70.81608,-34.40943],[-70.81525,-34.40961],[-70.81484,-34.40975],[-70.81446,-34.40992],[-70.81407,-34.41013],[-70.81334,-34.41055],[-70.81312,-34.41068],[-70.81286,-34.41062],[-70.81253,-34.41052],[-70.8121,-34.41037],[-70.80991,-34.40956],[-70.80924,-34.4093],[-70.80898,-34.40916],[-70.80834,-34.40865],[-70.80719,-34.40769],[-70.80685,-34.40737],[-70.80617,-34.40667],[-70.80582,-34.40635],[-70.80503,-34.40567],[-70.80483,-34.40554],[-70.8044,-34.40537],[-70.80415,-34.40527],[-70.80403,-34.40516],[-70.80382,-34.40491],[-70.80369,-34.40478],[-70.80358,-34.4047],[-70.8035,-34.40466],[-70.80312,-34.40457],[-70.80267,-34.40449],[-70.80251,-34.40444],[-70.80206,-34.40428],[-70.80188,-34.40425],[-70.80164,-34.40424],[-70.80096,-34.40423],[-70.80057,-34.4042],[-70.80041,-34.40421],[-70.80014,-34.40424],[-70.79997,-34.40422],[-70.79917,-34.40404],[-70.79892,-34.40455],[-70.79848,-34.40551],[-70.7984,-34.40561],[-70.79822,-34.40577],[-70.79717,-34.40651],[-70.797,-34.40664],[-70.79688,-34.40679],[-70.79667,-34.40719],[-70.79651,-34.40748],[-70.7962,-34.40792],[-70.79594,-34.4078],[-70.79534,-34.40744],[-70.79477,-34.4071],[-70.79366,-34.40644],[-70.79082,-34.40485],[-70.78907,-34.40384],[-70.78692,-34.40257],[-70.78458,-34.40116],[-70.78446,-34.40109],[-70.78438,-34.40108],[-70.78428,-34.40113],[-70.78417,-34.4012],[-70.78407,-34.40119],[-70.78353,-34.4009],[-70.78304,-34.40056],[-70.7827,-34.40029],[-70.78251,-34.40016],[-70.78235,-34.40008],[-70.78271,-34.3996],[-70.78272,-34.39955],[-70.78254,-34.39927],[-70.78226,-34.39882],[-70.78216,-34.39857],[-70.78178,-34.39746],[-70.78166,-34.39704],[-70.78167,-34.39695],[-70.78207,-34.39635],[-70.78252,-34.39578],[-70.78226,-34.39571],[-70.78214,-34.39566],[-70.78236,-34.39534],[-70.78264,-34.39501],[-70.78255,-34.3948],[-70.78238,-34.39462]],"type":"LineString"},"codedRoute":"d|_qEhsmoLeA[aCa@sHsAyDqBmByAgBAaAaAiAmAiAsAwAsAuCsDsCgEa@o@mAAEEUEE?Ai@GmCKmCIaAq@uESqBCmA?aCB@RqBTuB`CuXVoC`@kEXgBj@cDT@z@qCzByH`@cBn@aCj@cCLo@ZwCb@aFTyCJiDHqIFwCJo@`@kAPa@d@iAnDkJ`AmClCaG|AkDXeAz@iFb@eDZqA`@kAh@mArAqCXk@Ks@SaA]uAaDuLs@eC[s@eB_C_EeF_AcAkCgC_AeAgCCYg@a@uASq@UWq@i@YYOUGOQkAOyAI_@_@yAEc@Ao@AgCEmA@_@Du@Ca@c@_DdBq@~DwARO^c@rCqEXa@WnAi@x@_@vA@Ws@gAwBcAqBcCEHwPiEIFmLyGsMMWAOHSLUASy@kBcAaBu@cAYe@O_@_BfAI@w@c@yAw@q@SEkAsAWQ@wBnAqBxAMs@IW_Aj@aAv@i@Qc@a@","comment":"","cost":0,"currency":"","destination":{"communityId":"","icon":"","location":[-70.7819,-34.3945],"longName":"Media luna cerrillos","placeId":"6654d4c8713b9a5184cfe1de","reference":"","shortName":"Media Luna Cerrillos"},"dropoutPlaces":[],"fee":0,"filed":false,"followerShards":[],"followers":[],"followersData":[],"_id":"","tripInstances":[],"new":true,"origin":{"communityId":"","icon":"","location":[-70.8537,-34.4111],"longName":"Hospital Rengo","placeId":"","reference":"","shortName":"Hospital Rengo"},"pending":[],"pendingsData":[],"pickupPlaces":[],"recurrent":true,"restrictions":[{"_id":"","restrictionType":"public"}],"seats":4,"sectionCost":true,"startDate":"2025-08-04T17:44:13.666-04:00","studentFee":false,"timezone":"America/Santiago","tripDates":[{"day":"monday","_id":"","time":"1970-01-01T18:38:00.000-03:00"}],"userId":""}</arg>
<arg>headers=${headers}</arg>
<doc>Sends a POST request on a previously created HTTP Session.</doc>
<msg timestamp="20250917 17:33:33.222" level="INFO">POST Request : url=https://stage.allrideapp.com/api/v1/trips/ 
 path_url=/api/v1/trips/ 
 headers={'User-Agent': 'python-requests/2.32.3', 'Accept-Encoding': 'gzip, deflate', 'Accept': '*/*', 'Connection': 'keep-alive', 'Authorization': 'Bearer 2c248554a678ba4db9f24a2c29ff3bde8aac94aaff31a8aba13d4b80c4f005d487dd5582ee20be44b120530cf71edba52322bf33e2bd29af89f434b5617b8be9', 'Content-Type': 'application/json; charset=utf-8', 'Content-Length': '4441'} 
 body={"allowsSectionCost":false,"aproxWaypoints":{"coordinates":[[-70.85381,-34.41107],[-70.85367,-34.41072],[-70.8535,-34.41007],[-70.85308,-34.40853],[-70.85251,-34.4076],[-70.85206,-34.40705],[-70.85159,-34.40653],[-70.85126,-34.4062],[-70.85087,-34.40583],[-70.85045,-34.40546],[-70.85003,-34.40502],[-70.84913,-34.40427],[-70.84813,-34.40353],[-70.84789,-34.40336],[-70.84742,-34.40297],[-70.84739,-34.40294],[-70.84736,-34.40283],[-70.84736,-34.4028],[-70.84715,-34.40279],[-70.84644,-34.40275],[-70.84573,-34.40269],[-70.8454,-34.40264],[-70.84433,-34.40239],[-70.84376,-34.40229],[-70.84337,-34.40227],[-70.84272,-34.40227],[-70.84241,-34.40229],[-70.84184,-34.40239],[-70.84125,-34.4025],[-70.83714,-34.40315],[-70.83642,-34.40327],[-70.8354,-34.40344],[-70.83488,-34.40357],[-70.83406,-34.40379],[-70.83375,-34.4039],[-70.83302,-34.4042],[-70.83145,-34.40482],[-70.83095,-34.40499],[-70.8303,-34.40523],[-70.82964,-34.40545],[-70.8294,-34.40552],[-70.82864,-34.40566],[-70.82751,-34.40584],[-70.82674,-34.40595],[-70.82589,-34.40601],[-70.8242,-34.40606],[-70.82344,-34.4061],[-70.8232,-34.40616],[-70.82282,-34.40633],[-70.82265,-34.40642],[-70.82228,-34.40661],[-70.82046,-34.40749],[-70.81975,-34.40782],[-70.81846,-34.40853],[-70.8176,-34.409],[-70.81725,-34.40913],[-70.81608,-34.40943],[-70.81525,-34.40961],[-70.81484,-34.40975],[-70.81446,-34.40992],[-70.81407,-34.41013],[-70.81334,-34.41055],[-70.81312,-34.41068],[-70.81286,-34.41062],[-70.81253,-34.41052],[-70.8121,-34.41037],[-70.80991,-34.40956],[-70.80924,-34.4093],[-70.80898,-34.40916],[-70.80834,-34.40865],[-70.80719,-34.40769],[-70.80685,-34.40737],[-70.80617,-34.40667],[-70.80582,-34.40635],[-70.80503,-34.40567],[-70.80483,-34.40554],[-70.8044,-34.40537],[-70.80415,-34.40527],[-70.80403,-34.40516],[-70.80382,-34.40491],[-70.80369,-34.40478],[-70.80358,-34.4047],[-70.8035,-34.40466],[-70.80312,-34.40457],[-70.80267,-34.40449],[-70.80251,-34.40444],[-70.80206,-34.40428],[-70.80188,-34.40425],[-70.80164,-34.40424],[-70.80096,-34.40423],[-70.80057,-34.4042],[-70.80041,-34.40421],[-70.80014,-34.40424],[-70.79997,-34.40422],[-70.79917,-34.40404],[-70.79892,-34.40455],[-70.79848,-34.40551],[-70.7984,-34.40561],[-70.79822,-34.40577],[-70.79717,-34.40651],[-70.797,-34.40664],[-70.79688,-34.40679],[-70.79667,-34.40719],[-70.79651,-34.40748],[-70.7962,-34.40792],[-70.79594,-34.4078],[-70.79534,-34.40744],[-70.79477,-34.4071],[-70.79366,-34.40644],[-70.79082,-34.40485],[-70.78907,-34.40384],[-70.78692,-34.40257],[-70.78458,-34.40116],[-70.78446,-34.40109],[-70.78438,-34.40108],[-70.78428,-34.40113],[-70.78417,-34.4012],[-70.78407,-34.40119],[-70.78353,-34.4009],[-70.78304,-34.40056],[-70.7827,-34.40029],[-70.78251,-34.40016],[-70.78235,-34.40008],[-70.78271,-34.3996],[-70.78272,-34.39955],[-70.78254,-34.39927],[-70.78226,-34.39882],[-70.78216,-34.39857],[-70.78178,-34.39746],[-70.78166,-34.39704],[-70.78167,-34.39695],[-70.78207,-34.39635],[-70.78252,-34.39578],[-70.78226,-34.39571],[-70.78214,-34.39566],[-70.78236,-34.39534],[-70.78264,-34.39501],[-70.78255,-34.3948],[-70.78238,-34.39462]],"type":"LineString"},"codedRoute":"d|_qEhsmoLeA[aCa@sHsAyDqBmByAgBAaAaAiAmAiAsAwAsAuCsDsCgEa@o@mAAEEUEE?Ai@GmCKmCIaAq@uESqBCmA?aCB@RqBTuB`CuXVoC`@kEXgBj@cDT@z@qCzByH`@cBn@aCj@cCLo@ZwCb@aFTyCJiDHqIFwCJo@`@kAPa@d@iAnDkJ`AmClCaG|AkDXeAz@iFb@eDZqA`@kAh@mArAqCXk@Ks@SaA]uAaDuLs@eC[s@eB_C_EeF_AcAkCgC_AeAgCCYg@a@uASq@UWq@i@YYOUGOQkAOyAI_@_@yAEc@Ao@AgCEmA@_@Du@Ca@c@_DdBq@~DwARO^c@rCqEXa@WnAi@x@_@vA@Ws@gAwBcAqBcCEHwPiEIFmLyGsMMWAOHSLUASy@kBcAaBu@cAYe@O_@_BfAI@w@c@yAw@q@SEkAsAWQ@wBnAqBxAMs@IW_Aj@aAv@i@Qc@a@","comment":"","cost":0,"currency":"","destination":{"communityId":"","icon":"","location":[-70.7819,-34.3945],"longName":"Media luna cerrillos","placeId":"6654d4c8713b9a5184cfe1de","reference":"","shortName":"Media Luna Cerrillos"},"dropoutPlaces":[],"fee":0,"filed":false,"followerShards":[],"followers":[],"followersData":[],"_id":"","tripInstances":[],"new":true,"origin":{"communityId":"","icon":"","location":[-70.8537,-34.4111],"longName":"Hospital Rengo","placeId":"","reference":"","shortName":"Hospital Rengo"},"pending":[],"pendingsData":[],"pickupPlaces":[],"recurrent":true,"restrictions":[{"_id":"","restrictionType":"public"}],"seats":4,"sectionCost":true,"startDate":"2025-08-04T17:44:13.666-04:00","studentFee":false,"timezone":"America/Santiago","tripDates":[{"day":"monday","_id":"","time":"1970-01-01T18:38:00.000-03:00"}],"userId":""} 
 </msg>
<msg timestamp="20250917 17:33:33.223" level="INFO">POST Response : url=https://stage.allrideapp.com/api/v1/trips/ 
 status=200, reason=OK 
 headers={'Date': 'Wed, 17 Sep 2025 20:33:34 GMT', 'Content-Type': 'application/json; charset=utf-8', 'Transfer-Encoding': 'chunked', 'Connection': 'keep-alive', 'Server': 'nginx', 'X-DNS-Prefetch-Control': 'off', 'X-Frame-Options': 'SAMEORIGIN', 'Strict-Transport-Security': 'max-age=15552000; includeSubDomains', 'X-Download-Options': 'noopen', 'X-Content-Type-Options': 'nosniff', 'X-XSS-Protection': '1; mode=block', 'Access-Control-Allow-Origin': '*', 'X-RateLimit-Limit': '200', 'X-RateLimit-Remaining': '199', 'X-RateLimit-Reset': '1758141274', 'ETag': 'W/"135f-k0WJMjhmIzpmB4WlV9rTl//Z6cg"', 'Content-Encoding': 'gzip'} 
 body={"origin":{"longName":"Hospital Rengo","shortName":"Hospital Rengo","location":[-70.8537,-34.4111],"placeId":null},"destination":{"longName":"Media luna cerrillos","shortName":"Media Luna Cerrillos","location":[-70.7819,-34.3945],"placeId":"6654d4c8713b9a5184cfe1de"},"owner":{"id":"68a75a4e7811f4c78b962442","name":"Nico QA Carpool 1","avatar":"https://s3.amazonaws.com/adedo.users-avatars/user_placeholder.png","communities":["6654ae4eba54fe502d4e4187"]},"aproxWaypoints":{"coordinates":[[-70.85381,-34.41107],[-70.85367,-34.41072],[-70.8535,-34.41007],[-70.85308,-34.40853],[-70.85251,-34.4076],[-70.85206,-34.40705],[-70.85159,-34.40653],[-70.85126,-34.4062],[-70.85087,-34.40583],[-70.85045,-34.40546],[-70.85003,-34.40502],[-70.84913,-34.40427],[-70.84813,-34.40353],[-70.84789,-34.40336],[-70.84742,-34.40297],[-70.84739,-34.40294],[-70.84736,-34.40283],[-70.84736,-34.4028],[-70.84715,-34.40279],[-70.84644,-34.40275],[-70.84573,-34.40269],[-70.8454,-34.40264],[-70.84433,-34.40239],[-70.84376,-34.40229],[-70.84337,-34.40227],[-70.84272,-34.40227],[-70.84241,-34.40229],[-70.84184,-34.40239],[-70.84125,-34.4025],[-70.83714,-34.40315],[-70.83642,-34.40327],[-70.8354,-34.40344],[-70.83488,-34.40357],[-70.83406,-34.40379],[-70.83375,-34.4039],[-70.83302,-34.4042],[-70.83145,-34.40482],[-70.83095,-34.40499],[-70.8303,-34.40523],[-70.82964,-34.40545],[-70.8294,-34.40552],[-70.82864,-34.40566],[-70.82751,-34.40584],[-70.82674,-34.40595],[-70.82589,-34.40601],[-70.8242,-34.40606],[-70.82344,-34.4061],[-70.8232,-34.40616],[-70.82282,-34.40633],[-70.82265,-34.40642],[-70.82228,-34.40661],[-70.82046,-34.40749],[-70.81975,-34.40782],[-70.81846,-34.40853],[-70.8176,-34.409],[-70.81725,-34.40913],[-70.81608,-34.40943],[-70.81525,-34.40961],[-70.81484,-34.40975],[-70.81446,-34.40992],[-70.81407,-34.41013],[-70.81334,-34.41055],[-70.81312,-34.41068],[-70.81286,-34.41062],[-70.81253,-34.41052],[-70.8121,-34.41037],[-70.80991,-34.40956],[-70.80924,-34.4093],[-70.80898,-34.40916],[-70.80834,-34.40865],[-70.80719,-34.40769],[-70.80685,-34.40737],[-70.80617,-34.40667],[-70.80582,-34.40635],[-70.80503,-34.40567],[-70.80483,-34.40554],[-70.8044,-34.40537],[-70.80415,-34.40527],[-70.80403,-34.40516],[-70.80382,-34.40491],[-70.80369,-34.40478],[-70.80358,-34.4047],[-70.8035,-34.40466],[-70.80312,-34.40457],[-70.80267,-34.40449],[-70.80251,-34.40444],[-70.80206,-34.40428],[-70.80188,-34.40425],[-70.80164,-34.40424],[-70.80096,-34.40423],[-70.80057,-34.4042],[-70.80041,-34.40421],[-70.80014,-34.40424],[-70.79997,-34.40422],[-70.79917,-34.40404],[-70.79892,-34.40455],[-70.79848,-34.40551],[-70.7984,-34.40561],[-70.79822,-34.40577],[-70.79717,-34.40651],[-70.797,-34.40664],[-70.79688,-34.40679],[-70.79667,-34.40719],[-70.79651,-34.40748],[-70.7962,-34.40792],[-70.79594,-34.4078],[-70.79534,-34.40744],[-70.79477,-34.4071],[-70.79366,-34.40644],[-70.79082,-34.40485],[-70.78907,-34.40384],[-70.78692,-34.40257],[-70.78458,-34.40116],[-70.78446,-34.40109],[-70.78438,-34.40108],[-70.78428,-34.40113],[-70.78417,-34.4012],[-70.78407,-34.40119],[-70.78353,-34.4009],[-70.78304,-34.40056],[-70.7827,-34.40029],[-70.78251,-34.40016],[-70.78235,-34.40008],[-70.78271,-34.3996],[-70.78272,-34.39955],[-70.78254,-34.39927],[-70.78226,-34.39882],[-70.78216,-34.39857],[-70.78178,-34.39746],[-70.78166,-34.39704],[-70.78167,-34.39695],[-70.78207,-34.39635],[-70.78252,-34.39578],[-70.78226,-34.39571],[-70.78214,-34.39566],[-70.78236,-34.39534],[-70.78264,-34.39501],[-70.78255,-34.3948],[-70.78238,-34.39462]],"type":"LineString"},"suggestions":{"enabled":true},"followers":[],"pending":[],"filed":false,"allowsSectionCost":true,"suggestedUsers":["66d8cf4f4a7101503b01f84a","6532b807897f712ff487a792","68b7576fc6280f9b167a25c8","666078059a5ece0ee6e95904","6852fa6a402dddfa16b72eee","666748b30c80b160cb019c0a"],"invitedUsers":[],"_id":"68cb1b1de9ce45006a549589","tripDates":[{"_id":"68cb1b1de9ce45006a54958a","day":"monday","time":"2025-09-17T18:38:00.000Z"}],"followerShards":[],"restrictions":[{"restrictionValues":[],"_id":"68cb1b1de9ce45006a54958b","restrictionType":"public"}],"pickupPlaces":[],"dropoutPlaces":[],"followersData":[],"pendingsData":[],"seats":4,"direction":74.36685324702432,"distance":8792.875428762256,"timezone":"America/Santiago","currency":"clp","comment":"","recurrent":true,"codedRoute":"d|_qEhsmoLeA[aCa@sHsAyDqBmByAgBAaAaAiAmAiAsAwAsAuCsDsCgEa@o@mAAEEUEE?Ai@GmCKmCIaAq@uESqBCmA?aCB@RqBTuB`CuXVoC`@kEXgBj@cDT@z@qCzByH`@cBn@aCj@cCLo@ZwCb@aFTyCJiDHqIFwCJo@`@kAPa@d@iAnDkJ`AmClCaG|AkDXeAz@iFb@eDZqA`@kAh@mArAqCXk@Ks@SaA]uAaDuLs@eC[s@eB_C_EeF_AcAkCgC_AeAgCCYg@a@uASq@UWq@i@YYOUGOQkAOyAI_@_@yAEc@Ao@AgCEmA@_@Du@Ca@c@_DdBq@~DwARO^c@rCqEXa@WnAi@x@_@vA@Ws@gAwBcAqBcCEHwPiEIFmLyGsMMWAOHSLUASy@kBcAaBu@cAYe@O_@_BfAI@w@c@yAw@q@SEkAsAWQ@wBnAqBxAMs@IW_Aj@aAv@i@Qc@a@","cost":0,"category":"5dab2269d79e785955386e2d","originalCost":700,"studentFee":false,"createdAt":"2025-09-17T20:33:33.758Z","updatedAt":"2025-09-17T20:33:33.758Z","__v":0} 
 </msg>
<msg timestamp="20250917 17:33:33.225" level="INFO">${response} = &lt;Response [200]&gt;</msg>
<status status="PASS" starttime="20250917 17:33:32.227" endtime="20250917 17:33:33.225"/>
</kw>
<kw name="Convert To String" library="BuiltIn">
<var>${code}</var>
<arg>${response.status_code}</arg>
<doc>Converts the given item to a Unicode string.</doc>
<msg timestamp="20250917 17:33:33.228" level="INFO">${code} = 200</msg>
<status status="PASS" starttime="20250917 17:33:33.226" endtime="20250917 17:33:33.228"/>
</kw>
<kw name="Should Be Equal As Numbers" library="BuiltIn">
<arg>${code}</arg>
<arg>200</arg>
[...]
 'startDate': '2025-09-22T18:38:00.996Z',
 'status': 'ended',
 'timeToLeave': 0,
 'tripId': '68cb1b1de9ce45006a549589',
 'updatedAt': '2025-09-17T20:35:08.384Z',
 'userId': '68a75a4e7811f4c78b962442'} ]</msg>
<msg timestamp="20250917 17:35:07.792" level="TRACE">Return: {'__v': 1,
 '_id': '68cb1b1de9ce45006a5495ab',
 'boardingDetails': [],
 'createdAt': '2025-09-17T20:33:33.999Z',
 'distance': 0,
 'endedAt': '2025-09-17T20:35:08.383Z',
 'filed': False,
 'passengers': ['68b7576fc6280f9b167a25c8'],
 'recurrent': True,
 'startDate': '2025-09-22T18:38:00.996Z',
 'status': 'ended',
 'timeToLeave': 0,
 'tripId': '68cb1b1de9ce45006a549589',
 'updatedAt': '2025-09-17T20:35:08.384Z',
 'userId': '68a75a4e7811f4c78b962442'}</msg>
<msg timestamp="20250917 17:35:07.792" level="INFO">${trip_instance} = {'passengers': ['68b7576fc6280f9b167a25c8'], 'filed': False, 'distance': 0, '_id': '68cb1b1de9ce45006a5495ab', 'status': 'ended', 'timeToLeave': 0, 'startDate': '2025-09-22T18:38:00.996Z', 'recurrent'...</msg>
<status status="PASS" starttime="20250917 17:35:07.792" endtime="20250917 17:35:07.792"/>
</kw>
<kw name="Should Not Be Empty" library="BuiltIn">
<arg>${trip_instance["_id"]}</arg>
<arg>msg=❌ Trip instance is missing _id</arg>
<doc>Verifies that the given item is not empty.</doc>
<msg timestamp="20250917 17:35:07.793" level="TRACE">Arguments: [ '68cb1b1de9ce45006a5495ab' | msg='❌ Trip instance is missing _id' ]</msg>
<msg timestamp="20250917 17:35:07.793" level="INFO">Length is 24</msg>
<msg timestamp="20250917 17:35:07.793" level="TRACE">Return: None</msg>
<status status="PASS" starttime="20250917 17:35:07.793" endtime="20250917 17:35:07.793"/>
</kw>
<kw name="Should Be Equal As Strings" library="BuiltIn">
<arg>${trip_instance["status"]}</arg>
<arg>ended</arg>
<arg>msg=❌ Trip instance status should be 'ended'</arg>
<doc>Fails if objects are unequal after converting them to strings.</doc>
<msg timestamp="20250917 17:35:07.796" level="TRACE">Arguments: [ 'ended' | 'ended' | msg="❌ Trip instance status should be 'ended'" ]</msg>
<msg timestamp="20250917 17:35:07.796" level="DEBUG">Argument types are:
&lt;class 'str'&gt;
&lt;class 'str'&gt;</msg>
<msg timestamp="20250917 17:35:07.796" level="TRACE">Return: None</msg>
<status status="PASS" starttime="20250917 17:35:07.794" endtime="20250917 17:35:07.796"/>
</kw>
<kw name="Should Be Equal As Strings" library="BuiltIn">
<arg>${trip_instance["recurrent"]}</arg>
<arg>True</arg>
<arg>msg=❌ Trip instance should be recurrent but is not</arg>
<doc>Fails if objects are unequal after converting them to strings.</doc>
<msg timestamp="20250917 17:35:07.797" level="TRACE">Arguments: [ True | 'True' | msg='❌ Trip instance should be recurrent but is not' ]</msg>
<msg timestamp="20250917 17:35:07.797" level="INFO">Argument types are:
&lt;class 'bool'&gt;
&lt;class 'str'&gt;</msg>
<msg timestamp="20250917 17:35:07.797" level="TRACE">Return: None</msg>
<status status="PASS" starttime="20250917 17:35:07.796" endtime="20250917 17:35:07.797"/>
</kw>
<kw name="Should Not Be Empty" library="BuiltIn">
<arg>${trip_instance["tripId"]}</arg>
<arg>msg=❌ Trip instance missing tripId</arg>
<doc>Verifies that the given item is not empty.</doc>
<msg timestamp="20250917 17:35:07.799" level="TRACE">Arguments: [ '68cb1b1de9ce45006a549589' | msg='❌ Trip instance missing tripId' ]</msg>
<msg timestamp="20250917 17:35:07.799" level="INFO">Length is 24</msg>
<msg timestamp="20250917 17:35:07.799" level="TRACE">Return: None</msg>
<status status="PASS" starttime="20250917 17:35:07.798" endtime="20250917 17:35:07.799"/>
</kw>
<kw name="Should Not Be Empty" library="BuiltIn">
<arg>${trip_instance["userId"]}</arg>
<arg>msg=❌ Trip instance missing userId</arg>
<doc>Verifies that the given item is not empty.</doc>
<msg timestamp="20250917 17:35:07.799" level="TRACE">Arguments: [ '68a75a4e7811f4c78b962442' | msg='❌ Trip instance missing userId' ]</msg>
<msg timestamp="20250917 17:35:07.799" level="INFO">Length is 24</msg>
<msg timestamp="20250917 17:35:07.799" level="TRACE">Return: None</msg>
<status status="PASS" starttime="20250917 17:35:07.799" endtime="20250917 17:35:07.800"/>
</kw>
<kw name="Should Be Equal As Numbers" library="BuiltIn">
<arg>${trip_instance["distance"]}</arg>
<arg>0</arg>
<arg>msg=❌ Trip instance distance should be 0 initially</arg>
<doc>Fails if objects are unequal after converting them to real numbers.</doc>
<msg timestamp="20250917 17:35:07.801" level="TRACE">Arguments: [ 0 | '0' | msg='❌ Trip instance distance should be 0 initially' ]</msg>
<msg timestamp="20250917 17:35:07.801" level="INFO">Argument types are:
&lt;class 'int'&gt;
&lt;class 'str'&gt;</msg>
<msg timestamp="20250917 17:35:07.801" level="TRACE">Return: None</msg>
<status status="PASS" starttime="20250917 17:35:07.800" endtime="20250917 17:35:07.801"/>
</kw>
<kw name="Should Be Equal As Strings" library="BuiltIn">
<arg>${trip_instance["filed"]}</arg>
<arg>False</arg>
<arg>msg=❌ Trip instance should not be filed</arg>
<doc>Fails if objects are unequal after converting them to strings.</doc>
<msg timestamp="20250917 17:35:07.803" level="TRACE">Arguments: [ False | 'False' | msg='❌ Trip instance should not be filed' ]</msg>
<msg timestamp="20250917 17:35:07.803" level="INFO">Argument types are:
&lt;class 'bool'&gt;
&lt;class 'str'&gt;</msg>
<msg timestamp="20250917 17:35:07.803" level="TRACE">Return: None</msg>
<status status="PASS" starttime="20250917 17:35:07.801" endtime="20250917 17:35:07.803"/>
</kw>
<kw name="Should Not Be Empty" library="BuiltIn">
<arg>${trip_instance["startDate"]}</arg>
<arg>msg=❌ Trip instance missing startDate</arg>
<doc>Verifies that the given item is not empty.</doc>
<msg timestamp="20250917 17:35:07.804" level="TRACE">Arguments: [ '2025-09-22T18:38:00.996Z' | msg='❌ Trip instance missing startDate' ]</msg>
<msg timestamp="20250917 17:35:07.804" level="INFO">Length is 24</msg>
<msg timestamp="20250917 17:35:07.804" level="TRACE">Return: None</msg>
<status status="PASS" starttime="20250917 17:35:07.804" endtime="20250917 17:35:07.804"/>
</kw>
<kw name="Evaluate" library="BuiltIn">
<var>${day_of_week}</var>
<arg>__import__('datetime').datetime.fromisoformat(${trip_instance["startDate"].replace("Z","")}).strftime('%A')</arg>
<doc>Evaluates the given expression in Python and returns the result.</doc>
<msg timestamp="20250917 17:35:07.805" level="TRACE">Arguments: [ "__import__('datetime').datetime.fromisoformat(2025-09-22T18:38:00.996).strftime('%A')" ]</msg>
<msg timestamp="20250917 17:35:07.806" level="FAIL">Evaluating expression '__import__('datetime').datetime.fromisoformat(2025-09-22T18:38:00.996).strftime('%A')' failed: SyntaxError: leading zeros in decimal integer literals are not permitted; use an 0o prefix for octal integers (&lt;string&gt;, line 1)</msg>
<msg timestamp="20250917 17:35:07.806" level="DEBUG">robot.errors.DataError: Evaluating expression '__import__('datetime').datetime.fromisoformat(2025-09-22T18:38:00.996).strftime('%A')' failed: SyntaxError: leading zeros in decimal integer literals are not permitted; use an 0o prefix for octal integers (&lt;string&gt;, line 1)

During handling of the above exception, another exception occurred:

RuntimeError: Evaluating expression '__import__('datetime').datetime.fromisoformat(2025-09-22T18:38:00.996).strftime('%A')' failed: SyntaxError: leading zeros in decimal integer literals are not permitted; use an 0o prefix for octal integers (&lt;string&gt;, line 1)</msg>
<status status="FAIL" starttime="20250917 17:35:07.805" endtime="20250917 17:35:07.806"/>
</kw>
<kw name="Should Be Equal As Strings" library="BuiltIn">
<arg>${day_of_week}</arg>
<arg>Monday</arg>
<arg>msg=❌ Trip instance startDate must fall on a Monday</arg>
<doc>Fails if objects are unequal after converting them to strings.</doc>
<status status="NOT RUN" starttime="20250917 17:35:07.806" endtime="20250917 17:35:07.806"/>
</kw>
<kw name="Should Not Be Empty" library="BuiltIn">
<arg>${trip_instance["endedAt"]}</arg>
<arg>msg=❌ Trip instance has status 'ended' but is missing endedAt timestamp</arg>
<doc>Verifies that the given item is not empty.</doc>
<status status="NOT RUN" starttime="20250917 17:35:07.806" endtime="20250917 17:35:07.807"/>
</kw>
<kw name="Length Should Be" library="BuiltIn">
<arg>${trip_instance["passengers"]}</arg>
<arg>1</arg>
<arg>msg=❌ Expected 1 passenger, but got a different number</arg>
<doc>Verifies that the length of the given item is correct.</doc>
<status status="NOT RUN" starttime="20250917 17:35:07.807" endtime="20250917 17:35:07.807"/>
</kw>
<kw name="Should Not Be Empty" library="BuiltIn">
<arg>${trip_instance["passengers"][0]}</arg>
<arg>msg=❌ Passenger ID is missing in the trip instance</arg>
<doc>Verifies that the given item is not empty.</doc>
<status status="NOT RUN" starttime="20250917 17:35:07.808" endtime="20250917 17:35:07.808"/>
</kw>
<status status="FAIL" starttime="20250917 17:35:06.950" endtime="20250917 17:35:07.808">Evaluating expression '__import__('datetime').datetime.fromisoformat(2025-09-22T18:38:00.996).strftime('%A')' failed: SyntaxError: leading zeros in decimal integer literals are not permitted; use an 0o prefix for octal integers (&lt;string&gt;, line 1)</status>
</test>
<test id="s1-t23" name="Delete trip" line="725">
<kw name="Create Session" library="RequestsLibrary">
<arg>mysesion</arg>
<arg>${STAGE_URL}</arg>
<arg>verify=true</arg>
<doc>Create Session: create a HTTP session to a server</doc>
<msg timestamp="20250917 17:35:07.810" level="TRACE">Arguments: [ 'mysesion' | 'https://stage.allrideapp.com' | verify=True ]</msg>
<msg timestamp="20250917 17:35:07.810" level="INFO">Creating Session using : alias=mysesion, url=https://stage.allrideapp.com, headers={},                     cookies={}, auth=None, timeout=None, proxies=None, verify=True,                     debug=0 </msg>
<msg timestamp="20250917 17:35:07.810" level="DEBUG">Creating session: mysesion</msg>
<msg timestamp="20250917 17:35:07.810" level="TRACE">Return: &lt;requests.sessions.Session object at 0x0000025158557EB0&gt;</msg>
<status status="PASS" starttime="20250917 17:35:07.809" endtime="20250917 17:35:07.810"/>
</kw>
<kw name="Create Dictionary" library="BuiltIn">
<var>${headers}</var>
<arg>Authorization=Bearer ${accessTokenCarpool1}</arg>
<arg>Content-Type=application/json; charset=utf-8</arg>
<doc>Creates and returns a dictionary based on the given ``items``.</doc>
<msg timestamp="20250917 17:35:07.810" level="TRACE">Arguments: [ 'Authorization=Bearer ${accessTokenCarpool1}' | 'Content-Type=application/json; charset=utf-8' ]</msg>
<msg timestamp="20250917 17:35:07.811" level="TRACE">Return: {'Authorization': 'Bearer 2c248554a678ba4db9f24a2c29ff3bde8aac94aaff31a8aba13d4b80c4f005d487dd5582ee20be44b120530cf71edba52322bf33e2bd29af89f434b5617b8be9',
 'Content-Type': 'application/json; charset=utf-8'}</msg>
<msg timestamp="20250917 17:35:07.811" level="INFO">${headers} = {'Authorization': 'Bearer 2c248554a678ba4db9f24a2c29ff3bde8aac94aaff31a8aba13d4b80c4f005d487dd5582ee20be44b120530cf71edba52322bf33e2bd29af89f434b5617b8be9', 'Content-Type': 'application/json; charset=...</msg>
<status status="PASS" starttime="20250917 17:35:07.810" endtime="20250917 17:35:07.811"/>
</kw>
<kw name="DELETE On Session" library="RequestsLibrary">
<var>${response}</var>
<arg>mysesion</arg>
<arg>url=/api/v1/trips/${tripId}</arg>
<arg>headers=${headers}</arg>
<doc>Sends a DELETE request on a previously created HTTP Session.</doc>
<msg timestamp="20250917 17:35:07.811" level="TRACE">Arguments: [ 'mysesion' | url='/api/v1/trips/68cb1b1de9ce45006a549589' | headers={'Authorization': 'Bearer 2c248554a678ba4db9f24a2c29ff3bde8aac94aaff31a8aba13d4b80c4f005d487dd5582ee20be44b120530cf71edba52322bf33e2bd29af89f434b5617b8be9',
 'Content-Type': 'application/json; charset=utf-8'} ]</msg>
<msg timestamp="20250917 17:35:07.812" level="DEBUG">Starting new HTTPS connection (1): stage.allrideapp.com:443</msg>
<msg timestamp="20250917 17:35:08.489" level="DEBUG">https://stage.allrideapp.com:443 "DELETE /api/v1/trips/68cb1b1de9ce45006a549589 HTTP/11" 200 None</msg>
<msg timestamp="20250917 17:35:08.489" level="INFO">DELETE Request : url=https://stage.allrideapp.com/api/v1/trips/68cb1b1de9ce45006a549589 
 path_url=/api/v1/trips/68cb1b1de9ce45006a549589 
 headers={'User-Agent': 'python-requests/2.32.3', 'Accept-Encoding': 'gzip, deflate', 'Accept': '*/*', 'Connection': 'keep-alive', 'Authorization': 'Bearer 2c248554a678ba4db9f24a2c29ff3bde8aac94aaff31a8aba13d4b80c4f005d487dd5582ee20be44b120530cf71edba52322bf33e2bd29af89f434b5617b8be9', 'Content-Type': 'application/json; charset=utf-8', 'Content-Length': '0'} 
 body=None 
 </msg>
<msg timestamp="20250917 17:35:08.489" level="INFO">DELETE Response : url=https://stage.allrideapp.com/api/v1/trips/68cb1b1de9ce45006a549589 
 status=200, reason=OK 
 headers={'Date': 'Wed, 17 Sep 2025 20:35:09 GMT', 'Content-Type': 'application/json; charset=utf-8', 'Transfer-Encoding': 'chunked', 'Connection': 'keep-alive', 'Server': 'nginx', 'X-DNS-Prefetch-Control': 'off', 'X-Frame-Options': 'SAMEORIGIN', 'Strict-Transport-Security': 'max-age=15552000; includeSubDomains', 'X-Download-Options': 'noopen', 'X-Content-Type-Options': 'nosniff', 'X-XSS-Protection': '1; mode=block', 'Access-Control-Allow-Origin': '*', 'X-RateLimit-Limit': '200', 'X-RateLimit-Remaining': '199', 'X-RateLimit-Reset': '1758141370', 'ETag': 'W/"1a-IeoyNvczYiZKpwf3lVjLM1Bfe0Y"', 'Content-Encoding': 'gzip'} 
 body={"message":"Trip deleted"} 
 </msg>
<msg timestamp="20250917 17:35:08.490" level="TRACE">Return: &lt;Response [200]&gt;</msg>
<msg timestamp="20250917 17:35:08.490" level="INFO">${response} = &lt;Response [200]&gt;</msg>
<status status="PASS" starttime="20250917 17:35:07.811" endtime="20250917 17:35:08.490"/>
</kw>
<kw name="Convert To String" library="BuiltIn">
<var>${code}</var>
<arg>${response.status_code}</arg>
<doc>Converts the given item to a Unicode string.</doc>
<msg timestamp="20250917 17:35:08.492" level="TRACE">Arguments: [ 200 ]</msg>
<msg timestamp="20250917 17:35:08.492" level="DEBUG">Argument types are:
&lt;class 'int'&gt;</msg>
<msg timestamp="20250917 17:35:08.492" level="TRACE">Return: '200'</msg>
<msg timestamp="20250917 17:35:08.492" level="INFO">${code} = 200</msg>
<status status="PASS" starttime="20250917 17:35:08.491" endtime="20250917 17:35:08.492"/>
</kw>
<kw name="Should Be Equal As Numbers" library="BuiltIn">
<arg>${code}</arg>
<arg>200</arg>
<doc>Fails if objects are unequal after converting them to real numbers.</doc>
<msg timestamp="20250917 17:35:08.492" level="TRACE">Arguments: [ '200' | '200' ]</msg>
<msg timestamp="20250917 17:35:08.492" level="DEBUG">Argument types are:
&lt;class 'str'&gt;
&lt;class 'str'&gt;</msg>
<msg timestamp="20250917 17:35:08.492" level="TRACE">Return: None</msg>
<status status="PASS" starttime="20250917 17:35:08.492" endtime="20250917 17:35:08.492"/>
</kw>
<kw name="Set Variable" library="BuiltIn">
<var>${response}</var>
<arg>${response.json()}</arg>
<doc>Returns the given values which can then be assigned to a variables.</doc>
<msg timestamp="20250917 17:35:08.493" level="TRACE">Arguments: [ {'message': 'Trip deleted'} ]</msg>
<msg timestamp="20250917 17:35:08.493" level="TRACE">Return: {'message': 'Trip deleted'}</msg>
<msg timestamp="20250917 17:35:08.494" level="INFO">${response} = {'message': 'Trip deleted'}</msg>
<status status="PASS" starttime="20250917 17:35:08.493" endtime="20250917 17:35:08.494"/>
</kw>
<kw name="Should Be Equal As Strings" library="BuiltIn">
<arg>${response["message"]}</arg>
<arg>Trip deleted</arg>
<arg>msg=❌ Expected 'Trip deleted' message, but got something else</arg>
<doc>Fails if objects are unequal after converting them to strings.</doc>
<msg timestamp="20250917 17:35:08.495" level="TRACE">Arguments: [ 'Trip deleted' | 'Trip deleted' | msg="❌ Expected 'Trip deleted' message, but got something else" ]</msg>
<msg timestamp="20250917 17:35:08.495" level="DEBUG">Argument types are:
&lt;class 'str'&gt;
&lt;class 'str'&gt;</msg>
<msg timestamp="20250917 17:35:08.495" level="TRACE">Return: None</msg>
<status status="PASS" starttime="20250917 17:35:08.494" endtime="20250917 17:35:08.495"/>
</kw>
<kw name="Should Not Be Empty" library="BuiltIn">
<arg>${response["message"]}</arg>
<arg>msg=❌ Response message is missing after deletion</arg>
<doc>Verifies that the given item is not empty.</doc>
<msg timestamp="20250917 17:35:08.496" level="TRACE">Arguments: [ 'Trip deleted' | msg='❌ Response message is missing after deletion' ]</msg>
<msg timestamp="20250917 17:35:08.496" level="INFO">Length is 12</msg>
<msg timestamp="20250917 17:35:08.496" level="TRACE">Return: None</msg>
<status status="PASS" starttime="20250917 17:35:08.495" endtime="20250917 17:35:08.496"/>
</kw>
<status status="PASS" starttime="20250917 17:35:07.809" endtime="20250917 17:35:08.496"/>
</test>
<status status="FAIL" starttime="20250917 17:33:27.764" endtime="20250917 17:35:08.499"/>
</suite>
<statistics>
<total>
<stat pass="20" fail="3" skip="0">All Tests</stat>
</total>
<tag>
</tag>
<suite>
<stat pass="20" fail="3" skip="0" id="s1" name="carpoolFlow">carpoolFlow</stat>
</suite>
</statistics>
<errors>
<msg timestamp="20250917 17:33:28.215" level="ERROR">Error in file 'c:\Users\UsuarioCompuElite\Documents\GitHub\Respaldo\AllRide Test Cases\Test Cases\Carpool\carpoolFlow.robot' on line 10: Importing library 'RPA.Smartsheet' failed: ImportError: cannot import name 'gen' from 'tornado' (C:\Users\UsuarioCompuElite\AppData\Local\Programs\Python\Python312\Lib\site-packages\socketio\tornado.py)
Traceback (most recent call last):
  File "c:\ProgramData\robocorp\ht\229af4a_b1f3c24_1c0bc041\lib\site-packages\RPA\Smartsheet.py", line 27, in &lt;module&gt;
    from RPA.Robocorp.utils import PathType, get_output_dir
  File "c:\ProgramData\robocorp\ht\229af4a_b1f3c24_1c0bc041\lib\site-packages\RPA\Robocorp\utils.py", line 14, in &lt;module&gt;
    from tenacity import (
  File "c:\ProgramData\robocorp\ht\229af4a_b1f3c24_1c0bc041\lib\site-packages\tenacity\__init__.py", line 656, in &lt;module&gt;
    from tenacity.tornadoweb import TornadoRetrying
  File "c:\ProgramData\robocorp\ht\229af4a_b1f3c24_1c0bc041\lib\site-packages\tenacity\tornadoweb.py", line 23, in &lt;module&gt;
    from tornado import gen
PYTHONPATH:
  C:\Users\UsuarioCompuElite\AppData\Local\Programs\Python\Python312
  C:\Users\UsuarioCompuElite\AppData\Local\Programs\Python\Python312\Lib\site-packages\socketio
  c:\Users\UsuarioCompuElite\.vscode\extensions\robocorp.robotframework-lsp-1.13.0\src\robotframework_debug_adapter
  C:\Users\UsuarioCompuElite\AppData\Local\Programs\Python\Python312
  c:\Users\UsuarioCompuElite\.vscode\extensions\robocorp.robotframework-lsp-1.13.0\src
  c:\Users\UsuarioCompuElite\.vscode\extensions\robocorp.robotframework-lsp-1.13.0\src\robotframework_ls\vendored
  c:\ProgramData\robocorp\ht\229af4a_b1f3c24_1c0bc041\python310.zip
  c:\ProgramData\robocorp\ht\229af4a_b1f3c24_1c0bc041\DLLs
  c:\ProgramData\robocorp\ht\229af4a_b1f3c24_1c0bc041\lib
  c:\ProgramData\robocorp\ht\229af4a_b1f3c24_1c0bc041
  c:\ProgramData\robocorp\ht\229af4a_b1f3c24_1c0bc041\lib\site-packages
  c:\ProgramData\robocorp\ht\229af4a_b1f3c24_1c0bc041\lib\site-packages\win32
  c:\ProgramData\robocorp\ht\229af4a_b1f3c24_1c0bc041\lib\site-packages\win32\lib
  c:\ProgramData\robocorp\ht\229af4a_b1f3c24_1c0bc041\lib\site-packages\Pythonwin</msg>
<msg timestamp="20250917 17:33:33.245" level="WARN">Keyword 'BuiltIn.Run Keyword Unless' is deprecated. </msg>
<msg timestamp="20250917 17:33:33.249" level="WARN">Keyword 'BuiltIn.Run Keyword Unless' is deprecated. </msg>
<msg timestamp="20250917 17:33:33.250" level="WARN">Keyword 'BuiltIn.Run Keyword Unless' is deprecated. </msg>
<msg timestamp="20250917 17:33:33.252" level="WARN">Keyword 'BuiltIn.Run Keyword Unless' is deprecated. </msg>
<msg timestamp="20250917 17:33:33.255" level="WARN">Keyword 'BuiltIn.Run Keyword Unless' is deprecated. </msg>
</errors>
</robot>
