<?xml version="1.0" encoding="UTF-8"?>
<robot generator="Robot 6.1.1 (Python 3.10.12 on win32)" generated="20250718 17:59:11.459" rpa="false" schemaversion="4">
<suite id="s1" name="actionsOnStop2(ValidateMovesToNext)" source="c:\Users\nico2\Documents\AllRide\RobotFramework Stage\Respaldo\AllRide Test Cases\Test Cases\RDD Flow\Admin\Common Destination\actionsOnStop2(ValidateMovesToNext).robot">
<test id="s1-t1" name="Set Date Variables" line="14">
<kw name="Get Current Date" library="DateTime">
<var>${fecha_hoy}</var>
<arg>result_format=%Y-%m-%d</arg>
<doc>Returns current local or UTC time with an optional increment.</doc>
<msg timestamp="20250718 17:59:13.131" level="INFO">${fecha_hoy} = 2025-07-18</msg>
<status status="PASS" starttime="20250718 17:59:13.130" endtime="20250718 17:59:13.136"/>
</kw>
<kw name="Set Global Variable" library="BuiltIn">
<arg>${fecha_hoy}</arg>
<doc>Makes a variable available globally in all tests and suites.</doc>
<msg timestamp="20250718 17:59:13.138" level="INFO">${fecha_hoy} = 2025-07-18</msg>
<status status="PASS" starttime="20250718 17:59:13.137" endtime="20250718 17:59:13.138"/>
</kw>
<kw name="Add Time To Date" library="DateTime">
<var>${fecha_manana}</var>
<arg>${fecha_hoy}</arg>
<arg>1 days</arg>
<arg>result_format=%Y-%m-%d</arg>
<doc>Adds time to date and returns the resulting date.</doc>
<msg timestamp="20250718 17:59:13.150" level="INFO">${fecha_manana} = 2025-07-19</msg>
<status status="PASS" starttime="20250718 17:59:13.139" endtime="20250718 17:59:13.150"/>
</kw>
<kw name="Set Global Variable" library="BuiltIn">
<arg>${fecha_manana}</arg>
<doc>Makes a variable available globally in all tests and suites.</doc>
<msg timestamp="20250718 17:59:13.152" level="INFO">${fecha_manana} = 2025-07-19</msg>
<status status="PASS" starttime="20250718 17:59:13.152" endtime="20250718 17:59:13.153"/>
</kw>
<kw name="Add Time To Date" library="DateTime">
<var>${fecha_pasado_manana}</var>
<arg>${fecha_hoy}</arg>
<arg>2 days</arg>
<arg>result_format=%Y-%m-%d</arg>
<doc>Adds time to date and returns the resulting date.</doc>
<msg timestamp="20250718 17:59:13.155" level="INFO">${fecha_pasado_manana} = 2025-07-20</msg>
<status status="PASS" starttime="20250718 17:59:13.154" endtime="20250718 17:59:13.155"/>
</kw>
<kw name="Set Global Variable" library="BuiltIn">
<arg>${fecha_pasado_manana}</arg>
<doc>Makes a variable available globally in all tests and suites.</doc>
<msg timestamp="20250718 17:59:13.157" level="INFO">${fecha_pasado_manana} = 2025-07-20</msg>
<status status="PASS" starttime="20250718 17:59:13.155" endtime="20250718 17:59:13.157"/>
</kw>
<kw name="Add Time To Date" library="DateTime">
<var>${fecha_pasado_pasado_manana}</var>
<arg>${fecha_hoy}</arg>
<arg>3 days</arg>
<arg>result_format=%Y-%m-%d</arg>
<doc>Adds time to date and returns the resulting date.</doc>
<msg timestamp="20250718 17:59:13.158" level="INFO">${fecha_pasado_pasado_manana} = 2025-07-21</msg>
<status status="PASS" starttime="20250718 17:59:13.158" endtime="20250718 17:59:13.159"/>
</kw>
<kw name="Set Global Variable" library="BuiltIn">
<arg>${fecha_pasado_pasado_manana}</arg>
<doc>Makes a variable available globally in all tests and suites.</doc>
<msg timestamp="20250718 17:59:13.161" level="INFO">${fecha_pasado_pasado_manana} = 2025-07-21</msg>
<status status="PASS" starttime="20250718 17:59:13.160" endtime="20250718 17:59:13.161"/>
</kw>
<kw name="Convert Date" library="DateTime">
<var>${dia_actual}</var>
<arg>${fecha_hoy}</arg>
<arg>result_format=%a</arg>
<doc>Converts between supported `date formats`.</doc>
<msg timestamp="20250718 17:59:13.163" level="INFO">${dia_actual} = Fri</msg>
<status status="PASS" starttime="20250718 17:59:13.162" endtime="20250718 17:59:13.163"/>
</kw>
<kw name="Set Variable" library="BuiltIn">
<var>${dia_actual_lower}</var>
<arg>${dia_actual.lower()}</arg>
<doc>Returns the given values which can then be assigned to a variables.</doc>
<msg timestamp="20250718 17:59:13.167" level="INFO">${dia_actual_lower} = fri</msg>
<status status="PASS" starttime="20250718 17:59:13.165" endtime="20250718 17:59:13.168"/>
</kw>
<kw name="Set Variable" library="BuiltIn">
<var>${arrival_date}</var>
<arg>${fecha_manana}T01:00:00.000Z</arg>
<doc>Returns the given values which can then be assigned to a variables.</doc>
<msg timestamp="20250718 17:59:13.170" level="INFO">${arrival_date} = 2025-07-19T01:00:00.000Z</msg>
<status status="PASS" starttime="20250718 17:59:13.169" endtime="20250718 17:59:13.171"/>
</kw>
<kw name="Set Global Variable" library="BuiltIn">
<arg>${arrival_date}</arg>
<doc>Makes a variable available globally in all tests and suites.</doc>
<msg timestamp="20250718 17:59:13.173" level="INFO">${arrival_date} = 2025-07-19T01:00:00.000Z</msg>
<status status="PASS" starttime="20250718 17:59:13.172" endtime="20250718 17:59:13.173"/>
</kw>
<kw name="Set Variable" library="BuiltIn">
<var>${r_estimated_arrival1}</var>
<arg>${fecha_manana}T14:45:57.000Z</arg>
<doc>Returns the given values which can then be assigned to a variables.</doc>
<msg timestamp="20250718 17:59:13.175" level="INFO">${r_estimated_arrival1} = 2025-07-19T14:45:57.000Z</msg>
<status status="PASS" starttime="20250718 17:59:13.174" endtime="20250718 17:59:13.175"/>
</kw>
<kw name="Set Global Variable" library="BuiltIn">
<arg>${r_estimated_arrival1}</arg>
<doc>Makes a variable available globally in all tests and suites.</doc>
<msg timestamp="20250718 17:59:13.178" level="INFO">${r_estimated_arrival1} = 2025-07-19T14:45:57.000Z</msg>
<status status="PASS" starttime="20250718 17:59:13.177" endtime="20250718 17:59:13.178"/>
</kw>
<kw name="Set Variable" library="BuiltIn">
<var>${service_date}</var>
<arg>${fecha_manana}T00:25:29.000Z</arg>
<doc>Returns the given values which can then be assigned to a variables.</doc>
<msg timestamp="20250718 17:59:13.180" level="INFO">${service_date} = 2025-07-19T00:25:29.000Z</msg>
<status status="PASS" starttime="20250718 17:59:13.179" endtime="20250718 17:59:13.180"/>
</kw>
<kw name="Set Global Variable" library="BuiltIn">
<arg>${service_date}</arg>
<doc>Makes a variable available globally in all tests and suites.</doc>
<msg timestamp="20250718 17:59:13.183" level="INFO">${service_date} = 2025-07-19T00:25:29.000Z</msg>
<status status="PASS" starttime="20250718 17:59:13.182" endtime="20250718 17:59:13.184"/>
</kw>
<kw name="Set Variable" library="BuiltIn">
<var>${modified_arrival_date}</var>
<arg>${fecha_manana}T01:00:00.000Z</arg>
<doc>Returns the given values which can then be assigned to a variables.</doc>
<msg timestamp="20250718 17:59:13.187" level="INFO">${modified_arrival_date} = 2025-07-19T01:00:00.000Z</msg>
<status status="PASS" starttime="20250718 17:59:13.185" endtime="20250718 17:59:13.187"/>
</kw>
<kw name="Set Global Variable" library="BuiltIn">
<arg>${modified_arrival_date}</arg>
<doc>Makes a variable available globally in all tests and suites.</doc>
<msg timestamp="20250718 17:59:13.189" level="INFO">${modified_arrival_date} = 2025-07-19T01:00:00.000Z</msg>
<status status="PASS" starttime="20250718 17:59:13.188" endtime="20250718 17:59:13.190"/>
</kw>
<kw name="Set Variable" library="BuiltIn">
<var>${r_modified_estimated_arrival}</var>
<arg>${fecha_pasado_manana}T14:45:57.000Z</arg>
<doc>Returns the given values which can then be assigned to a variables.</doc>
<msg timestamp="20250718 17:59:13.192" level="INFO">${r_modified_estimated_arrival} = 2025-07-20T14:45:57.000Z</msg>
<status status="PASS" starttime="20250718 17:59:13.191" endtime="20250718 17:59:13.192"/>
</kw>
<kw name="Set Global Variable" library="BuiltIn">
<arg>${r_modified_estimated_arrival}</arg>
<doc>Makes a variable available globally in all tests and suites.</doc>
<msg timestamp="20250718 17:59:13.195" level="INFO">${r_modified_estimated_arrival} = 2025-07-20T14:45:57.000Z</msg>
<status status="PASS" starttime="20250718 17:59:13.194" endtime="20250718 17:59:13.195"/>
</kw>
<kw name="Set Variable" library="BuiltIn">
<var>${modified_service_date}</var>
<arg>${fecha_manana}T00:25:29.000Z</arg>
<doc>Returns the given values which can then be assigned to a variables.</doc>
<msg timestamp="20250718 17:59:13.197" level="INFO">${modified_service_date} = 2025-07-19T00:25:29.000Z</msg>
<status status="PASS" starttime="20250718 17:59:13.197" endtime="20250718 17:59:13.198"/>
</kw>
<kw name="Set Global Variable" library="BuiltIn">
<arg>${modified_service_date}</arg>
<doc>Makes a variable available globally in all tests and suites.</doc>
<msg timestamp="20250718 17:59:13.200" level="INFO">${modified_service_date} = 2025-07-19T00:25:29.000Z</msg>
<status status="PASS" starttime="20250718 17:59:13.199" endtime="20250718 17:59:13.201"/>
</kw>
<kw name="Set Variable" library="BuiltIn">
<var>${service_date_20min}</var>
<arg>${fecha_manana}T00:20:00.000Z</arg>
<doc>Returns the given values which can then be assigned to a variables.</doc>
<msg timestamp="20250718 17:59:13.203" level="INFO">${service_date_20min} = 2025-07-19T00:20:00.000Z</msg>
<status status="PASS" starttime="20250718 17:59:13.202" endtime="20250718 17:59:13.203"/>
</kw>
<kw name="Set Global Variable" library="BuiltIn">
<arg>${service_date_20min}</arg>
<doc>Makes a variable available globally in all tests and suites.</doc>
<msg timestamp="20250718 17:59:13.204" level="INFO">${service_date_20min} = 2025-07-19T00:20:00.000Z</msg>
<status status="PASS" starttime="20250718 17:59:13.204" endtime="20250718 17:59:13.205"/>
</kw>
<kw name="Set Variable" library="BuiltIn">
<var>${service_date_22min}</var>
<arg>${fecha_manana}T00:47:00.000Z</arg>
<doc>Returns the given values which can then be assigned to a variables.</doc>
<msg timestamp="20250718 17:59:13.205" level="INFO">${service_date_22min} = 2025-07-19T00:47:00.000Z</msg>
<status status="PASS" starttime="20250718 17:59:13.205" endtime="20250718 17:59:13.206"/>
</kw>
<kw name="Set Global Variable" library="BuiltIn">
<arg>${service_date_22min}</arg>
<doc>Makes a variable available globally in all tests and suites.</doc>
<msg timestamp="20250718 17:59:13.208" level="INFO">${service_date_22min} = 2025-07-19T00:47:00.000Z</msg>
<status status="PASS" starttime="20250718 17:59:13.207" endtime="20250718 17:59:13.209"/>
</kw>
<kw name="Set Variable" library="BuiltIn">
<var>${start_date}</var>
<arg>${fecha_manana}T03:00:00.000Z</arg>
<doc>Returns the given values which can then be assigned to a variables.</doc>
<msg timestamp="20250718 17:59:13.211" level="INFO">${start_date} = 2025-07-19T03:00:00.000Z</msg>
<status status="PASS" starttime="20250718 17:59:13.210" endtime="20250718 17:59:13.211"/>
</kw>
<kw name="Set Global Variable" library="BuiltIn">
<arg>${start_date}</arg>
<doc>Makes a variable available globally in all tests and suites.</doc>
<msg timestamp="20250718 17:59:13.214" level="INFO">${start_date} = 2025-07-19T03:00:00.000Z</msg>
<status status="PASS" starttime="20250718 17:59:13.213" endtime="20250718 17:59:13.215"/>
</kw>
<kw name="Set Variable" library="BuiltIn">
<var>${end_date_4weeks}</var>
<arg>2023-12-30T02:59:59.999Z</arg>
<doc>Returns the given values which can then be assigned to a variables.</doc>
<msg timestamp="20250718 17:59:13.217" level="INFO">${end_date_4weeks} = 2023-12-30T02:59:59.999Z</msg>
<status status="PASS" starttime="20250718 17:59:13.215" endtime="20250718 17:59:13.217"/>
</kw>
<kw name="Set Global Variable" library="BuiltIn">
<arg>${end_date_4weeks}</arg>
<doc>Makes a variable available globally in all tests and suites.</doc>
<msg timestamp="20250718 17:59:13.220" level="INFO">${end_date_4weeks} = 2023-12-30T02:59:59.999Z</msg>
<status status="PASS" starttime="20250718 17:59:13.218" endtime="20250718 17:59:13.220"/>
</kw>
<kw name="Set Variable" library="BuiltIn">
<var>${end_date}</var>
<arg>${fecha_pasado_pasado_manana}T03:00:00.000Z</arg>
<doc>Returns the given values which can then be assigned to a variables.</doc>
<msg timestamp="20250718 17:59:13.223" level="INFO">${end_date} = 2025-07-21T03:00:00.000Z</msg>
<status status="PASS" starttime="20250718 17:59:13.222" endtime="20250718 17:59:13.223"/>
</kw>
<kw name="Set Global Variable" library="BuiltIn">
<arg>${end_date}</arg>
<doc>Makes a variable available globally in all tests and suites.</doc>
<msg timestamp="20250718 17:59:13.225" level="INFO">${end_date} = 2025-07-21T03:00:00.000Z</msg>
<status status="PASS" starttime="20250718 17:59:13.224" endtime="20250718 17:59:13.225"/>
</kw>
<kw name="Set Variable" library="BuiltIn">
<var>${end_date_tomorrow}</var>
<arg>${fecha_manana}T03:00:00.000Z</arg>
<doc>Returns the given values which can then be assigned to a variables.</doc>
<msg timestamp="20250718 17:59:13.227" level="INFO">${end_date_tomorrow} = 2025-07-19T03:00:00.000Z</msg>
<status status="PASS" starttime="20250718 17:59:13.226" endtime="20250718 17:59:13.228"/>
</kw>
<kw name="Set Global Variable" library="BuiltIn">
<arg>${end_date_tomorrow}</arg>
<doc>Makes a variable available globally in all tests and suites.</doc>
<msg timestamp="20250718 17:59:13.231" level="INFO">${end_date_tomorrow} = 2025-07-19T03:00:00.000Z</msg>
<status status="PASS" starttime="20250718 17:59:13.229" endtime="20250718 17:59:13.232"/>
</kw>
<kw name="Set Variable" library="BuiltIn">
<var>${schedule_day}</var>
<arg>${dia_actual_lower}</arg>
<doc>Returns the given values which can then be assigned to a variables.</doc>
<msg timestamp="20250718 17:59:13.234" level="INFO">${schedule_day} = fri</msg>
<status status="PASS" starttime="20250718 17:59:13.233" endtime="20250718 17:59:13.234"/>
</kw>
<kw name="Set Global Variable" library="BuiltIn">
<arg>${schedule_day}</arg>
<doc>Makes a variable available globally in all tests and suites.</doc>
<msg timestamp="20250718 17:59:13.237" level="INFO">${schedule_day} = fri</msg>
<status status="PASS" starttime="20250718 17:59:13.235" endtime="20250718 17:59:13.237"/>
</kw>
<kw name="Set Variable" library="BuiltIn">
<var>${start_date_today}</var>
<arg>${fecha_hoy}T03:00:00.000Z</arg>
<doc>Returns the given values which can then be assigned to a variables.</doc>
<msg timestamp="20250718 17:59:13.239" level="INFO">${start_date_today} = 2025-07-18T03:00:00.000Z</msg>
<status status="PASS" starttime="20250718 17:59:13.238" endtime="20250718 17:59:13.240"/>
</kw>
<kw name="Set Global Variable" library="BuiltIn">
<arg>${start_date_today}</arg>
<doc>Makes a variable available globally in all tests and suites.</doc>
<msg timestamp="20250718 17:59:13.242" level="INFO">${start_date_today} = 2025-07-18T03:00:00.000Z</msg>
<status status="PASS" starttime="20250718 17:59:13.241" endtime="20250718 17:59:13.243"/>
</kw>
<kw name="Set Variable" library="BuiltIn">
<var>${today_date}</var>
<arg>${fecha_hoy}</arg>
<doc>Returns the given values which can then be assigned to a variables.</doc>
<msg timestamp="20250718 17:59:13.245" level="INFO">${today_date} = 2025-07-18</msg>
<status status="PASS" starttime="20250718 17:59:13.244" endtime="20250718 17:59:13.245"/>
</kw>
<kw name="Set Global Variable" library="BuiltIn">
<arg>${today_date}</arg>
<doc>Makes a variable available globally in all tests and suites.</doc>
<msg timestamp="20250718 17:59:13.247" level="INFO">${today_date} = 2025-07-18</msg>
<status status="PASS" starttime="20250718 17:59:13.246" endtime="20250718 17:59:13.247"/>
</kw>
<kw name="Set Variable" library="BuiltIn">
<var>${end_date_tomorrow2}</var>
<arg>${fecha_manana}T02:59:59.999Z</arg>
<doc>Returns the given values which can then be assigned to a variables.</doc>
<msg timestamp="20250718 17:59:13.249" level="INFO">${end_date_tomorrow2} = 2025-07-19T02:59:59.999Z</msg>
<status status="PASS" starttime="20250718 17:59:13.248" endtime="20250718 17:59:13.250"/>
</kw>
<kw name="Set Global Variable" library="BuiltIn">
<arg>${end_date_tomorrow}</arg>
<doc>Makes a variable available globally in all tests and suites.</doc>
<msg timestamp="20250718 17:59:13.253" level="INFO">${end_date_tomorrow} = 2025-07-19T03:00:00.000Z</msg>
<status status="PASS" starttime="20250718 17:59:13.252" endtime="20250718 17:59:13.253"/>
</kw>
<kw name="Set Variable" library="BuiltIn">
<var>${expiration_date_qr}</var>
<arg>${fecha_manana}T14:10:37.968Z</arg>
<doc>Returns the given values which can then be assigned to a variables.</doc>
<msg timestamp="20250718 17:59:13.255" level="INFO">${expiration_date_qr} = 2025-07-19T14:10:37.968Z</msg>
<status status="PASS" starttime="20250718 17:59:13.254" endtime="20250718 17:59:13.256"/>
</kw>
<kw name="Set Global Variable" library="BuiltIn">
<arg>${expiration_date_qr}</arg>
<doc>Makes a variable available globally in all tests and suites.</doc>
<msg timestamp="20250718 17:59:13.257" level="INFO">${expiration_date_qr} = 2025-07-19T14:10:37.968Z</msg>
<status status="PASS" starttime="20250718 17:59:13.256" endtime="20250718 17:59:13.258"/>
</kw>
<status status="PASS" starttime="20250718 17:59:13.129" endtime="20250718 17:59:13.259"/>
</test>
<test id="s1-t2" name="Time + 1 Hour" line="64">
<kw name="Get Current Date" library="DateTime">
<var>${date}</var>
<arg>time_zone=UTC</arg>
<arg>exclude_millis=yes</arg>
<doc>Returns current local or UTC time with an optional increment.</doc>
<msg timestamp="20250718 17:59:13.263" level="INFO">${date} = 2025-07-18 21:59:13</msg>
<status status="PASS" starttime="20250718 17:59:13.262" endtime="20250718 17:59:13.264"/>
</kw>
<kw name="Convert Date" library="DateTime">
<var>${formatted_date}</var>
<arg>${date}</arg>
<arg>result_format=%Y-%m-%dT%H:%M:%S.%fZ</arg>
<doc>Converts between supported `date formats`.</doc>
<msg timestamp="20250718 17:59:13.266" level="INFO">${formatted_date} = 2025-07-18T21:59:13.000000Z</msg>
<status status="PASS" starttime="20250718 17:59:13.265" endtime="20250718 17:59:13.266"/>
</kw>
<kw name="Log" library="BuiltIn">
<arg>Hora Actual: ${formatted_date}</arg>
<doc>Logs the given message with the given level.</doc>
<msg timestamp="20250718 17:59:13.268" level="INFO">Hora Actual: 2025-07-18T21:59:13.000000Z</msg>
<status status="PASS" starttime="20250718 17:59:13.267" endtime="20250718 17:59:13.269"/>
</kw>
<kw name="Add Time To Date" library="DateTime">
<var>${one_hour_later}</var>
<arg>${date}</arg>
<arg>1 hour</arg>
<doc>Adds time to date and returns the resulting date.</doc>
<msg timestamp="20250718 17:59:13.271" level="INFO">${one_hour_later} = 2025-07-18 22:59:13.000</msg>
<status status="PASS" starttime="20250718 17:59:13.270" endtime="20250718 17:59:13.271"/>
</kw>
<kw name="Convert Date" library="DateTime">
<var>${formatted_one_hour_later}</var>
<arg>${one_hour_later}</arg>
<arg>result_format=%Y-%m-%dT%H:%M:%S.%fZ</arg>
<doc>Converts between supported `date formats`.</doc>
<msg timestamp="20250718 17:59:13.273" level="INFO">${formatted_one_hour_later} = 2025-07-18T22:59:13.000000Z</msg>
<status status="PASS" starttime="20250718 17:59:13.272" endtime="20250718 17:59:13.273"/>
</kw>
<kw name="Log" library="BuiltIn">
<arg>Hora Actual + 1 hora: ${formatted_one_hour_later}</arg>
<doc>Logs the given message with the given level.</doc>
<msg timestamp="20250718 17:59:13.275" level="INFO">Hora Actual + 1 hora: 2025-07-18T22:59:13.000000Z</msg>
<status status="PASS" starttime="20250718 17:59:13.274" endtime="20250718 17:59:13.275"/>
</kw>
<kw name="Set Global Variable" library="BuiltIn">
<arg>${formatted_one_hour_later}</arg>
<doc>Makes a variable available globally in all tests and suites.</doc>
<msg timestamp="20250718 17:59:13.276" level="INFO">${formatted_one_hour_later} = 2025-07-18T22:59:13.000000Z</msg>
<status status="PASS" starttime="20250718 17:59:13.275" endtime="20250718 17:59:13.277"/>
</kw>
<status status="PASS" starttime="20250718 17:59:13.260" endtime="20250718 17:59:13.277"/>
</test>
<test id="s1-t3" name="Verify Open RDD in Community" line="76">
<kw name="Skip" library="BuiltIn">
<doc>Skips the rest of the current test.</doc>
<msg timestamp="20250718 17:59:13.281" level="SKIP">Skipped with Skip keyword.</msg>
<status status="SKIP" starttime="20250718 17:59:13.280" endtime="20250718 17:59:13.281"/>
</kw>
<kw name="Set Variable" library="BuiltIn">
<var>${url}</var>
<arg>${STAGE_URL}/api/v1/superadmin/communities/${idComunidad}</arg>
<doc>Returns the given values which can then be assigned to a variables.</doc>
<status status="NOT RUN" starttime="20250718 17:59:13.283" endtime="20250718 17:59:13.283"/>
</kw>
<kw name="Create Dictionary" library="BuiltIn">
<var>&amp;{headers}</var>
<arg>Authorization=${tokenAdmin}</arg>
<doc>Creates and returns a dictionary based on the given ``items``.</doc>
<status status="NOT RUN" starttime="20250718 17:59:13.284" endtime="20250718 17:59:13.285"/>
</kw>
<kw name="GET" library="RequestsLibrary">
<var>${response}</var>
<arg>url=${url}</arg>
<arg>headers=${headers}</arg>
<doc>Sends a GET request.</doc>
<status status="NOT RUN" starttime="20250718 17:59:13.285" endtime="20250718 17:59:13.285"/>
</kw>
<kw name="Set Variable" library="BuiltIn">
<var>${responseJson}</var>
<arg>${response.json()}</arg>
<doc>Returns the given values which can then be assigned to a variables.</doc>
<status status="NOT RUN" starttime="20250718 17:59:13.286" endtime="20250718 17:59:13.286"/>
</kw>
<kw name="Set Variable" library="BuiltIn">
<var>${enabled}</var>
<arg>${responseJson}[custom][realTimeTransportSystem][buses][oDDServices][0][userRequests][freeRequests][enabled]</arg>
<doc>Returns the given values which can then be assigned to a variables.</doc>
<status status="NOT RUN" starttime="20250718 17:59:13.287" endtime="20250718 17:59:13.287"/>
</kw>
<kw name="Should Be Equal As Numbers" library="BuiltIn">
<arg>${response.status_code}</arg>
<arg>200</arg>
<doc>Fails if objects are unequal after converting them to real numbers.</doc>
<status status="NOT RUN" starttime="20250718 17:59:13.288" endtime="20250718 17:59:13.289"/>
</kw>
<kw name="Should Be Equal As Strings" library="BuiltIn">
<arg>${enabled}</arg>
<arg>True</arg>
<doc>Fails if objects are unequal after converting them to strings.</doc>
<status status="NOT RUN" starttime="20250718 17:59:13.290" endtime="20250718 17:59:13.290"/>
</kw>
<status status="SKIP" starttime="20250718 17:59:13.279" endtime="20250718 17:59:13.292">Skipped with Skip keyword.</status>
</test>
<test id="s1-t4" name="Get Places" line="94">
<kw name="Set Variable" library="BuiltIn">
<var>${url}</var>
<arg>${STAGE_URL}/api/v1/admin/places/list?community=${idComunidad}</arg>
<doc>Returns the given values which can then be assigned to a variables.</doc>
<msg timestamp="20250718 17:59:13.296" level="INFO">${url} = https://stage.allrideapp.com/api/v1/admin/places/list?community=653fd601f90509541a748683</msg>
<status status="PASS" starttime="20250718 17:59:13.295" endtime="20250718 17:59:13.296"/>
</kw>
<kw name="Create Dictionary" library="BuiltIn">
<var>&amp;{headers}</var>
<arg>Authorization=${tokenAdmin}</arg>
<doc>Creates and returns a dictionary based on the given ``items``.</doc>
<msg timestamp="20250718 17:59:13.298" level="INFO">&amp;{headers} = { Authorization=Bearer dd4894aa747153daff1f4864153f278603f675adb13a3ea4551c4f7e51a1751f4b6592cd993d24bd24dc1fc9c5d67169528931b12c16a9bdbc62ab7c99d221aa }</msg>
<status status="PASS" starttime="20250718 17:59:13.297" endtime="20250718 17:59:13.299"/>
</kw>
<kw name="GET" library="RequestsLibrary">
<var>${response}</var>
<arg>url=${url}</arg>
<arg>headers=${headers}</arg>
<doc>Sends a GET request.</doc>
<msg timestamp="20250718 17:59:14.141" level="INFO">GET Request : url=https://stage.allrideapp.com/api/v1/admin/places/list?community=653fd601f90509541a748683 
 path_url=/api/v1/admin/places/list?community=653fd601f90509541a748683 
 headers={'User-Agent': 'python-requests/2.31.0', 'Accept-Encoding': 'gzip, deflate', 'Accept': '*/*', 'Connection': 'keep-alive', 'Authorization': 'Bearer dd4894aa747153daff1f4864153f278603f675adb13a3ea4551c4f7e51a1751f4b6592cd993d24bd24dc1fc9c5d67169528931b12c16a9bdbc62ab7c99d221aa'} 
 body=None 
 </msg>
<msg timestamp="20250718 17:59:14.142" level="INFO">GET Response : url=https://stage.allrideapp.com/api/v1/admin/places/list?community=653fd601f90509541a748683 
 status=200, reason=OK 
 headers={'Date': 'Fri, 18 Jul 2025 21:59:16 GMT', 'Content-Type': 'application/json; charset=utf-8', 'Transfer-Encoding': 'chunked', 'Connection': 'keep-alive', 'Server': 'nginx', 'X-DNS-Prefetch-Control': 'off', 'X-Frame-Options': 'SAMEORIGIN', 'Strict-Transport-Security': 'max-age=15552000; includeSubDomains', 'X-Download-Options': 'noopen', 'X-Content-Type-Options': 'nosniff', 'X-XSS-Protection': '1; mode=block', 'Access-Control-Allow-Origin': '*', 'X-RateLimit-Limit': '200', 'X-RateLimit-Remaining': '199', 'X-RateLimit-Reset': '1752876017', 'ETag': 'W/"e4a-B9e6qn9PC2Jxf4AH3VWnAs02eaM"', 'Content-Encoding': 'gzip'} 
 body=[{"_id":"653ffbe3f90509541a749c06","shortName":"Parque Arauco","longName":"Parque Arauco Boulevard","latitude":-33.4013,"longitude":-70.5787,"communityId":"653fd601f90509541a748683","icon":"https://s3.amazonaws.com/prod.allride.mailtemplates/1536681486734favorite-place.png","createdAt":"2023-10-30T18:54:27.747Z","updatedAt":"2023-10-31T12:28:25.006Z","__v":0},{"_id":"6543b3dc0d3bbd73ffd6cc3a","shortName":"Ciudad Satelite","longName":"Ciudad Satelite Maipu","latitude":-33.5654,"longitude":-70.7796,"communityId":"653fd601f90509541a748683","icon":"https://s3.amazonaws.com/allride.uploads/communityAvatar_653fd601f90509541a748683_1698682370245.png","createdAt":"2023-11-02T14:36:12.110Z","updatedAt":"2023-11-02T14:36:40.646Z","__v":0},{"_id":"6543b4ee08b5fc610db1d0cb","shortName":"Parque Forestal","longName":"Parque Forestal","latitude":-33.4359,"longitude":-70.6417,"communityId":"653fd601f90509541a748683","icon":"https://s3.amazonaws.com/allride.uploads/communityAvatar_653fd601f90509541a748683_1698682370245.png","createdAt":"2023-11-02T14:40:46.165Z","updatedAt":"2023-11-02T14:41:07.604Z","__v":0},{"_id":"6543d0600d3bbd73ffd6de2d","shortName":"Plaza Ñuñoa","longName":"Plaza Ñuñoa","latitude":-33.4549,"longitude":-70.5915,"communityId":"653fd601f90509541a748683","icon":"https://s3.amazonaws.com/allride.uploads/communityAvatar_653fd601f90509541a748683_1698682370245.png","createdAt":"2023-11-02T16:37:52.624Z","updatedAt":"2023-11-02T16:38:13.596Z","__v":0},{"_id":"65fb4a38137abd9662f1e38c","shortName":"Puente Prueba RDD","longName":"Puente Prueba RDD","latitude":-33.6211,"longitude":-70.5956,"communityId":"653fd601f90509541a748683","icon":"https://s3.amazonaws.com/allride.uploads/communityAvatar_653fd601f90509541a748683_1699885119125.png","createdAt":"2024-03-20T20:42:32.664Z","updatedAt":"2024-03-20T20:42:46.515Z","__v":0},{"_id":"65fb4a4d8ee7436599a29761","shortName":"Peñaflor Prueba RDD","longName":"Peñaflor Prueba RDD","latitude":-33.608,"longitude":-70.8749,"communityId":"653fd601f90509541a748683","icon":"https://s3.amazonaws.com/allride.uploads/communityAvatar_653fd601f90509541a748683_1699885119125.png","createdAt":"2024-03-20T20:42:53.538Z","updatedAt":"2024-03-20T20:43:04.014Z","__v":0},{"_id":"67ae2140a6062d71dbc7517f","shortName":"Rancagua","longName":"-","latitude":-34.1711,"longitude":-70.7373,"communityId":"653fd601f90509541a748683","icon":"https://s3.amazonaws.com/allride.uploads/communityAvatar_653fd601f90509541a748683_1699885119125.png","createdAt":"2025-02-13T16:43:44.447Z","updatedAt":"2025-02-13T16:44:10.543Z","__v":0},{"_id":"67ae2165a6062d71dbc7531e","shortName":"Viña","longName":"-","latitude":-33.0252,"longitude":-71.5281,"communityId":"653fd601f90509541a748683","icon":"https://s3.amazonaws.com/allride.uploads/communityAvatar_653fd601f90509541a748683_1699885119125.png","createdAt":"2025-02-13T16:44:21.282Z","updatedAt":"2025-02-13T16:44:25.467Z","__v":0},{"_id":"681b6f2f5f780b1141ce8bf0","shortName":"Puerto Montt RDD","longName":"Puerto Montt RDD","latitude":-41.4874,"longitude":-72.9392,"communityId":"653fd601f90509541a748683","icon":"https://s3.amazonaws.com/allride.uploads/communityAvatar_653fd601f90509541a748683_1699885119125.png","createdAt":"2025-05-07T14:33:19.285Z","updatedAt":"2025-05-07T14:33:32.542Z","__v":0},{"_id":"681b6f415f780b1141ce8cac","shortName":"Hornopiren RDD","longName":"-","latitude":-41.9724,"longitude":-72.2532,"communityId":"653fd601f90509541a748683","icon":"https://s3.amazonaws.com/allride.uploads/communityAvatar_653fd601f90509541a748683_1699885119125.png","createdAt":"2025-05-07T14:33:37.124Z","updatedAt":"2025-05-07T14:33:45.378Z","__v":0}] 
 </msg>
<msg timestamp="20250718 17:59:14.142" level="INFO">${response} = &lt;Response [200]&gt;</msg>
<status status="PASS" starttime="20250718 17:59:13.300" endtime="20250718 17:59:14.142"/>
</kw>
<kw name="Should Be Equal As Numbers" library="BuiltIn">
<arg>${response.status_code}</arg>
<arg>200</arg>
<doc>Fails if objects are unequal after converting them to real numbers.</doc>
<msg timestamp="20250718 17:59:14.145" level="INFO">Argument types are:
&lt;class 'int'&gt;
&lt;class 'str'&gt;</msg>
<status status="PASS" starttime="20250718 17:59:14.143" endtime="20250718 17:59:14.145"/>
</kw>
<kw name="Should Not Be Empty" library="BuiltIn">
<arg>${response.json()}</arg>
<doc>Verifies that the given item is not empty.</doc>
<msg timestamp="20250718 17:59:14.148" level="INFO">Length is 10</msg>
<status status="PASS" starttime="20250718 17:59:14.146" endtime="20250718 17:59:14.148"/>
</kw>
<status status="PASS" starttime="20250718 17:59:13.293" endtime="20250718 17:59:14.149"/>
</test>
<test id="s1-t5" name="Create RDD As Admin" line="106">
<kw name="Create Session" library="RequestsLibrary">
<arg>mysesion</arg>
<arg>${STAGE_URL}</arg>
<arg>verify=true</arg>
<doc>Create Session: create a HTTP session to a server</doc>
<msg timestamp="20250718 17:59:14.154" level="INFO">Creating Session using : alias=mysesion, url=https://stage.allrideapp.com, headers={},                     cookies={}, auth=None, timeout=None, proxies=None, verify=True,                     debug=0 </msg>
<status status="PASS" starttime="20250718 17:59:14.153" endtime="20250718 17:59:14.154"/>
</kw>
<kw name="Create Dictionary" library="BuiltIn">
<var>${headers}</var>
<arg>Authorization=${tokenAdmin}</arg>
<arg>Content-Type=application/json; charset=utf-8</arg>
<doc>Creates and returns a dictionary based on the given ``items``.</doc>
<msg timestamp="20250718 17:59:14.156" level="INFO">${headers} = {'Authorization': 'Bearer dd4894aa747153daff1f4864153f278603f675adb13a3ea4551c4f7e51a1751f4b6592cd993d24bd24dc1fc9c5d67169528931b12c16a9bdbc62ab7c99d221aa', 'Content-Type': 'application/json; charset=...</msg>
<status status="PASS" starttime="20250718 17:59:14.155" endtime="20250718 17:59:14.156"/>
</kw>
<kw name="POST On Session" library="RequestsLibrary">
<var>${response}</var>
<arg>mysesion</arg>
<arg>url=/api/v1/admin/pb/odd?community=${idComunidad}</arg>
<arg>data={"superCommunityId":"653fd68233d83952fafcd4be","adminId":"66d75c62a1b7bc9a1dd231c6","adminName":"Soporte AllRide","oddSimpleFlow":false,"state":"pendingDriverAssignment","name":"RDD action on stop","oddType":"Taxis Coni y Nico","placeLat":-34.4111,"placeLon":-70.8537,"serviceCost":0,"calculatedCosts":{},"apportionByParams":[],"direction":"in","comments":"","serviceDate":"${formatted_one_hour_later}","extraMinutes":0,"estimatedArrival":"${r_estimated_arrival1}","reservations":[{"manuallyBooked":true,"userId":"65e8e076337a90a35ba6e8dd","stopId":"65e975a20bdb0bb5d4008898","placeId":null,"order":2,"estimatedArrival":"2025-07-17T20:35:30.000Z","distances":{"fromPrevious":110413,"toNext":1732,"distanceToLocation":1732,"pctToLocation":0.014707380863421759}},{"manuallyBooked":true,"userId":"65e092afca7842b1032f12e2","stopId":"654054d62d5b0119311ae116","placeId":null,"order":0,"estimatedArrival":"2025-07-17T19:00:00.000Z","distances":{"fromPrevious":0,"toNext":5619,"distanceToLocation":117764,"pctToLocation":1}},{"manuallyBooked":true,"userId":"67a231824e4333dad7f36f75","stopId":"653ffde9f90509541a749e18","placeId":null,"order":1,"estimatedArrival":"2025-07-17T19:13:30.000Z","distances":{"fromPrevious":5619,"toNext":110413,"distanceToLocation":112145,"pctToLocation":0.952285927787779}}],"waypoints":[[-70.78127,-33.53278],[-70.78187000000001,-33.53273],[-70.78214000000001,-33.53298],[-70.78391,-33.53418],[-70.78754,-33.536660000000005],[-70.7912,-33.53922],[-70.79151,-33.53954],[-70.79091000000001,-33.5401],[-70.78971,-33.54117],[-70.78827000000001,-33.542440000000006],[-70.78926,-33.5431],[-70.79019000000001,-33.54377],[-70.79103,-33.54442],[-70.79225000000001,-33.545280000000005],[-70.79266000000001,-33.545590000000004],[-70.79249,-33.54572],[-70.79157000000001,-33.54657],[-70.79055000000001,-33.54751],[-70.78996000000001,-33.54788],[-70.78862000000001,-33.54905],[-70.79088,-33.550610000000006],[-70.79537,-33.55371],[-70.79554,-33.55393],[-70.7954,-33.554170000000006],[-70.79511000000001,-33.55438],[-70.79278000000001,-33.55637],[-70.78927,-33.559050000000006],[-70.78606,-33.56157],[-70.78426,-33.56295],[-70.78295,-33.56389],[-70.78149,-33.562490000000004],[-70.7814,-33.562270000000005],[-70.78085,-33.5623],[-70.78066000000001,-33.56199],[-70.78054,-33.562000000000005],[-70.78049,-33.56222],[-70.78054,-33.562000000000005],[-70.78066000000001,-33.56199],[-70.78085,-33.5623],[-70.78134,-33.56214],[-70.78122,-33.56183],[-70.78107,-33.56147],[-70.78062,-33.56033],[-70.7795,-33.55903],[-70.77926000000001,-33.55874],[-70.77883,-33.55754],[-70.77839,-33.55639],[-70.77835,-33.55621],[-70.77773,-33.55646],[-70.77586000000001,-33.55711],[-70.77583,-33.55713],[-70.77575,-33.55715],[-70.77561,-33.557210000000005],[-70.77532000000001,-33.557300000000005],[-70.77439000000001,-33.55762],[-70.77291000000001,-33.55811],[-70.76689,-33.56022],[-70.76491,-33.560900000000004],[-70.76324000000001,-33.560970000000005],[-70.76198000000001,-33.561460000000004],[-70.75973,-33.56224],[-70.7594,-33.562020000000004],[-70.75895000000001,-33.56148],[-70.75840000000001,-33.560810000000004],[-70.7564,-33.558530000000005],[-70.75508,-33.55706],[-70.75394,-33.55575],[-70.75362000000001,-33.55595],[-70.75298000000001,-33.55644],[-70.75044000000001,-33.55839],[-70.74965,-33.559000000000005],[-70.74497000000001,-33.56262],[-70.74264000000001,-33.56436],[-70.73556,-33.5687],[-70.73047000000001,-33.571780000000004],[-70.72992,-33.571360000000006],[-70.72967,-33.57081],[-70.72903000000001,-33.569210000000005],[-70.72845000000001,-33.56777],[-70.72827000000001,-33.56767],[-70.72657000000001,-33.567690000000006],[-70.72569,-33.56787],[-70.72436,-33.56786],[-70.7222,-33.56772],[-70.71811000000001,-33.56752],[-70.71650000000001,-33.567510000000006],[-70.71537000000001,-33.56739],[-70.7123,-33.567240000000005],[-70.71192,-33.56736],[-70.71201,-33.56797],[-70.71222,-33.569250000000004],[-70.71283000000001,-33.57271],[-70.7132,-33.573980000000006],[-70.71374,-33.57743],[-70.71404000000001,-33.58001],[-70.71408000000001,-33.58113],[-70.71406,-33.58223],[-70.71453000000001,-33.58639],[-70.71598,-33.59801],[-70.71676000000001,-33.60428],[-70.71692,-33.60645],[-70.71683,-33.60822],[-70.7166,-33.61027],[-70.71592000000001,-33.61497],[-70.7137,-33.6302],[-70.71259,-33.637660000000004],[-70.71188000000001,-33.6426],[-70.7116,-33.64484],[-70.71163,-33.64643],[-70.71205,-33.64808],[-70.71386000000001,-33.65236],[-70.71593,-33.65704],[-70.71973000000001,-33.66559],[-70.72279,-33.6728],[-70.72563000000001,-33.679410000000004],[-70.7261,-33.6807],[-70.72632,-33.681920000000005],[-70.72647,-33.68484],[-70.72644000000001,-33.68553],[-70.72602,-33.688100000000006],[-70.72540000000001,-33.69005],[-70.72316000000001,-33.69698],[-70.72264000000001,-33.69868],[-70.72242,-33.70028],[-70.72256,-33.70212],[-70.7227,-33.70271],[-70.72321000000001,-33.70517],[-70.72453,-33.710350000000005],[-70.72616000000001,-33.716660000000005],[-70.72667000000001,-33.71855],[-70.72781,-33.72101],[-70.72994,-33.725280000000005],[-70.73196,-33.72927],[-70.73529,-33.735820000000004],[-70.73737000000001,-33.74009],[-70.73829,-33.74327],[-70.73941,-33.74805],[-70.74010000000001,-33.75112],[-70.74087,-33.755860000000006],[-70.74264000000001,-33.766580000000005],[-70.74459,-33.77854],[-70.74956,-33.808490000000006],[-70.75317000000001,-33.830600000000004],[-70.75338,-33.83214],[-70.75332,-33.832950000000004],[-70.75258000000001,-33.836020000000005],[-70.75013000000001,-33.84619],[-70.74812,-33.85483],[-70.74775000000001,-33.85882],[-70.74747,-33.859930000000006],[-70.74714,-33.860530000000004],[-70.74559,-33.86205],[-70.74256000000001,-33.864630000000005],[-70.74225000000001,-33.86504],[-70.74162000000001,-33.866400000000006],[-70.73767000000001,-33.87892],[-70.73646000000001,-33.882830000000006],[-70.73521000000001,-33.89139],[-70.73433,-33.89715],[-70.7342,-33.89875],[-70.73433,-33.900110000000005],[-70.73464,-33.90117],[-70.73494000000001,-33.9024],[-70.73491,-33.90312],[-70.73447,-33.9044],[-70.7338,-33.905300000000004],[-70.7316,-33.90742],[-70.72821,-33.910520000000005],[-70.72563000000001,-33.912980000000005],[-70.72495,-33.914010000000005],[-70.72465000000001,-33.915200000000006],[-70.72474000000001,-33.91695],[-70.72512,-33.91903],[-70.72499,-33.92004],[-70.72476,-33.92063],[-70.72375000000001,-33.921980000000005],[-70.72003000000001,-33.92443],[-70.71888000000001,-33.92531],[-70.71801,-33.926230000000004],[-70.71696,-33.92815],[-70.71639,-33.929280000000006],[-70.7146,-33.932930000000006],[-70.71262,-33.93721],[-70.71238000000001,-33.93871],[-70.71215000000001,-33.94205],[-70.71198000000001,-33.94505],[-70.71237,-33.94736],[-70.71347,-33.951950000000004],[-70.71355000000001,-33.953100000000006],[-70.71339,-33.954240000000006],[-70.7128,-33.956050000000005],[-70.71075,-33.96125],[-70.70649,-33.97233],[-70.70306000000001,-33.98106],[-70.70231000000001,-33.98306],[-70.70101000000001,-33.98695],[-70.70108,-33.990210000000005],[-70.70138,-33.99398],[-70.70248000000001,-34.00489],[-70.70370000000001,-34.0168],[-70.70508000000001,-34.03051],[-70.7056,-34.03401],[-70.70632,-34.0356],[-70.70718000000001,-34.03661],[-70.70819,-34.03743],[-70.71049000000001,-34.03851],[-70.71324,-34.03947],[-70.71443000000001,-34.0399],[-70.71855000000001,-34.04139],[-70.72498,-34.04366],[-70.72658000000001,-34.04424],[-70.72958000000001,-34.04589],[-70.73288000000001,-34.04787],[-70.73613,-34.04981],[-70.73817000000001,-34.050790000000006],[-70.74669,-34.053540000000005],[-70.74894,-34.054460000000006],[-70.7505,-34.05547],[-70.75157,-34.056400000000004],[-70.75330000000001,-34.058690000000006],[-70.7557,-34.06271],[-70.7596,-34.0689],[-70.76164,-34.0718],[-70.76251,-34.07285],[-70.77195,-34.082770000000004],[-70.77406,-34.08532],[-70.77484000000001,-34.086960000000005],[-70.77689000000001,-34.09313],[-70.77860000000001,-34.09843],[-70.77962000000001,-34.10177],[-70.77992,-34.10418],[-70.78034000000001,-34.11188],[-70.78066000000001,-34.11723],[-70.78153,-34.12163],[-70.78331,-34.12896],[-70.78548,-34.13819],[-70.78695,-34.14426],[-70.78772000000001,-34.146460000000005],[-70.78893000000001,-34.149010000000004],[-70.79144000000001,-34.15428],[-70.79272,-34.157050000000005],[-70.79346000000001,-34.15926],[-70.79390000000001,-34.16143],[-70.79408000000001,-34.164910000000006],[-70.79404000000001,-34.165620000000004],[-70.79341000000001,-34.16919],[-70.78959,-34.182950000000005],[-70.78775,-34.18938],[-70.78539,-34.198260000000005],[-70.78503,-34.201010000000004],[-70.78487000000001,-34.20563],[-70.78507,-34.20819],[-70.78589000000001,-34.211240000000004],[-70.7881,-34.21587],[-70.79247000000001,-34.22477],[-70.79312,-34.22668],[-70.79321,-34.22894],[-70.79282,-34.23067],[-70.79212000000001,-34.232530000000004],[-70.79194000000001,-34.234120000000004],[-70.79205,-34.23509],[-70.79303,-34.237320000000004],[-70.79461,-34.24015],[-70.79574000000001,-34.2421],[-70.79857000000001,-34.24707],[-70.80594,-34.26001],[-70.81633000000001,-34.27806],[-70.82137,-34.28689],[-70.82215000000001,-34.28857],[-70.82249,-34.29023],[-70.82352,-34.29544],[-70.82645000000001,-34.30995],[-70.82979,-34.32001],[-70.83322000000001,-34.330270000000006],[-70.83510000000001,-34.335890000000006],[-70.83575,-34.33744],[-70.83958000000001,-34.3442],[-70.84298000000001,-34.35015],[-70.84688,-34.35692],[-70.85213,-34.36607],[-70.87008,-34.397310000000004],[-70.87209,-34.40068],[-70.87319000000001,-34.40236],[-70.87364000000001,-34.40238],[-70.87387000000001,-34.402060000000006],[-70.87373000000001,-34.401810000000005],[-70.872,-34.401810000000005],[-70.86663,-34.40241],[-70.86243,-34.40279],[-70.85940000000001,-34.403040000000004],[-70.85891000000001,-34.40249],[-70.85822,-34.401590000000006],[-70.85865000000001,-34.401680000000006],[-70.85896000000001,-34.40178],[-70.85932000000001,-34.40193],[-70.85999000000001,-34.40195],[-70.8602,-34.401920000000004],[-70.86052000000001,-34.402370000000005],[-70.86080000000001,-34.402860000000004],[-70.85961,-34.403020000000005],[-70.85802000000001,-34.40319],[-70.85725000000001,-34.4033],[-70.85693,-34.403380000000006],[-70.85761000000001,-34.40424],[-70.85888,-34.405640000000005],[-70.85955,-34.406600000000005],[-70.8583,-34.40697],[-70.85414,-34.40818],[-70.85308,-34.408530000000006],[-70.85332000000001,-34.409400000000005],[-70.85340000000001,-34.409710000000004],[-70.85372000000001,-34.41085],[-70.85381000000001,-34.41107]],"estimatedDistance":117764,"startLocation":{"lat":-33.532782,"lon":-70.7812735,"loc":[-70.7812735,-33.532782],"placeId":null,"stopId":"654054d62d5b0119311ae116","referencePoint":true},"endLocation":{"lat":-34.4111,"lon":-70.8537,"loc":[-70.8537,-34.4111],"placeId":"6654d4acba54fe502d4e6b6a","stopId":"6654d4acba54fe502d4e6b6b"},"placeWaitTime":0,"reason":"","linkedDeparture":null,"linkedDepartures":[],"reservationsToLink":[],"cabify":{"productId":null},"asap":false,"isEmergency":false,"isPastService":false,"communityId":"","placeId":"6654d4acba54fe502d4e6b6a","stopId":"6654d4acba54fe502d4e6b6b","serviceHour":"2025-07-17T19:00:00.627Z","placeName":"Hospital Rengo","placeLongName":"Hospital Rengo","hourIsDepartureOrArrival":"departure","roundedDistance":"117.76","travelTime":6003,"originalEstimatedArrival":"","originalServiceDate":"","originalTravelTime":6003,"adjustmentFactor":1,"totalReservations":3}</arg>
<arg>headers=${headers}</arg>
<doc>Sends a POST request on a previously created HTTP Session.</doc>
<msg timestamp="20250718 17:59:15.748" level="INFO">POST Request : url=https://stage.allrideapp.com/api/v1/admin/pb/odd?community=653fd601f90509541a748683 
 path_url=/api/v1/admin/pb/odd?community=653fd601f90509541a748683 
 headers={'User-Agent': 'python-requests/2.31.0', 'Accept-Encoding': 'gzip, deflate', 'Accept': '*/*', 'Connection': 'keep-alive', 'Authorization': 'Bearer dd4894aa747153daff1f4864153f278603f675adb13a3ea4551c4f7e51a1751f4b6592cd993d24bd24dc1fc9c5d67169528931b12c16a9bdbc62ab7c99d221aa', 'Content-Type': 'application/json; charset=utf-8', 'Content-Length': '11325'} 
 body={"superCommunityId":"653fd68233d83952fafcd4be","adminId":"66d75c62a1b7bc9a1dd231c6","adminName":"Soporte AllRide","oddSimpleFlow":false,"state":"pendingDriverAssignment","name":"RDD action on stop","oddType":"Taxis Coni y Nico","placeLat":-34.4111,"placeLon":-70.8537,"serviceCost":0,"calculatedCosts":{},"apportionByParams":[],"direction":"in","comments":"","serviceDate":"2025-07-18T22:59:13.000000Z","extraMinutes":0,"estimatedArrival":"2025-07-19T14:45:57.000Z","reservations":[{"manuallyBooked":true,"userId":"65e8e076337a90a35ba6e8dd","stopId":"65e975a20bdb0bb5d4008898","placeId":null,"order":2,"estimatedArrival":"2025-07-17T20:35:30.000Z","distances":{"fromPrevious":110413,"toNext":1732,"distanceToLocation":1732,"pctToLocation":0.014707380863421759}},{"manuallyBooked":true,"userId":"65e092afca7842b1032f12e2","stopId":"654054d62d5b0119311ae116","placeId":null,"order":0,"estimatedArrival":"2025-07-17T19:00:00.000Z","distances":{"fromPrevious":0,"toNext":5619,"distanceToLocation":117764,"pctToLocation":1}},{"manuallyBooked":true,"userId":"67a231824e4333dad7f36f75","stopId":"653ffde9f90509541a749e18","placeId":null,"order":1,"estimatedArrival":"2025-07-17T19:13:30.000Z","distances":{"fromPrevious":5619,"toNext":110413,"distanceToLocation":112145,"pctToLocation":0.952285927787779}}],"waypoints":[[-70.78127,-33.53278],[-70.78187000000001,-33.53273],[-70.78214000000001,-33.53298],[-70.78391,-33.53418],[-70.78754,-33.536660000000005],[-70.7912,-33.53922],[-70.79151,-33.53954],[-70.79091000000001,-33.5401],[-70.78971,-33.54117],[-70.78827000000001,-33.542440000000006],[-70.78926,-33.5431],[-70.79019000000001,-33.54377],[-70.79103,-33.54442],[-70.79225000000001,-33.545280000000005],[-70.79266000000001,-33.545590000000004],[-70.79249,-33.54572],[-70.79157000000001,-33.54657],[-70.79055000000001,-33.54751],[-70.78996000000001,-33.54788],[-70.78862000000001,-33.54905],[-70.79088,-33.550610000000006],[-70.79537,-33.55371],[-70.79554,-33.55393],[-70.7954,-33.554170000000006],[-70.79511000000001,-33.55438],[-70.79278000000001,-33.55637],[-70.78927,-33.559050000000006],[-70.78606,-33.56157],[-70.78426,-33.56295],[-70.78295,-33.56389],[-70.78149,-33.562490000000004],[-70.7814,-33.562270000000005],[-70.78085,-33.5623],[-70.78066000000001,-33.56199],[-70.78054,-33.562000000000005],[-70.78049,-33.56222],[-70.78054,-33.562000000000005],[-70.78066000000001,-33.56199],[-70.78085,-33.5623],[-70.78134,-33.56214],[-70.78122,-33.56183],[-70.78107,-33.56147],[-70.78062,-33.56033],[-70.7795,-33.55903],[-70.77926000000001,-33.55874],[-70.77883,-33.55754],[-70.77839,-33.55639],[-70.77835,-33.55621],[-70.77773,-33.55646],[-70.77586000000001,-33.55711],[-70.77583,-33.55713],[-70.77575,-33.55715],[-70.77561,-33.557210000000005],[-70.77532000000001,-33.557300000000005],[-70.77439000000001,-33.55762],[-70.77291000000001,-33.55811],[-70.76689,-33.56022],[-70.76491,-33.560900000000004],[-70.76324000000001,-33.560970000000005],[-70.76198000000001,-33.561460000000004],[-70.75973,-33.56224],[-70.7594,-33.562020000000004],[-70.75895000000001,-33.56148],[-70.75840000000001,-33.560810000000004],[-70.7564,-33.558530000000005],[-70.75508,-33.55706],[-70.75394,-33.55575],[-70.75362000000001,-33.55595],[-70.75298000000001,-33.55644],[-70.75044000000001,-33.55839],[-70.74965,-33.559000000000005],[-70.74497000000001,-33.56262],[-70.74264000000001,-33.56436],[-70.73556,-33.5687],[-70.73047000000001,-33.571780000000004],[-70.72992,-33.571360000000006],[-70.72967,-33.57081],[-70.72903000000001,-33.569210000000005],[-70.72845000000001,-33.56777],[-70.72827000000001,-33.56767],[-70.72657000000001,-33.567690000000006],[-70.72569,-33.56787],[-70.72436,-33.56786],[-70.7222,-33.56772],[-70.71811000000001,-33.56752],[-70.71650000000001,-33.567510000000006],[-70.71537000000001,-33.56739],[-70.7123,-33.567240000000005],[-70.71192,-33.56736],[-70.71201,-33.56797],[-70.71222,-33.569250000000004],[-70.71283000000001,-33.57271],[-70.7132,-33.573980000000006],[-70.71374,-33.57743],[-70.71404000000001,-33.58001],[-70.71408000000001,-33.58113],[-70.71406,-33.58223],[-70.71453000000001,-33.58639],[-70.71598,-33.59801],[-70.71676000000001,-33.60428],[-70.71692,-33.60645],[-70.71683,-33.60822],[-70.7166,-33.61027],[-70.71592000000001,-33.61497],[-70.7137,-33.6302],[-70.71259,-33.637660000000004],[-70.71188000000001,-33.6426],[-70.7116,-33.64484],[-70.71163,-33.64643],[-70.71205,-33.64808],[-70.71386000000001,-33.65236],[-70.71593,-33.65704],[-70.71973000000001,-33.66559],[-70.72279,-33.6728],[-70.72563000000001,-33.679410000000004],[-70.7261,-33.6807],[-70.72632,-33.681920000000005],[-70.72647,-33.68484],[-70.72644000000001,-33.68553],[-70.72602,-33.688100000000006],[-70.72540000000001,-33.69005],[-70.72316000000001,-33.69698],[-70.72264000000001,-33.69868],[-70.72242,-33.70028],[-70.72256,-33.70212],[-70.7227,-33.70271],[-70.72321000000001,-33.70517],[-70.72453,-33.710350000000005],[-70.72616000000001,-33.716660000000005],[-70.72667000000001,-33.71855],[-70.72781,-33.72101],[-70.72994,-33.725280000000005],[-70.73196,-33.72927],[-70.73529,-33.735820000000004],[-70.73737000000001,-33.74009],[-70.73829,-33.74327],[-70.73941,-33.74805],[-70.74010000000001,-33.75112],[-70.74087,-33.755860000000006],[-70.74264000000001,-33.766580000000005],[-70.74459,-33.77854],[-70.74956,-33.808490000000006],[-70.75317000000001,-33.830600000000004],[-70.75338,-33.83214],[-70.75332,-33.832950000000004],[-70.75258000000001,-33.836020000000005],[-70.75013000000001,-33.84619],[-70.74812,-33.85483],[-70.74775000000001,-33.85882],[-70.74747,-33.859930000000006],[-70.74714,-33.860530000000004],[-70.74559,-33.86205],[-70.74256000000001,-33.864630000000005],[-70.74225000000001,-33.86504],[-70.74162000000001,-33.866400000000006],[-70.73767000000001,-33.87892],[-70.73646000000001,-33.882830000000006],[-70.73521000000001,-33.89139],[-70.73433,-33.89715],[-70.7342,-33.89875],[-70.73433,-33.900110000000005],[-70.73464,-33.90117],[-70.73494000000001,-33.9024],[-70.73491,-33.90312],[-70.73447,-33.9044],[-70.7338,-33.905300000000004],[-70.7316,-33.90742],[-70.72821,-33.910520000000005],[-70.72563000000001,-33.912980000000005],[-70.72495,-33.914010000000005],[-70.72465000000001,-33.915200000000006],[-70.72474000000001,-33.91695],[-70.72512,-33.91903],[-70.72499,-33.92004],[-70.72476,-33.92063],[-70.72375000000001,-33.921980000000005],[-70.72003000000001,-33.92443],[-70.71888000000001,-33.92531],[-70.71801,-33.926230000000004],[-70.71696,-33.92815],[-70.71639,-33.929280000000006],[-70.7146,-33.932930000000006],[-70.71262,-33.93721],[-70.71238000000001,-33.93871],[-70.71215000000001,-33.94205],[-70.71198000000001,-33.94505],[-70.71237,-33.94736],[-70.71347,-33.951950000000004],[-70.71355000000001,-33.953100000000006],[-70.71339,-33.954240000000006],[-70.7128,-33.956050000000005],[-70.71075,-33.96125],[-70.70649,-33.97233],[-70.70306000000001,-33.98106],[-70.70231000000001,-33.98306],[-70.70101000000001,-33.98695],[-70.70108,-33.990210000000005],[-70.70138,-33.99398],[-70.70248000000001,-34.00489],[-70.70370000000001,-34.0168],[-70.70508000000001,-34.03051],[-70.7056,-34.03401],[-70.70632,-34.0356],[-70.70718000000001,-34.03661],[-70.70819,-34.03743],[-70.71049000000001,-34.03851],[-70.71324,-34.03947],[-70.71443000000001,-34.0399],[-70.71855000000001,-34.04139],[-70.72498,-34.04366],[-70.72658000000001,-34.04424],[-70.72958000000001,-34.04589],[-70.73288000000001,-34.04787],[-70.73613,-34.04981],[-70.73817000000001,-34.050790000000006],[-70.74669,-34.053540000000005],[-70.74894,-34.054460000000006],[-70.7505,-34.05547],[-70.75157,-34.056400000000004],[-70.75330000000001,-34.058690000000006],[-70.7557,-34.06271],[-70.7596,-34.0689],[-70.76164,-34.0718],[-70.76251,-34.07285],[-70.77195,-34.082770000000004],[-70.77406,-34.08532],[-70.77484000000001,-34.086960000000005],[-70.77689000000001,-34.09313],[-70.77860000000001,-34.09843],[-70.77962000000001,-34.10177],[-70.77992,-34.10418],[-70.78034000000001,-34.11188],[-70.78066000000001,-34.11723],[-70.78153,-34.12163],[-70.78331,-34.12896],[-70.78548,-34.13819],[-70.78695,-34.14426],[-70.78772000000001,-34.146460000000005],[-70.78893000000001,-34.149010000000004],[-70.79144000000001,-34.15428],[-70.79272,-34.157050000000005],[-70.79346000000001,-34.15926],[-70.79390000000001,-34.16143],[-70.79408000000001,-34.164910000000006],[-70.79404000000001,-34.165620000000004],[-70.79341000000001,-34.16919],[-70.78959,-34.182950000000005],[-70.78775,-34.18938],[-70.78539,-34.198260000000005],[-70.78503,-34.201010000000004],[-70.78487000000001,-34.20563],[-70.78507,-34.20819],[-70.78589000000001,-34.211240000000004],[-70.7881,-34.21587],[-70.79247000000001,-34.22477],[-70.79312,-34.22668],[-70.79321,-34.22894],[-70.79282,-34.23067],[-70.79212000000001,-34.232530000000004],[-70.79194000000001,-34.234120000000004],[-70.79205,-34.23509],[-70.79303,-34.237320000000004],[-70.79461,-34.24015],[-70.79574000000001,-34.2421],[-70.79857000000001,-34.24707],[-70.80594,-34.26001],[-70.81633000000001,-34.27806],[-70.82137,-34.28689],[-70.82215000000001,-34.28857],[-70.82249,-34.29023],[-70.82352,-34.29544],[-70.82645000000001,-34.30995],[-70.82979,-34.32001],[-70.83322000000001,-34.330270000000006],[-70.83510000000001,-34.335890000000006],[-70.83575,-34.33744],[-70.83958000000001,-34.3442],[-70.84298000000001,-34.35015],[-70.84688,-34.35692],[-70.85213,-34.36607],[-70.87008,-34.397310000000004],[-70.87209,-34.40068],[-70.87319000000001,-34.40236],[-70.87364000000001,-34.40238],[-70.87387000000001,-34.402060000000006],[-70.87373000000001,-34.401810000000005],[-70.872,-34.401810000000005],[-70.86663,-34.40241],[-70.86243,-34.40279],[-70.85940000000001,-34.403040000000004],[-70.85891000000001,-34.40249],[-70.85822,-34.401590000000006],[-70.85865000000001,-34.401680000000006],[-70.85896000000001,-34.40178],[-70.85932000000001,-34.40193],[-70.85999000000001,-34.40195],[-70.8602,-34.401920000000004],[-70.86052000000001,-34.402370000000005],[-70.86080000000001,-34.402860000000004],[-70.85961,-34.403020000000... (set the log level to DEBUG or TRACE to see the full content) 
 </msg>
<msg timestamp="20250718 17:59:15.749" level="INFO">POST Response : url=https://stage.allrideapp.com/api/v1/admin/pb/odd?community=653fd601f90509541a748683 
 status=200, reason=OK 
 headers={'Date': 'Fri, 18 Jul 2025 21:59:18 GMT', 'Content-Type': 'application/json; charset=utf-8', 'Transfer-Encoding': 'chunked', 'Connection': 'keep-alive', 'Server': 'nginx', 'X-DNS-Prefetch-Control': 'off', 'X-Frame-Options': 'SAMEORIGIN', 'Strict-Transport-Security': 'max-age=15552000; includeSubDomains', 'X-Download-Options': 'noopen', 'X-Content-Type-Options': 'nosniff', 'X-XSS-Protection': '1; mode=block', 'Access-Control-Allow-Origin': '*', 'X-RateLimit-Limit': '200', 'X-RateLimit-Remaining': '199', 'X-RateLimit-Reset': '1752876018', 'ETag': 'W/"30c9-Rtqds2LcS3HxhD4ojGEDCjkNops"', 'Content-Encoding': 'gzip'} 
 body={"restrictPassengers":{"validation":{"enabled":false,"parameters":[]},"reservation":{"enabled":false,"parameters":[]},"visibility":{"enabled":false,"parameters":[]},"enabled":false},"superCommunities":["653fd68233d83952fafcd4be"],"communities":["653fd601f90509541a748683"],"assistantIds":[],"labels":[],"active":false,"sharing":true,"disabled":false,"internal":false,"rounds":0,"distance":0,"scheduled":false,"odd":true,"estimatedDistance":117764,"extraMinutes":0,"placeWaitTime":0,"hasExternalGPS":false,"allowsServiceSnapshots":false,"allowsNonServiceSnapshots":false,"allowsSnapshots":false,"allowsDistance":true,"usesOfflineCount":false,"linkedDepartures":[],"_id":"687ac3b5fcb0389c12af3ea0","oDDInfo":{"isASAP":false,"isEmergency":false,"isSimpleFlow":false,"type":"Taxis Coni y Nico"},"oddSimpleFlow":false,"asap":false,"state":"pendingDriverAssignment","stateHistory":[{"_id":"687ac3b5fcb0389c12af3ea1","state":"created","adminId":"66d75c62a1b7bc9a1dd231c6","date":"2025-07-18T21:59:17.467Z"},{"_id":"687ac3b5fcb0389c12af3eb8","state":"pendingDriverAssignment","date":"2025-07-18T21:59:17.624Z","adminId":"66d75c62a1b7bc9a1dd231c6"}],"adminId":"66d75c62a1b7bc9a1dd231c6","name":"RDD action on stop","reason":"","direction":"in","comments":"","serviceDate":"2025-07-18T22:59:13.000Z","reservations":[{"waitTime":0,"validated":false,"fromApp":false,"manuallyBooked":true,"joined":false,"approvedByDriver":true,"_id":"687ac3b5fcb0389c12af3ea2","userId":"65e8e076337a90a35ba6e8dd","stopId":"65e975a20bdb0bb5d4008898","placeId":null,"order":2,"estimatedArrival":"2025-07-17T20:35:30.000Z","distances":{"toNext":1732,"distanceToLocation":1732,"pctToLocation":0.014707380863421759}},{"waitTime":0,"validated":false,"fromApp":false,"manuallyBooked":true,"joined":false,"approvedByDriver":true,"_id":"687ac3b5fcb0389c12af3ea3","userId":"65e092afca7842b1032f12e2","stopId":"654054d62d5b0119311ae116","placeId":null,"order":0,"estimatedArrival":"2025-07-17T19:00:00.000Z","distances":{"toNext":5619,"distanceToLocation":117764,"pctToLocation":1}},{"waitTime":0,"validated":false,"fromApp":false,"manuallyBooked":true,"joined":false,"approvedByDriver":true,"_id":"687ac3b5fcb0389c12af3ea4","userId":"67a231824e4333dad7f36f75","stopId":"653ffde9f90509541a749e18","placeId":null,"order":1,"estimatedArrival":"2025-07-17T19:13:30.000Z","distances":{"toNext":110413,"distanceToLocation":112145,"pctToLocation":0.952285927787779}}],"waypoints":{"coordinates":[[-70.78127,-33.53278],[-70.78187000000001,-33.53273],[-70.78214000000001,-33.53298],[-70.78391,-33.53418],[-70.78754,-33.536660000000005],[-70.7912,-33.53922],[-70.79151,-33.53954],[-70.79091000000001,-33.5401],[-70.78971,-33.54117],[-70.78827000000001,-33.542440000000006],[-70.78926,-33.5431],[-70.79019000000001,-33.54377],[-70.79103,-33.54442],[-70.79225000000001,-33.545280000000005],[-70.79266000000001,-33.545590000000004],[-70.79249,-33.54572],[-70.79157000000001,-33.54657],[-70.79055000000001,-33.54751],[-70.78996000000001,-33.54788],[-70.78862000000001,-33.54905],[-70.79088,-33.550610000000006],[-70.79537,-33.55371],[-70.79554,-33.55393],[-70.7954,-33.554170000000006],[-70.79511000000001,-33.55438],[-70.79278000000001,-33.55637],[-70.78927,-33.559050000000006],[-70.78606,-33.56157],[-70.78426,-33.56295],[-70.78295,-33.56389],[-70.78149,-33.562490000000004],[-70.7814,-33.562270000000005],[-70.78085,-33.5623],[-70.78066000000001,-33.56199],[-70.78054,-33.562000000000005],[-70.78049,-33.56222],[-70.78054,-33.562000000000005],[-70.78066000000001,-33.56199],[-70.78085,-33.5623],[-70.78134,-33.56214],[-70.78122,-33.56183],[-70.78107,-33.56147],[-70.78062,-33.56033],[-70.7795,-33.55903],[-70.77926000000001,-33.55874],[-70.77883,-33.55754],[-70.77839,-33.55639],[-70.77835,-33.55621],[-70.77773,-33.55646],[-70.77586000000001,-33.55711],[-70.77583,-33.55713],[-70.77575,-33.55715],[-70.77561,-33.557210000000005],[-70.77532000000001,-33.557300000000005],[-70.77439000000001,-33.55762],[-70.77291000000001,-33.55811],[-70.76689,-33.56022],[-70.76491,-33.560900000000004],[-70.76324000000001,-33.560970000000005],[-70.76198000000001,-33.561460000000004],[-70.75973,-33.56224],[-70.7594,-33.562020000000004],[-70.75895000000001,-33.56148],[-70.75840000000001,-33.560810000000004],[-70.7564,-33.558530000000005],[-70.75508,-33.55706],[-70.75394,-33.55575],[-70.75362000000001,-33.55595],[-70.75298000000001,-33.55644],[-70.75044000000001,-33.55839],[-70.74965,-33.559000000000005],[-70.74497000000001,-33.56262],[-70.74264000000001,-33.56436],[-70.73556,-33.5687],[-70.73047000000001,-33.571780000000004],[-70.72992,-33.571360000000006],[-70.72967,-33.57081],[-70.72903000000001,-33.569210000000005],[-70.72845000000001,-33.56777],[-70.72827000000001,-33.56767],[-70.72657000000001,-33.567690000000006],[-70.72569,-33.56787],[-70.72436,-33.56786],[-70.7222,-33.56772],[-70.71811000000001,-33.56752],[-70.71650000000001,-33.567510000000006],[-70.71537000000001,-33.56739],[-70.7123,-33.567240000000005],[-70.71192,-33.56736],[-70.71201,-33.56797],[-70.71222,-33.569250000000004],[-70.71283000000001,-33.57271],[-70.7132,-33.573980000000006],[-70.71374,-33.57743],[-70.71404000000001,-33.58001],[-70.71408000000001,-33.58113],[-70.71406,-33.58223],[-70.71453000000001,-33.58639],[-70.71598,-33.59801],[-70.71676000000001,-33.60428],[-70.71692,-33.60645],[-70.71683,-33.60822],[-70.7166,-33.61027],[-70.71592000000001,-33.61497],[-70.7137,-33.6302],[-70.71259,-33.637660000000004],[-70.71188000000001,-33.6426],[-70.7116,-33.64484],[-70.71163,-33.64643],[-70.71205,-33.64808],[-70.71386000000001,-33.65236],[-70.71593,-33.65704],[-70.71973000000001,-33.66559],[-70.72279,-33.6728],[-70.72563000000001,-33.679410000000004],[-70.7261,-33.6807],[-70.72632,-33.681920000000005],[-70.72647,-33.68484],[-70.72644000000001,-33.68553],[-70.72602,-33.688100000000006],[-70.72540000000001,-33.69005],[-70.72316000000001,-33.69698],[-70.72264000000001,-33.69868],[-70.72242,-33.70028],[-70.72256,-33.70212],[-70.7227,-33.70271],[-70.72321000000001,-33.70517],[-70.72453,-33.710350000000005],[-70.72616000000001,-33.716660000000005],[-70.72667000000001,-33.71855],[-70.72781,-33.72101],[-70.72994,-33.725280000000005],[-70.73196,-33.72927],[-70.73529,-33.735820000000004],[-70.73737000000001,-33.74009],[-70.73829,-33.74327],[-70.73941,-33.74805],[-70.74010000000001,-33.75112],[-70.74087,-33.755860000000006],[-70.74264000000001,-33.766580000000005],[-70.74459,-33.77854],[-70.74956,-33.808490000000006],[-70.75317000000001,-33.830600000000004],[-70.75338,-33.83214],[-70.75332,-33.832950000000004],[-70.75258000000001,-33.836020000000005],[-70.75013000000001,-33.84619],[-70.74812,-33.85483],[-70.74775000000001,-33.85882],[-70.74747,-33.859930000000006],[-70.74714,-33.860530000000004],[-70.74559,-33.86205],[-70.74256000000001,-33.864630000000005],[-70.74225000000001,-33.86504],[-70.74162000000001,-33.866400000000006],[-70.73767000000001,-33.87892],[-70.73646000000001,-33.882830000000006],[-70.73521000000001,-33.89139],[-70.73433,-33.89715],[-70.7342,-33.89875],[-70.73433,-33.900110000000005],[-70.73464,-33.90117],[-70.73494000000001,-33.9024],[-70.73491,-33.90312],[-70.73447,-33.9044],[-70.7338,-33.905300000000004],[-70.7316,-33.90742],[-70.72821,-33.910520000000005],[-70.72563000000001,-33.912980000000005],[-70.72495,-33.914010000000005],[-70.72465000000001,-33.915200000000006],[-70.72474000000001,-33.91695],[-70.72512,-33.91903],[-70.72499,-33.92004],[-70.72476,-33.92063],[-70.72375000000001,-33.921980000000005],[-70.72003000000001,-33.92443],[-70.71888000000001,-33.92531],[-70.71801,-33.926230000000004],[-70.71696,-33.92815],[-70.71639,-33.929280000000006],[-70.7146,-33.932930000000006],[-70.71262,-33.93721],[-70.71238000000001,-33.93871],[-70.71215000000001,-33.94205],[-70.71198000000001,-33.94505],[-70.71237,-33.94736],[-70.71347,-33.951950000000004],[-70.71355000000001,-33.953100000000006],[-70.71339,-33.954240000000006],[-70.7128,-33.956050000000005],[-70.71075,-33.96125],[-70.70649,-33.97233],[-70.70306000000001,-33.98106],[-70.70231000000001,-33.98306],[-70.70101000000001,-33.98695],[-70.70108,-33.990210000000005],[-70.70138,-33.99398],[-70.70248000000001,-34.00489],[-70.70370000000001,-34.0168],[-70.70508000000001,-34.03051],[-70.7056,-34.03401],[-70.70632,-34.0356],[-70.70718000000001,-34.03661],[-70.70819,-34.03743],[-70.71049000000001,-34.03851],[-70.71324,-34.03947],[-70.71443000000001,-34.0399],[-70.71855000000001,-34.04139],[-70.72498,-34.04366],[-70.72658000000001,-34.04424],[-70.72958000000001,-34.04589],[-70.73288000000001,-34.04787],[-70.73613,-34.04981],[-70.73817000000001,-34.050790000000006],[-70.74669,-34.053540000000005],[-70.74894,-34.054460000000006],[-70.7505,-34.05547],[-70.75157,-34.056400000000004],[-70.75330000000001,-34.058690000000006],[-70.7557,-34.06271],[-70.7596,-34.0689],[-70.76164,-34.0718],[-70.76251,-34.07285],[-70.77195,-34.082770000000004],[-70.77406,-34.08532],[-70.77484000000001,-34.086960000000005],[-70.77689000000001,-34.09313],[-70.77860000000001,-34.09843],[-70.77962000000001,-34.10177],[-70.77992,-34.10418],[-70.78034000000001,-34.11188],[-70.78066000000001,-34.11723],[-70.78153,-34.12163],[-70.78331,-34.12896],[-70.78548,-34.13819],[-70.78695,-34.14426],[-70.78772000000001,-34.146460000000005],[-70.78893000000001,-34.149010000000004],[-70.79144000000001,-34.15428],[-70.79272,-34.157050000000005],[-70.79346000000001,-34.15926],[-70.79390000000001,-34.16143],[-70.79408000000001,-34.164910000000006],[-70.79404000000001,-34.165620000000004],[-70.79341000000001,-34.16919],[-70.78959,-34.182950000000005],[-70.78775,-34.18938],[-70.78539,-34.198260000000005],[-70.78503,-34.201010000000004],[-70.78487000000001,-34.20563],[-70.78507,-34.20819],[-70.78589000000001,-34.211240000000004],[-70.7881,-34.21587],[-70.79247000000001,-34.22477],[-70.79312,-34.22668],[-70.79321,-34.22894],[-70.79282,-34.23067],[-70.79212000000001,-34.232530000000004],[-70.79194000000001,-34.234120000000004],[-70.79205,-34.23509],[-70.79303,-34.237320000000004],[-70.794... (set the log level to DEBUG or TRACE to see the full content) 
 </msg>
<msg timestamp="20250718 17:59:15.750" level="INFO">${response} = &lt;Response [200]&gt;</msg>
<status status="PASS" starttime="20250718 17:59:14.157" endtime="20250718 17:59:15.750"/>
</kw>
<kw name="Convert To String" library="BuiltIn">
<var>${code}</var>
<arg>${response.status_code}</arg>
<doc>Converts the given item to a Unicode string.</doc>
<msg timestamp="20250718 17:59:15.754" level="INFO">${code} = 200</msg>
<status status="PASS" starttime="20250718 17:59:15.752" endtime="20250718 17:59:15.755"/>
</kw>
<kw name="Should Be Equal As Numbers" library="BuiltIn">
<arg>${code}</arg>
<arg>200</arg>
<doc>Fails if objects are unequal after converting them to real numbers.</doc>
<status status="PASS" starttime="20250718 17:59:15.755" endtime="20250718 17:59:15.756"/>
</kw>
<kw name="Log" library="BuiltIn">
<arg>${code}</arg>
<doc>Logs the given message with the given level.</doc>
<msg timestamp="20250718 17:59:15.759" level="INFO">200</msg>
<status status="PASS" starttime="20250718 17:59:15.758" endtime="20250718 17:59:15.759"/>
</kw>
<kw name="Set Variable" library="BuiltIn">
<var>${rddId}</var>
<arg>${response.json()}[_id]</arg>
<doc>Returns the given values which can then be assigned to a variables.</doc>
<msg timestamp="20250718 17:59:15.773" level="INFO">${rddId} = 687ac3b5fcb0389c12af3ea0</msg>
<status status="PASS" starttime="20250718 17:59:15.760" endtime="20250718 17:59:15.774"/>
</kw>
<kw name="Set Global Variable" library="BuiltIn">
<arg>${rddId}</arg>
<doc>Makes a variable available globally in all tests and suites.</doc>
<msg timestamp="20250718 17:59:15.775" level="INFO">${rddId} = 687ac3b5fcb0389c12af3ea0</msg>
<status status="PASS" starttime="20250718 17:59:15.775" endtime="20250718 17:59:15.775"/>
</kw>
<kw name="Set Variable" library="BuiltIn">
<var>${json}</var>
<arg>${response.json()}</arg>
<doc>Returns the given values which can then be assigned to a variables.</doc>
<msg timestamp="20250718 17:59:15.779" level="INFO">${json} = {'restrictPassengers': {'validation': {'enabled': False, 'parameters': []}, 'reservation': {'enabled': False, 'parameters': []}, 'visibility': {'enabled': False, 'parameters': []}, 'enabled': False}, ...</msg>
<status status="PASS" starttime="20250718 17:59:15.776" endtime="20250718 17:59:15.779"/>
</kw>
<kw name="Should Be Equal As Strings" library="BuiltIn">
<arg>${json}[state]</arg>
<arg>pendingDriverAssignment</arg>
<arg>msg=❌ Expected state to be 'pendingDriverAssignment' but got '${json}[state]'</arg>
<doc>Fails if objects are unequal after converting them to strings.</doc>
<status status="PASS" starttime="20250718 17:59:15.780" endtime="20250718 17:59:15.781"/>
</kw>
<kw name="Should Be Equal As Strings" library="BuiltIn">
<arg>${json}[oddType]</arg>
<arg>Taxis Coni y Nico</arg>
<arg>msg=❌ Expected oddType to be 'Taxis Coni y Nico' but got '${json}[oddType]'</arg>
<doc>Fails if objects are unequal after converting them to strings.</doc>
<status status="PASS" starttime="20250718 17:59:15.782" endtime="20250718 17:59:15.783"/>
</kw>
<kw name="Run Keyword And Ignore Error" library="BuiltIn">
<arg>Should Not Contain</arg>
<arg>${json}</arg>
<arg>isLimitedODD</arg>
<doc>Runs the given keyword with the given arguments and ignores possible error.</doc>
<kw name="Should Not Contain" library="BuiltIn">
<arg>${json}</arg>
<arg>isLimitedODD</arg>
<doc>Fails if ``container`` contains ``item`` one or more times.</doc>
<status status="PASS" starttime="20250718 17:59:15.785" endtime="20250718 17:59:15.785"/>
</kw>
<status status="PASS" starttime="20250718 17:59:15.784" endtime="20250718 17:59:15.785"/>
</kw>
<kw name="Should Be True" library="BuiltIn">
<arg>${json}[sharing]</arg>
<arg>msg=❌ Sharing should be enabled</arg>
<doc>Fails if the given condition is not true.</doc>
<status status="PASS" starttime="20250718 17:59:15.786" endtime="20250718 17:59:15.788"/>
</kw>
<kw name="Get Length" library="BuiltIn">
<var>${reservationLenght}</var>
<arg>${response.json()}[reservations]</arg>
<doc>Returns and logs the length of the given item as an integer.</doc>
<msg timestamp="20250718 17:59:15.792" level="INFO">Length is 3</msg>
<msg timestamp="20250718 17:59:15.792" level="INFO">${reservationLenght} = 3</msg>
<status status="PASS" starttime="20250718 17:59:15.788" endtime="20250718 17:59:15.792"/>
</kw>
<kw name="Length Should Be" library="BuiltIn">
<arg>${json}[reservations]</arg>
<arg>3</arg>
<arg>msg=❌ Expected 3 reservations but found ${reservationLenght}</arg>
<doc>Verifies that the length of the given item is correct.</doc>
<msg timestamp="20250718 17:59:15.794" level="INFO">Length is 3</msg>
<status status="PASS" starttime="20250718 17:59:15.793" endtime="20250718 17:59:15.794"/>
</kw>
<kw name="Should Be Equal As Strings" library="BuiltIn">
<arg>${json}[stateHistory][0][state]</arg>
<arg>created</arg>
<doc>Fails if objects are unequal after converting them to strings.</doc>
<status status="PASS" starttime="20250718 17:59:15.795" endtime="20250718 17:59:15.795"/>
</kw>
<kw name="Should Be Equal As Strings" library="BuiltIn">
<arg>${json}[stateHistory][1][state]</arg>
<arg>pendingDriverAssignment</arg>
<arg>msg=❌ Unexpected states in stateHistory</arg>
<doc>Fails if objects are unequal after converting them to strings.</doc>
<status status="PASS" starttime="20250718 17:59:15.796" endtime="20250718 17:59:15.796"/>
</kw>
<kw name="Should Not Be Equal As Integers" library="BuiltIn">
<arg>${json}[estimatedDistance]</arg>
<arg>0</arg>
<arg>msg=❌ Estimated distance should not be 0</arg>
<doc>Fails if objects are equal after converting them to integers.</doc>
<msg timestamp="20250718 17:59:15.798" level="INFO">Argument types are:
&lt;class 'int'&gt;
&lt;class 'str'&gt;</msg>
<status status="PASS" starttime="20250718 17:59:15.797" endtime="20250718 17:59:15.798"/>
</kw>
<status status="PASS" starttime="20250718 17:59:14.151" endtime="20250718 17:59:15.799"/>
</test>
<test id="s1-t6" name="Login User With Email(Obtain Token)" line="158">
<kw name="Create Session" library="RequestsLibrary">
<arg>mysesion</arg>
<arg>${STAGE_URL}</arg>
<arg>verify=true</arg>
<doc>Create Session: create a HTTP session to a server</doc>
<msg timestamp="20250718 17:59:15.803" level="INFO">Creating Session using : alias=mysesion, url=https://stage.allrideapp.com, headers={},                     cookies={}, auth=None, timeout=None, proxies=None, verify=True,                     debug=0 </msg>
<status status="PASS" starttime="20250718 17:59:15.802" endtime="20250718 17:59:15.803"/>
</kw>
<kw name="Set Variable" library="BuiltIn">
<var>${jsonBody}</var>
<arg>{"username":"nicolas+endauto@allrideapp.com","password":"Equilibriozen123#"}</arg>
<doc>Returns the given values which can then be assigned to a variables.</doc>
<msg timestamp="20250718 17:59:15.805" level="INFO">${jsonBody} = {"username":"nicolas+endauto@allrideapp.com","password":"Equilibriozen123#"}</msg>
<status status="PASS" starttime="20250718 17:59:15.805" endtime="20250718 17:59:15.806"/>
</kw>
<kw name="Evaluate" library="BuiltIn">
<var>${parsed_json}</var>
<arg>json.loads($jsonBody)</arg>
<arg>json</arg>
<doc>Evaluates the given expression in Python and returns the result.</doc>
<msg timestamp="20250718 17:59:15.812" level="INFO">${parsed_json} = {'username': 'nicolas+endauto@allrideapp.com', 'password': 'Equilibriozen123#'}</msg>
<status status="PASS" starttime="20250718 17:59:15.806" endtime="20250718 17:59:15.813"/>
</kw>
<kw name="Create Dictionary" library="BuiltIn">
<var>${headers}</var>
<arg>Authorization=""</arg>
<arg>Content-Type=application/json</arg>
<doc>Creates and returns a dictionary based on the given ``items``.</doc>
<msg timestamp="20250718 17:59:15.814" level="INFO">${headers} = {'Authorization': '""', 'Content-Type': 'application/json'}</msg>
<status status="PASS" starttime="20250718 17:59:15.813" endtime="20250718 17:59:15.814"/>
</kw>
<kw name="POST On Session" library="RequestsLibrary">
<var>${response}</var>
<arg>mysesion</arg>
<arg>url=${loginUserUrl}</arg>
<arg>json=${parsed_json}</arg>
<arg>headers=${headers}</arg>
<doc>Sends a POST request on a previously created HTTP Session.</doc>
<msg timestamp="20250718 17:59:18.036" level="INFO">POST Request : url=https://stage.allrideapp.com/api/v1/login/email 
 path_url=/api/v1/login/email 
 headers={'User-Agent': 'python-requests/2.31.0', 'Accept-Encoding': 'gzip, deflate', 'Accept': '*/*', 'Connection': 'keep-alive', 'Authorization': '""', 'Content-Type': 'application/json', 'Content-Length': '79'} 
 body=b'{"username": "nicolas+endauto@allrideapp.com", "password": "Equilibriozen123#"}' 
 </msg>
<msg timestamp="20250718 17:59:18.036" level="INFO">POST Response : url=https://stage.allrideapp.com/api/v1/login/email 
 status=200, reason=OK 
 headers={'Date': 'Fri, 18 Jul 2025 21:59:20 GMT', 'Content-Type': 'application/json; charset=utf-8', 'Transfer-Encoding': 'chunked', 'Connection': 'keep-alive', 'Server': 'nginx', 'X-DNS-Prefetch-Control': 'off', 'X-Frame-Options': 'SAMEORIGIN', 'Strict-Transport-Security': 'max-age=15552000; includeSubDomains', 'X-Download-Options': 'noopen', 'X-Content-Type-Options': 'nosniff', 'X-XSS-Protection': '1; mode=block', 'Access-Control-Allow-Origin': '*', 'X-RateLimit-Limit': '5', 'X-RateLimit-Remaining': '4', 'X-RateLimit-Reset': '1752875998', 'ETag': 'W/"154a-SxFyG9OREKRuSaxV85VI/jctPZs"', 'Content-Encoding': 'gzip'} 
 body={"personalInfo":{"phoneNumber":null},"device":{"os":"android","lang":"es","token":"c3mYk9D7QpqdDcUyZbm-Ks:APA91bHTR1Sx18jneaLCkT4o-yLUHtI_Rm5yiCfSRLh49iq7P-R9LkL_wKr-3JHBfrOBf1kcXsKe3dCYycVi0HxlRDyZANPYqOtJqh_gCO5gR_4zYIZIlUQ","manufacturer":"google","appVersion":"198","lastSeenOnline":"2025-04-23T16:27:38.534Z"},"config":{"privateBus":{"showSection":true,"canBeValidated":true,"canBook":true},"enabledPin":false,"excludeMassiveMailing":false,"excludeMailingLevels":[],"excludeNotifications":[]},"active":true,"adminLevel":0,"setUserLimits":false,"distance":0,"pendingDeletion":false,"_id":"65e8e076337a90a35ba6e8dd","updatedAvatar":"2024-03-06T21:30:30.151Z","socialServices":[],"communities":[{"bounced":false,"confirmed":true,"_id":"661d977a9cf93f24956f77f8","communityId":"653fd601f90509541a748683","isAdmin":false,"isStudent":false,"custom":[{"listValue":[],"private":true,"_id":"661d977a9cf93f24956f77f9","key":"rut","value":"169455457"}],"createdAt":"2024-04-15T21:09:14.840Z","updatedAt":"2025-07-17T16:18:08.956Z","privateBus":{"odd":{"canCreate":true,"needsAdminApproval":false,"exclusiveDepartures":false,"asapDepartures":false,"providers":[]},"validation":{"external":{"required":true}},"enabled":true,"favoriteRoutes":["664fb1a2b4dd46b0430f4da0","66bcdb302ef765e2c6da5569"],"suggestedRoutes":["662284b7401a0c4fa2fa0a72","66229850401a0c4fa2fa12e3","65fc4d72294a72ec80a6e03f","6633936e2731d03af2ad0786","6633b9a3e2effe738ac91d88","6633b9a3e2effe738ac91d88","662c0eaf8ccc4cd0bd2d8301","6634f82ee0a2c865812ff8de","6638d8cb628ced44723424ed","6638dcaa628ced4472342c29","6627d2f6693ef4e993cb48f2","663a82d0d2cf3dcd12fb0b0e","663b8e9d206c7de54035ee27","663b8ed1206c7de54035ef0e","663d12e6d4f9bcff2a1bea8b","663d12ead4f9bcff2a1beaf5","663e35c60ef4bb983b9d0994","663e35cc608983a281a91872","66428a62aaf19254f71438bc","66428a66aaf19254f7143985","66439675aaf19254f7152815","6643967baaf19254f71528cc","66439f970163effd4888eac3","6644bb2fce0d62b30b50149a","6644bb3479a096b3205f8428","66460891af3a8a372a5e50f1","664608e2af3a8a372a5e51e2","664f6f63b4dd46b0430f1717","664f6f84b4dd46b0430f190a","6650a0c398abccc8c910eb83","66428a6d951733542ce44123","668bf6d6fd357867278a5897","66998f4108dd5891934b250a","669e8449a2988f6fb0b943f1","669ff5c07ef3434633179753","669ffb0f7ef343463317ca9c","66b12df6422ef6de718855a4","66b61c4822aadd953351814e","66c64e563bc439369bdcf45d","66cc8ad4193998eca48fe9bf","671fa5163b5cb0a7c1cc2384","671fb7d9f4445ab792b7a7f3","672bdb8f6032325002c3a7e5","672be7483ec6775bff1ab701","67097560bbc506c3081aee9a","6763301ce889b2e8cc2679f0","65faecf0137abd9662f156f6","679a85b44de4b4d5ddda374d","679a85db62a76232ea54fa3b","6809133e5ac4f41c589a7875","680913925ac4f41c589a7b95"],"_id":"661d9ffa9cf93f24956f7a03","oDDServices":[{"canCreate":true,"needsAdminApproval":false,"exclusiveDepartures":false,"asapDepartures":false,"transitDepartures":false,"providers":["653fd68233d83952fafcd4be"],"_id":"68792240cbb40350431d6f7d","name":"Taxis Coni y Nico"}]},"favoritePlaces":[]}],"createdAt":"2024-03-06T21:30:30.163Z","garage":[],"emails":[{"fromCommunity":false,"bounced":false,"_id":"65e8e076337a90a35ba6e8de","email":"nicolas+endauto@allrideapp.com","validationToken":"04687f6d9662af176fbe09fc6a5653857339b948c9dfafd6414ad82da0b8ac80c83087d5a6c344e675561881555dd7af63721ddc8473c82a30fc612ea62831a0","active":true,"primary":false}],"achievements":[],"notifications":[],"password":"pbkdf2_sha256$20000$a2d4bab8697f67173aa9149e$btaiecqTpJ04nUynyWJ5dEM61cJ0IpkExAIWwYzlg94=","name":"Nico End","country":"cl","avatar":"https://s3.amazonaws.com/adedo.users-avatars/user_placeholder.png","updatedAt":"2025-07-18T21:59:20.539Z","currency":"clp","__v":10,"accessToken":"664881845784449ed89d126aaea42c3e100bf0b4a625191d5b5b70ee2db5e8973e44c98d1bd1a570ba0e529b433bccf8622c51295a7669a0c0eb1c0da020adf9","cpToken":"e7ec2a9c73caaed2b7475c31910dd435dec6fe281d5f4d121eda2efc04c569a44e419bf70441eddd353df22a4eb6ab5d3eb29638c1512e781bc9d517883461cc","lastLogin":"2025-07-18T21:59:20.532Z","newChatToken":"8df425545f6b74ad942e3ec25867cf22e45c40efb2fe2a652d15c782783fcfadadfed2f037b6d710f565bf6332014a54d3268bbe34ad647bc2f6084d705ce179","realTimeToken":"eea1a08bb2148373b2ae6ceb278a566be0e15f12bf14c17fe556b0db215a6c4e1722c023af5d3988029e875892333ca33f143950759339fd9bdd742de107028e","stripeId":"cus_Pgpifc2TLQIfkp","auth":{"refreshId":"680914709da1042a4c482cf3","accessToken":"a7967e7bd79e6ab919332617c20affaeff22464d00ce06d5d9f447ec598366a0027b7db09272eec59d4266d77f229bb795d44c027b285b0f9f6b09a46d773ac48dd6d17577d63e3fd7c2b2e21aea5b6a76b5c4add281a4dbea0adab06b654155b1316b2fddaddcc29a2f9ef9d442c15c65491ee33436209f3c3b5e96c20bbc73da4990e3fc232996faa13ce969527dc9","realtimeToken":"b52e40cde7e08d530d8dc5410bf8e6dab071f4d623c87718f0be09ad7f396b760e72f2cc33818d1c99c35bf391b40d3bd0a24b1c7b4bad5c94d0061d427116d50ce4c917c720806bd5aff41a5b540fb44160d3d8a77b5007a365adaa7efe2f558b111a9fcca7af3f097f4ab5701a9c58f778cdafe34915a841ee7bd30f5dca98ec959f7668effeed95f3e8936f5b8386","chatToken":"228bedf13a610a9c8f2334f7a07bbacd01b5ff80542e04c45159acba52fc0a0c469f5ca63299e6e0bd02abd92a9e5bf4251b51b1f00f3573decede1a8f7a50a1040b13864d341680f5860645c6175d7aeea73a703984b864168b4c2742e4130cf93753c7b98961afebabf8dd22ce85539bfd73ea07e015bcde84bda77e9efca60c8ae7c19070aff388fe4bbff4f2f413","expiresAt":"2025-04-24T16:25:20.384Z"},"refreshToken":"bad4bfca869149e995ce048b8b899e517ebf09193384d87c8eca682a3ab6b70edea888ef937c500526f31858131faa0e462e73350d1ac417099b3ba2f97bdea6"} 
 </msg>
<msg timestamp="20250718 17:59:18.037" level="INFO">${response} = &lt;Response [200]&gt;</msg>
<status status="PASS" starttime="20250718 17:59:15.815" endtime="20250718 17:59:18.037"/>
</kw>
<kw name="Convert To String" library="BuiltIn">
<var>${code}</var>
<arg>${response.status_code}</arg>
<doc>Converts the given item to a Unicode string.</doc>
<msg timestamp="20250718 17:59:18.041" level="INFO">${code} = 200</msg>
<status status="PASS" starttime="20250718 17:59:18.039" endtime="20250718 17:59:18.041"/>
</kw>
<kw name="Should Be Equal As Numbers" library="BuiltIn">
<arg>${code}</arg>
<arg>200</arg>
<doc>Fails if objects are unequal after converting them to real numbers.</doc>
<status status="PASS" starttime="20250718 17:59:18.042" endtime="20250718 17:59:18.043"/>
</kw>
<kw name="Log" library="BuiltIn">
<arg>${code}</arg>
<doc>Logs the given message with the given level.</doc>
<msg timestamp="20250718 17:59:18.044" level="INFO">200</msg>
<status status="PASS" starttime="20250718 17:59:18.044" endtime="20250718 17:59:18.045"/>
</kw>
<kw name="List Should Contain Value" library="Collections">
<arg>${response.json()}</arg>
<arg>accessToken</arg>
<arg>No accesToken found in Login!, Failing</arg>
<doc>Fails if the ``value`` is not found from ``list``.</doc>
<status status="PASS" starttime="20250718 17:59:18.045" endtime="20250718 17:59:18.048"/>
</kw>
<kw name="Set Variable" library="BuiltIn">
<var>${accessToken}</var>
<arg>${response.json()}[accessToken]</arg>
[...]
-33.92004],[-70.72476,-33.92063],[-70.72375000000001,-33.921980000000005],[-70.72003000000001,-33.92443],[-70.71888000000001,-33.92531],[-70.71801,-33.926230000000004],[-70.71696,-33.92815],[-70.71639,-33.929280000000006],[-70.7146,-33.932930000000006],[-70.71262,-33.93721],[-70.71238000000001,-33.93871],[-70.71215000000001,-33.94205],[-70.71198000000001,-33.94505],[-70.71237,-33.94736],[-70.71347,-33.951950000000004],[-70.71355000000001,-33.953100000000006],[-70.71339,-33.954240000000006],[-70.7128,-33.956050000000005],[-70.71075,-33.96125],[-70.70649,-33.97233],[-70.70306000000001,-33.98106],[-70.70231000000001,-33.98306],[-70.70101000000001,-33.98695],[-70.70108,-33.990210000000005],[-70.70138,-33.99398],[-70.70248000000001,-34.00489],[-70.70370000000001,-34.0168],[-70.70508000000001,-34.03051],[-70.7056,-34.03401],[-70.70632,-34.0356],[-70.70718000000001,-34.03661],[-70.70819,-34.03743],[-70.71049000000001,-34.03851],[-70.71324,-34.03947],[-70.71443000000001,-34.0399],[-70.71855000000001,-34.04139],[-70.72498,-34.04366],[-70.72658000000001,-34.04424],[-70.72958000000001,-34.04589],[-70.73288000000001,-34.04787],[-70.73613,-34.04981],[-70.73817000000001,-34.050790000000006],[-70.74669,-34.053540000000005],[-70.74894,-34.054460000000006],[-70.7505,-34.05547],[-70.75157,-34.056400000000004],[-70.75330000000001,-34.058690000000006],[-70.7557,-34.06271],[-70.7596,-34.0689],[-70.76164,-34.0718],[-70.76251,-34.07285],[-70.77195,-34.082770000000004],[-70.77406,-34.08532],[-70.77484000000001,-34.086960000000005],[-70.77689000000001,-34.09313],[-70.77860000000001,-34.09843],[-70.77962000000001,-34.10177],[-70.77992,-34.10418],[-70.78034000000001,-34.11188],[-70.78066000000001,-34.11723],[-70.78153,-34.12163],[-70.78331,-34.12896],[-70.78548,-34.13819],[-70.78695,-34.14426],[-70.78772000000001,-34.146460000000005],[-70.78893000000001,-34.149010000000004],[-70.79144000000001,-34.15428],[-70.79272,-34.157050000000005],[-70.79346000000001,-34.15926],[-70.79390000000001,-34.16143],[-70.79408000000001,-34.164910000000006],[-70.79404000000001,-34.165620000000004],[-70.79341000000001,-34.16919],[-70.78959,-34.182950000000005],[-70.78775,-34.18938],[-70.78539,-34.198260000000005],[-70.78503,-34.201010000000004],[-70.78487000000001,-34.20563],[-70.78507,-34.20819],[-70.78589000000001,-34.211240000000004],[-70.7881,-34.21587],[-70.79247000000001,-34.22477],[-70.79312,-34.22668],[-70.79321,-34.22894],[-70.79282,-34.23067],[-70.79212000000001,-34.232530000000004],[-70.79194000000001,-34.234120000000004],[-70.79205,-34.23509],[-70.79303,-34.237320000000004],[-70.79461,-34.24015],[-70.79574000000001,-34.2421],[-70.79857000000001,-34.24707],[-70.80594,-34.26001],[-70.81633000000001,-34.27806],[-70.82137,-34.28689],[-70.82215000000001,-34.28857],[-70.82249,-34.29023],[-70.82352,-34.29544],[-70.82645000000001,-34.30995],[-70.82979,-34.32001],[-70.83322000000001,-34.330270000000006],[-70.83510000000001,-34.335890000000006],[-70.83575,-34.33744],[-70.83958000000001,-34.3442],[-70.84298000000001,-34.35015],[-70.84688,-34.35692],[-70.85213,-34.36607],[-70.87008,-34.397310000000004],[-70.87209,-34.40068],[-70.87319000000001,-34.40236],[-70.87364000000001,-34.40238],[-70.87387000000001,-34.402060000000006],[-70.87373000000001,-34.401810000000005],[-70.872,-34.401810000000005],[-70.86663,-34.40241],[-70.86243,-34.40279],[-70.85940000000001,-34.403040000000004],[-70.85891000000001,-34.40249],[-70.85822,-34.401590000000006],[-70.85865000000001,-34.401680000000006],[-70.85896000000001,-34.40178],[-70.85932000000001,-34.40193],[-70.85999000000001,-34.40195],[-70.8602,-34.401920000000004],[-70.86052000000001,-34.402370000000005],[-70.86080000000001,-34.402860000000004],[-70.85961,-34.403020000000005],[-70.85802000000001,-34.40319],[-70.85725000000001,-34.4033],[-70.85693,-34.403380000000006],[-70.85761000000001,-34.40424],[-70.85888,-34.405640000000005],[-70.85955,-34.406600000000005],[-70.8583,-34.40697],[-70.85414,-34.40818],[-70.85308,-34.408530000000006],[-70.85332000000001,-34.409400000000005],[-70.85340000000001,-34.409710000000004],[-70.85372000000001,-34.41085],[-70.85381000000001,-34.41107]],"type":"LineString"},"restrictPassengers":{"validation":{"enabled":false,"parameters":[]},"reservation":{"enabled":false,"parameters":[]},"visibility":{"enabled":false,"parameters":[]},"enabled":false},"superCommunities":["653fd68233d83952fafcd4be"],"communities":["653fd601f90509541a748683"],"assistantIds":[],"labels":[],"active":false,"sharing":true,"disabled":false,"internal":false,"rounds":0,"distance":0,"scheduled":false,"odd":true,"estimatedDistance":117764,"extraMinutes":0,"placeWaitTime":0,"hasExternalGPS":false,"allowsServiceSnapshots":false,"allowsNonServiceSnapshots":false,"allowsSnapshots":false,"allowsDistance":true,"usesOfflineCount":false,"linkedDepartures":[],"_id":"687ac3b5fcb0389c12af3ea0","oddSimpleFlow":false,"asap":false,"state":"accepted","stateHistory":[{"_id":"687ac3b5fcb0389c12af3ea1","state":"created","adminId":"66d75c62a1b7bc9a1dd231c6","date":"2025-07-18T21:59:17.467Z"},{"_id":"687ac3b5fcb0389c12af3eb8","state":"pendingDriverAssignment","date":"2025-07-18T21:59:17.624Z","adminId":"66d75c62a1b7bc9a1dd231c6"},{"_id":"687ac3b9fcb0389c12af3ed6","state":"pending","date":"2025-07-18T21:59:21.646Z","adminId":"66d75c62a1b7bc9a1dd231c6"},{"_id":"687ac3be6b82fba457916c99","state":"accepted","driverId":"6582e724938e4e7b3bcf9f0a","date":"2025-07-18T21:59:26.213Z"},{"_id":"687ac3be6b82fba457916c9b","state":"accepted","date":"2025-07-18T21:59:26.251Z","adminId":"66d75c62a1b7bc9a1dd231c6"}],"adminId":"66d75c62a1b7bc9a1dd231c6","name":"RDD action on stop","reason":"","direction":"in","comments":"","serviceDate":"2025-07-18T22:59:13.000Z","reservations":[{"distances":{"toNext":1732,"distanceToLocation":1732,"pctToLocation":0.014707380863421759},"waitTime":0,"validated":false,"fromApp":false,"manuallyBooked":true,"joined":false,"approvedByDriver":true,"_id":"687ac3b5fcb0389c12af3ea2","userId":"65e8e076337a90a35ba6e8dd","stopId":"65e975a20bdb0bb5d4008898","placeId":null,"order":2,"estimatedArrival":"2025-07-17T20:35:30.000Z","state":"done"},{"distances":{"toNext":5619,"distanceToLocation":117764,"pctToLocation":1},"waitTime":0,"validated":false,"fromApp":false,"manuallyBooked":true,"joined":false,"approvedByDriver":true,"_id":"687ac3b5fcb0389c12af3ea3","userId":"65e092afca7842b1032f12e2","stopId":"654054d62d5b0119311ae116","placeId":null,"order":0,"estimatedArrival":"2025-07-17T19:00:00.000Z","state":"done"},{"distances":{"toNext":110413,"distanceToLocation":112145,"pctToLocation":0.952285927787779},"waitTime":0,"validated":false,"fromApp":false,"manuallyBooked":true,"joined":false,"approvedByDriver":true,"_id":"687ac3b5fcb0389c12af3ea4","userId":"67a231824e4333dad7f36f75","stopId":"653ffde9f90509541a749e18","placeId":null,"order":1,"estimatedArrival":"2025-07-17T19:13:30.000Z","state":"done"}],"estimatedArrival":"2025-07-19T14:45:57.000Z","startLocation":{"_id":"687ac3b5fcb0389c12af3ea5","lat":-33.532782,"lon":-70.7812735,"loc":[-70.7812735,-33.532782],"placeId":null,"stopId":"654054d62d5b0119311ae116","referencePoint":true},"endLocation":{"_id":"687ac3b5fcb0389c12af3ea6","lat":-34.4111,"lon":-70.8537,"loc":[-70.8537,-34.4111],"placeId":"6654d4acba54fe502d4e6b6a","stopId":"6654d4acba54fe502d4e6b6b"},"categories":[],"trail":[],"legs":[{"distance":0,"_id":"687ac3bffcb0389c12af3efc","type":"service","startedAt":"2025-07-18T21:59:27.145Z","realStartLocation":{"_id":"687ac3bffcb0389c12af3efd","lat":-33.41952308267422,"lon":-70.6314178632461,"loc":[-70.6314178632461,-33.41952308267422]},"driverId":"6582e724938e4e7b3bcf9f0a","preTripChecklist":[],"customParamsAtStart":[],"customParamsAtTheEnd":[],"realEndLocation":{"_id":"687ac3c86b82fba457916cca","lat":-72.6071614,"lon":-38.7651863,"loc":[-38.7651863,-72.6071614]},"endedAt":"2025-07-18T21:59:36.710Z"},{"distance":0,"_id":"687ac3c86b82fba457916ccb","type":"post","startedAt":"2025-07-18T21:59:36.712Z","realStartLocation":{"_id":"687ac3c86b82fba457916ccc","lat":-72.6071614,"lon":-38.7651863,"loc":[-38.7651863,-72.6071614]},"driverId":"6582e724938e4e7b3bcf9f0a","preTripChecklist":[],"customParamsAtStart":[],"customParamsAtTheEnd":[],"realEndLocation":{"_id":"687ac3c96b82fba457916cfc","lat":-72.6071614,"lon":-38.7651863,"loc":[-38.7651863,-72.6071614]},"endedAt":"2025-07-18T21:59:37.662Z"}],"deviceHistory":[],"apportionByCategories":[],"enabledSeats":[],"customParams":[],"customParamsAtTheEnd":[],"preTripChecklist":[],"speedAlerts":[],"deviationAlerts":[],"orientation":183.89190587625708,"superCommunityId":"653fd68233d83952fafcd4be","communityId":"653fd601f90509541a748683","oddType":"Taxis Coni y Nico","isPastService":false,"sequenceId":"2025-07-0560","createdAt":"2025-07-18T21:59:17.624Z","updatedAt":"2025-07-18T21:59:36.744Z","__v":3,"assignedAt":"2025-07-18T21:59:24.346Z","driverCode":"753","driverId":"6582e724938e4e7b3bcf9f0a","capacity":3,"drivers":[],"startCapacity":5,"vehicleId":"6553b81315e27f4db2b45935","realStartLocation":{"_id":"687ac3bffcb0389c12af3efb","lat":-33.41952308267422,"lon":-70.6314178632461,"loc":[-70.6314178632461,-33.41952308267422]},"startedAt":"2025-07-18T21:59:27.166Z","token":"494d77fc6f3ff6f4e8b03e2c9fcf7480e3cce6910375c8bd03a9516041718666b054293dbee5c5ee857f7deac36d67a736f57c2fca8e2a8586d617bcd01400ee","realEndLocation":{"_id":"687ac3c96b82fba457916cfd","lat":-72.6071614,"lon":-38.7651863,"loc":[-38.7651863,-72.6071614]},"endedAt":"2025-07-18T21:59:37.662Z"} 
 </msg>
<msg timestamp="20250718 17:59:35.418" level="TRACE">Return: &lt;Response [200]&gt;</msg>
<msg timestamp="20250718 17:59:35.419" level="INFO">${response} = &lt;Response [200]&gt;</msg>
<status status="PASS" starttime="20250718 17:59:34.333" endtime="20250718 17:59:35.419"/>
</kw>
<kw name="Convert To String" library="BuiltIn">
<var>${code}</var>
<arg>${response.status_code}</arg>
<doc>Converts the given item to a Unicode string.</doc>
<msg timestamp="20250718 17:59:35.422" level="TRACE">Arguments: [ 200 ]</msg>
<msg timestamp="20250718 17:59:35.422" level="DEBUG">Argument types are:
&lt;class 'int'&gt;</msg>
<msg timestamp="20250718 17:59:35.422" level="TRACE">Return: '200'</msg>
<msg timestamp="20250718 17:59:35.422" level="INFO">${code} = 200</msg>
<status status="PASS" starttime="20250718 17:59:35.420" endtime="20250718 17:59:35.422"/>
</kw>
<kw name="Status Should Be" library="RequestsLibrary">
<arg>200</arg>
<doc>Fails if response status code is different than the expected.</doc>
<msg timestamp="20250718 17:59:35.424" level="TRACE">Arguments: [ '200' ]</msg>
<msg timestamp="20250718 17:59:35.424" level="TRACE">Return: None</msg>
<status status="PASS" starttime="20250718 17:59:35.423" endtime="20250718 17:59:35.424"/>
</kw>
<kw name="Log" library="BuiltIn">
<arg>${code}</arg>
<doc>Logs the given message with the given level.</doc>
<msg timestamp="20250718 17:59:35.426" level="TRACE">Arguments: [ '200' ]</msg>
<msg timestamp="20250718 17:59:35.426" level="INFO">200</msg>
<msg timestamp="20250718 17:59:35.427" level="TRACE">Return: None</msg>
<status status="PASS" starttime="20250718 17:59:35.425" endtime="20250718 17:59:35.427"/>
</kw>
<status status="PASS" starttime="20250718 17:59:34.325" endtime="20250718 17:59:35.428"/>
</test>
<test id="s1-t21" name="Get Stadistics" line="469">
<kw name="Set Variable" library="BuiltIn">
<var>${url}</var>
<arg>${STAGE_URL}/api/v2/pb/driver/departure/end/statistics/${rddId}</arg>
<doc>Returns the given values which can then be assigned to a variables.</doc>
<msg timestamp="20250718 17:59:35.433" level="TRACE">Arguments: [ 'https://stage.allrideapp.com/api/v2/pb/driver/departure/end/statistics/687ac3b5fcb0389c12af3ea0' ]</msg>
<msg timestamp="20250718 17:59:35.433" level="TRACE">Return: 'https://stage.allrideapp.com/api/v2/pb/driver/departure/end/statistics/687ac3b5fcb0389c12af3ea0'</msg>
<msg timestamp="20250718 17:59:35.433" level="INFO">${url} = https://stage.allrideapp.com/api/v2/pb/driver/departure/end/statistics/687ac3b5fcb0389c12af3ea0</msg>
<status status="PASS" starttime="20250718 17:59:35.432" endtime="20250718 17:59:35.434"/>
</kw>
<kw name="Create Dictionary" library="BuiltIn">
<var>&amp;{headers}</var>
<arg>Authorization=${tokenDriver}</arg>
<doc>Creates and returns a dictionary based on the given ``items``.</doc>
<msg timestamp="20250718 17:59:35.435" level="TRACE">Arguments: [ 'Authorization=${tokenDriver}' ]</msg>
<msg timestamp="20250718 17:59:35.435" level="TRACE">Return: {'Authorization': 'Bearer bc8453d2b2d2b60f50f4615a88d4a09359421df891e7e3be4812576b296a8f0efc5d86b155a03d3e9f34ac189ff7d45bd5e5ccd6dcf5de33f5abca7c855b354c'}</msg>
<msg timestamp="20250718 17:59:35.436" level="INFO">&amp;{headers} = { Authorization=Bearer bc8453d2b2d2b60f50f4615a88d4a09359421df891e7e3be4812576b296a8f0efc5d86b155a03d3e9f34ac189ff7d45bd5e5ccd6dcf5de33f5abca7c855b354c }</msg>
<status status="PASS" starttime="20250718 17:59:35.435" endtime="20250718 17:59:35.437"/>
</kw>
<kw name="GET" library="RequestsLibrary">
<var>${response}</var>
<arg>url=${url}</arg>
<arg>headers=${headers}</arg>
<doc>Sends a GET request.</doc>
<msg timestamp="20250718 17:59:35.439" level="TRACE">Arguments: [ url='https://stage.allrideapp.com/api/v2/pb/driver/departure/end/statistics/687ac3b5fcb0389c12af3ea0' | headers={'Authorization': 'Bearer bc8453d2b2d2b60f50f4615a88d4a09359421df891e7e3be4812576b296a8f0efc5d86b155a03d3e9f34ac189ff7d45bd5e5ccd6dcf5de33f5abca7c855b354c'} ]</msg>
<msg timestamp="20250718 17:59:35.441" level="DEBUG">Starting new HTTPS connection (1): stage.allrideapp.com:443</msg>
<msg timestamp="20250718 17:59:36.243" level="DEBUG">https://stage.allrideapp.com:443 "GET /api/v2/pb/driver/departure/end/statistics/687ac3b5fcb0389c12af3ea0 HTTP/1.1" 200 None</msg>
<msg timestamp="20250718 17:59:36.244" level="INFO">GET Request : url=https://stage.allrideapp.com/api/v2/pb/driver/departure/end/statistics/687ac3b5fcb0389c12af3ea0 
 path_url=/api/v2/pb/driver/departure/end/statistics/687ac3b5fcb0389c12af3ea0 
 headers={'User-Agent': 'python-requests/2.31.0', 'Accept-Encoding': 'gzip, deflate', 'Accept': '*/*', 'Connection': 'keep-alive', 'Authorization': 'Bearer bc8453d2b2d2b60f50f4615a88d4a09359421df891e7e3be4812576b296a8f0efc5d86b155a03d3e9f34ac189ff7d45bd5e5ccd6dcf5de33f5abca7c855b354c'} 
 body=None 
 </msg>
<msg timestamp="20250718 17:59:36.244" level="INFO">GET Response : url=https://stage.allrideapp.com/api/v2/pb/driver/departure/end/statistics/687ac3b5fcb0389c12af3ea0 
 status=200, reason=OK 
 headers={'Date': 'Fri, 18 Jul 2025 21:59:38 GMT', 'Content-Type': 'application/json; charset=utf-8', 'Transfer-Encoding': 'chunked', 'Connection': 'keep-alive', 'Server': 'nginx', 'X-DNS-Prefetch-Control': 'off', 'X-Frame-Options': 'SAMEORIGIN', 'Strict-Transport-Security': 'max-age=15552000; includeSubDomains', 'X-Download-Options': 'noopen', 'X-Content-Type-Options': 'nosniff', 'X-XSS-Protection': '1; mode=block', 'Access-Control-Allow-Origin': '*', 'ETag': 'W/"ca-Mxw2o+LmfblMjvlp9EkNFoKMPNc"', 'Content-Encoding': 'gzip'} 
 body={"currentOddepartureTime":{"hours":0,"minutes":0,"seconds":10},"distance":0,"rounds":0,"reservationsInDone":3,"validations":2,"startedAt":"2025-07-18T21:59:27.166Z","endedAt":"2025-07-18T21:59:37.662Z"} 
 </msg>
<msg timestamp="20250718 17:59:36.244" level="TRACE">Return: &lt;Response [200]&gt;</msg>
<msg timestamp="20250718 17:59:36.245" level="INFO">${response} = &lt;Response [200]&gt;</msg>
<status status="PASS" starttime="20250718 17:59:35.438" endtime="20250718 17:59:36.245"/>
</kw>
<kw name="Should Be Equal As Numbers" library="BuiltIn">
<arg>${response.status_code}</arg>
<arg>200</arg>
<doc>Fails if objects are unequal after converting them to real numbers.</doc>
<msg timestamp="20250718 17:59:36.248" level="TRACE">Arguments: [ 200 | '200' ]</msg>
<msg timestamp="20250718 17:59:36.249" level="INFO">Argument types are:
&lt;class 'int'&gt;
&lt;class 'str'&gt;</msg>
<msg timestamp="20250718 17:59:36.249" level="TRACE">Return: None</msg>
<status status="PASS" starttime="20250718 17:59:36.246" endtime="20250718 17:59:36.249"/>
</kw>
<kw name="Log" library="BuiltIn">
<arg>${response.content}</arg>
<doc>Logs the given message with the given level.</doc>
<msg timestamp="20250718 17:59:36.252" level="TRACE">Arguments: [ b'{"currentOddepartureTime":{"hours":0,"minutes":0,"seconds":10},"distance":0,"rounds":0,"reservationsInDone":3,"validations":2,"startedAt":"2025-07-18T21:59:27.166Z","endedAt":"2025-07-18T21:59:37.662Z"}' ]</msg>
<msg timestamp="20250718 17:59:36.252" level="INFO">{"currentOddepartureTime":{"hours":0,"minutes":0,"seconds":10},"distance":0,"rounds":0,"reservationsInDone":3,"validations":2,"startedAt":"2025-07-18T21:59:27.166Z","endedAt":"2025-07-18T21:59:37.662Z"}</msg>
<msg timestamp="20250718 17:59:36.253" level="TRACE">Return: None</msg>
<status status="PASS" starttime="20250718 17:59:36.250" endtime="20250718 17:59:36.253"/>
</kw>
<kw name="Set Variable" library="BuiltIn">
<var>${json}</var>
<arg>${response.json()}</arg>
<doc>Returns the given values which can then be assigned to a variables.</doc>
<msg timestamp="20250718 17:59:36.257" level="TRACE">Arguments: [ {'currentOddepartureTime': {'hours': 0, 'minutes': 0, 'seconds': 10},
 'distance': 0,
 'endedAt': '2025-07-18T21:59:37.662Z',
 'reservationsInDone': 3,
 'rounds': 0,
 'startedAt': '2025-07-18T21:59:27.166Z',
 'validations': 2} ]</msg>
<msg timestamp="20250718 17:59:36.257" level="TRACE">Return: {'currentOddepartureTime': {'hours': 0, 'minutes': 0, 'seconds': 10},
 'distance': 0,
 'endedAt': '2025-07-18T21:59:37.662Z',
 'reservationsInDone': 3,
 'rounds': 0,
 'startedAt': '2025-07-18T21:59:27.166Z',
 'validations': 2}</msg>
<msg timestamp="20250718 17:59:36.257" level="INFO">${json} = {'currentOddepartureTime': {'hours': 0, 'minutes': 0, 'seconds': 10}, 'distance': 0, 'rounds': 0, 'reservationsInDone': 3, 'validations': 2, 'startedAt': '2025-07-18T21:59:27.166Z', 'endedAt': '2025-0...</msg>
<status status="PASS" starttime="20250718 17:59:36.254" endtime="20250718 17:59:36.258"/>
</kw>
<kw name="Should Be Equal As Integers" library="BuiltIn">
<arg>${json["reservationsInDone"]}</arg>
<arg>3</arg>
<arg>msg=Expected 3 reservations in 'done' state, but got ${json["reservationsInDone"]}</arg>
<doc>Fails if objects are unequal after converting them to integers.</doc>
<msg timestamp="20250718 17:59:36.263" level="TRACE">Arguments: [ 3 | '3' | msg="Expected 3 reservations in 'done' state, but got 3" ]</msg>
<msg timestamp="20250718 17:59:36.263" level="INFO">Argument types are:
&lt;class 'int'&gt;
&lt;class 'str'&gt;</msg>
<msg timestamp="20250718 17:59:36.263" level="TRACE">Return: None</msg>
<status status="PASS" starttime="20250718 17:59:36.259" endtime="20250718 17:59:36.263"/>
</kw>
<kw name="Should Be Equal As Integers" library="BuiltIn">
<arg>${json["validations"]}</arg>
<arg>2</arg>
<arg>msg=Expected 2 validation, but got ${json["validations"]}</arg>
<doc>Fails if objects are unequal after converting them to integers.</doc>
<msg timestamp="20250718 17:59:36.267" level="TRACE">Arguments: [ 2 | '2' | msg='Expected 2 validation, but got 2' ]</msg>
<msg timestamp="20250718 17:59:36.267" level="INFO">Argument types are:
&lt;class 'int'&gt;
&lt;class 'str'&gt;</msg>
<msg timestamp="20250718 17:59:36.268" level="TRACE">Return: None</msg>
<status status="PASS" starttime="20250718 17:59:36.264" endtime="20250718 17:59:36.268"/>
</kw>
<doc>The number of reservations with status "done" should be 3, and there should be 2 validations</doc>
<status status="PASS" starttime="20250718 17:59:35.430" endtime="20250718 17:59:36.268"/>
</test>
<status status="PASS" starttime="20250718 17:59:11.471" endtime="20250718 17:59:36.271"/>
</suite>
<statistics>
<total>
<stat pass="20" fail="0" skip="1">All Tests</stat>
</total>
<tag>
</tag>
<suite>
<stat pass="20" fail="0" skip="1" id="s1" name="actionsOnStop2(ValidateMovesToNext)">actionsOnStop2(ValidateMovesToNext)</stat>
</suite>
</statistics>
<errors>
</errors>
</robot>
