<?xml version="1.0" encoding="UTF-8"?>
<robot generator="Robot 6.1.1 (Python 3.10.12 on win32)" generated="20241216 13:09:36.589" rpa="false" schemaversion="4">
<suite id="s1" name="openRddFlow" source="c:\Users\UsuarioCompuElite\Documents\GitHub\Respaldo\AllRide Test Cases\Test Cases\RDD Flow\User\Without Admin Approval\openRddFlow.robot">
<test id="s1-t1" name="Login User With Email(Obtain Token)" line="76">
<kw name="Create Session" library="RequestsLibrary">
<arg>mysesion</arg>
<arg>${STAGE_URL}</arg>
<arg>verify=true</arg>
<doc>Create Session: create a HTTP session to a server</doc>
<msg timestamp="20241216 13:09:37.250" level="INFO">Creating Session using : alias=mysesion, url=https://stage.allrideapp.com, headers={},                     cookies={}, auth=None, timeout=None, proxies=None, verify=True,                     debug=0 </msg>
<status status="PASS" starttime="20241216 13:09:37.248" endtime="20241216 13:09:37.252"/>
</kw>
<kw name="Set Variable" library="BuiltIn">
<var>${jsonBody}</var>
<arg>{"username":"nicolas+endauto@allrideapp.com","password":"Equilibriozen123#"}</arg>
<doc>Returns the given values which can then be assigned to a variables.</doc>
<msg timestamp="20241216 13:09:37.253" level="INFO">${jsonBody} = {"username":"nicolas+endauto@allrideapp.com","password":"Equilibriozen123#"}</msg>
<status status="PASS" starttime="20241216 13:09:37.252" endtime="20241216 13:09:37.253"/>
</kw>
<kw name="Evaluate" library="BuiltIn">
<var>${parsed_json}</var>
<arg>json.loads($jsonBody)</arg>
<arg>json</arg>
<doc>Evaluates the given expression in Python and returns the result.</doc>
<msg timestamp="20241216 13:09:37.256" level="INFO">${parsed_json} = {'username': 'nicolas+endauto@allrideapp.com', 'password': 'Equilibriozen123#'}</msg>
<status status="PASS" starttime="20241216 13:09:37.253" endtime="20241216 13:09:37.256"/>
</kw>
<kw name="Create Dictionary" library="BuiltIn">
<var>${headers}</var>
<arg>Authorization=""</arg>
<arg>Content-Type=application/json</arg>
<doc>Creates and returns a dictionary based on the given ``items``.</doc>
<msg timestamp="20241216 13:09:37.257" level="INFO">${headers} = {'Authorization': '""', 'Content-Type': 'application/json'}</msg>
<status status="PASS" starttime="20241216 13:09:37.257" endtime="20241216 13:09:37.257"/>
</kw>
<kw name="POST On Session" library="RequestsLibrary">
<var>${response}</var>
<arg>mysesion</arg>
<arg>url=${loginUserUrl}</arg>
<arg>json=${parsed_json}</arg>
<arg>headers=${headers}</arg>
<doc>Sends a POST request on a previously created HTTP Session.</doc>
<msg timestamp="20241216 13:09:37.966" level="INFO">POST Request : url=https://stage.allrideapp.com/api/v1/login/email 
 path_url=/api/v1/login/email 
 headers={'User-Agent': 'python-requests/2.32.3', 'Accept-Encoding': 'gzip, deflate', 'Accept': '*/*', 'Connection': 'keep-alive', 'Authorization': '""', 'Content-Type': 'application/json', 'Content-Length': '79'} 
 body=b'{"username": "nicolas+endauto@allrideapp.com", "password": "Equilibriozen123#"}' 
 </msg>
<msg timestamp="20241216 13:09:37.967" level="INFO">POST Response : url=https://stage.allrideapp.com/api/v1/login/email 
 status=200, reason=OK 
 headers={'Date': 'Mon, 16 Dec 2024 16:09:38 GMT', 'Content-Type': 'application/json; charset=utf-8', 'Transfer-Encoding': 'chunked', 'Connection': 'keep-alive', 'Server': 'nginx', 'X-DNS-Prefetch-Control': 'off', 'X-Frame-Options': 'SAMEORIGIN', 'Strict-Transport-Security': 'max-age=15552000; includeSubDomains', 'X-Download-Options': 'noopen', 'X-Content-Type-Options': 'nosniff', 'X-XSS-Protection': '1; mode=block', 'Access-Control-Allow-Origin': '*', 'X-RateLimit-Limit': '5', 'X-RateLimit-Remaining': '4', 'X-RateLimit-Reset': '1734365425', 'ETag': 'W/"110c-EF3NbdTggNCJxelvibIFdrYLwco"', 'Content-Encoding': 'gzip'} 
 body={"device":{"os":"android","lang":"es","token":"fsdNMr5GRKeED9dx6bh5bp:APA91bGUZkecDHpehFL2ahp6BbtE-65kt0kBSFcm5NocHxWXgqp-o2UE4H1hmMBOGd4j4J-taGH5ttHK2HDuegiv-ykUeuPxc3NukLGsoXvUHXz69opoIqQ","manufacturer":"google","appVersion":"192","lastSeenOnline":"2024-11-14T15:04:42.205Z"},"config":{"privateBus":{"showSection":true,"canBeValidated":true,"canBook":true},"enabledPin":false,"excludeMassiveMailing":false,"excludeMailingLevels":[],"excludeNotifications":[]},"active":true,"adminLevel":0,"setUserLimits":false,"distance":0,"pendingDeletion":false,"_id":"65e8e076337a90a35ba6e8dd","updatedAvatar":"2024-03-06T21:30:30.151Z","socialServices":[{"_id":"675662ddaa9f4e162d0841dc","socialId":null,"socialType":"entra","email":"nicolas+endauto@allrideapp.com","createdAt":"2024-12-09T03:24:13.141Z","updatedAt":"2024-12-09T03:24:13.141Z"}],"communities":[{"bounced":false,"confirmed":true,"_id":"661d977a9cf93f24956f77f8","communityId":"653fd601f90509541a748683","isAdmin":false,"isStudent":false,"custom":[{"listValue":[],"private":true,"_id":"661d977a9cf93f24956f77f9","key":"rut","value":"169455457"}],"createdAt":"2024-04-15T21:09:14.840Z","updatedAt":"2024-11-13T18:09:54.312Z","privateBus":{"odd":{"canCreate":true,"needsAdminApproval":false,"exclusiveDepartures":false,"asapDepartures":true,"providers":[]},"validation":{"external":{"required":true}},"enabled":true,"favoriteRoutes":["664fb1a2b4dd46b0430f4da0","66bcdb302ef765e2c6da5569"],"suggestedRoutes":["662284b7401a0c4fa2fa0a72","66229850401a0c4fa2fa12e3","65fc4d72294a72ec80a6e03f","6633936e2731d03af2ad0786","6633b9a3e2effe738ac91d88","6633b9a3e2effe738ac91d88","662c0eaf8ccc4cd0bd2d8301","6634f82ee0a2c865812ff8de","6638d8cb628ced44723424ed","6638dcaa628ced4472342c29","6627d2f6693ef4e993cb48f2","663a82d0d2cf3dcd12fb0b0e","663b8e9d206c7de54035ee27","663b8ed1206c7de54035ef0e","663d12e6d4f9bcff2a1bea8b","663d12ead4f9bcff2a1beaf5","663e35c60ef4bb983b9d0994","663e35cc608983a281a91872","66428a62aaf19254f71438bc","66428a66aaf19254f7143985","66439675aaf19254f7152815","6643967baaf19254f71528cc","66439f970163effd4888eac3","6644bb2fce0d62b30b50149a","6644bb3479a096b3205f8428","66460891af3a8a372a5e50f1","664608e2af3a8a372a5e51e2","664f6f63b4dd46b0430f1717","664f6f84b4dd46b0430f190a","6650a0c398abccc8c910eb83","66428a6d951733542ce44123","668bf6d6fd357867278a5897","66998f4108dd5891934b250a","669e8449a2988f6fb0b943f1","669ff5c07ef3434633179753","669ffb0f7ef343463317ca9c","66b12df6422ef6de718855a4","66b61c4822aadd953351814e","66c64e563bc439369bdcf45d","66cc8ad4193998eca48fe9bf","671fa5163b5cb0a7c1cc2384","671fb7d9f4445ab792b7a7f3","672bdb8f6032325002c3a7e5","672be7483ec6775bff1ab701"],"_id":"661d9ffa9cf93f24956f7a03","oDDServices":[{"canCreate":true,"needsAdminApproval":false,"exclusiveDepartures":false,"asapDepartures":true,"providers":["653fd68233d83952fafcd4be"],"_id":"6734eb72f46896e93e858f20","name":"Taxis Coni y Nico"}]}}],"createdAt":"2024-03-06T21:30:30.163Z","garage":[],"emails":[{"fromCommunity":false,"bounced":false,"_id":"65e8e076337a90a35ba6e8de","email":"nicolas+endauto@allrideapp.com","validationToken":"04687f6d9662af176fbe09fc6a5653857339b948c9dfafd6414ad82da0b8ac80c83087d5a6c344e675561881555dd7af63721ddc8473c82a30fc612ea62831a0","active":true,"primary":false}],"achievements":[],"notifications":[],"password":"pbkdf2_sha256$20000$a2d4bab8697f67173aa9149e$btaiecqTpJ04nUynyWJ5dEM61cJ0IpkExAIWwYzlg94=","name":"Nico End","country":"cl","avatar":"https://s3.amazonaws.com/adedo.users-avatars/user_placeholder.png","updatedAt":"2024-12-16T16:09:38.006Z","currency":"clp","__v":9,"accessToken":"d6e47ffaf8cdf2e0d0d8748bf0a0fa3056ba090712710a1049719202709f9f734b006cedc8eebc663cfd469debf5bda150598c1cea28f08f8e4feca06ac70d94","cpToken":"764ab54391688197d50b2382aa56e36dccabf297376f33e368ccb7d4fb994a4a42a14b926d9f980a9cc8856c8a9dc20bd3bfd67af598e77900fdd889f530802e","lastLogin":"2024-12-16T16:09:38.001Z","newChatToken":"4b5aef6ced1dd676159649bf97bfa2d0c4aadc69d52e4d9f08f9f7f5fb6a45b753ea20d1f32c2416ada8072d785a1588a0fd8737bbc81f3bf54e0f4eb1d5cbb5","realTimeToken":"e604b1df9434509ff5fa64ac4ee277c2003a4fd39df78669fd87e01e8212fa89240eb5ebf14d79a0b203ab92068bc8510fbdd8ef6ffa30c5e62966c345d9f6bd","stripeId":"cus_Pgpifc2TLQIfkp","refreshToken":"d50b93f7d10355763b4d9e627faa9889b0209e59a98f5242581146ad9fb17e0aa32c16e8f21540ef89e7078c3b328784e78175500f290e3e5dd94b882dd350ca"} 
 </msg>
<msg timestamp="20241216 13:09:37.967" level="INFO">${response} = &lt;Response [200]&gt;</msg>
<status status="PASS" starttime="20241216 13:09:37.258" endtime="20241216 13:09:37.967"/>
</kw>
<kw name="Convert To String" library="BuiltIn">
<var>${code}</var>
<arg>${response.status_code}</arg>
<doc>Converts the given item to a Unicode string.</doc>
<msg timestamp="20241216 13:09:37.968" level="INFO">${code} = 200</msg>
<status status="PASS" starttime="20241216 13:09:37.967" endtime="20241216 13:09:37.968"/>
</kw>
<kw name="Should Be Equal As Numbers" library="BuiltIn">
<arg>${code}</arg>
<arg>200</arg>
<doc>Fails if objects are unequal after converting them to real numbers.</doc>
<status status="PASS" starttime="20241216 13:09:37.969" endtime="20241216 13:09:37.969"/>
</kw>
<kw name="Log" library="BuiltIn">
<arg>${code}</arg>
<doc>Logs the given message with the given level.</doc>
<msg timestamp="20241216 13:09:37.970" level="INFO">200</msg>
<status status="PASS" starttime="20241216 13:09:37.969" endtime="20241216 13:09:37.970"/>
</kw>
<kw name="List Should Contain Value" library="Collections">
<arg>${response.json()}</arg>
<arg>accessToken</arg>
<arg>No accesToken found in Login!, Failing</arg>
<doc>Fails if the ``value`` is not found from ``list``.</doc>
<status status="PASS" starttime="20241216 13:09:37.970" endtime="20241216 13:09:37.970"/>
</kw>
<kw name="Set Variable" library="BuiltIn">
<var>${accessToken}</var>
<arg>${response.json()}[accessToken]</arg>
<doc>Returns the given values which can then be assigned to a variables.</doc>
<msg timestamp="20241216 13:09:37.971" level="INFO">${accessToken} = d6e47ffaf8cdf2e0d0d8748bf0a0fa3056ba090712710a1049719202709f9f734b006cedc8eebc663cfd469debf5bda150598c1cea28f08f8e4feca06ac70d94</msg>
<status status="PASS" starttime="20241216 13:09:37.971" endtime="20241216 13:09:37.971"/>
</kw>
<kw name="Evaluate" library="BuiltIn">
<var>${accessTokenNico}</var>
<arg>"Bearer ${accessToken}"</arg>
<doc>Evaluates the given expression in Python and returns the result.</doc>
<msg timestamp="20241216 13:09:37.972" level="INFO">${accessTokenNico} = Bearer d6e47ffaf8cdf2e0d0d8748bf0a0fa3056ba090712710a1049719202709f9f734b006cedc8eebc663cfd469debf5bda150598c1cea28f08f8e4feca06ac70d94</msg>
<status status="PASS" starttime="20241216 13:09:37.972" endtime="20241216 13:09:37.972"/>
</kw>
<kw name="Set Global Variable" library="BuiltIn">
<arg>${accessTokenNico}</arg>
<doc>Makes a variable available globally in all tests and suites.</doc>
<msg timestamp="20241216 13:09:37.973" level="INFO">${accessTokenNico} = Bearer d6e47ffaf8cdf2e0d0d8748bf0a0fa3056ba090712710a1049719202709f9f734b006cedc8eebc663cfd469debf5bda150598c1cea28f08f8e4feca06ac70d94</msg>
<status status="PASS" starttime="20241216 13:09:37.972" endtime="20241216 13:09:37.973"/>
</kw>
<status status="PASS" starttime="20241216 13:09:37.248" endtime="20241216 13:09:37.973"/>
</test>
<status status="PASS" starttime="20241216 13:09:36.592" endtime="20241216 13:09:37.974"/>
</suite>
<statistics>
<total>
<stat pass="1" fail="0" skip="0">All Tests</stat>
</total>
<tag>
</tag>
<suite>
<stat pass="1" fail="0" skip="0" id="s1" name="openRddFlow">openRddFlow</stat>
</suite>
</statistics>
<errors>
</errors>
</robot>
