<?xml version="1.0" encoding="UTF-8"?>
<robot generator="Robot 6.1.1 (Python 3.10.12 on win32)" generated="20251014 18:17:06.389" rpa="false" schemaversion="4">
<suite id="s1" name="scheduledWIthTickets" source="c:\Users\UsuarioCompuElite\Documents\GitHub\Respaldo\AllRide Test Cases\Test Cases\Scheduled Flow\ScheduledTickets\scheduledWIthTickets.robot">
<test id="s1-t1" name="Set Date Variables" line="28">
<kw name="Get Current Date" library="DateTime">
<var>${fecha_hoy}</var>
<arg>result_format=%Y-%m-%d</arg>
<doc>Returns current local or UTC time with an optional increment.</doc>
<msg timestamp="20251014 18:17:06.823" level="INFO">${fecha_hoy} = 2025-10-14</msg>
<status status="PASS" starttime="20251014 18:17:06.823" endtime="20251014 18:17:06.825"/>
</kw>
<kw name="Set Global Variable" library="BuiltIn">
<arg>${fecha_hoy}</arg>
<doc>Makes a variable available globally in all tests and suites.</doc>
<msg timestamp="20251014 18:17:06.826" level="INFO">${fecha_hoy} = 2025-10-14</msg>
<status status="PASS" starttime="20251014 18:17:06.826" endtime="20251014 18:17:06.827"/>
</kw>
<kw name="Add Time To Date" library="DateTime">
<var>${fecha_manana}</var>
<arg>${fecha_hoy}</arg>
<arg>1 days</arg>
<arg>result_format=%Y-%m-%d</arg>
<doc>Adds time to date and returns the resulting date.</doc>
<msg timestamp="20251014 18:17:06.831" level="INFO">${fecha_manana} = 2025-10-15</msg>
<status status="PASS" starttime="20251014 18:17:06.827" endtime="20251014 18:17:06.831"/>
</kw>
<kw name="Set Global Variable" library="BuiltIn">
<arg>${fecha_manana}</arg>
<doc>Makes a variable available globally in all tests and suites.</doc>
<msg timestamp="20251014 18:17:06.832" level="INFO">${fecha_manana} = 2025-10-15</msg>
<status status="PASS" starttime="20251014 18:17:06.831" endtime="20251014 18:17:06.832"/>
</kw>
<kw name="Add Time To Date" library="DateTime">
<var>${fecha_pasado_manana}</var>
<arg>${fecha_hoy}</arg>
<arg>2 days</arg>
<arg>result_format=%Y-%m-%d</arg>
<doc>Adds time to date and returns the resulting date.</doc>
<msg timestamp="20251014 18:17:06.832" level="INFO">${fecha_pasado_manana} = 2025-10-16</msg>
<status status="PASS" starttime="20251014 18:17:06.832" endtime="20251014 18:17:06.832"/>
</kw>
<kw name="Set Global Variable" library="BuiltIn">
<arg>${fecha_pasado_manana}</arg>
<doc>Makes a variable available globally in all tests and suites.</doc>
<msg timestamp="20251014 18:17:06.833" level="INFO">${fecha_pasado_manana} = 2025-10-16</msg>
<status status="PASS" starttime="20251014 18:17:06.833" endtime="20251014 18:17:06.833"/>
</kw>
<kw name="Add Time To Date" library="DateTime">
<var>${fecha_pasado_pasado_manana}</var>
<arg>${fecha_hoy}</arg>
<arg>3 days</arg>
<arg>result_format=%Y-%m-%d</arg>
<doc>Adds time to date and returns the resulting date.</doc>
<msg timestamp="20251014 18:17:06.833" level="INFO">${fecha_pasado_pasado_manana} = 2025-10-17</msg>
<status status="PASS" starttime="20251014 18:17:06.833" endtime="20251014 18:17:06.833"/>
</kw>
<kw name="Set Global Variable" library="BuiltIn">
<arg>${fecha_pasado_pasado_manana}</arg>
<doc>Makes a variable available globally in all tests and suites.</doc>
<msg timestamp="20251014 18:17:06.835" level="INFO">${fecha_pasado_pasado_manana} = 2025-10-17</msg>
<status status="PASS" starttime="20251014 18:17:06.833" endtime="20251014 18:17:06.835"/>
</kw>
<kw name="Convert Date" library="DateTime">
<var>${dia_actual}</var>
<arg>${fecha_hoy}</arg>
<arg>result_format=%a</arg>
<doc>Converts between supported `date formats`.</doc>
<msg timestamp="20251014 18:17:06.835" level="INFO">${dia_actual} = Tue</msg>
<status status="PASS" starttime="20251014 18:17:06.835" endtime="20251014 18:17:06.835"/>
</kw>
<kw name="Set Variable" library="BuiltIn">
<var>${dia_actual_lower}</var>
<arg>${dia_actual.lower()}</arg>
<doc>Returns the given values which can then be assigned to a variables.</doc>
<msg timestamp="20251014 18:17:06.836" level="INFO">${dia_actual_lower} = tue</msg>
<status status="PASS" starttime="20251014 18:17:06.836" endtime="20251014 18:17:06.836"/>
</kw>
<kw name="Set Variable" library="BuiltIn">
<var>${arrival_date}</var>
<arg>${fecha_manana}T01:00:00.000Z</arg>
<doc>Returns the given values which can then be assigned to a variables.</doc>
<msg timestamp="20251014 18:17:06.837" level="INFO">${arrival_date} = 2025-10-15T01:00:00.000Z</msg>
<status status="PASS" starttime="20251014 18:17:06.837" endtime="20251014 18:17:06.837"/>
</kw>
<kw name="Set Global Variable" library="BuiltIn">
<arg>${arrival_date}</arg>
<doc>Makes a variable available globally in all tests and suites.</doc>
<msg timestamp="20251014 18:17:06.838" level="INFO">${arrival_date} = 2025-10-15T01:00:00.000Z</msg>
<status status="PASS" starttime="20251014 18:17:06.837" endtime="20251014 18:17:06.838"/>
</kw>
<kw name="Set Variable" library="BuiltIn">
<var>${r_estimated_arrival1}</var>
<arg>${fecha_manana}T14:45:57.000Z</arg>
<doc>Returns the given values which can then be assigned to a variables.</doc>
<msg timestamp="20251014 18:17:06.838" level="INFO">${r_estimated_arrival1} = 2025-10-15T14:45:57.000Z</msg>
<status status="PASS" starttime="20251014 18:17:06.838" endtime="20251014 18:17:06.838"/>
</kw>
<kw name="Set Global Variable" library="BuiltIn">
<arg>${r_estimated_arrival1}</arg>
<doc>Makes a variable available globally in all tests and suites.</doc>
<msg timestamp="20251014 18:17:06.839" level="INFO">${r_estimated_arrival1} = 2025-10-15T14:45:57.000Z</msg>
<status status="PASS" starttime="20251014 18:17:06.839" endtime="20251014 18:17:06.839"/>
</kw>
<kw name="Set Variable" library="BuiltIn">
<var>${service_date}</var>
<arg>${fecha_manana}T00:25:29.000Z</arg>
<doc>Returns the given values which can then be assigned to a variables.</doc>
<msg timestamp="20251014 18:17:06.840" level="INFO">${service_date} = 2025-10-15T00:25:29.000Z</msg>
<status status="PASS" starttime="20251014 18:17:06.839" endtime="20251014 18:17:06.840"/>
</kw>
<kw name="Set Global Variable" library="BuiltIn">
<arg>${service_date}</arg>
<doc>Makes a variable available globally in all tests and suites.</doc>
<msg timestamp="20251014 18:17:06.840" level="INFO">${service_date} = 2025-10-15T00:25:29.000Z</msg>
<status status="PASS" starttime="20251014 18:17:06.840" endtime="20251014 18:17:06.840"/>
</kw>
<kw name="Set Variable" library="BuiltIn">
<var>${modified_arrival_date}</var>
<arg>${fecha_manana}T01:00:00.000Z</arg>
<doc>Returns the given values which can then be assigned to a variables.</doc>
<msg timestamp="20251014 18:17:06.841" level="INFO">${modified_arrival_date} = 2025-10-15T01:00:00.000Z</msg>
<status status="PASS" starttime="20251014 18:17:06.840" endtime="20251014 18:17:06.841"/>
</kw>
<kw name="Set Global Variable" library="BuiltIn">
<arg>${modified_arrival_date}</arg>
<doc>Makes a variable available globally in all tests and suites.</doc>
<msg timestamp="20251014 18:17:06.841" level="INFO">${modified_arrival_date} = 2025-10-15T01:00:00.000Z</msg>
<status status="PASS" starttime="20251014 18:17:06.841" endtime="20251014 18:17:06.841"/>
</kw>
<kw name="Set Variable" library="BuiltIn">
<var>${r_modified_estimated_arrival}</var>
<arg>${fecha_pasado_manana}T14:45:57.000Z</arg>
<doc>Returns the given values which can then be assigned to a variables.</doc>
<msg timestamp="20251014 18:17:06.842" level="INFO">${r_modified_estimated_arrival} = 2025-10-16T14:45:57.000Z</msg>
<status status="PASS" starttime="20251014 18:17:06.842" endtime="20251014 18:17:06.842"/>
</kw>
<kw name="Set Global Variable" library="BuiltIn">
<arg>${r_modified_estimated_arrival}</arg>
<doc>Makes a variable available globally in all tests and suites.</doc>
<msg timestamp="20251014 18:17:06.842" level="INFO">${r_modified_estimated_arrival} = 2025-10-16T14:45:57.000Z</msg>
<status status="PASS" starttime="20251014 18:17:06.842" endtime="20251014 18:17:06.842"/>
</kw>
<kw name="Set Variable" library="BuiltIn">
<var>${modified_service_date}</var>
<arg>${fecha_manana}T00:25:29.000Z</arg>
<doc>Returns the given values which can then be assigned to a variables.</doc>
<msg timestamp="20251014 18:17:06.843" level="INFO">${modified_service_date} = 2025-10-15T00:25:29.000Z</msg>
<status status="PASS" starttime="20251014 18:17:06.842" endtime="20251014 18:17:06.843"/>
</kw>
<kw name="Set Global Variable" library="BuiltIn">
<arg>${modified_service_date}</arg>
<doc>Makes a variable available globally in all tests and suites.</doc>
<msg timestamp="20251014 18:17:06.843" level="INFO">${modified_service_date} = 2025-10-15T00:25:29.000Z</msg>
<status status="PASS" starttime="20251014 18:17:06.843" endtime="20251014 18:17:06.843"/>
</kw>
<kw name="Set Variable" library="BuiltIn">
<var>${service_date_20min}</var>
<arg>${fecha_manana}T00:20:00.000Z</arg>
<doc>Returns the given values which can then be assigned to a variables.</doc>
<msg timestamp="20251014 18:17:06.844" level="INFO">${service_date_20min} = 2025-10-15T00:20:00.000Z</msg>
<status status="PASS" starttime="20251014 18:17:06.843" endtime="20251014 18:17:06.844"/>
</kw>
<kw name="Set Global Variable" library="BuiltIn">
<arg>${service_date_20min}</arg>
<doc>Makes a variable available globally in all tests and suites.</doc>
<msg timestamp="20251014 18:17:06.844" level="INFO">${service_date_20min} = 2025-10-15T00:20:00.000Z</msg>
<status status="PASS" starttime="20251014 18:17:06.844" endtime="20251014 18:17:06.844"/>
</kw>
<kw name="Set Variable" library="BuiltIn">
<var>${service_date_22min}</var>
<arg>${fecha_manana}T00:47:00.000Z</arg>
<doc>Returns the given values which can then be assigned to a variables.</doc>
<msg timestamp="20251014 18:17:06.846" level="INFO">${service_date_22min} = 2025-10-15T00:47:00.000Z</msg>
<status status="PASS" starttime="20251014 18:17:06.846" endtime="20251014 18:17:06.846"/>
</kw>
<kw name="Set Global Variable" library="BuiltIn">
<arg>${service_date_22min}</arg>
<doc>Makes a variable available globally in all tests and suites.</doc>
<msg timestamp="20251014 18:17:06.846" level="INFO">${service_date_22min} = 2025-10-15T00:47:00.000Z</msg>
<status status="PASS" starttime="20251014 18:17:06.846" endtime="20251014 18:17:06.846"/>
</kw>
<kw name="Set Variable" library="BuiltIn">
<var>${start_date}</var>
<arg>${fecha_manana}T03:00:00.000Z</arg>
<doc>Returns the given values which can then be assigned to a variables.</doc>
<msg timestamp="20251014 18:17:06.847" level="INFO">${start_date} = 2025-10-15T03:00:00.000Z</msg>
<status status="PASS" starttime="20251014 18:17:06.847" endtime="20251014 18:17:06.847"/>
</kw>
<kw name="Set Global Variable" library="BuiltIn">
<arg>${start_date}</arg>
<doc>Makes a variable available globally in all tests and suites.</doc>
<msg timestamp="20251014 18:17:06.847" level="INFO">${start_date} = 2025-10-15T03:00:00.000Z</msg>
<status status="PASS" starttime="20251014 18:17:06.847" endtime="20251014 18:17:06.848"/>
</kw>
<kw name="Set Variable" library="BuiltIn">
<var>${end_date_4weeks}</var>
<arg>2023-12-30T02:59:59.999Z</arg>
<doc>Returns the given values which can then be assigned to a variables.</doc>
<msg timestamp="20251014 18:17:06.848" level="INFO">${end_date_4weeks} = 2023-12-30T02:59:59.999Z</msg>
<status status="PASS" starttime="20251014 18:17:06.848" endtime="20251014 18:17:06.848"/>
</kw>
<kw name="Set Global Variable" library="BuiltIn">
<arg>${end_date_4weeks}</arg>
<doc>Makes a variable available globally in all tests and suites.</doc>
<msg timestamp="20251014 18:17:06.849" level="INFO">${end_date_4weeks} = 2023-12-30T02:59:59.999Z</msg>
<status status="PASS" starttime="20251014 18:17:06.848" endtime="20251014 18:17:06.849"/>
</kw>
<kw name="Set Variable" library="BuiltIn">
<var>${end_date}</var>
<arg>${fecha_pasado_pasado_manana}T03:00:00.000Z</arg>
<doc>Returns the given values which can then be assigned to a variables.</doc>
<msg timestamp="20251014 18:17:06.849" level="INFO">${end_date} = 2025-10-17T03:00:00.000Z</msg>
<status status="PASS" starttime="20251014 18:17:06.849" endtime="20251014 18:17:06.849"/>
</kw>
<kw name="Set Global Variable" library="BuiltIn">
<arg>${end_date}</arg>
<doc>Makes a variable available globally in all tests and suites.</doc>
<msg timestamp="20251014 18:17:06.849" level="INFO">${end_date} = 2025-10-17T03:00:00.000Z</msg>
<status status="PASS" starttime="20251014 18:17:06.849" endtime="20251014 18:17:06.849"/>
</kw>
<kw name="Set Variable" library="BuiltIn">
<var>${end_date_tomorrow}</var>
<arg>${fecha_manana}T03:00:00.000Z</arg>
<doc>Returns the given values which can then be assigned to a variables.</doc>
<msg timestamp="20251014 18:17:06.850" level="INFO">${end_date_tomorrow} = 2025-10-15T03:00:00.000Z</msg>
<status status="PASS" starttime="20251014 18:17:06.850" endtime="20251014 18:17:06.850"/>
</kw>
<kw name="Set Global Variable" library="BuiltIn">
<arg>${end_date_tomorrow}</arg>
<doc>Makes a variable available globally in all tests and suites.</doc>
<msg timestamp="20251014 18:17:06.851" level="INFO">${end_date_tomorrow} = 2025-10-15T03:00:00.000Z</msg>
<status status="PASS" starttime="20251014 18:17:06.850" endtime="20251014 18:17:06.851"/>
</kw>
<kw name="Set Variable" library="BuiltIn">
<var>${schedule_day}</var>
<arg>${dia_actual_lower}</arg>
<doc>Returns the given values which can then be assigned to a variables.</doc>
<msg timestamp="20251014 18:17:06.851" level="INFO">${schedule_day} = tue</msg>
<status status="PASS" starttime="20251014 18:17:06.851" endtime="20251014 18:17:06.851"/>
</kw>
<kw name="Set Global Variable" library="BuiltIn">
<arg>${schedule_day}</arg>
<doc>Makes a variable available globally in all tests and suites.</doc>
<msg timestamp="20251014 18:17:06.852" level="INFO">${schedule_day} = tue</msg>
<status status="PASS" starttime="20251014 18:17:06.852" endtime="20251014 18:17:06.852"/>
</kw>
<kw name="Set Variable" library="BuiltIn">
<var>${start_date_today}</var>
<arg>${fecha_hoy}T03:00:00.000Z</arg>
<doc>Returns the given values which can then be assigned to a variables.</doc>
<msg timestamp="20251014 18:17:06.852" level="INFO">${start_date_today} = 2025-10-14T03:00:00.000Z</msg>
<status status="PASS" starttime="20251014 18:17:06.852" endtime="20251014 18:17:06.852"/>
</kw>
<kw name="Set Global Variable" library="BuiltIn">
<arg>${start_date_today}</arg>
<doc>Makes a variable available globally in all tests and suites.</doc>
<msg timestamp="20251014 18:17:06.853" level="INFO">${start_date_today} = 2025-10-14T03:00:00.000Z</msg>
<status status="PASS" starttime="20251014 18:17:06.853" endtime="20251014 18:17:06.853"/>
</kw>
<kw name="Set Variable" library="BuiltIn">
<var>${today_date}</var>
<arg>${fecha_hoy}</arg>
<doc>Returns the given values which can then be assigned to a variables.</doc>
<msg timestamp="20251014 18:17:06.855" level="INFO">${today_date} = 2025-10-14</msg>
<status status="PASS" starttime="20251014 18:17:06.853" endtime="20251014 18:17:06.855"/>
</kw>
<kw name="Set Global Variable" library="BuiltIn">
<arg>${today_date}</arg>
<doc>Makes a variable available globally in all tests and suites.</doc>
<msg timestamp="20251014 18:17:06.855" level="INFO">${today_date} = 2025-10-14</msg>
<status status="PASS" starttime="20251014 18:17:06.855" endtime="20251014 18:17:06.855"/>
</kw>
<kw name="Set Variable" library="BuiltIn">
<var>${end_date_tomorrow2}</var>
<arg>${fecha_manana}T02:59:59.999Z</arg>
<doc>Returns the given values which can then be assigned to a variables.</doc>
<msg timestamp="20251014 18:17:06.856" level="INFO">${end_date_tomorrow2} = 2025-10-15T02:59:59.999Z</msg>
<status status="PASS" starttime="20251014 18:17:06.856" endtime="20251014 18:17:06.856"/>
</kw>
<kw name="Set Global Variable" library="BuiltIn">
<arg>${end_date_tomorrow}</arg>
<doc>Makes a variable available globally in all tests and suites.</doc>
<msg timestamp="20251014 18:17:06.857" level="INFO">${end_date_tomorrow} = 2025-10-15T03:00:00.000Z</msg>
<status status="PASS" starttime="20251014 18:17:06.856" endtime="20251014 18:17:06.857"/>
</kw>
<kw name="Set Variable" library="BuiltIn">
<var>${expiration_date_qr}</var>
<arg>${fecha_manana}T14:10:37.968Z</arg>
<doc>Returns the given values which can then be assigned to a variables.</doc>
<msg timestamp="20251014 18:17:06.857" level="INFO">${expiration_date_qr} = 2025-10-15T14:10:37.968Z</msg>
<status status="PASS" starttime="20251014 18:17:06.857" endtime="20251014 18:17:06.857"/>
</kw>
<kw name="Set Global Variable" library="BuiltIn">
<arg>${expiration_date_qr}</arg>
<doc>Makes a variable available globally in all tests and suites.</doc>
<msg timestamp="20251014 18:17:06.858" level="INFO">${expiration_date_qr} = 2025-10-15T14:10:37.968Z</msg>
<status status="PASS" starttime="20251014 18:17:06.858" endtime="20251014 18:17:06.858"/>
</kw>
<kw name="Set Variable" library="BuiltIn">
<var>${start_date_tickets}</var>
<arg>${fecha_hoy}T04:00:00.000Z</arg>
<doc>Returns the given values which can then be assigned to a variables.</doc>
<msg timestamp="20251014 18:17:06.858" level="INFO">${start_date_tickets} = 2025-10-14T04:00:00.000Z</msg>
<status status="PASS" starttime="20251014 18:17:06.858" endtime="20251014 18:17:06.858"/>
</kw>
<kw name="Set Global Variable" library="BuiltIn">
<arg>${start_date_tickets}</arg>
<doc>Makes a variable available globally in all tests and suites.</doc>
<msg timestamp="20251014 18:17:06.859" level="INFO">${start_date_tickets} = 2025-10-14T04:00:00.000Z</msg>
<status status="PASS" starttime="20251014 18:17:06.859" endtime="20251014 18:17:06.859"/>
</kw>
<kw name="Set Variable" library="BuiltIn">
<var>${end_date_tickets}</var>
<arg>${fecha_manana}T03:59:59.999Z</arg>
<doc>Returns the given values which can then be assigned to a variables.</doc>
<msg timestamp="20251014 18:17:06.859" level="INFO">${end_date_tickets} = 2025-10-15T03:59:59.999Z</msg>
<status status="PASS" starttime="20251014 18:17:06.859" endtime="20251014 18:17:06.860"/>
</kw>
<kw name="Set Global Variable" library="BuiltIn">
<arg>${end_date_tickets}</arg>
<doc>Makes a variable available globally in all tests and suites.</doc>
<msg timestamp="20251014 18:17:06.860" level="INFO">${end_date_tickets} = 2025-10-15T03:59:59.999Z</msg>
<status status="PASS" starttime="20251014 18:17:06.860" endtime="20251014 18:17:06.860"/>
</kw>
<kw name="Set Variable" library="BuiltIn">
<var>${end_date_pastTomorrow}</var>
<arg>${fecha_pasado_manana}T03:00:00.000Z</arg>
<doc>Returns the given values which can then be assigned to a variables.</doc>
<msg timestamp="20251014 18:17:06.862" level="INFO">${end_date_pastTomorrow} = 2025-10-16T03:00:00.000Z</msg>
<status status="PASS" starttime="20251014 18:17:06.860" endtime="20251014 18:17:06.862"/>
</kw>
<kw name="Set Global Variable" library="BuiltIn">
<arg>${end_date_pastTomorrow}</arg>
<doc>Makes a variable available globally in all tests and suites.</doc>
<msg timestamp="20251014 18:17:06.863" level="INFO">${end_date_pastTomorrow} = 2025-10-16T03:00:00.000Z</msg>
<status status="PASS" starttime="20251014 18:17:06.862" endtime="20251014 18:17:06.863"/>
</kw>
<status status="PASS" starttime="20251014 18:17:06.822" endtime="20251014 18:17:06.863"/>
</test>
<test id="s1-t2" name="2 hours local" line="85">
<kw name="Get Current Date" library="DateTime">
<var>${date}</var>
<arg>time_zone=local</arg>
<arg>exclude_millis=yes</arg>
<doc>Returns current local or UTC time with an optional increment.</doc>
<msg timestamp="20251014 18:17:06.865" level="INFO">${date} = 2025-10-14 18:17:07</msg>
<status status="PASS" starttime="20251014 18:17:06.864" endtime="20251014 18:17:06.865"/>
</kw>
<kw name="Convert Date" library="DateTime">
<var>${formatted_date}</var>
<arg>${date}</arg>
<arg>result_format=%H:%M:%S</arg>
<doc>Converts between supported `date formats`.</doc>
<msg timestamp="20251014 18:17:06.866" level="INFO">${formatted_date} = 18:17:07</msg>
<status status="PASS" starttime="20251014 18:17:06.865" endtime="20251014 18:17:06.866"/>
</kw>
<kw name="Log" library="BuiltIn">
<arg>Hora Actual: ${formatted_date}</arg>
<doc>Logs the given message with the given level.</doc>
<msg timestamp="20251014 18:17:06.866" level="INFO">Hora Actual: 18:17:07</msg>
<status status="PASS" starttime="20251014 18:17:06.866" endtime="20251014 18:17:06.866"/>
</kw>
<kw name="Add Time To Date" library="DateTime">
<var>${one_hour_later}</var>
<arg>${date}</arg>
<arg>1 hour</arg>
<doc>Adds time to date and returns the resulting date.</doc>
<msg timestamp="20251014 18:17:06.867" level="INFO">${one_hour_later} = 2025-10-14 19:17:07.000</msg>
<status status="PASS" starttime="20251014 18:17:06.867" endtime="20251014 18:17:06.867"/>
</kw>
<kw name="Convert Date" library="DateTime">
<var>${formatted_one_hour_later}</var>
<arg>${one_hour_later}</arg>
<arg>result_format=%H:%M</arg>
<doc>Converts between supported `date formats`.</doc>
<msg timestamp="20251014 18:17:06.868" level="INFO">${formatted_one_hour_later} = 19:17</msg>
<status status="PASS" starttime="20251014 18:17:06.867" endtime="20251014 18:17:06.868"/>
</kw>
<kw name="Log" library="BuiltIn">
<arg>Hora Actual + 1 hora: ${formatted_one_hour_later}</arg>
<doc>Logs the given message with the given level.</doc>
<msg timestamp="20251014 18:17:06.868" level="INFO">Hora Actual + 1 hora: 19:17</msg>
<status status="PASS" starttime="20251014 18:17:06.868" endtime="20251014 18:17:06.868"/>
</kw>
<kw name="Set Global Variable" library="BuiltIn">
<arg>${formatted_one_hour_later}</arg>
<doc>Makes a variable available globally in all tests and suites.</doc>
<msg timestamp="20251014 18:17:06.869" level="INFO">${formatted_one_hour_later} = 19:17</msg>
<status status="PASS" starttime="20251014 18:17:06.869" endtime="20251014 18:17:06.869"/>
</kw>
<status status="PASS" starttime="20251014 18:17:06.864" endtime="20251014 18:17:06.869"/>
</test>
<test id="s1-t3" name="Create Schedule Alto - Apumanque 19:00 hrs" line="96">
<kw name="Create Session" library="RequestsLibrary">
<arg>mysesion</arg>
<arg>${STAGE_URL}</arg>
<arg>verify=true</arg>
<doc>Create Session: create a HTTP session to a server</doc>
<msg timestamp="20251014 18:17:06.870" level="INFO">Creating Session using : alias=mysesion, url=https://stage.allrideapp.com, headers={},                     cookies={}, auth=None, timeout=None, proxies=None, verify=True,                     debug=0 </msg>
<status status="PASS" starttime="20251014 18:17:06.870" endtime="20251014 18:17:06.871"/>
</kw>
<kw name="Create Dictionary" library="BuiltIn">
<var>${headers}</var>
<arg>Authorization=${tokenAdmin}</arg>
<arg>Content-Type=application/json; charset=utf-8</arg>
<doc>Creates and returns a dictionary based on the given ``items``.</doc>
<msg timestamp="20251014 18:17:06.871" level="INFO">${headers} = {'Authorization': 'Bearer 462ae0a3feba486c0eabc1f0cfd5e4830c01b920d66126e4af95b6f7ac738d6fc03d21821d8c076407a10c94177e61ae51ef2780413d368a62231ea08de88c75', 'Content-Type': 'application/json; charset=...</msg>
<status status="PASS" starttime="20251014 18:17:06.871" endtime="20251014 18:17:06.871"/>
</kw>
<kw name="POST On Session" library="RequestsLibrary">
<var>${response}</var>
<arg>mysesion</arg>
<arg>${endPoint}</arg>
<arg>data={"name":"Validaciones Descuento Ticket","description":"templateRobotTickets","communities":["${idComunidad}"],"superCommunities":["${idSuperCommunity}"],"ownerIds":[{"id":"${idComunidad}","role":"community"}],"shapeId":"65ef21aa6f1c17c2eeeb5f98","usesBusCode":false,"usesVehicleList":true,"usesDriverCode":false,"allowsOnlyExistingDrivers":false,"allowsMultipleDrivers":false,"dynamicSeatAssignment":true,"usesTickets":true,"startsOnStop":false,"notNearStop":false,"routeCost":"100","ticketCost":"10","excludePassengers":{"active":false,"excludeType":"dontHide"},"restrictPassengers":{"enabled":false,"allowed":[],"visibility":{"enabled":false,"excludes":false,"parameters":[]}},"endDepartureNotice":{"enabled":false,"lastStop":null},"scheduling":{"enabled":true,"limitUnit":"minutes","limitAmount":30,"lateNotification":{"enabled":false,"amount":0,"unit":"minutes"},"stopNotification":{"enabled":false,"amount":0,"unit":"minutes"},"startLimit":{"upperLimit":{"amount":60,"unit":"minutes"},"lowerLimit":{"amount":30,"unit":"minutes"}},"schedule":[{"enabled":true,"day":"${schedule_day}","time":"${formatted_one_hour_later}","estimatedArrival":null,"stopSchedule":[],"capped":{"enabled":false,"capacity":0},"vehicleCategoryId":null,"defaultResources":[]}],"stopOnReservation":true,"restrictions":{"customParams":{"enabled":false,"params":[]}}},"customParams":{"enabled":false,"params":[]},"customParamsAtTheEnd":{"enabled":false,"params":[]},"validationParams":{"enabled":false,"driverParams":[],"passengerParams":[]},"allowsServiceSnapshots":false,"allowsNonServiceSnapshots":false,"labels":[],"roundOrder":[{"stopId":"655d11d88a5a1a1ff0328466","notifyIfPassed":false},{"stopId":"655d11d88a5a1a1ff0328464","notifyIfPassed":false}],"anchorStops":["655d11d88a5a1a1ff0328466","655d11d88a5a1a1ff0328464"],"originStop":"655d11d88a5a1a1ff0328466","destinationStop":"655d11d88a5a1a1ff0328464","hasBeacons":true,"hasCapacity":true,"isStatic":false,"showParable":false,"extraInfo":"","color":"502929","usesManualSeat":true,"allowsManualValidation":true,"usesDriverPin":false,"hasBoardings":true,"hasUnboardings":true,"allowsDistance":false,"allowGenericVehicles":true,"hasExternalGPS":false,"departureHourFulfillment":{"enabled":false,"ranges":[]},"usesOfflineCount":true,"visible":true,"active":true,"usesTextToSpeech":false,"hasBoardingCount":false,"hasRounds":false,"hasUnboardingCount":false,"timeOnRoute":11,"distance":4,"distanceInMeters":3840,"legOptions":[],"route_type":3}</arg>
<arg>headers=${headers}</arg>
<doc>Sends a POST request on a previously created HTTP Session.</doc>
<msg timestamp="20251014 18:17:07.539" level="INFO">POST Request : url=https://stage.allrideapp.com/api/v1/admin/pb/routes?community=653fd601f90509541a748683 
 path_url=/api/v1/admin/pb/routes?community=653fd601f90509541a748683 
 headers={'User-Agent': 'python-requests/2.32.3', 'Accept-Encoding': 'gzip, deflate', 'Accept': '*/*', 'Connection': 'keep-alive', 'Authorization': 'Bearer 462ae0a3feba486c0eabc1f0cfd5e4830c01b920d66126e4af95b6f7ac738d6fc03d21821d8c076407a10c94177e61ae51ef2780413d368a62231ea08de88c75', 'Content-Type': 'application/json; charset=utf-8', 'Content-Length': '2463'} 
 body={"name":"Validaciones Descuento Ticket","description":"templateRobotTickets","communities":["653fd601f90509541a748683"],"superCommunities":["653fd68233d83952fafcd4be"],"ownerIds":[{"id":"653fd601f90509541a748683","role":"community"}],"shapeId":"65ef21aa6f1c17c2eeeb5f98","usesBusCode":false,"usesVehicleList":true,"usesDriverCode":false,"allowsOnlyExistingDrivers":false,"allowsMultipleDrivers":false,"dynamicSeatAssignment":true,"usesTickets":true,"startsOnStop":false,"notNearStop":false,"routeCost":"100","ticketCost":"10","excludePassengers":{"active":false,"excludeType":"dontHide"},"restrictPassengers":{"enabled":false,"allowed":[],"visibility":{"enabled":false,"excludes":false,"parameters":[]}},"endDepartureNotice":{"enabled":false,"lastStop":null},"scheduling":{"enabled":true,"limitUnit":"minutes","limitAmount":30,"lateNotification":{"enabled":false,"amount":0,"unit":"minutes"},"stopNotification":{"enabled":false,"amount":0,"unit":"minutes"},"startLimit":{"upperLimit":{"amount":60,"unit":"minutes"},"lowerLimit":{"amount":30,"unit":"minutes"}},"schedule":[{"enabled":true,"day":"tue","time":"19:17","estimatedArrival":null,"stopSchedule":[],"capped":{"enabled":false,"capacity":0},"vehicleCategoryId":null,"defaultResources":[]}],"stopOnReservation":true,"restrictions":{"customParams":{"enabled":false,"params":[]}}},"customParams":{"enabled":false,"params":[]},"customParamsAtTheEnd":{"enabled":false,"params":[]},"validationParams":{"enabled":false,"driverParams":[],"passengerParams":[]},"allowsServiceSnapshots":false,"allowsNonServiceSnapshots":false,"labels":[],"roundOrder":[{"stopId":"655d11d88a5a1a1ff0328466","notifyIfPassed":false},{"stopId":"655d11d88a5a1a1ff0328464","notifyIfPassed":false}],"anchorStops":["655d11d88a5a1a1ff0328466","655d11d88a5a1a1ff0328464"],"originStop":"655d11d88a5a1a1ff0328466","destinationStop":"655d11d88a5a1a1ff0328464","hasBeacons":true,"hasCapacity":true,"isStatic":false,"showParable":false,"extraInfo":"","color":"502929","usesManualSeat":true,"allowsManualValidation":true,"usesDriverPin":false,"hasBoardings":true,"hasUnboardings":true,"allowsDistance":false,"allowGenericVehicles":true,"hasExternalGPS":false,"departureHourFulfillment":{"enabled":false,"ranges":[]},"usesOfflineCount":true,"visible":true,"active":true,"usesTextToSpeech":false,"hasBoardingCount":false,"hasRounds":false,"hasUnboardingCount":false,"timeOnRoute":11,"distance":4,"distanceInMeters":3840,"legOptions":[],"route_type":3} 
 </msg>
<msg timestamp="20251014 18:17:07.539" level="INFO">POST Response : url=https://stage.allrideapp.com/api/v1/admin/pb/routes?community=653fd601f90509541a748683 
 status=200, reason=OK 
 headers={'Date': 'Tue, 14 Oct 2025 21:17:09 GMT', 'Content-Type': 'application/json; charset=utf-8', 'Transfer-Encoding': 'chunked', 'Connection': 'keep-alive', 'Server': 'nginx', 'X-DNS-Prefetch-Control': 'off', 'X-Frame-Options': 'SAMEORIGIN', 'Strict-Transport-Security': 'max-age=15552000; includeSubDomains', 'X-Download-Options': 'noopen', 'X-Content-Type-Options': 'nosniff', 'X-XSS-Protection': '1; mode=block', 'Access-Control-Allow-Origin': '*', 'X-RateLimit-Limit': '200', 'X-RateLimit-Remaining': '199', 'X-RateLimit-Reset': '1760476690', 'ETag': 'W/"1319-VOtW2d7WnmzZQIVEjFttAq419M8"', 'Content-Encoding': 'gzip'} 
 body={"trail":{"enabled":false,"adjustByRounds":false,"newTrail":false,"isCircuit":false,"anchorStops":[]},"rounds":{"enabled":false,"anchorStops":[]},"notifyUsersByStop":{"sendTo":{"emails":[],"adminLevels":[],"roleIds":[]},"enabled":false},"notifyUnboardedPassengers":{"sendTo":{"emails":[],"adminLevels":[],"roleIds":[]},"enabled":false},"notifyPassengersWithoutReservation":{"sendTo":{"emails":[],"adminLevels":[],"roleIds":[]},"enabled":false},"notifySkippedStop":{"sendTo":{"emails":[],"adminLevels":[],"roleIds":[]},"enabled":false},"excludePassengers":{"active":false,"excludeType":"dontHide"},"scheduling":{"enabled":true,"limitUnit":"minutes","limitAmount":30,"lateNotification":{"enabled":false,"amount":0,"unit":"minutes"},"stopNotification":{"enabled":false,"amount":0,"unit":"minutes"},"startLimit":{"upperLimit":{"amount":60,"unit":"minutes"},"lowerLimit":{"amount":30,"unit":"minutes"}},"schedule":[{"capped":{"enabled":false,"capacity":0},"restrictPassengers":{"validation":{"enabled":false,"conditional":"or","parameters":[],"parameter":[]},"reservation":{"enabled":false,"conditional":"or","parameters":[],"parameter":[]},"visibility":{"enabled":false,"conditional":"or","parameters":[],"parameter":[]},"enabled":false},"reservations":{"enabled":false,"list":[]},"specificReservations":{"enabled":false,"list":[]},"enabled":true,"_id":"68eebdd5a10f887ab81b1cdc","day":"tue","time":"19:17","estimatedArrival":null,"stopSchedule":[],"vehicleCategoryId":null,"defaultResources":[]}],"stopOnReservation":true,"restrictions":{"customParams":{"enabled":false,"params":[]},"byQuantity":{"unit":"days","userSkip":[]},"timeRules":{"booking":{"timeWindows":[]}},"_id":"68eebdd5a10f887ab81b1cdd"}},"rating":{"enabled":false,"withValidation":false},"endDepartureNotice":{"enabled":false,"lastStop":null},"restrictPassengers":{"enabled":false,"visibility":{"enabled":false,"excludes":false,"parameters":[]}},"snapshots":{"enabled":false},"validationParams":{"driverParams":[],"passengerParams":[]},"canResume":{"timeLimit":{"enabled":false,"amount":5,"unit":"minutes"},"enabled":false},"departureHourFulfillment":{"enabled":false,"ranges":[]},"arrivalHourFulfillment":{"enabled":false,"ranges":[]},"validateDeparture":{"enabled":false},"minimumConfirmationTime":{"enabled":false,"amount":1,"unit":"hours"},"minimumTimeToForceDeparture":{"enabled":false,"amount":5,"unit":"minutes"},"endServiceLegAutomatically":{"estimatedDuration":{"byTime":{"unit":"minutes"}},"timer":{"amount":5,"unit":"minutes"},"distance":100},"codeValidationOptions":{"type":"qr","failureMessage":"Solo puedes presentar el código de AllRide o de tu cédula de identidad.","showRejected":true},"DNIValidation":{"enabled":false,"options":["qr"]},"validation":{"external":[]},"restrictions":{"external":[]},"assistantIds":[],"superCommunities":["653fd68233d83952fafcd4be"],"communities":["653fd601f90509541a748683"],"active":true,"visible":true,"internal":false,"anchorStops":["655d11d88a5a1a1ff0328466","655d11d88a5a1a1ff0328464"],"isStatic":false,"labels":[],"hasExternalGPS":false,"hasCapacity":true,"hasBeacons":true,"hasRounds":false,"hasBoardingCount":false,"hasUnboardingCount":false,"usesBusCode":false,"usesVehicleList":true,"dynamicSeatAssignment":true,"usesDriverCode":false,"usesDriverPin":false,"usesTickets":true,"usesPasses":false,"usesTextToSpeech":false,"allowsManualValidation":true,"allowsRating":false,"allowsOnlyExistingDrivers":false,"allowsMultipleDrivers":false,"allowsDebugging":false,"startsOnStop":false,"notNearStop":false,"allowsNonServiceSnapshots":false,"allowsServiceSnapshots":false,"allowsDistance":false,"usesOfflineCount":false,"hasBoardings":true,"hasUnboardings":true,"usesManualSeat":true,"noPassengerInfo":false,"showParable":false,"showStops":true,"allowGenericVehicles":true,"usesVehicleQRLink":false,"skipDeclaration":false,"skipQRValidation":false,"assistantAssignsSeat":true,"hasBarrier":false,"_id":"68eebdd5a10f887ab81b1cd3","name":"Validaciones Descuento Ticket","shapeId":"65ef21aa6f1c17c2eeeb5f98","description":"templateRobotTickets","extraInfo":"","color":"502929","legOptions":[],"ownerIds":[{"_id":"68eebdd5a10f887ab81b1cd9","id":"653fd601f90509541a748683","role":"community"}],"modificationsHistory":[],"segments":[],"roundOrder":[{"notifyIfPassed":false,"_id":"68eebdd5a10f887ab81b1cda","stopId":"655d11d88a5a1a1ff0328466"},{"notifyIfPassed":false,"_id":"68eebdd5a10f887ab81b1cdb","stopId":"655d11d88a5a1a1ff0328464"}],"superCommunityId":"653fd68233d83952fafcd4be","communityId":"653fd601f90509541a748683","routeCost":100,"ticketCost":10,"timeOnRoute":11,"distance":4,"distanceInMeters":3840,"originStop":"655d11d88a5a1a1ff0328466","destinationStop":"655d11d88a5a1a1ff0328464","customParams":{"enabled":false,"params":[]},"customParamsAtTheEnd":{"enabled":false,"params":[]},"createdAt":"2025-10-14T21:17:09.427Z","updatedAt":"2025-10-14T21:17:09.427Z","__v":0} 
 </msg>
<msg timestamp="20251014 18:17:07.540" level="INFO">${response} = &lt;Response [200]&gt;</msg>
<status status="PASS" starttime="20251014 18:17:06.872" endtime="20251014 18:17:07.540"/>
</kw>
<kw name="Convert To String" library="BuiltIn">
<var>${code}</var>
<arg>${response.status_code}</arg>
<doc>Converts the given item to a Unicode string.</doc>
<msg timestamp="20251014 18:17:07.541" level="INFO">${code} = 200</msg>
<status status="PASS" starttime="20251014 18:17:07.540" endtime="20251014 18:17:07.541"/>
</kw>
<kw name="Should Be Equal As Numbers" library="BuiltIn">
<arg>${code}</arg>
<arg>200</arg>
<doc>Fails if objects are unequal after converting them to real numbers.</doc>
<status status="PASS" starttime="20251014 18:17:07.541" endtime="20251014 18:17:07.541"/>
</kw>
<kw name="Log" library="BuiltIn">
<arg>${code}</arg>
<doc>Logs the given message with the given level.</doc>
<msg timestamp="20251014 18:17:07.543" level="INFO">200</msg>
<status status="PASS" starttime="20251014 18:17:07.543" endtime="20251014 18:17:07.543"/>
</kw>
<kw name="Set Variable" library="BuiltIn">
<var>${scheduleId}</var>
<arg>${response.json()}[_id]</arg>
<doc>Returns the given values which can then be assigned to a variables.</doc>
<msg timestamp="20251014 18:17:07.545" level="INFO">${scheduleId} = 68eebdd5a10f887ab81b1cd3</msg>
<status status="PASS" starttime="20251014 18:17:07.543" endtime="20251014 18:17:07.545"/>
</kw>
<kw name="Set Global Variable" library="BuiltIn">
<arg>${scheduleId}</arg>
<doc>Makes a variable available globally in all tests and suites.</doc>
<msg timestamp="20251014 18:17:07.545" level="INFO">${scheduleId} = 68eebdd5a10f887ab81b1cd3</msg>
<status status="PASS" starttime="20251014 18:17:07.545" endtime="20251014 18:17:07.545"/>
</kw>
<kw name="Sleep" library="BuiltIn">
<arg>2s</arg>
<doc>Pauses the test executed for the given time.</doc>
<msg timestamp="20251014 18:17:09.554" level="INFO">Slept 2 seconds</msg>
<status status="PASS" starttime="20251014 18:17:07.546" endtime="20251014 18:17:09.554"/>
</kw>
<status status="PASS" starttime="20251014 18:17:06.870" endtime="20251014 18:17:09.555"/>
</test>
<test id="s1-t4" name="Create services" line="117">
<kw name="Create Session" library="RequestsLibrary">
<arg>mysesion</arg>
<arg>${STAGE_URL}</arg>
<arg>verify=true</arg>
<doc>Create Session: create a HTTP session to a server</doc>
<msg timestamp="20251014 18:17:09.556" level="INFO">Creating Session using : alias=mysesion, url=https://stage.allrideapp.com, headers={},                     cookies={}, auth=None, timeout=None, proxies=None, verify=True,                     debug=0 </msg>
<status status="PASS" starttime="20251014 18:17:09.556" endtime="20251014 18:17:09.556"/>
</kw>
<kw name="Create Dictionary" library="BuiltIn">
<var>${headers}</var>
<arg>Authorization=${tokenAdmin}</arg>
<arg>Content-Type=application/json; charset=utf-8</arg>
<doc>Creates and returns a dictionary based on the given ``items``.</doc>
<msg timestamp="20251014 18:17:09.557" level="INFO">${headers} = {'Authorization': 'Bearer 462ae0a3feba486c0eabc1f0cfd5e4830c01b920d66126e4af95b6f7ac738d6fc03d21821d8c076407a10c94177e61ae51ef2780413d368a62231ea08de88c75', 'Content-Type': 'application/json; charset=...</msg>
<status status="PASS" starttime="20251014 18:17:09.557" endtime="20251014 18:17:09.557"/>
</kw>
<kw name="POST On Session" library="RequestsLibrary">
<var>${response}</var>
<arg>mysesion</arg>
<arg>url=https://stage.allrideapp.com/api/v1/admin/pb/createServices/653fd601f90509541a748683?community=653fd601f90509541a748683</arg>
<arg>data={}</arg>
<arg>headers=${headers}</arg>
<doc>Sends a POST request on a previously created HTTP Session.</doc>
<msg timestamp="20251014 18:17:10.041" level="INFO">POST Request : url=https://stage.allrideapp.com/api/v1/admin/pb/createServices/653fd601f90509541a748683?community=653fd601f90509541a748683 
 path_url=/api/v1/admin/pb/createServices/653fd601f90509541a748683?community=653fd601f90509541a748683 
 headers={'User-Agent': 'python-requests/2.32.3', 'Accept-Encoding': 'gzip, deflate', 'Accept': '*/*', 'Connection': 'keep-alive', 'Authorization': 'Bearer 462ae0a3feba486c0eabc1f0cfd5e4830c01b920d66126e4af95b6f7ac738d6fc03d21821d8c076407a10c94177e61ae51ef2780413d368a62231ea08de88c75', 'Content-Type': 'application/json; charset=utf-8', 'Content-Length': '2'} 
 body={} 
 </msg>
<msg timestamp="20251014 18:17:10.042" level="INFO">POST Response : url=https://stage.allrideapp.com/api/v1/admin/pb/createServices/653fd601f90509541a748683?community=653fd601f90509541a748683 
 status=202, reason=Accepted 
 headers={'Date': 'Tue, 14 Oct 2025 21:17:11 GMT', 'Content-Type': 'application/json; charset=utf-8', 'Content-Length': '26', 'Connection': 'keep-alive', 'Server': 'nginx', 'X-DNS-Prefetch-Control': 'off', 'X-Frame-Options': 'SAMEORIGIN', 'Strict-Transport-Security': 'max-age=15552000; includeSubDomains', 'X-Download-Options': 'noopen', 'X-Content-Type-Options': 'nosniff', 'X-XSS-Protection': '1; mode=block', 'Access-Control-Allow-Origin': '*', 'X-RateLimit-Limit': '200', 'X-RateLimit-Remaining': '199', 'X-RateLimit-Reset': '1760476692', 'ETag': 'W/"1a-rgpen+A7WbEsD7ogEJREcZgofII"'} 
 body={"message":"job_in_queue"} 
 </msg>
<msg timestamp="20251014 18:17:10.042" level="INFO">${response} = &lt;Response [202]&gt;</msg>
<status status="PASS" starttime="20251014 18:17:09.557" endtime="20251014 18:17:10.042"/>
</kw>
<kw name="Convert To String" library="BuiltIn">
<var>${code}</var>
<arg>${response.status_code}</arg>
<doc>Converts the given item to a Unicode string.</doc>
<msg timestamp="20251014 18:17:10.044" level="INFO">${code} = 202</msg>
<status status="PASS" starttime="20251014 18:17:10.042" endtime="20251014 18:17:10.044"/>
</kw>
<kw name="Log" library="BuiltIn">
<arg>${code}</arg>
<doc>Logs the given message with the given level.</doc>
<msg timestamp="20251014 18:17:10.044" level="INFO">202</msg>
<status status="PASS" starttime="20251014 18:17:10.044" endtime="20251014 18:17:10.045"/>
</kw>
<kw name="Sleep" library="BuiltIn">
<arg>25s</arg>
<doc>Pauses the test executed for the given time.</doc>
<msg timestamp="20251014 18:17:35.058" level="INFO">Slept 25 seconds</msg>
<status status="PASS" starttime="20251014 18:17:10.045" endtime="20251014 18:17:35.058"/>
</kw>
<status status="PASS" starttime="20251014 18:17:09.555" endtime="20251014 18:17:35.059"/>
</test>
<test id="s1-t5" name="Login User With Email(Obtain Token)" line="136">
<kw name="Create Session" library="RequestsLibrary">
<arg>mysesion</arg>
<arg>${STAGE_URL}</arg>
<arg>verify=true</arg>
<doc>Create Session: create a HTTP session to a server</doc>
<msg timestamp="20251014 18:17:35.064" level="INFO">Creating Session using : alias=mysesion, url=https://stage.allrideapp.com, headers={},                     cookies={}, auth=None, timeout=None, proxies=None, verify=True,                     debug=0 </msg>
<status status="PASS" starttime="20251014 18:17:35.063" endtime="20251014 18:17:35.064"/>
</kw>
<kw name="Set Variable" library="BuiltIn">
<var>${jsonBody}</var>
<arg>{"username":"nicolas+endauto@allrideapp.com","password":"Equilibriozen123#"}</arg>
<doc>Returns the given values which can then be assigned to a variables.</doc>
<msg timestamp="20251014 18:17:35.067" level="INFO">${jsonBody} = {"username":"nicolas+endauto@allrideapp.com","password":"Equilibriozen123#"}</msg>
<status status="PASS" starttime="20251014 18:17:35.066" endtime="20251014 18:17:35.068"/>
</kw>
<kw name="Evaluate" library="BuiltIn">
<var>${parsed_json}</var>
<arg>json.loads($jsonBody)</arg>
<arg>json</arg>
<doc>Evaluates the given expression in Python and returns the result.</doc>
<msg timestamp="20251014 18:17:35.078" level="INFO">${parsed_json} = {'username': 'nicolas+endauto@allrideapp.com', 'password': 'Equilibriozen123#'}</msg>
<status status="PASS" starttime="20251014 18:17:35.070" endtime="20251014 18:17:35.078"/>
</kw>
<kw name="Create Dictionary" library="BuiltIn">
<var>${headers}</var>
<arg>Authorization=""</arg>
<arg>Content-Type=application/json</arg>
<doc>Creates and returns a dictionary based on the given ``items``.</doc>
<msg timestamp="20251014 18:17:35.080" level="INFO">${headers} = {'Authorization': '""', 'Content-Type': 'application/json'}</msg>
<status status="PASS" starttime="20251014 18:17:35.080" endtime="20251014 18:17:35.081"/>
</kw>
<kw name="POST On Session" library="RequestsLibrary">
<var>${response}</var>
<arg>mysesion</arg>
<arg>url=${loginUserUrl}</arg>
<arg>json=${parsed_json}</arg>
<arg>headers=${headers}</arg>
<doc>Sends a POST request on a previously created HTTP Session.</doc>
<msg timestamp="20251014 18:17:35.787" level="INFO">POST Request : url=https://stage.allrideapp.com/api/v1/login/email 
 path_url=/api/v1/login/email 
 headers={'User-Agent': 'python-requests/2.32.3', 'Accept-Encoding': 'gzip, deflate', 'Accept': '*/*', 'Connection': 'keep-alive', 'Authorization': '""', 'Content-Type': 'application/json', 'Content-Length': '79'} 
 body=b'{"username": "nicolas+endauto@allrideapp.com", "password": "Equilibriozen123#"}' 
 </msg>
<msg timestamp="20251014 18:17:35.787" level="INFO">POST Response : url=https://stage.allrideapp.com/api/v1/login/email 
 status=200, reason=OK 
 headers={'Date': 'Tue, 14 Oct 2025 21:17:37 GMT', 'Content-Type': 'application/json; charset=utf-8', 'Transfer-Encoding': 'chunked', 'Connection': 'keep-alive', 'Server': 'nginx', 'X-DNS-Prefetch-Control': 'off', 'X-Frame-Options': 'SAMEORIGIN', 'Strict-Transport-Security': 'max-age=15552000; includeSubDomains', 'X-Download-Options': 'noopen', 'X-Content-Type-Options': 'nosniff', 'X-XSS-Protection': '1; mode=block', 'Access-Control-Allow-Origin': '*', 'X-RateLimit-Limit': '5', 'X-RateLimit-Remaining': '4', 'X-RateLimit-Reset': '1760476658', 'ETag': 'W/"154a-u58DDyxtnAebYPIaFlrNlRNFiGY"', 'Content-Encoding': 'gzip'} 
 body={"personalInfo":{"phoneNumber":null},"device":{"os":"android","lang":"es","token":"c3mYk9D7QpqdDcUyZbm-Ks:APA91bHTR1Sx18jneaLCkT4o-yLUHtI_Rm5yiCfSRLh49iq7P-R9LkL_wKr-3JHBfrOBf1kcXsKe3dCYycVi0HxlRDyZANPYqOtJqh_gCO5gR_4zYIZIlUQ","manufacturer":"google","appVersion":"198","lastSeenOnline":"2025-04-23T16:27:38.534Z"},"config":{"privateBus":{"showSection":true,"canBeValidated":true,"canBook":true},"enabledPin":false,"excludeMassiveMailing":false,"excludeMailingLevels":[],"excludeNotifications":[]},"active":true,"adminLevel":0,"setUserLimits":false,"distance":0,"pendingDeletion":false,"_id":"65e8e076337a90a35ba6e8dd","updatedAvatar":"2024-03-06T21:30:30.151Z","socialServices":[],"communities":[{"bounced":false,"confirmed":true,"_id":"661d977a9cf93f24956f77f8","communityId":"653fd601f90509541a748683","isAdmin":false,"isStudent":false,"custom":[{"listValue":[],"private":true,"_id":"661d977a9cf93f24956f77f9","key":"rut","value":"169455457"}],"createdAt":"2024-04-15T21:09:14.840Z","updatedAt":"2025-07-17T16:18:08.956Z","privateBus":{"odd":{"canCreate":true,"needsAdminApproval":false,"exclusiveDepartures":false,"asapDepartures":false,"providers":[]},"validation":{"external":{"required":true}},"enabled":true,"favoriteRoutes":["664fb1a2b4dd46b0430f4da0","66bcdb302ef765e2c6da5569"],"suggestedRoutes":["662284b7401a0c4fa2fa0a72","66229850401a0c4fa2fa12e3","65fc4d72294a72ec80a6e03f","6633936e2731d03af2ad0786","6633b9a3e2effe738ac91d88","6633b9a3e2effe738ac91d88","662c0eaf8ccc4cd0bd2d8301","6634f82ee0a2c865812ff8de","6638d8cb628ced44723424ed","6638dcaa628ced4472342c29","6627d2f6693ef4e993cb48f2","663a82d0d2cf3dcd12fb0b0e","663b8e9d206c7de54035ee27","663b8ed1206c7de54035ef0e","663d12e6d4f9bcff2a1bea8b","663d12ead4f9bcff2a1beaf5","663e35c60ef4bb983b9d0994","663e35cc608983a281a91872","66428a62aaf19254f71438bc","66428a66aaf19254f7143985","66439675aaf19254f7152815","6643967baaf19254f71528cc","66439f970163effd4888eac3","6644bb2fce0d62b30b50149a","6644bb3479a096b3205f8428","66460891af3a8a372a5e50f1","664608e2af3a8a372a5e51e2","664f6f63b4dd46b0430f1717","664f6f84b4dd46b0430f190a","6650a0c398abccc8c910eb83","66428a6d951733542ce44123","668bf6d6fd357867278a5897","66998f4108dd5891934b250a","669e8449a2988f6fb0b943f1","669ff5c07ef3434633179753","669ffb0f7ef343463317ca9c","66b12df6422ef6de718855a4","66b61c4822aadd953351814e","66c64e563bc439369bdcf45d","66cc8ad4193998eca48fe9bf","671fa5163b5cb0a7c1cc2384","671fb7d9f4445ab792b7a7f3","672bdb8f6032325002c3a7e5","672be7483ec6775bff1ab701","67097560bbc506c3081aee9a","6763301ce889b2e8cc2679f0","65faecf0137abd9662f156f6","679a85b44de4b4d5ddda374d","679a85db62a76232ea54fa3b","6809133e5ac4f41c589a7875","680913925ac4f41c589a7b95"],"_id":"661d9ffa9cf93f24956f7a03","oDDServices":[{"canCreate":true,"needsAdminApproval":false,"exclusiveDepartures":false,"asapDepartures":false,"transitDepartures":false,"providers":["653fd68233d83952fafcd4be"],"_id":"68792240cbb40350431d6f7d","name":"Taxis Coni y Nico"}]},"favoritePlaces":[]}],"createdAt":"2024-03-06T21:30:30.163Z","garage":[],"emails":[{"fromCommunity":false,"bounced":false,"_id":"65e8e076337a90a35ba6e8de","email":"nicolas+endauto@allrideapp.com","validationToken":"04687f6d9662af176fbe09fc6a5653857339b948c9dfafd6414ad82da0b8ac80c83087d5a6c344e675561881555dd7af63721ddc8473c82a30fc612ea62831a0","active":true,"primary":false}],"achievements":[],"notifications":[],"password":"pbkdf2_sha256$20000$a2d4bab8697f67173aa9149e$btaiecqTpJ04nUynyWJ5dEM61cJ0IpkExAIWwYzlg94=","name":"Nico End","country":"cl","avatar":"https://s3.amazonaws.com/adedo.users-avatars/user_placeholder.png","updatedAt":"2025-10-14T21:17:37.619Z","currency":"clp","__v":10,"accessToken":"f5b12d618761afcfba755f0e6d6080afa33d7585ee4347641b4cc5580c1aa5b1b59b4f165bbfac7067ac15fc4d77eedd3c37b0bad8c85a42c465749a02dac2b1","cpToken":"59e1b547f00870417044a63fa3bb2deeaa2bbcd427d114a4598690b8fdbf4013ca7e8b89c98e194cd69778bf029c1e95250ee47db80318e86f66020f14dc9ddd","lastLogin":"2025-10-14T21:17:37.615Z","newChatToken":"6a7859cd42396b410a9a9165ef77849900c20253c019184e70ef95460280698f61b9be6bd931d27ff3228a7c4f078402baaf8ab05b5d91809ec22901eabac26f","realTimeToken":"1b3b97992308af152492f39ce7c15ac2d3a2644356e9ed6902806f871e01ab04b3e73540a310664cee06fc1c5621b2f3a2f4f3e688ffac820c67b7e7f6045287","stripeId":"cus_Pgpifc2TLQIfkp","auth":{"refreshId":"680914709da1042a4c482cf3","accessToken":"a7967e7bd79e6ab919332617c20affaeff22464d00ce06d5d9f447ec598366a0027b7db09272eec59d4266d77f229bb795d44c027b285b0f9f6b09a46d773ac48dd6d17577d63e3fd7c2b2e21aea5b6a76b5c4add281a4dbea0adab06b654155b1316b2fddaddcc29a2f9ef9d442c15c65491ee33436209f3c3b5e96c20bbc73da4990e3fc232996faa13ce969527dc9","realtimeToken":"b52e40cde7e08d530d8dc5410bf8e6dab071f4d623c87718f0be09ad7f396b760e72f2cc33818d1c99c35bf391b40d3bd0a24b1c7b4bad5c94d0061d427116d50ce4c917c720806bd5aff41a5b540fb44160d3d8a77b5007a365adaa7efe2f558b111a9fcca7af3f097f4ab5701a9c58f778cdafe34915a841ee7bd30f5dca98ec959f7668effeed95f3e8936f5b8386","chatToken":"228bedf13a610a9c8f2334f7a07bbacd01b5ff80542e04c45159acba52fc0a0c469f5ca63299e6e0bd02abd92a9e5bf4251b51b1f00f3573decede1a8f7a50a1040b13864d341680f5860645c6175d7aeea73a703984b864168b4c2742e4130cf93753c7b98961afebabf8dd22ce85539bfd73ea07e015bcde84bda77e9efca60c8ae7c19070aff388fe4bbff4f2f413","expiresAt":"2025-04-24T16:25:20.384Z"},"refreshToken":"f3d3597b481b54db0f5bb96c3688b3ba7d3006aa2e232c06fc7b0a09a9cd831066374ddfb31f66488e0436ec1db5e3a1beea524cad467751be0ce203ef15e916"} 
 </msg>
<msg timestamp="20251014 18:17:35.788" level="INFO">${response} = &lt;Response [200]&gt;</msg>
<status status="PASS" starttime="20251014 18:17:35.083" endtime="20251014 18:17:35.789"/>
</kw>
<kw name="Convert To String" library="BuiltIn">
<var>${code}</var>
<arg>${response.status_code}</arg>
<doc>Converts the given item to a Unicode string.</doc>
<msg timestamp="20251014 18:17:35.794" level="INFO">${code} = 200</msg>
<status status="PASS" starttime="20251014 18:17:35.791" endtime="20251014 18:17:35.795"/>
</kw>
<kw name="Should Be Equal As Numbers" library="BuiltIn">
<arg>${code}</arg>
<arg>200</arg>
<doc>Fails if objects are unequal after converting them to real numbers.</doc>
<status status="PASS" starttime="20251014 18:17:35.795" endtime="20251014 18:17:35.796"/>
</kw>
<kw name="Log" library="BuiltIn">
<arg>${code}</arg>
<doc>Logs the given message with the given level.</doc>
<msg timestamp="20251014 18:17:35.797" level="INFO">200</msg>
<status status="PASS" starttime="20251014 18:17:35.797" endtime="20251014 18:17:35.797"/>
</kw>
<kw name="List Should Contain Value" library="Collections">
<arg>${response.json()}</arg>
<arg>accessToken</arg>
<arg>No accesToken found in Login!, Failing</arg>
<doc>Fails if the ``value`` is not found from ``list``.</doc>
<status status="PASS" starttime="20251014 18:17:35.798" endtime="20251014 18:17:35.811"/>
</kw>
<kw name="Set Variable" library="BuiltIn">
<var>${accessToken}</var>
<arg>${response.json()}[accessToken]</arg>
<doc>Returns the given values which can then be assigned to a variables.</doc>
<msg timestamp="20251014 18:17:35.834" level="INFO">${accessToken} = f5b12d618761afcfba755f0e6d6080afa33d7585ee4347641b4cc5580c1aa5b1b59b4f165bbfac7067ac15fc4d77eedd3c37b0bad8c85a42c465749a02dac2b1</msg>
<status status="PASS" starttime="20251014 18:17:35.827" endtime="20251014 18:17:35.835"/>
</kw>
<kw name="Evaluate" library="BuiltIn">
<var>${accessTokenNico}</var>
<arg>"Bearer ${accessToken}"</arg>
<doc>Evaluates the given expression in Python and returns the result.</doc>
<msg timestamp="20251014 18:17:35.862" level="INFO">${accessTokenNico} = Bearer f5b12d618761afcfba755f0e6d6080afa33d7585ee4347641b4cc5580c1aa5b1b59b4f165bbfac7067ac15fc4d77eedd3c37b0bad8c85a42c465749a02dac2b1</msg>
<status status="PASS" starttime="20251014 18:17:35.861" endtime="20251014 18:17:35.874"/>
</kw>
<kw name="Set Global Variable" library="BuiltIn">
<arg>${accessTokenNico}</arg>
<doc>Makes a variable available globally in all tests and suites.</doc>
<msg timestamp="20251014 18:17:35.901" level="INFO">${accessTokenNico} = Bearer f5b12d618761afcfba755f0e6d6080afa33d7585ee4347641b4cc5580c1aa5b1b59b4f165bbfac7067ac15fc4d77eedd3c37b0bad8c85a42c465749a02dac2b1</msg>
<status status="PASS" starttime="20251014 18:17:35.899" endtime="20251014 18:17:35.901"/>
</kw>
<status status="PASS" starttime="20251014 18:17:35.061" endtime="20251014 18:17:35.904"/>
</test>
<test id="s1-t6" name="Get Requested Tickets(Must be 0)" line="158">
<kw name="Set Variable" library="BuiltIn">
<var>${url}</var>
<arg>${STAGE_URL}/api/v1/admin/pb/ticket/request/list/?community=${idComunidad}</arg>
<doc>Returns the given values which can then be assigned to a variables.</doc>
<msg timestamp="20251014 18:17:35.931" level="INFO">${url} = https://stage.allrideapp.com/api/v1/admin/pb/ticket/request/list/?community=653fd601f90509541a748683</msg>
<status status="PASS" starttime="20251014 18:17:35.930" endtime="20251014 18:17:35.932"/>
</kw>
<kw name="Create Dictionary" library="BuiltIn">
<var>&amp;{headers}</var>
<arg>Authorization=${tokenAdmin}</arg>
<doc>Creates and returns a dictionary based on the given ``items``.</doc>
<msg timestamp="20251014 18:17:35.936" level="INFO">&amp;{headers} = { Authorization=Bearer 462ae0a3feba486c0eabc1f0cfd5e4830c01b920d66126e4af95b6f7ac738d6fc03d21821d8c076407a10c94177e61ae51ef2780413d368a62231ea08de88c75 }</msg>
<status status="PASS" starttime="20251014 18:17:35.934" endtime="20251014 18:17:35.936"/>
</kw>
<kw name="GET" library="RequestsLibrary">
<var>${response}</var>
<arg>url=${url}</arg>
<arg>headers=${headers}</arg>
<doc>Sends a GET request.</doc>
<msg timestamp="20251014 18:17:36.498" level="INFO">GET Request : url=https://stage.allrideapp.com/api/v1/admin/pb/ticket/request/list/?community=653fd601f90509541a748683 
 path_url=/api/v1/admin/pb/ticket/request/list/?community=653fd601f90509541a748683 
 headers={'User-Agent': 'python-requests/2.32.3', 'Accept-Encoding': 'gzip, deflate', 'Accept': '*/*', 'Connection': 'keep-alive', 'Authorization': 'Bearer 462ae0a3feba486c0eabc1f0cfd5e4830c01b920d66126e4af95b6f7ac738d6fc03d21821d8c076407a10c94177e61ae51ef2780413d368a62231ea08de88c75'} 
 body=None 
 </msg>
<msg timestamp="20251014 18:17:36.499" level="INFO">GET Response : url=https://stage.allrideapp.com/api/v1/admin/pb/ticket/request/list/?community=653fd601f90509541a748683 
 status=200, reason=OK 
 headers={'Date': 'Tue, 14 Oct 2025 21:17:38 GMT', 'Content-Type': 'application/json; charset=utf-8', 'Content-Length': '2', 'Connection': 'keep-alive', 'Server': 'nginx', 'X-DNS-Prefetch-Control': 'off', 'X-Frame-Options': 'SAMEORIGIN', 'Strict-Transport-Security': 'max-age=15552000; includeSubDomains', 'X-Download-Options': 'noopen', 'X-Content-Type-Options': 'nosniff', 'X-XSS-Protection': '1; mode=block', 'Access-Control-Allow-Origin': '*', 'X-RateLimit-Limit': '200', 'X-RateLimit-Remaining': '199', 'X-RateLimit-Reset': '1760476719', 'ETag': 'W/"2-l9Fw4VUO7kr8CvBlt4zaMCqXZ0w"'} 
 body=[] 
 </msg>
<msg timestamp="20251014 18:17:36.499" level="INFO">${response} = &lt;Response [200]&gt;</msg>
<status status="PASS" starttime="20251014 18:17:35.940" endtime="20251014 18:17:36.499"/>
</kw>
<kw name="Should Be Equal As Numbers" library="BuiltIn">
<arg>${response.status_code}</arg>
<arg>200</arg>
<doc>Fails if objects are unequal after converting them to real numbers.</doc>
<msg timestamp="20251014 18:17:36.505" level="INFO">Argument types are:
&lt;class 'int'&gt;
&lt;class 'str'&gt;</msg>
<status status="PASS" starttime="20251014 18:17:36.501" endtime="20251014 18:17:36.506"/>
</kw>
<kw name="Set Variable" library="BuiltIn">
<var>${responseJson}</var>
<arg>${response.json()}</arg>
<doc>Returns the given values which can then be assigned to a variables.</doc>
<msg timestamp="20251014 18:17:36.510" level="INFO">${responseJson} = []</msg>
<status status="PASS" starttime="20251014 18:17:36.507" endtime="20251014 18:17:36.511"/>
</kw>
<kw name="Should Be Empty" library="BuiltIn">
<arg>${responseJson}</arg>
<arg>Requested Tickets Should be 0</arg>
<doc>Verifies that the given item is empty.</doc>
<msg timestamp="20251014 18:17:36.512" level="INFO">Length is 0</msg>
<status status="PASS" starttime="20251014 18:17:36.511" endtime="20251014 18:17:36.512"/>
</kw>
<kw name="Log" library="BuiltIn">
<arg>${responseJson}</arg>
<doc>Logs the given message with the given level.</doc>
<msg timestamp="20251014 18:17:36.513" level="INFO">[]</msg>
<status status="PASS" starttime="20251014 18:17:36.513" endtime="20251014 18:17:36.514"/>
</kw>
<doc>Verifica que no existan tickets solicitados (requested tickets) al inicio del flujo. La lista de solicitudes debe estar vacía.</doc>
<status status="PASS" starttime="20251014 18:17:35.927" endtime="20251014 18:17:36.514"/>
</test>
<test id="s1-t7" name="Get Total Tickets" line="177">
<kw name="Set Variable" library="BuiltIn">
<var>${url}</var>
<arg>${STAGE_URL}/api/v1/admin/pb/ticket/list?community=${idComunidad}</arg>
<doc>Returns the given values which can then be assigned to a variables.</doc>
<msg timestamp="20251014 18:17:36.524" level="INFO">${url} = https://stage.allrideapp.com/api/v1/admin/pb/ticket/list?community=653fd601f90509541a748683</msg>
<status status="PASS" starttime="20251014 18:17:36.521" endtime="20251014 18:17:36.524"/>
</kw>
<kw name="Create Dictionary" library="BuiltIn">
<var>&amp;{headers}</var>
<arg>Authorization=${tokenAdmin}</arg>
<doc>Creates and returns a dictionary based on the given ``items``.</doc>
<msg timestamp="20251014 18:17:36.528" level="INFO">&amp;{headers} = { Authorization=Bearer 462ae0a3feba486c0eabc1f0cfd5e4830c01b920d66126e4af95b6f7ac738d6fc03d21821d8c076407a10c94177e61ae51ef2780413d368a62231ea08de88c75 }</msg>
<status status="PASS" starttime="20251014 18:17:36.526" endtime="20251014 18:17:36.529"/>
</kw>
<kw name="GET" library="RequestsLibrary">
<var>${response}</var>
<arg>url=${url}</arg>
<arg>headers=${headers}</arg>
<doc>Sends a GET request.</doc>
<msg timestamp="20251014 18:17:37.726" level="INFO">GET Request : url=https://stage.allrideapp.com/api/v1/admin/pb/ticket/list?community=653fd601f90509541a748683 
 path_url=/api/v1/admin/pb/ticket/list?community=653fd601f90509541a748683 
 headers={'User-Agent': 'python-requests/2.32.3', 'Accept-Encoding': 'gzip, deflate', 'Accept': '*/*', 'Connection': 'keep-alive', 'Authorization': 'Bearer 462ae0a3feba486c0eabc1f0cfd5e4830c01b920d66126e4af95b6f7ac738d6fc03d21821d8c076407a10c94177e61ae51ef2780413d368a62231ea08de88c75'} 
 body=None 
 </msg>
<msg timestamp="20251014 18:17:37.727" level="INFO">GET Response : url=https://stage.allrideapp.com/api/v1/admin/pb/ticket/list?community=653fd601f90509541a748683 
 status=200, reason=OK 
 headers={'Date': 'Tue, 14 Oct 2025 21:17:39 GMT', 'Content-Type': 'application/json; charset=utf-8', 'Transfer-Encoding': 'chunked', 'Connection': 'keep-alive', 'Server': 'nginx', 'X-DNS-Prefetch-Control': 'off', 'X-Frame-Options': 'SAMEORIGIN', 'Strict-Transport-Security': 'max-age=15552000; includeSubDomains', 'X-Download-Options': 'noopen', 'X-Content-Type-Options': 'nosniff', 'X-XSS-Protection': '1; mode=block', 'Access-Control-Allow-Origin': '*', 'X-RateLimit-Limit': '200', 'X-RateLimit-Remaining': '199', 'X-RateLimit-Reset': '1760476719', 'ETag': 'W/"fb-Nlo8euu5o5Q07jvCEtmIc7VRGPM"', 'Content-Encoding': 'gzip'} 
 body=[{"_id":"68d4185a83bb650339a5b0a7","total":1,"name":"Test Fernando M"},{"_id":"6756633eaa9f4e162d084819","total":199018,"name":"Ticket general"},{"_id":null,"total":766,"name":"legacy"},{"_id":"6691531b9289c566e80c8560","total":26,"name":"2 tickets"}] 
 </msg>
<msg timestamp="20251014 18:17:37.727" level="INFO">${response} = &lt;Response [200]&gt;</msg>
<status status="PASS" starttime="20251014 18:17:36.530" endtime="20251014 18:17:37.727"/>
</kw>
<kw name="Should Be Equal As Numbers" library="BuiltIn">
<arg>${response.status_code}</arg>
<arg>200</arg>
<doc>Fails if objects are unequal after converting them to real numbers.</doc>
<msg timestamp="20251014 18:17:37.734" level="INFO">Argument types are:
&lt;class 'int'&gt;
&lt;class 'str'&gt;</msg>
<status status="PASS" starttime="20251014 18:17:37.731" endtime="20251014 18:17:37.735"/>
</kw>
<kw name="Set Variable" library="BuiltIn">
<var>${tickets_list}</var>
<arg>${response.json()}</arg>
<doc>Returns the given values which can then be assigned to a variables.</doc>
<msg timestamp="20251014 18:17:37.740" level="INFO">${tickets_list} = [{'_id': '68d4185a83bb650339a5b0a7', 'total': 1, 'name': 'Test Fernando M'}, {'_id': '6756633eaa9f4e162d084819', 'total': 199018, 'name': 'Ticket general'}, {'_id': None, 'total': 766, 'name': 'legacy...</msg>
<status status="PASS" starttime="20251014 18:17:37.736" endtime="20251014 18:17:37.740"/>
</kw>
<kw name="Set Variable" library="BuiltIn">
<var>${ticketGeneral}</var>
<arg>0</arg>
<doc>Returns the given values which can then be assigned to a variables.</doc>
<msg timestamp="20251014 18:17:37.741" level="INFO">${ticketGeneral} = 0</msg>
<status status="PASS" starttime="20251014 18:17:37.741" endtime="20251014 18:17:37.741"/>
</kw>
<for flavor="IN">
<var>${ticket}</var>
<value>@{tickets_list}</value>
<iter>
<var name="${ticket}">{'_id': '68d4185a83bb650339a5b0a7', 'total': 1, 'name': 'Test Fernando M'}</var>
<if>
<branch type="IF" condition="&quot;${ticket['name']}&quot; == &quot;Ticket general&quot;">
<kw name="Set Variable" library="BuiltIn">
<var>${ticketGeneral}</var>
<arg>${ticket['total']}</arg>
<doc>Returns the given values which can then be assigned to a variables.</doc>
<status status="NOT RUN" starttime="20251014 18:17:37.747" endtime="20251014 18:17:37.747"/>
</kw>
<status status="NOT RUN" starttime="20251014 18:17:37.744" endtime="20251014 18:17:37.748"/>
</branch>
<status status="PASS" starttime="20251014 18:17:37.744" endtime="20251014 18:17:37.748"/>
</if>
<status status="PASS" starttime="20251014 18:17:37.744" endtime="20251014 18:17:37.748"/>
</iter>
<iter>
<var name="${ticket}">{'_id': '6756633eaa9f4e162d084819', 'total': 199018, 'name': 'Ticket general'}</var>
<if>
<branch type="IF" condition="&quot;${ticket['name']}&quot; == &quot;Ticket general&quot;">
<kw name="Set Variable" library="BuiltIn">
<var>${ticketGeneral}</var>
<arg>${ticket['total']}</arg>
<doc>Returns the given values which can then be assigned to a variables.</doc>
<msg timestamp="20251014 18:17:37.768" level="INFO">${ticketGeneral} = 199018</msg>
<status status="PASS" starttime="20251014 18:17:37.763" endtime="20251014 18:17:37.768"/>
</kw>
<status status="PASS" starttime="20251014 18:17:37.749" endtime="20251014 18:17:37.768"/>
</branch>
<status status="PASS" starttime="20251014 18:17:37.749" endtime="20251014 18:17:37.768"/>
</if>
<status status="PASS" starttime="20251014 18:17:37.748" endtime="20251014 18:17:37.768"/>
</iter>
<iter>
<var name="${ticket}">{'_id': None, 'total': 766, 'name': 'legacy'}</var>
<if>
<branch type="IF" condition="&quot;${ticket['name']}&quot; == &quot;Ticket general&quot;">
<kw name="Set Variable" library="BuiltIn">
<var>${ticketGeneral}</var>
<arg>${ticket['total']}</arg>
<doc>Returns the given values which can then be assigned to a variables.</doc>
<status status="NOT RUN" starttime="20251014 18:17:37.791" endtime="20251014 18:17:37.791"/>
</kw>
<status status="NOT RUN" starttime="20251014 18:17:37.779" endtime="20251014 18:17:37.791"/>
</branch>
<status status="PASS" starttime="20251014 18:17:37.779" endtime="20251014 18:17:37.792"/>
</if>
<status status="PASS" starttime="20251014 18:17:37.768" endtime="20251014 18:17:37.792"/>
</iter>
<iter>
<var name="${ticket}">{'_id': '6691531b9289c566e80c8560', 'total': 26, 'name': '2 tickets'}</var>
<if>
<branch type="IF" condition="&quot;${ticket['name']}&quot; == &quot;Ticket general&quot;">
<kw name="Set Variable" library="BuiltIn">
<var>${ticketGeneral}</var>
<arg>${ticket['total']}</arg>
<doc>Returns the given values which can then be assigned to a variables.</doc>
<status status="NOT RUN" starttime="20251014 18:17:37.804" endtime="20251014 18:17:37.804"/>
</kw>
<status status="NOT RUN" starttime="20251014 18:17:37.802" endtime="20251014 18:17:37.805"/>
</branch>
<status status="PASS" starttime="20251014 18:17:37.801" endtime="20251014 18:17:37.805"/>
</if>
<status status="PASS" starttime="20251014 18:17:37.794" endtime="20251014 18:17:37.805"/>
</iter>
<status status="PASS" starttime="20251014 18:17:37.742" endtime="20251014 18:17:37.805"/>
</for>
<kw name="Log" library="BuiltIn">
<arg>La cantidad de tickets generales es ${ticketGeneral}</arg>
<doc>Logs the given message with the given level.</doc>
<msg timestamp="20251014 18:17:37.838" level="INFO">La cantidad de tickets generales es 199018</msg>
<status status="PASS" starttime="20251014 18:17:37.837" endtime="20251014 18:17:37.838"/>
</kw>
<kw name="Set Global Variable" library="BuiltIn">
<arg>${ticketGeneral}</arg>
<doc>Makes a variable available globally in all tests and suites.</doc>
<msg timestamp="20251014 18:17:37.845" level="INFO">${ticketGeneral} = 199018</msg>
<status status="PASS" starttime="20251014 18:17:37.844" endtime="20251014 18:17:37.846"/>
</kw>
<status status="PASS" starttime="20251014 18:17:36.519" endtime="20251014 18:17:37.847"/>
</test>
<test id="s1-t8" name="Request Tickets" line="197">
<kw name="Create Session" library="RequestsLibrary">
<arg>mysesion</arg>
<arg>${STAGE_URL}</arg>
<arg>verify=true</arg>
<doc>Create Session: create a HTTP session to a server</doc>
<msg timestamp="20251014 18:17:37.851" level="INFO">Creating Session using : alias=mysesion, url=https://stage.allrideapp.com, headers={},                     cookies={}, auth=None, timeout=None, proxies=None, verify=True,                     debug=0 </msg>
<status status="PASS" starttime="20251014 18:17:37.851" endtime="20251014 18:17:37.855"/>
</kw>
<kw name="Create Dictionary" library="BuiltIn">
<var>${headers}</var>
<arg>Authorization=${tokenAdmin}</arg>
<arg>Content-Type=application/json; charset=utf-8</arg>
<doc>Creates and returns a dictionary based on the given ``items``.</doc>
<msg timestamp="20251014 18:17:37.874" level="INFO">${headers} = {'Authorization': 'Bearer 462ae0a3feba486c0eabc1f0cfd5e4830c01b920d66126e4af95b6f7ac738d6fc03d21821d8c076407a10c94177e61ae51ef2780413d368a62231ea08de88c75', 'Content-Type': 'application/json; charset=...</msg>
<status status="PASS" starttime="20251014 18:17:37.873" endtime="20251014 18:17:37.876"/>
</kw>
<kw name="POST On Session" library="RequestsLibrary">
<var>${response}</var>
<arg>mysesion</arg>
<arg>url=/api/v1/admin/pb/ticket/request?community=${idComunidad}</arg>
<arg>data={"ticketQuantity":10,"cost":100,"voucherUrl":"https://s3.amazonaws.com/allride.uploads/privateBuses_voucher_653fd601f90509541a748683_1710787761571.pdf"}</arg>
<arg>headers=${headers}</arg>
<doc>Sends a POST request on a previously created HTTP Session.</doc>
<msg timestamp="20251014 18:17:38.488" level="INFO">POST Request : url=https://stage.allrideapp.com/api/v1/admin/pb/ticket/request?community=653fd601f90509541a748683 
 path_url=/api/v1/admin/pb/ticket/request?community=653fd601f90509541a748683 
 headers={'User-Agent': 'python-requests/2.32.3', 'Accept-Encoding': 'gzip, deflate', 'Accept': '*/*', 'Connection': 'keep-alive', 'Authorization': 'Bearer 462ae0a3feba486c0eabc1f0cfd5e4830c01b920d66126e4af95b6f7ac738d6fc03d21821d8c076407a10c94177e61ae51ef2780413d368a62231ea08de88c75', 'Content-Type': 'application/json; charset=utf-8', 'Content-Length': '152'} 
 body={"ticketQuantity":10,"cost":100,"voucherUrl":"https://s3.amazonaws.com/allride.uploads/privateBuses_voucher_653fd601f90509541a748683_1710787761571.pdf"} 
 </msg>
<msg timestamp="20251014 18:17:38.488" level="INFO">POST Response : url=https://stage.allrideapp.com/api/v1/admin/pb/ticket/request?community=653fd601f90509541a748683 
 status=200, reason=OK 
 headers={'Date': 'Tue, 14 Oct 2025 21:17:40 GMT', 'Content-Type': 'application/json; charset=utf-8', 'Transfer-Encoding': 'chunked', 'Connection': 'keep-alive', 'Server': 'nginx', 'X-DNS-Prefetch-Control': 'off', 'X-Frame-Options': 'SAMEORIGIN', 'Strict-Transport-Security': 'max-age=15552000; includeSubDomains', 'X-Download-Options': 'noopen', 'X-Content-Type-Options': 'nosniff', 'X-XSS-Protection': '1; mode=block', 'Access-Control-Allow-Origin': '*', 'X-RateLimit-Limit': '200', 'X-RateLimit-Remaining': '199', 'X-RateLimit-Reset': '1760476721', 'ETag': 'W/"18d-nI04p6/MJT+8dP0WuCMzlgBZQFM"', 'Content-Encoding': 'gzip'} 
 body={"_id":"68eebdf4a10f887ab81b1d74","communityId":"653fd601f90509541a748683","ticketQuantity":10,"cost":100,"voucherUrl":"https://s3.amazonaws.com/allride.uploads/privateBuses_voucher_653fd601f90509541a748683_1710787761571.pdf","state":"pendingApproval","history":[],"superCommunityId":"653fd68233d83952fafcd4be","createdAt":"2025-10-14T21:17:40.345Z","updatedAt":"2025-10-14T21:17:40.345Z","__v":0} 
 </msg>
<msg timestamp="20251014 18:17:38.488" level="INFO">${response} = &lt;Response [200]&gt;</msg>
<status status="PASS" starttime="20251014 18:17:37.881" endtime="20251014 18:17:38.488"/>
</kw>
<kw name="Convert To String" library="BuiltIn">
<var>${code}</var>
<arg>${response.status_code}</arg>
<doc>Converts the given item to a Unicode string.</doc>
<msg timestamp="20251014 18:17:38.491" level="INFO">${code} = 200</msg>
<status status="PASS" starttime="20251014 18:17:38.489" endtime="20251014 18:17:38.491"/>
</kw>
<kw name="Should Be Equal As Numbers" library="BuiltIn">
<arg>${code}</arg>
<arg>200</arg>
<doc>Fails if objects are unequal after converting them to real numbers.</doc>
<status status="PASS" starttime="20251014 18:17:38.492" endtime="20251014 18:17:38.494"/>
</kw>
<kw name="Log" library="BuiltIn">
<arg>${code}</arg>
<doc>Logs the given message with the given level.</doc>
<msg timestamp="20251014 18:17:38.497" level="INFO">200</msg>
<status status="PASS" starttime="20251014 18:17:38.497" endtime="20251014 18:17:38.497"/>
</kw>
<kw name="Set Variable" library="BuiltIn">
<var>${ticketRequestId}</var>
<arg>${response.json()}[_id]</arg>
<doc>Returns the given values which can then be assigned to a variables.</doc>
<msg timestamp="20251014 18:17:38.501" level="INFO">${ticketRequestId} = 68eebdf4a10f887ab81b1d74</msg>
<status status="PASS" starttime="20251014 18:17:38.499" endtime="20251014 18:17:38.501"/>
</kw>
<kw name="Set Variable" library="BuiltIn">
<var>${ticketRequestQty}</var>
<arg>${response.json()}[ticketQuantity]</arg>
<doc>Returns the given values which can then be assigned to a variables.</doc>
<msg timestamp="20251014 18:17:38.504" level="INFO">${ticketRequestQty} = 10</msg>
<status status="PASS" starttime="20251014 18:17:38.502" endtime="20251014 18:17:38.505"/>
</kw>
<kw name="Set Global Variable" library="BuiltIn">
<arg>${ticketRequestId}</arg>
<doc>Makes a variable available globally in all tests and suites.</doc>
<msg timestamp="20251014 18:17:38.508" level="INFO">${ticketRequestId} = 68eebdf4a10f887ab81b1d74</msg>
<status status="PASS" starttime="20251014 18:17:38.507" endtime="20251014 18:17:38.509"/>
</kw>
<kw name="Set Global Variable" library="BuiltIn">
<arg>${ticketRequestQty}</arg>
<doc>Makes a variable available globally in all tests and suites.</doc>
<msg timestamp="20251014 18:17:38.512" level="INFO">${ticketRequestQty} = 10</msg>
<status status="PASS" starttime="20251014 18:17:38.512" endtime="20251014 18:17:38.513"/>
</kw>
<kw name="Should Be Equal As Strings" library="BuiltIn">
<arg>pendingApproval</arg>
<arg>${response.json()}[state]</arg>
<arg>The state of the tickets should be pendingApproval but the state is ${response.json()}[state]</arg>
<doc>Fails if objects are unequal after converting them to strings.</doc>
<status status="PASS" starttime="20251014 18:17:38.514" endtime="20251014 18:17:38.519"/>
</kw>
<kw name="Log" library="BuiltIn">
<arg>${ticketRequestId}</arg>
<doc>Logs the given message with the given level.</doc>
<msg timestamp="20251014 18:17:38.521" level="INFO">68eebdf4a10f887ab81b1d74</msg>
<status status="PASS" starttime="20251014 18:17:38.521" endtime="20251014 18:17:38.521"/>
</kw>
<kw name="Log" library="BuiltIn">
<arg>${ticketRequestQty}</arg>
<doc>Logs the given message with the given level.</doc>
<msg timestamp="20251014 18:17:38.522" level="INFO">10</msg>
<status status="PASS" starttime="20251014 18:17:38.522" endtime="20251014 18:17:38.522"/>
</kw>
<status status="PASS" starttime="20251014 18:17:37.850" endtime="20251014 18:17:38.526"/>
</test>
<test id="s1-t9" name="Get Requested Tickets(Should Not Be 0)" line="225">
<kw name="Set Variable" library="BuiltIn">
<var>${url}</var>
<arg>${STAGE_URL}/api/v1/admin/pb/ticket/request/list/?community=${idComunidad}</arg>
<doc>Returns the given values which can then be assigned to a variables.</doc>
<msg timestamp="20251014 18:17:38.534" level="INFO">${url} = https://stage.allrideapp.com/api/v1/admin/pb/ticket/request/list/?community=653fd601f90509541a748683</msg>
<status status="PASS" starttime="20251014 18:17:38.533" endtime="20251014 18:17:38.534"/>
</kw>
<kw name="Create Dictionary" library="BuiltIn">
<var>&amp;{headers}</var>
<arg>Authorization=${tokenAdmin}</arg>
<doc>Creates and returns a dictionary based on the given ``items``.</doc>
<msg timestamp="20251014 18:17:38.538" level="INFO">&amp;{headers} = { Authorization=Bearer 462ae0a3feba486c0eabc1f0cfd5e4830c01b920d66126e4af95b6f7ac738d6fc03d21821d8c076407a10c94177e61ae51ef2780413d368a62231ea08de88c75 }</msg>
<status status="PASS" starttime="20251014 18:17:38.537" endtime="20251014 18:17:38.539"/>
</kw>
<kw name="GET" library="RequestsLibrary">
<var>${response}</var>
<arg>url=${url}</arg>
<arg>headers=${headers}</arg>
<doc>Sends a GET request.</doc>
<msg timestamp="20251014 18:17:39.097" level="INFO">GET Request : url=https://stage.allrideapp.com/api/v1/admin/pb/ticket/request/list/?community=653fd601f90509541a748683 
 path_url=/api/v1/admin/pb/ticket/request/list/?community=653fd601f90509541a748683 
 headers={'User-Agent': 'python-requests/2.32.3', 'Accept-Encoding': 'gzip, deflate', 'Accept': '*/*', 'Connection': 'keep-alive', 'Authorization': 'Bearer 462ae0a3feba486c0eabc1f0cfd5e4830c01b920d66126e4af95b6f7ac738d6fc03d21821d8c076407a10c94177e61ae51ef2780413d368a62231ea08de88c75'} 
 body=None 
 </msg>
<msg timestamp="20251014 18:17:39.097" level="INFO">GET Response : url=https://stage.allrideapp.com/api/v1/admin/pb/ticket/request/list/?community=653fd601f90509541a748683 
 status=200, reason=OK 
 headers={'Date': 'Tue, 14 Oct 2025 21:17:41 GMT', 'Content-Type': 'application/json; charset=utf-8', 'Transfer-Encoding': 'chunked', 'Connection': 'keep-alive', 'Server': 'nginx', 'X-DNS-Prefetch-Control': 'off', 'X-Frame-Options': 'SAMEORIGIN', 'Strict-Transport-Security': 'max-age=15552000; includeSubDomains', 'X-Download-Options': 'noopen', 'X-Content-Type-Options': 'nosniff', 'X-XSS-Protection': '1; mode=block', 'Access-Control-Allow-Origin': '*', 'X-RateLimit-Limit': '200', 'X-RateLimit-Remaining': '199', 'X-RateLimit-Reset': '1760476721', 'ETag': 'W/"1b8-LVtsQWGmkBuZbB/SEpNPz1Fzecs"', 'Content-Encoding': 'gzip'} 
 body=[{"_id":"68eebdf4a10f887ab81b1d74","communityId":{"_id":"653fd601f90509541a748683","name":"Pruebas Automatización"},"ticketQuantity":10,"cost":100,"voucherUrl":"https://s3.amazonaws.com/allride.uploads/privateBuses_voucher_653fd601f90509541a748683_1710787761571.pdf","state":"pendingApproval","history":[],"superCommunityId":"653fd68233d83952fafcd4be","createdAt":"2025-10-14T21:17:40.345Z","updatedAt":"2025-10-14T21:17:40.345Z","__v":0}] 
 </msg>
<msg timestamp="20251014 18:17:39.097" level="INFO">${response} = &lt;Response [200]&gt;</msg>
<status status="PASS" starttime="20251014 18:17:38.540" endtime="20251014 18:17:39.097"/>
</kw>
<kw name="Should Be Equal As Numbers" library="BuiltIn">
<arg>${response.status_code}</arg>
<arg>200</arg>
<doc>Fails if objects are unequal after converting them to real numbers.</doc>
<msg timestamp="20251014 18:17:39.105" level="INFO">Argument types are:
&lt;class 'int'&gt;
&lt;class 'str'&gt;</msg>
<status status="PASS" starttime="20251014 18:17:39.098" endtime="20251014 18:17:39.105"/>
</kw>
<kw name="Set Variable" library="BuiltIn">
<var>${responseJson}</var>
<arg>${response.json()}</arg>
<doc>Returns the given values which can then be assigned to a variables.</doc>
<msg timestamp="20251014 18:17:39.111" level="INFO">${responseJson} = [{'_id': '68eebdf4a10f887ab81b1d74', 'communityId': {'_id': '653fd601f90509541a748683', 'name': 'Pruebas Automatización'}, 'ticketQuantity': 10, 'cost': 100, 'voucherUrl': 'https://s3.amazonaws.com/al...</msg>
<status status="PASS" starttime="20251014 18:17:39.106" endtime="20251014 18:17:39.111"/>
</kw>
<kw name="Should Not Be Empty" library="BuiltIn">
<arg>${responseJson}</arg>
<arg>The requested tickets should not be 0, but is empty</arg>
<doc>Verifies that the given item is not empty.</doc>
<msg timestamp="20251014 18:17:39.112" level="INFO">Length is 1</msg>
<status status="PASS" starttime="20251014 18:17:39.112" endtime="20251014 18:17:39.112"/>
</kw>
<kw name="Log" library="BuiltIn">
<arg>${responseJson}</arg>
<doc>Logs the given message with the given level.</doc>
<msg timestamp="20251014 18:17:39.113" level="INFO">[{'_id': '68eebdf4a10f887ab81b1d74', 'communityId': {'_id': '653fd601f90509541a748683', 'name': 'Pruebas Automatización'}, 'ticketQuantity': 10, 'cost': 100, 'voucherUrl': 'https://s3.amazonaws.com/allride.uploads/privateBuses_voucher_653fd601f90509541a748683_1710787761571.pdf', 'state': 'pendingApproval', 'history': [], 'superCommunityId': '653fd68233d83952fafcd4be', 'createdAt': '2025-10-14T21:17:40.345Z', 'updatedAt': '2025-10-14T21:17:40.345Z', '__v': 0}]</msg>
<status status="PASS" starttime="20251014 18:17:39.113" endtime="20251014 18:17:39.114"/>
</kw>
<status status="PASS" starttime="20251014 18:17:38.531" endtime="20251014 18:17:39.114"/>
</test>
<test id="s1-t10" name="Treasurer Request Approval" line="243">
<kw name="Set Variable" library="BuiltIn">
<var>${url}</var>
<arg>${STAGE_URL}/api/v1/admin/pb/ticket/request/approve/treasurer?community=${idComunidad}&amp;requestId=${ticketRequestId}&amp;userId=${idAdmin}</arg>
<doc>Returns the given values which can then be assigned to a variables.</doc>
<msg timestamp="20251014 18:17:39.121" level="INFO">${url} = https://stage.allrideapp.com/api/v1/admin/pb/ticket/request/approve/treasurer?community=653fd601f90509541a748683&amp;requestId=68eebdf4a10f887ab81b1d74&amp;userId=653fd89733d83952fafcd6ca</msg>
<status status="PASS" starttime="20251014 18:17:39.119" endtime="20251014 18:17:39.121"/>
</kw>
<kw name="Create Dictionary" library="BuiltIn">
<var>&amp;{headers}</var>
<arg>Authorization=${tokenAdmin}</arg>
<doc>Creates and returns a dictionary based on the given ``items``.</doc>
<msg timestamp="20251014 18:17:39.126" level="INFO">&amp;{headers} = { Authorization=Bearer 462ae0a3feba486c0eabc1f0cfd5e4830c01b920d66126e4af95b6f7ac738d6fc03d21821d8c076407a10c94177e61ae51ef2780413d368a62231ea08de88c75 }</msg>
<status status="PASS" starttime="20251014 18:17:39.125" endtime="20251014 18:17:39.126"/>
</kw>
<kw name="GET" library="RequestsLibrary">
<var>${response}</var>
<arg>url=${url}</arg>
<arg>headers=${headers}</arg>
<doc>Sends a GET request.</doc>
<msg timestamp="20251014 18:17:39.722" level="INFO">GET Request : url=https://stage.allrideapp.com/api/v1/admin/pb/ticket/request/approve/treasurer?community=653fd601f90509541a748683&amp;requestId=68eebdf4a10f887ab81b1d74&amp;userId=653fd89733d83952fafcd6ca 
 path_url=/api/v1/admin/pb/ticket/request/approve/treasurer?community=653fd601f90509541a748683&amp;requestId=68eebdf4a10f887ab81b1d74&amp;userId=653fd89733d83952fafcd6ca 
[...]
"avoid":{"ferries":false,"highways":false,"tolls":false},"points":[{"_id":"65ef21aa6f1c17c2eeeb5f9b","loc":[-70.54483,-33.389880000000005],"lat":-33.389880000000005,"lon":-70.54483,"sequence":0},{"_id":"65ef21aa6f1c17c2eeeb5f9c","loc":[-70.54458000000001,-33.390440000000005],"lat":-33.390440000000005,"lon":-70.54458000000001,"sequence":1},{"_id":"65ef21aa6f1c17c2eeeb5f9d","loc":[-70.54419,-33.391400000000004],"lat":-33.391400000000004,"lon":-70.54419,"sequence":2},{"_id":"65ef21aa6f1c17c2eeeb5f9e","loc":[-70.54381000000001,-33.3918],"lat":-33.3918,"lon":-70.54381000000001,"sequence":3},{"_id":"65ef21aa6f1c17c2eeeb5f9f","loc":[-70.54317,-33.392320000000005],"lat":-33.392320000000005,"lon":-70.54317,"sequence":4},{"_id":"65ef21aa6f1c17c2eeeb5fa0","loc":[-70.54317,-33.392320000000005],"lat":-33.392320000000005,"lon":-70.54317,"sequence":5},{"_id":"65ef21aa6f1c17c2eeeb5fa1","loc":[-70.54360000000001,-33.39267],"lat":-33.39267,"lon":-70.54360000000001,"sequence":6},{"_id":"65ef21aa6f1c17c2eeeb5fa2","loc":[-70.54412,-33.393100000000004],"lat":-33.393100000000004,"lon":-70.54412,"sequence":7},{"_id":"65ef21aa6f1c17c2eeeb5fa3","loc":[-70.54447,-33.393350000000005],"lat":-33.393350000000005,"lon":-70.54447,"sequence":8},{"_id":"65ef21aa6f1c17c2eeeb5fa4","loc":[-70.54547000000001,-33.39412],"lat":-33.39412,"lon":-70.54547000000001,"sequence":9},{"_id":"65ef21aa6f1c17c2eeeb5fa5","loc":[-70.54596000000001,-33.394360000000006],"lat":-33.394360000000006,"lon":-70.54596000000001,"sequence":10},{"_id":"65ef21aa6f1c17c2eeeb5fa6","loc":[-70.54646000000001,-33.39457],"lat":-33.39457,"lon":-70.54646000000001,"sequence":11},{"_id":"65ef21aa6f1c17c2eeeb5fa7","loc":[-70.54681000000001,-33.3947],"lat":-33.3947,"lon":-70.54681000000001,"sequence":12},{"_id":"65ef21aa6f1c17c2eeeb5fa8","loc":[-70.54787,-33.39504],"lat":-33.39504,"lon":-70.54787,"sequence":13},{"_id":"65ef21aa6f1c17c2eeeb5fa9","loc":[-70.54827,-33.39517],"lat":-33.39517,"lon":-70.54827,"sequence":14},{"_id":"65ef21aa6f1c17c2eeeb5faa","loc":[-70.54877,-33.395430000000005],"lat":-33.395430000000005,"lon":-70.54877,"sequence":15},{"_id":"65ef21aa6f1c17c2eeeb5fab","loc":[-70.54931,-33.395880000000005],"lat":-33.395880000000005,"lon":-70.54931,"sequence":16},{"_id":"65ef21aa6f1c17c2eeeb5fac","loc":[-70.55066000000001,-33.397360000000006],"lat":-33.397360000000006,"lon":-70.55066000000001,"sequence":17},{"_id":"65ef21aa6f1c17c2eeeb5fad","loc":[-70.55149,-33.39824],"lat":-33.39824,"lon":-70.55149,"sequence":18},{"_id":"65ef21aa6f1c17c2eeeb5fae","loc":[-70.55168,-33.398450000000004],"lat":-33.398450000000004,"lon":-70.5516... (set the log level to DEBUG or TRACE to see the full content) 
 </msg>
<msg timestamp="20251014 18:21:22.074" level="INFO">${response} = &lt;Response [200]&gt;</msg>
<status status="PASS" starttime="20251014 18:21:21.464" endtime="20251014 18:21:22.074"/>
</kw>
<kw name="Should Be Equal As Numbers" library="BuiltIn">
<arg>${response.status_code}</arg>
<arg>200</arg>
<doc>Fails if objects are unequal after converting them to real numbers.</doc>
<msg timestamp="20251014 18:21:22.076" level="INFO">Argument types are:
&lt;class 'int'&gt;
&lt;class 'str'&gt;</msg>
<status status="PASS" starttime="20251014 18:21:22.075" endtime="20251014 18:21:22.076"/>
</kw>
<kw name="Set Variable" library="BuiltIn">
<var>${capacity}</var>
<arg>${response.json()}[capacity]</arg>
<doc>Returns the given values which can then be assigned to a variables.</doc>
<msg timestamp="20251014 18:21:22.078" level="INFO">${capacity} = 0</msg>
<status status="PASS" starttime="20251014 18:21:22.077" endtime="20251014 18:21:22.079"/>
</kw>
<kw name="Set Variable" library="BuiltIn">
<var>${startCapacity}</var>
<arg>${response.json()}[startCapacity]</arg>
<doc>Returns the given values which can then be assigned to a variables.</doc>
<msg timestamp="20251014 18:21:22.080" level="INFO">${startCapacity} = 5</msg>
<status status="PASS" starttime="20251014 18:21:22.079" endtime="20251014 18:21:22.080"/>
</kw>
<status status="PASS" starttime="20251014 18:21:21.461" endtime="20251014 18:21:22.080"/>
</test>
<test id="s1-t77" name="Delete Route" line="1711">
<kw name="Create Session" library="RequestsLibrary">
<arg>mysesion</arg>
<arg>${STAGE_URL}</arg>
<arg>verify=true</arg>
<doc>Create Session: create a HTTP session to a server</doc>
<msg timestamp="20251014 18:21:22.082" level="INFO">Creating Session using : alias=mysesion, url=https://stage.allrideapp.com, headers={},                     cookies={}, auth=None, timeout=None, proxies=None, verify=True,                     debug=0 </msg>
<status status="PASS" starttime="20251014 18:21:22.082" endtime="20251014 18:21:22.082"/>
</kw>
<kw name="Create Dictionary" library="BuiltIn">
<var>${headers}</var>
<arg>Authorization=${tokenAdmin}</arg>
<arg>Content-Type=application/json</arg>
<doc>Creates and returns a dictionary based on the given ``items``.</doc>
<msg timestamp="20251014 18:21:22.082" level="INFO">${headers} = {'Authorization': 'Bearer 462ae0a3feba486c0eabc1f0cfd5e4830c01b920d66126e4af95b6f7ac738d6fc03d21821d8c076407a10c94177e61ae51ef2780413d368a62231ea08de88c75', 'Content-Type': 'application/json'}</msg>
<status status="PASS" starttime="20251014 18:21:22.082" endtime="20251014 18:21:22.082"/>
</kw>
<kw name="DELETE On Session" library="RequestsLibrary">
<var>${response}</var>
<arg>mysesion</arg>
<arg>url=/api/v1/admin/pb/routes/${scheduleId}?community=653fd601f90509541a748683</arg>
<arg>data={}</arg>
<arg>headers=${headers}</arg>
<doc>Sends a DELETE request on a previously created HTTP Session.</doc>
<msg timestamp="20251014 18:21:22.687" level="INFO">DELETE Request : url=https://stage.allrideapp.com/api/v1/admin/pb/routes/68eebdd5a10f887ab81b1cd3?community=653fd601f90509541a748683 
 path_url=/api/v1/admin/pb/routes/68eebdd5a10f887ab81b1cd3?community=653fd601f90509541a748683 
 headers={'User-Agent': 'python-requests/2.32.3', 'Accept-Encoding': 'gzip, deflate', 'Accept': '*/*', 'Connection': 'keep-alive', 'Authorization': 'Bearer 462ae0a3feba486c0eabc1f0cfd5e4830c01b920d66126e4af95b6f7ac738d6fc03d21821d8c076407a10c94177e61ae51ef2780413d368a62231ea08de88c75', 'Content-Type': 'application/json', 'Content-Length': '2'} 
 body={} 
 </msg>
<msg timestamp="20251014 18:21:22.687" level="INFO">DELETE Response : url=https://stage.allrideapp.com/api/v1/admin/pb/routes/68eebdd5a10f887ab81b1cd3?community=653fd601f90509541a748683 
 status=200, reason=OK 
 headers={'Date': 'Tue, 14 Oct 2025 21:21:24 GMT', 'Content-Type': 'application/json; charset=utf-8', 'Transfer-Encoding': 'chunked', 'Connection': 'keep-alive', 'Server': 'nginx', 'X-DNS-Prefetch-Control': 'off', 'X-Frame-Options': 'SAMEORIGIN', 'Strict-Transport-Security': 'max-age=15552000; includeSubDomains', 'X-Download-Options': 'noopen', 'X-Content-Type-Options': 'nosniff', 'X-XSS-Protection': '1; mode=block', 'Access-Control-Allow-Origin': '*', 'X-RateLimit-Limit': '200', 'X-RateLimit-Remaining': '199', 'X-RateLimit-Reset': '1760476945', 'ETag': 'W/"3dad-SG7iayhw0ExC0e6Km63xJ8JHj9c"', 'Content-Encoding': 'gzip'} 
 body={"trail":{"enabled":false,"adjustByRounds":false,"newTrail":false,"isCircuit":false,"anchorStops":[]},"rounds":{"enabled":false,"anchorStops":[]},"notifyUsersByStop":{"sendTo":{"emails":[],"adminLevels":[],"roleIds":[]},"enabled":false},"notifyUnboardedPassengers":{"sendTo":{"emails":[],"adminLevels":[],"roleIds":[]},"enabled":false},"notifyPassengersWithoutReservation":{"sendTo":{"emails":[],"adminLevels":[],"roleIds":[]},"enabled":false},"notifySkippedStop":{"sendTo":{"emails":[],"adminLevels":[],"roleIds":[]},"enabled":false},"excludePassengers":{"active":false,"excludeType":"dontHide"},"scheduling":{"lateNotification":{"enabled":false,"amount":0,"unit":"minutes"},"stopNotification":{"enabled":false,"amount":0,"unit":"minutes"},"startLimit":{"upperLimit":{"amount":60,"unit":"minutes"},"lowerLimit":{"amount":30,"unit":"minutes"}},"notifyAdmins":{"fullService":{"sendTo":{"emails":[],"adminLevels":[],"roleIds":[]},"enabled":false},"serviceCanceled":{"sendTo":{"emails":[],"adminLevels":[],"roleIds":[]},"enabled":false}},"enabled":true,"limitUnit":"minutes","stopOnReservation":true,"limitAmount":30,"schedule":[{"capped":{"enabled":false,"capacity":0},"restrictPassengers":{"validation":{"enabled":false,"conditional":"or","parameters":[],"parameter":[]},"reservation":{"enabled":false,"conditional":"or","parameters":[],"parameter":[]},"visibility":{"enabled":false,"conditional":"or","parameters":[],"parameter":[]},"enabled":false},"reservations":{"enabled":false,"list":[]},"specificReservations":{"enabled":false,"list":[]},"enabled":true,"_id":"68eebdd5a10f887ab81b1cdc","day":"tue","time":"19:17","estimatedArrival":null,"stopSchedule":[],"vehicleCategoryId":null,"defaultResources":[]}],"restrictions":{"customParams":{"enabled":false,"params":[]},"byQuantity":{"unit":"days","userSkip":[]},"timeRules":{"booking":{"timeWindows":[]}},"_id":"68eebdd5a10f887ab81b1cdd"},"pendingApprovalRequests":[]},"rating":{"enabled":false,"withValidation":false},"endDepartureNotice":{"enabled":false,"lastStop":null},"restrictPassengers":{"validation":{"enabled":false,"conditional":"or","parameters":[]},"reservation":{"enabled":false,"conditional":"or","parameters":[]},"visibility":{"enabled":false,"conditional":"or","excludes":false,"parameters":[]},"enabled":false},"snapshots":{"enabled":false},"validationParams":{"driverParams":[],"passengerParams":[]},"canResume":{"timeLimit":{"enabled":false,"amount":5,"unit":"minutes"},"enabled":false},"departureHourFulfillment":{"enabled":false,"ranges":[]},"arrivalHourFulfillment":{"enabled":false,"ranges":[]},"validateDeparture":{"enabled":false},"minimumConfirmationTime":{"enabled":false,"amount":1,"unit":"hours"},"minimumTimeToForceDeparture":{"enabled":false,"amount":5,"unit":"minutes"},"endServiceLegAutomatically":{"estimatedDuration":{"byTime":{"unit":"minutes"}},"timer":{"amount":5,"unit":"minutes"},"distance":100},"codeValidationOptions":{"type":"qr","failureMessage":"Solo puedes presentar el código de AllRide o de tu cédula de identidad.","showRejected":true},"DNIValidation":{"enabled":false,"options":["qr"]},"validation":{"external":[]},"restrictions":{"external":[]},"assistantIds":[],"superCommunities":["653fd68233d83952fafcd4be"],"communities":["653fd601f90509541a748683"],"active":false,"visible":true,"internal":false,"anchorStops":["655d11d88a5a1a1ff0328466","655d11d88a5a1a1ff0328464"],"isStatic":false,"labels":[],"hasExternalGPS":false,"hasCapacity":true,"hasBeacons":true,"hasRounds":false,"hasBoardingCount":false,"hasUnboardingCount":false,"usesBusCode":false,"usesVehicleList":true,"dynamicSeatAssignment":true,"usesDriverCode":false,"usesDriverPin":false,"usesTickets":true,"usesPasses":false,"usesTextToSpeech":false,"allowsManualValidation":true,"allowsRating":false,"allowsOnlyExistingDrivers":false,"allowsMultipleDrivers":false,"allowsDebugging":false,"startsOnStop":false,"notNearStop":false,"allowsNonServiceSnapshots":false,"allowsServiceSnapshots":false,"allowsDistance":false,"usesOfflineCount":false,"hasBoardings":true,"hasUnboardings":true,"usesManualSeat":true,"noPassengerInfo":false,"showParable":false,"showStops":true,"allowGenericVehicles":true,"usesVehicleQRLink":false,"skipDeclaration":false,"skipQRValidation":false,"assistantAssignsSeat":true,"hasBarrier":false,"_id":"68eebdd5a10f887ab81b1cd3","name":"Validaciones Descuento Ticket","shapeId":"65ef21aa6f1c17c2eeeb5f98","description":"templateRobotTickets","extraInfo":"","color":"502929","legOptions":[],"ownerIds":[{"_id":"68eebdd5a10f887ab81b1cd9","id":"653fd601f90509541a748683","role":"community"}],"modificationsHistory":[],"segments":[{"_id":"68eebe2087b0ebf1ef6101b5","position":1,"distance":66.45425502654004,"lat":-33.390440000000005,"lon":-70.54458000000001,"loc":[-70.54458000000001,-33.390440000000005]},{"_id":"68eebe2087b0ebf1ef6101b6","position":2,"distance":179.17495142181278,"lat":-33.391400000000004,"lon":-70.54419,"loc":[-70.54419,-33.391400000000004]},{"_id":"68eebe2087b0ebf1ef6101b7","position":3,"distance":235.9456040215147,"lat":-33.3918,"lon":-70.54381000000001,"loc":[-70.54381000000001,-33.3918]},{"_id":"68eebe2087b0ebf1ef6101b8","position":4,"distance":318.85344448130417,"lat":-33.392320000000005,"lon":-70.54317,"loc":[-70.54317,-33.392320000000005]},{"_id":"68eebe2087b0ebf1ef6101b9","position":5,"distance":318.85344448130417,"lat":-33.392320000000005,"lon":-70.54317,"loc":[-70.54317,-33.392320000000005]},{"_id":"68eebe2087b0ebf1ef6101ba","position":6,"distance":374.60549726913854,"lat":-33.39267,"lon":-70.54360000000001,"loc":[-70.54360000000001,-33.39267]},{"_id":"68eebe2087b0ebf1ef6101bb","position":7,"distance":442.5520402206282,"lat":-33.393100000000004,"lon":-70.54412,"loc":[-70.54412,-33.393100000000004]},{"_id":"68eebe2087b0ebf1ef6101bc","position":8,"distance":485.31400862345225,"lat":-33.393350000000005,"lon":-70.54447,"loc":[-70.54447,-33.393350000000005]},{"_id":"68eebe2087b0ebf1ef6101bd","position":9,"distance":611.6057705932019,"lat":-33.39412,"lon":-70.54547000000001,"loc":[-70.54547000000001,-33.39412]},{"_id":"68eebe2087b0ebf1ef6101be","position":10,"distance":664.3460425164694,"lat":-33.394360000000006,"lon":-70.54596000000001,"loc":[-70.54596000000001,-33.394360000000006]},{"_id":"68eebe2087b0ebf1ef6101bf","position":11,"distance":716.3069136909899,"lat":-33.39457,"lon":-70.54646000000001,"loc":[-70.54646000000001,-33.39457]},{"_id":"68eebe2087b0ebf1ef6101c0","position":12,"distance":751.8700838415805,"lat":-33.3947,"lon":-70.54681000000001,"loc":[-70.54681000000001,-33.3947]},{"_id":"68eebe2087b0ebf1ef6101c1","position":13,"distance":857.2890337131593,"lat":-33.39504,"lon":-70.54787,"loc":[-70.54787,-33.39504]},{"_id":"68eebe2087b0ebf1ef6101c2","position":14,"distance":897.1377826292556,"lat":-33.39517,"lon":-70.54827,"loc":[-70.54827,-33.39517]},{"_id":"68eebe2087b0ebf1ef6101c3","position":15,"distance":951.822808519634,"lat":-33.395430000000005,"lon":-70.54877,"loc":[-70.54877,-33.395430000000005]},{"_id":"68eebe2087b0ebf1ef6101c4","position":16,"distance":1022.6529342172724,"lat":-33.395880000000005,"lon":-70.54931,"loc":[-70.54931,-33.395880000000005]},{"_id":"68eebe2087b0ebf1ef6101c5","position":17,"distance":1229.509223602494,"lat":-33.397360000000006,"lon":-70.55066000000001,"loc":[-70.55066000000001,-33.397360000000006]},{"_id":"68eebe2087b0ebf1ef6101c6","position":18,"distance":1354.0558610873222,"lat":-33.39824,"lon":-70.55149,"loc":[-70.55149,-33.39824]},{"_id":"68eebe2087b0ebf1ef6101c7","position":19,"distance":1383.3196977172574,"lat":-33.398450000000004,"lon":-70.55168,"loc":[-70.55168,-33.398450000000004]},{"_id":"68eebe2087b0ebf1ef6101c8","position":20,"distance":1434.296524372645,"lat":-33.398810000000005,"lon":-70.55202,"loc":[-70.55202,-33.398810000000005]},{"_id":"68eebe2087b0ebf1ef6101c9","position":21,"distance":1478.6114178506768,"lat":-33.39912,"lon":-70.55232000000001,"loc":[-70.55232000000001,-33.39912]},{"_id":"68eebe2087b0ebf1ef6101ca","position":22,"distance":1518.005826479858,"lat":-33.3994,"lon":-70.55258,"loc":[-70.55258,-33.3994]},{"_id":"68eebe2087b0ebf1ef6101cb","position":23,"distance":1553.6309120009466,"lat":-33.39965,"lon":-70.55282000000001,"loc":[-70.55282000000001,-33.39965]},{"_id":"68eebe2087b0ebf1ef6101cc","position":24,"distance":1593.7733129182643,"lat":-33.399910000000006,"lon":-70.55312,"loc":[-70.55312,-33.399910000000006]},{"_id":"68eebe2087b0ebf1ef6101cd","position":25,"distance":1632.9764404383623,"lat":-33.400130000000004,"lon":-70.55345000000001,"loc":[-70.55345000000001,-33.400130000000004]},{"_id":"68eebe2087b0ebf1ef6101ce","position":26,"distance":1738.474896696409,"lat":-33.40072,"lon":-70.55434000000001,"loc":[-70.55434000000001,-33.40072]},{"_id":"68eebe2087b0ebf1ef6101cf","position":27,"distance":1777.673033164621,"lat":-33.40095,"lon":-70.55466000000001,"loc":[-70.55466000000001,-33.40095]},{"_id":"68eebe2087b0ebf1ef6101d0","position":28,"distance":1809.815798065564,"lat":-33.40115,"lon":-70.55491,"loc":[-70.55491,-33.40115]},{"_id":"68eebe2087b0ebf1ef6101d1","position":29,"distance":1832.7774542089473,"lat":-33.401300000000006,"lon":-70.55508,"loc":[-70.55508,-33.401300000000006]},{"_id":"68eebe2087b0ebf1ef6101d2","position":30,"distance":1857.7014654130626,"lat":-33.40148,"lon":-70.55524000000001,"loc":[-70.55524000000001,-33.40148]},{"_id":"68eebe2087b0ebf1ef6101d3","position":31,"distance":1871.0728377502157,"lat":-33.40158,"lon":-70.55532000000001,"loc":[-70.55532000000001,-33.40158]},{"_id":"68eebe2087b0ebf1ef6101d4","position":32,"distance":1892.570690737771,"lat":-33.401740000000004,"lon":-70.55545000000001,"loc":[-70.55545000000001,-33.401740000000004]},{"_id":"68eebe2087b0ebf1ef6101d5","position":33,"distance":1924.088458822758,"lat":-33.401990000000005,"lon":-70.55561,"loc":[-70.55561,-33.401990000000005]},{"_id":"68eebe2087b0ebf1ef6101d6","position":34,"distance":2015.6657188701308,"lat":-33.40276,"lon":-70.55596,"loc":[-70.55596,-33.40276]},{"_id":"68eebe2087b0ebf1ef6101d7","position":35,"distance":2141.705... (set the log level to DEBUG or TRACE to see the full content) 
 </msg>
<msg timestamp="20251014 18:21:22.687" level="INFO">${response} = &lt;Response [200]&gt;</msg>
<status status="PASS" starttime="20251014 18:21:22.084" endtime="20251014 18:21:22.687"/>
</kw>
<kw name="Convert To String" library="BuiltIn">
<var>${code}</var>
<arg>${response.status_code}</arg>
<doc>Converts the given item to a Unicode string.</doc>
<msg timestamp="20251014 18:21:22.689" level="INFO">${code} = 200</msg>
<status status="PASS" starttime="20251014 18:21:22.687" endtime="20251014 18:21:22.689"/>
</kw>
<kw name="Status Should Be" library="RequestsLibrary">
<arg>200</arg>
<doc>Fails if response status code is different than the expected.</doc>
<status status="PASS" starttime="20251014 18:21:22.691" endtime="20251014 18:21:22.691"/>
</kw>
<kw name="Log" library="BuiltIn">
<arg>${code}</arg>
<doc>Logs the given message with the given level.</doc>
<msg timestamp="20251014 18:21:22.691" level="INFO">200</msg>
<status status="PASS" starttime="20251014 18:21:22.691" endtime="20251014 18:21:22.692"/>
</kw>
<kw name="Sleep" library="BuiltIn">
<arg>5s</arg>
<doc>Pauses the test executed for the given time.</doc>
<msg timestamp="20251014 18:21:27.703" level="INFO">Slept 5 seconds</msg>
<status status="PASS" starttime="20251014 18:21:22.692" endtime="20251014 18:21:27.703"/>
</kw>
<status status="PASS" starttime="20251014 18:21:22.081" endtime="20251014 18:21:27.705"/>
</test>
<status status="FAIL" starttime="20251014 18:17:06.393" endtime="20251014 18:21:27.706"/>
</suite>
<statistics>
<total>
<stat pass="73" fail="1" skip="3">All Tests</stat>
</total>
<tag>
</tag>
<suite>
<stat pass="73" fail="1" skip="3" id="s1" name="scheduledWIthTickets">scheduledWIthTickets</stat>
</suite>
</statistics>
<errors>
<msg timestamp="20251014 18:19:08.255" level="WARN">Retrying (RetryAdapter(total=2, connect=None, read=None, redirect=None, status=None)) after connection broken by 'ConnectTimeoutError(&lt;urllib3.connection.HTTPConnection object at 0x00000206E3EE87F0&gt;, 'Connection to 152.174.108.123 timed out. (connect timeout=None)')': /api/v1/pb/provider/departures/validate</msg>
<msg timestamp="20251014 18:19:29.511" level="WARN">Retrying (RetryAdapter(total=1, connect=None, read=None, redirect=None, status=None)) after connection broken by 'ConnectTimeoutError(&lt;urllib3.connection.HTTPConnection object at 0x00000206E3EE9390&gt;, 'Connection to 152.174.108.123 timed out. (connect timeout=None)')': /api/v1/pb/provider/departures/validate</msg>
<msg timestamp="20251014 18:19:50.957" level="WARN">Retrying (RetryAdapter(total=0, connect=None, read=None, redirect=None, status=None)) after connection broken by 'ConnectTimeoutError(&lt;urllib3.connection.HTTPConnection object at 0x00000206E3EE8F40&gt;, 'Connection to 152.174.108.123 timed out. (connect timeout=None)')': /api/v1/pb/provider/departures/validate</msg>
</errors>
</robot>
