<?xml version="1.0" encoding="UTF-8"?>
<robot generator="Robot 6.1.1 (Python 3.10.12 on win32)" generated="20250408 12:13:07.296" rpa="false" schemaversion="4">
<suite id="s1" name="scheduledWIthTickets" source="c:\Users\UsuarioCompuElite\Documents\GitHub\Respaldo\AllRide Test Cases\Test Cases\Scheduled Flow\ScheduledTickets\scheduledWIthTickets.robot">
<test id="s1-t1" name="Set Date Variables" line="15">
<kw name="Get Current Date" library="DateTime">
<var>${fecha_hoy}</var>
<arg>result_format=%Y-%m-%d</arg>
<doc>Returns current local or UTC time with an optional increment.</doc>
<msg timestamp="20250408 12:13:07.718" level="INFO">${fecha_hoy} = 2025-04-08</msg>
<status status="PASS" starttime="20250408 12:13:07.718" endtime="20250408 12:13:07.719"/>
</kw>
<kw name="Set Global Variable" library="BuiltIn">
<arg>${fecha_hoy}</arg>
<doc>Makes a variable available globally in all tests and suites.</doc>
<msg timestamp="20250408 12:13:07.720" level="INFO">${fecha_hoy} = 2025-04-08</msg>
<status status="PASS" starttime="20250408 12:13:07.720" endtime="20250408 12:13:07.720"/>
</kw>
<kw name="Add Time To Date" library="DateTime">
<var>${fecha_manana}</var>
<arg>${fecha_hoy}</arg>
<arg>1 days</arg>
<arg>result_format=%Y-%m-%d</arg>
<doc>Adds time to date and returns the resulting date.</doc>
<msg timestamp="20250408 12:13:07.723" level="INFO">${fecha_manana} = 2025-04-09</msg>
<status status="PASS" starttime="20250408 12:13:07.721" endtime="20250408 12:13:07.723"/>
</kw>
<kw name="Set Global Variable" library="BuiltIn">
<arg>${fecha_manana}</arg>
<doc>Makes a variable available globally in all tests and suites.</doc>
<msg timestamp="20250408 12:13:07.723" level="INFO">${fecha_manana} = 2025-04-09</msg>
<status status="PASS" starttime="20250408 12:13:07.723" endtime="20250408 12:13:07.723"/>
</kw>
<kw name="Add Time To Date" library="DateTime">
<var>${fecha_pasado_manana}</var>
<arg>${fecha_hoy}</arg>
<arg>2 days</arg>
<arg>result_format=%Y-%m-%d</arg>
<doc>Adds time to date and returns the resulting date.</doc>
<msg timestamp="20250408 12:13:07.724" level="INFO">${fecha_pasado_manana} = 2025-04-10</msg>
<status status="PASS" starttime="20250408 12:13:07.724" endtime="20250408 12:13:07.724"/>
</kw>
<kw name="Set Global Variable" library="BuiltIn">
<arg>${fecha_pasado_manana}</arg>
<doc>Makes a variable available globally in all tests and suites.</doc>
<msg timestamp="20250408 12:13:07.725" level="INFO">${fecha_pasado_manana} = 2025-04-10</msg>
<status status="PASS" starttime="20250408 12:13:07.725" endtime="20250408 12:13:07.725"/>
</kw>
<kw name="Add Time To Date" library="DateTime">
<var>${fecha_pasado_pasado_manana}</var>
<arg>${fecha_hoy}</arg>
<arg>3 days</arg>
<arg>result_format=%Y-%m-%d</arg>
<doc>Adds time to date and returns the resulting date.</doc>
<msg timestamp="20250408 12:13:07.727" level="INFO">${fecha_pasado_pasado_manana} = 2025-04-11</msg>
<status status="PASS" starttime="20250408 12:13:07.725" endtime="20250408 12:13:07.727"/>
</kw>
<kw name="Set Global Variable" library="BuiltIn">
<arg>${fecha_pasado_pasado_manana}</arg>
<doc>Makes a variable available globally in all tests and suites.</doc>
<msg timestamp="20250408 12:13:07.727" level="INFO">${fecha_pasado_pasado_manana} = 2025-04-11</msg>
<status status="PASS" starttime="20250408 12:13:07.727" endtime="20250408 12:13:07.727"/>
</kw>
<kw name="Convert Date" library="DateTime">
<var>${dia_actual}</var>
<arg>${fecha_hoy}</arg>
<arg>result_format=%a</arg>
<doc>Converts between supported `date formats`.</doc>
<msg timestamp="20250408 12:13:07.728" level="INFO">${dia_actual} = Tue</msg>
<status status="PASS" starttime="20250408 12:13:07.728" endtime="20250408 12:13:07.728"/>
</kw>
<kw name="Set Variable" library="BuiltIn">
<var>${dia_actual_lower}</var>
<arg>${dia_actual.lower()}</arg>
<doc>Returns the given values which can then be assigned to a variables.</doc>
<msg timestamp="20250408 12:13:07.730" level="INFO">${dia_actual_lower} = tue</msg>
<status status="PASS" starttime="20250408 12:13:07.729" endtime="20250408 12:13:07.730"/>
</kw>
<kw name="Set Variable" library="BuiltIn">
<var>${arrival_date}</var>
<arg>${fecha_manana}T01:00:00.000Z</arg>
<doc>Returns the given values which can then be assigned to a variables.</doc>
<msg timestamp="20250408 12:13:07.730" level="INFO">${arrival_date} = 2025-04-09T01:00:00.000Z</msg>
<status status="PASS" starttime="20250408 12:13:07.730" endtime="20250408 12:13:07.730"/>
</kw>
<kw name="Set Global Variable" library="BuiltIn">
<arg>${arrival_date}</arg>
<doc>Makes a variable available globally in all tests and suites.</doc>
<msg timestamp="20250408 12:13:07.731" level="INFO">${arrival_date} = 2025-04-09T01:00:00.000Z</msg>
<status status="PASS" starttime="20250408 12:13:07.731" endtime="20250408 12:13:07.731"/>
</kw>
<kw name="Set Variable" library="BuiltIn">
<var>${r_estimated_arrival1}</var>
<arg>${fecha_manana}T14:45:57.000Z</arg>
<doc>Returns the given values which can then be assigned to a variables.</doc>
<msg timestamp="20250408 12:13:07.731" level="INFO">${r_estimated_arrival1} = 2025-04-09T14:45:57.000Z</msg>
<status status="PASS" starttime="20250408 12:13:07.731" endtime="20250408 12:13:07.731"/>
</kw>
<kw name="Set Global Variable" library="BuiltIn">
<arg>${r_estimated_arrival1}</arg>
<doc>Makes a variable available globally in all tests and suites.</doc>
<msg timestamp="20250408 12:13:07.732" level="INFO">${r_estimated_arrival1} = 2025-04-09T14:45:57.000Z</msg>
<status status="PASS" starttime="20250408 12:13:07.732" endtime="20250408 12:13:07.732"/>
</kw>
<kw name="Set Variable" library="BuiltIn">
<var>${service_date}</var>
<arg>${fecha_manana}T00:25:29.000Z</arg>
<doc>Returns the given values which can then be assigned to a variables.</doc>
<msg timestamp="20250408 12:13:07.733" level="INFO">${service_date} = 2025-04-09T00:25:29.000Z</msg>
<status status="PASS" starttime="20250408 12:13:07.732" endtime="20250408 12:13:07.733"/>
</kw>
<kw name="Set Global Variable" library="BuiltIn">
<arg>${service_date}</arg>
<doc>Makes a variable available globally in all tests and suites.</doc>
<msg timestamp="20250408 12:13:07.733" level="INFO">${service_date} = 2025-04-09T00:25:29.000Z</msg>
<status status="PASS" starttime="20250408 12:13:07.733" endtime="20250408 12:13:07.733"/>
</kw>
<kw name="Set Variable" library="BuiltIn">
<var>${modified_arrival_date}</var>
<arg>${fecha_manana}T01:00:00.000Z</arg>
<doc>Returns the given values which can then be assigned to a variables.</doc>
<msg timestamp="20250408 12:13:07.734" level="INFO">${modified_arrival_date} = 2025-04-09T01:00:00.000Z</msg>
<status status="PASS" starttime="20250408 12:13:07.734" endtime="20250408 12:13:07.734"/>
</kw>
<kw name="Set Global Variable" library="BuiltIn">
<arg>${modified_arrival_date}</arg>
<doc>Makes a variable available globally in all tests and suites.</doc>
<msg timestamp="20250408 12:13:07.735" level="INFO">${modified_arrival_date} = 2025-04-09T01:00:00.000Z</msg>
<status status="PASS" starttime="20250408 12:13:07.735" endtime="20250408 12:13:07.735"/>
</kw>
<kw name="Set Variable" library="BuiltIn">
<var>${r_modified_estimated_arrival}</var>
<arg>${fecha_pasado_manana}T14:45:57.000Z</arg>
<doc>Returns the given values which can then be assigned to a variables.</doc>
<msg timestamp="20250408 12:13:07.736" level="INFO">${r_modified_estimated_arrival} = 2025-04-10T14:45:57.000Z</msg>
<status status="PASS" starttime="20250408 12:13:07.735" endtime="20250408 12:13:07.736"/>
</kw>
<kw name="Set Global Variable" library="BuiltIn">
<arg>${r_modified_estimated_arrival}</arg>
<doc>Makes a variable available globally in all tests and suites.</doc>
<msg timestamp="20250408 12:13:07.736" level="INFO">${r_modified_estimated_arrival} = 2025-04-10T14:45:57.000Z</msg>
<status status="PASS" starttime="20250408 12:13:07.736" endtime="20250408 12:13:07.736"/>
</kw>
<kw name="Set Variable" library="BuiltIn">
<var>${modified_service_date}</var>
<arg>${fecha_manana}T00:25:29.000Z</arg>
<doc>Returns the given values which can then be assigned to a variables.</doc>
<msg timestamp="20250408 12:13:07.737" level="INFO">${modified_service_date} = 2025-04-09T00:25:29.000Z</msg>
<status status="PASS" starttime="20250408 12:13:07.737" endtime="20250408 12:13:07.737"/>
</kw>
<kw name="Set Global Variable" library="BuiltIn">
<arg>${modified_service_date}</arg>
<doc>Makes a variable available globally in all tests and suites.</doc>
<msg timestamp="20250408 12:13:07.738" level="INFO">${modified_service_date} = 2025-04-09T00:25:29.000Z</msg>
<status status="PASS" starttime="20250408 12:13:07.737" endtime="20250408 12:13:07.738"/>
</kw>
<kw name="Set Variable" library="BuiltIn">
<var>${service_date_20min}</var>
<arg>${fecha_manana}T00:20:00.000Z</arg>
<doc>Returns the given values which can then be assigned to a variables.</doc>
<msg timestamp="20250408 12:13:07.738" level="INFO">${service_date_20min} = 2025-04-09T00:20:00.000Z</msg>
<status status="PASS" starttime="20250408 12:13:07.738" endtime="20250408 12:13:07.739"/>
</kw>
<kw name="Set Global Variable" library="BuiltIn">
<arg>${service_date_20min}</arg>
<doc>Makes a variable available globally in all tests and suites.</doc>
<msg timestamp="20250408 12:13:07.739" level="INFO">${service_date_20min} = 2025-04-09T00:20:00.000Z</msg>
<status status="PASS" starttime="20250408 12:13:07.739" endtime="20250408 12:13:07.739"/>
</kw>
<kw name="Set Variable" library="BuiltIn">
<var>${service_date_22min}</var>
<arg>${fecha_manana}T00:47:00.000Z</arg>
<doc>Returns the given values which can then be assigned to a variables.</doc>
<msg timestamp="20250408 12:13:07.740" level="INFO">${service_date_22min} = 2025-04-09T00:47:00.000Z</msg>
<status status="PASS" starttime="20250408 12:13:07.739" endtime="20250408 12:13:07.740"/>
</kw>
<kw name="Set Global Variable" library="BuiltIn">
<arg>${service_date_22min}</arg>
<doc>Makes a variable available globally in all tests and suites.</doc>
<msg timestamp="20250408 12:13:07.741" level="INFO">${service_date_22min} = 2025-04-09T00:47:00.000Z</msg>
<status status="PASS" starttime="20250408 12:13:07.740" endtime="20250408 12:13:07.741"/>
</kw>
<kw name="Set Variable" library="BuiltIn">
<var>${start_date}</var>
<arg>${fecha_manana}T03:00:00.000Z</arg>
<doc>Returns the given values which can then be assigned to a variables.</doc>
<msg timestamp="20250408 12:13:07.741" level="INFO">${start_date} = 2025-04-09T03:00:00.000Z</msg>
<status status="PASS" starttime="20250408 12:13:07.741" endtime="20250408 12:13:07.741"/>
</kw>
<kw name="Set Global Variable" library="BuiltIn">
<arg>${start_date}</arg>
<doc>Makes a variable available globally in all tests and suites.</doc>
<msg timestamp="20250408 12:13:07.742" level="INFO">${start_date} = 2025-04-09T03:00:00.000Z</msg>
<status status="PASS" starttime="20250408 12:13:07.742" endtime="20250408 12:13:07.742"/>
</kw>
<kw name="Set Variable" library="BuiltIn">
<var>${end_date_4weeks}</var>
<arg>2023-12-30T02:59:59.999Z</arg>
<doc>Returns the given values which can then be assigned to a variables.</doc>
<msg timestamp="20250408 12:13:07.742" level="INFO">${end_date_4weeks} = 2023-12-30T02:59:59.999Z</msg>
<status status="PASS" starttime="20250408 12:13:07.742" endtime="20250408 12:13:07.743"/>
</kw>
<kw name="Set Global Variable" library="BuiltIn">
<arg>${end_date_4weeks}</arg>
<doc>Makes a variable available globally in all tests and suites.</doc>
<msg timestamp="20250408 12:13:07.743" level="INFO">${end_date_4weeks} = 2023-12-30T02:59:59.999Z</msg>
<status status="PASS" starttime="20250408 12:13:07.743" endtime="20250408 12:13:07.743"/>
</kw>
<kw name="Set Variable" library="BuiltIn">
<var>${end_date}</var>
<arg>${fecha_pasado_pasado_manana}T03:00:00.000Z</arg>
<doc>Returns the given values which can then be assigned to a variables.</doc>
<msg timestamp="20250408 12:13:07.744" level="INFO">${end_date} = 2025-04-11T03:00:00.000Z</msg>
<status status="PASS" starttime="20250408 12:13:07.743" endtime="20250408 12:13:07.744"/>
</kw>
<kw name="Set Global Variable" library="BuiltIn">
<arg>${end_date}</arg>
<doc>Makes a variable available globally in all tests and suites.</doc>
<msg timestamp="20250408 12:13:07.744" level="INFO">${end_date} = 2025-04-11T03:00:00.000Z</msg>
<status status="PASS" starttime="20250408 12:13:07.744" endtime="20250408 12:13:07.744"/>
</kw>
<kw name="Set Variable" library="BuiltIn">
<var>${end_date_tomorrow}</var>
<arg>${fecha_manana}T03:00:00.000Z</arg>
<doc>Returns the given values which can then be assigned to a variables.</doc>
<msg timestamp="20250408 12:13:07.746" level="INFO">${end_date_tomorrow} = 2025-04-09T03:00:00.000Z</msg>
<status status="PASS" starttime="20250408 12:13:07.744" endtime="20250408 12:13:07.746"/>
</kw>
<kw name="Set Global Variable" library="BuiltIn">
<arg>${end_date_tomorrow}</arg>
<doc>Makes a variable available globally in all tests and suites.</doc>
<msg timestamp="20250408 12:13:07.746" level="INFO">${end_date_tomorrow} = 2025-04-09T03:00:00.000Z</msg>
<status status="PASS" starttime="20250408 12:13:07.746" endtime="20250408 12:13:07.746"/>
</kw>
<kw name="Set Variable" library="BuiltIn">
<var>${schedule_day}</var>
<arg>${dia_actual_lower}</arg>
<doc>Returns the given values which can then be assigned to a variables.</doc>
<msg timestamp="20250408 12:13:07.747" level="INFO">${schedule_day} = tue</msg>
<status status="PASS" starttime="20250408 12:13:07.747" endtime="20250408 12:13:07.747"/>
</kw>
<kw name="Set Global Variable" library="BuiltIn">
<arg>${schedule_day}</arg>
<doc>Makes a variable available globally in all tests and suites.</doc>
<msg timestamp="20250408 12:13:07.747" level="INFO">${schedule_day} = tue</msg>
<status status="PASS" starttime="20250408 12:13:07.747" endtime="20250408 12:13:07.748"/>
</kw>
<kw name="Set Variable" library="BuiltIn">
<var>${start_date_today}</var>
<arg>${fecha_hoy}T03:00:00.000Z</arg>
<doc>Returns the given values which can then be assigned to a variables.</doc>
<msg timestamp="20250408 12:13:07.748" level="INFO">${start_date_today} = 2025-04-08T03:00:00.000Z</msg>
<status status="PASS" starttime="20250408 12:13:07.748" endtime="20250408 12:13:07.748"/>
</kw>
<kw name="Set Global Variable" library="BuiltIn">
<arg>${start_date_today}</arg>
<doc>Makes a variable available globally in all tests and suites.</doc>
<msg timestamp="20250408 12:13:07.749" level="INFO">${start_date_today} = 2025-04-08T03:00:00.000Z</msg>
<status status="PASS" starttime="20250408 12:13:07.748" endtime="20250408 12:13:07.749"/>
</kw>
<kw name="Set Variable" library="BuiltIn">
<var>${today_date}</var>
<arg>${fecha_hoy}</arg>
<doc>Returns the given values which can then be assigned to a variables.</doc>
<msg timestamp="20250408 12:13:07.749" level="INFO">${today_date} = 2025-04-08</msg>
<status status="PASS" starttime="20250408 12:13:07.749" endtime="20250408 12:13:07.749"/>
</kw>
<kw name="Set Global Variable" library="BuiltIn">
<arg>${today_date}</arg>
<doc>Makes a variable available globally in all tests and suites.</doc>
<msg timestamp="20250408 12:13:07.750" level="INFO">${today_date} = 2025-04-08</msg>
<status status="PASS" starttime="20250408 12:13:07.749" endtime="20250408 12:13:07.750"/>
</kw>
<kw name="Set Variable" library="BuiltIn">
<var>${end_date_tomorrow2}</var>
<arg>${fecha_manana}T02:59:59.999Z</arg>
<doc>Returns the given values which can then be assigned to a variables.</doc>
<msg timestamp="20250408 12:13:07.750" level="INFO">${end_date_tomorrow2} = 2025-04-09T02:59:59.999Z</msg>
<status status="PASS" starttime="20250408 12:13:07.750" endtime="20250408 12:13:07.750"/>
</kw>
<kw name="Set Global Variable" library="BuiltIn">
<arg>${end_date_tomorrow}</arg>
<doc>Makes a variable available globally in all tests and suites.</doc>
<msg timestamp="20250408 12:13:07.751" level="INFO">${end_date_tomorrow} = 2025-04-09T03:00:00.000Z</msg>
<status status="PASS" starttime="20250408 12:13:07.751" endtime="20250408 12:13:07.751"/>
</kw>
<kw name="Set Variable" library="BuiltIn">
<var>${expiration_date_qr}</var>
<arg>${fecha_manana}T14:10:37.968Z</arg>
<doc>Returns the given values which can then be assigned to a variables.</doc>
<msg timestamp="20250408 12:13:07.752" level="INFO">${expiration_date_qr} = 2025-04-09T14:10:37.968Z</msg>
<status status="PASS" starttime="20250408 12:13:07.752" endtime="20250408 12:13:07.752"/>
</kw>
<kw name="Set Global Variable" library="BuiltIn">
<arg>${expiration_date_qr}</arg>
<doc>Makes a variable available globally in all tests and suites.</doc>
<msg timestamp="20250408 12:13:07.753" level="INFO">${expiration_date_qr} = 2025-04-09T14:10:37.968Z</msg>
<status status="PASS" starttime="20250408 12:13:07.752" endtime="20250408 12:13:07.753"/>
</kw>
<kw name="Set Variable" library="BuiltIn">
<var>${start_date_tickets}</var>
<arg>${fecha_hoy}T04:00:00.000Z</arg>
<doc>Returns the given values which can then be assigned to a variables.</doc>
<msg timestamp="20250408 12:13:07.753" level="INFO">${start_date_tickets} = 2025-04-08T04:00:00.000Z</msg>
<status status="PASS" starttime="20250408 12:13:07.753" endtime="20250408 12:13:07.753"/>
</kw>
<kw name="Set Global Variable" library="BuiltIn">
<arg>${start_date_tickets}</arg>
<doc>Makes a variable available globally in all tests and suites.</doc>
<msg timestamp="20250408 12:13:07.754" level="INFO">${start_date_tickets} = 2025-04-08T04:00:00.000Z</msg>
<status status="PASS" starttime="20250408 12:13:07.753" endtime="20250408 12:13:07.754"/>
</kw>
<kw name="Set Variable" library="BuiltIn">
<var>${end_date_tickets}</var>
<arg>${fecha_manana}T03:59:59.999Z</arg>
<doc>Returns the given values which can then be assigned to a variables.</doc>
<msg timestamp="20250408 12:13:07.754" level="INFO">${end_date_tickets} = 2025-04-09T03:59:59.999Z</msg>
<status status="PASS" starttime="20250408 12:13:07.754" endtime="20250408 12:13:07.754"/>
</kw>
<kw name="Set Global Variable" library="BuiltIn">
<arg>${end_date_tickets}</arg>
<doc>Makes a variable available globally in all tests and suites.</doc>
<msg timestamp="20250408 12:13:07.754" level="INFO">${end_date_tickets} = 2025-04-09T03:59:59.999Z</msg>
<status status="PASS" starttime="20250408 12:13:07.754" endtime="20250408 12:13:07.756"/>
</kw>
<status status="PASS" starttime="20250408 12:13:07.717" endtime="20250408 12:13:07.756"/>
</test>
<test id="s1-t2" name="2 hours local" line="70">
<kw name="Get Current Date" library="DateTime">
<var>${date}</var>
<arg>time_zone=local</arg>
<arg>exclude_millis=yes</arg>
<doc>Returns current local or UTC time with an optional increment.</doc>
<msg timestamp="20250408 12:13:07.757" level="INFO">${date} = 2025-04-08 12:13:08</msg>
<status status="PASS" starttime="20250408 12:13:07.757" endtime="20250408 12:13:07.757"/>
</kw>
<kw name="Convert Date" library="DateTime">
<var>${formatted_date}</var>
<arg>${date}</arg>
<arg>result_format=%H:%M:%S</arg>
<doc>Converts between supported `date formats`.</doc>
<msg timestamp="20250408 12:13:07.758" level="INFO">${formatted_date} = 12:13:08</msg>
<status status="PASS" starttime="20250408 12:13:07.758" endtime="20250408 12:13:07.758"/>
</kw>
<kw name="Log" library="BuiltIn">
<arg>Hora Actual: ${formatted_date}</arg>
<doc>Logs the given message with the given level.</doc>
<msg timestamp="20250408 12:13:07.758" level="INFO">Hora Actual: 12:13:08</msg>
<status status="PASS" starttime="20250408 12:13:07.758" endtime="20250408 12:13:07.758"/>
</kw>
<kw name="Add Time To Date" library="DateTime">
<var>${one_hour_later}</var>
<arg>${date}</arg>
<arg>1 hour</arg>
<doc>Adds time to date and returns the resulting date.</doc>
<msg timestamp="20250408 12:13:07.759" level="INFO">${one_hour_later} = 2025-04-08 13:13:08.000</msg>
<status status="PASS" starttime="20250408 12:13:07.759" endtime="20250408 12:13:07.760"/>
</kw>
<kw name="Convert Date" library="DateTime">
<var>${formatted_one_hour_later}</var>
<arg>${one_hour_later}</arg>
<arg>result_format=%H:%M</arg>
<doc>Converts between supported `date formats`.</doc>
<msg timestamp="20250408 12:13:07.760" level="INFO">${formatted_one_hour_later} = 13:13</msg>
<status status="PASS" starttime="20250408 12:13:07.760" endtime="20250408 12:13:07.761"/>
</kw>
<kw name="Log" library="BuiltIn">
<arg>Hora Actual + 1 hora: ${formatted_one_hour_later}</arg>
<doc>Logs the given message with the given level.</doc>
<msg timestamp="20250408 12:13:07.762" level="INFO">Hora Actual + 1 hora: 13:13</msg>
<status status="PASS" starttime="20250408 12:13:07.762" endtime="20250408 12:13:07.763"/>
</kw>
<kw name="Set Global Variable" library="BuiltIn">
<arg>${formatted_one_hour_later}</arg>
<doc>Makes a variable available globally in all tests and suites.</doc>
<msg timestamp="20250408 12:13:07.763" level="INFO">${formatted_one_hour_later} = 13:13</msg>
<status status="PASS" starttime="20250408 12:13:07.763" endtime="20250408 12:13:07.763"/>
</kw>
<status status="PASS" starttime="20250408 12:13:07.757" endtime="20250408 12:13:07.765"/>
</test>
<test id="s1-t3" name="Get Requested Tickets(Must be 0)" line="81">
<kw name="Set Variable" library="BuiltIn">
<var>${url}</var>
<arg>${STAGE_URL}/api/v1/admin/pb/ticket/request/list/?community=${idComunidad}</arg>
<doc>Returns the given values which can then be assigned to a variables.</doc>
<msg timestamp="20250408 12:13:07.766" level="INFO">${url} = https://stage.allrideapp.com/api/v1/admin/pb/ticket/request/list/?community=653fd601f90509541a748683</msg>
<status status="PASS" starttime="20250408 12:13:07.766" endtime="20250408 12:13:07.766"/>
</kw>
<kw name="Create Dictionary" library="BuiltIn">
<var>&amp;{headers}</var>
<arg>Authorization=${tokenAdmin}</arg>
<doc>Creates and returns a dictionary based on the given ``items``.</doc>
<msg timestamp="20250408 12:13:07.768" level="INFO">&amp;{headers} = { Authorization=Bearer 1075c22849d77962ee71d206d1ed0e669fdae4a5c1803952a8843139c899bc7c843bd52c13eb445ae83eed09c7ac47c61ee46d85294a5cc0f229260484bab0a6 }</msg>
<status status="PASS" starttime="20250408 12:13:07.767" endtime="20250408 12:13:07.768"/>
</kw>
<kw name="GET" library="RequestsLibrary">
<var>${response}</var>
<arg>url=${url}</arg>
<arg>headers=${headers}</arg>
<doc>Sends a GET request.</doc>
<msg timestamp="20250408 12:13:08.294" level="INFO">GET Request : url=https://stage.allrideapp.com/api/v1/admin/pb/ticket/request/list/?community=653fd601f90509541a748683 
 path_url=/api/v1/admin/pb/ticket/request/list/?community=653fd601f90509541a748683 
 headers={'User-Agent': 'python-requests/2.32.3', 'Accept-Encoding': 'gzip, deflate', 'Accept': '*/*', 'Connection': 'keep-alive', 'Authorization': 'Bearer 1075c22849d77962ee71d206d1ed0e669fdae4a5c1803952a8843139c899bc7c843bd52c13eb445ae83eed09c7ac47c61ee46d85294a5cc0f229260484bab0a6'} 
 body=None 
 </msg>
<msg timestamp="20250408 12:13:08.295" level="INFO">GET Response : url=https://stage.allrideapp.com/api/v1/admin/pb/ticket/request/list/?community=653fd601f90509541a748683 
 status=200, reason=OK 
 headers={'Date': 'Tue, 08 Apr 2025 16:13:08 GMT', 'Content-Type': 'application/json; charset=utf-8', 'Content-Length': '2', 'Connection': 'keep-alive', 'Server': 'nginx', 'X-DNS-Prefetch-Control': 'off', 'X-Frame-Options': 'SAMEORIGIN', 'Strict-Transport-Security': 'max-age=15552000; includeSubDomains', 'X-Download-Options': 'noopen', 'X-Content-Type-Options': 'nosniff', 'X-XSS-Protection': '1; mode=block', 'Access-Control-Allow-Origin': '*', 'X-RateLimit-Limit': '200', 'X-RateLimit-Remaining': '199', 'X-RateLimit-Reset': '1744128849', 'ETag': 'W/"2-l9Fw4VUO7kr8CvBlt4zaMCqXZ0w"'} 
 body=[] 
 </msg>
<msg timestamp="20250408 12:13:08.295" level="INFO">${response} = &lt;Response [200]&gt;</msg>
<status status="PASS" starttime="20250408 12:13:07.769" endtime="20250408 12:13:08.295"/>
</kw>
<kw name="Should Be Equal As Numbers" library="BuiltIn">
<arg>${response.status_code}</arg>
<arg>200</arg>
<doc>Fails if objects are unequal after converting them to real numbers.</doc>
<msg timestamp="20250408 12:13:08.296" level="INFO">Argument types are:
&lt;class 'int'&gt;
&lt;class 'str'&gt;</msg>
<status status="PASS" starttime="20250408 12:13:08.295" endtime="20250408 12:13:08.296"/>
</kw>
<kw name="Set Variable" library="BuiltIn">
<var>${responseJson}</var>
<arg>${response.json()}</arg>
<doc>Returns the given values which can then be assigned to a variables.</doc>
<msg timestamp="20250408 12:13:08.297" level="INFO">${responseJson} = []</msg>
<status status="PASS" starttime="20250408 12:13:08.296" endtime="20250408 12:13:08.297"/>
</kw>
<kw name="Should Be Empty" library="BuiltIn">
<arg>${responseJson}</arg>
<arg>Requested Tickets Should be 0</arg>
<doc>Verifies that the given item is empty.</doc>
<msg timestamp="20250408 12:13:08.298" level="INFO">Length is 0</msg>
<status status="PASS" starttime="20250408 12:13:08.298" endtime="20250408 12:13:08.298"/>
</kw>
<kw name="Log" library="BuiltIn">
<arg>${responseJson}</arg>
<doc>Logs the given message with the given level.</doc>
<msg timestamp="20250408 12:13:08.298" level="INFO">[]</msg>
<status status="PASS" starttime="20250408 12:13:08.298" endtime="20250408 12:13:08.299"/>
</kw>
<status status="PASS" starttime="20250408 12:13:07.766" endtime="20250408 12:13:08.299"/>
</test>
<test id="s1-t4" name="Get Total Tickets" line="99">
<kw name="Set Variable" library="BuiltIn">
<var>${url}</var>
<arg>${STAGE_URL}/api/v1/admin/pb/ticket/list?community=${idComunidad}</arg>
<doc>Returns the given values which can then be assigned to a variables.</doc>
<msg timestamp="20250408 12:13:08.301" level="INFO">${url} = https://stage.allrideapp.com/api/v1/admin/pb/ticket/list?community=653fd601f90509541a748683</msg>
<status status="PASS" starttime="20250408 12:13:08.300" endtime="20250408 12:13:08.301"/>
</kw>
<kw name="Create Dictionary" library="BuiltIn">
<var>&amp;{headers}</var>
<arg>Authorization=${tokenAdmin}</arg>
<doc>Creates and returns a dictionary based on the given ``items``.</doc>
<msg timestamp="20250408 12:13:08.302" level="INFO">&amp;{headers} = { Authorization=Bearer 1075c22849d77962ee71d206d1ed0e669fdae4a5c1803952a8843139c899bc7c843bd52c13eb445ae83eed09c7ac47c61ee46d85294a5cc0f229260484bab0a6 }</msg>
<status status="PASS" starttime="20250408 12:13:08.301" endtime="20250408 12:13:08.302"/>
</kw>
<kw name="Get Current Date" library="DateTime">
<var>${start_time}</var>
<arg>result_format=%H:%M:%S.%f</arg>
<doc>Returns current local or UTC time with an optional increment.</doc>
<msg timestamp="20250408 12:13:08.303" level="INFO">${start_time} = 12:13:08.302489</msg>
<status status="PASS" starttime="20250408 12:13:08.302" endtime="20250408 12:13:08.303"/>
</kw>
<kw name="GET" library="RequestsLibrary">
<var>${response}</var>
<arg>url=${url}</arg>
<arg>headers=${headers}</arg>
<doc>Sends a GET request.</doc>
<msg timestamp="20250408 12:13:08.788" level="INFO">GET Request : url=https://stage.allrideapp.com/api/v1/admin/pb/ticket/list?community=653fd601f90509541a748683 
 path_url=/api/v1/admin/pb/ticket/list?community=653fd601f90509541a748683 
 headers={'User-Agent': 'python-requests/2.32.3', 'Accept-Encoding': 'gzip, deflate', 'Accept': '*/*', 'Connection': 'keep-alive', 'Authorization': 'Bearer 1075c22849d77962ee71d206d1ed0e669fdae4a5c1803952a8843139c899bc7c843bd52c13eb445ae83eed09c7ac47c61ee46d85294a5cc0f229260484bab0a6'} 
 body=None 
 </msg>
<msg timestamp="20250408 12:13:08.788" level="INFO">GET Response : url=https://stage.allrideapp.com/api/v1/admin/pb/ticket/list?community=653fd601f90509541a748683 
 status=200, reason=OK 
 headers={'Date': 'Tue, 08 Apr 2025 16:13:09 GMT', 'Content-Type': 'application/json; charset=utf-8', 'Content-Length': '4', 'Connection': 'keep-alive', 'Server': 'nginx', 'X-DNS-Prefetch-Control': 'off', 'X-Frame-Options': 'SAMEORIGIN', 'Strict-Transport-Security': 'max-age=15552000; includeSubDomains', 'X-Download-Options': 'noopen', 'X-Content-Type-Options': 'nosniff', 'X-XSS-Protection': '1; mode=block', 'Access-Control-Allow-Origin': '*', 'X-RateLimit-Limit': '200', 'X-RateLimit-Remaining': '199', 'X-RateLimit-Reset': '1744128850', 'ETag': 'W/"4-UMpiU6K4uxBzHvW0fF0NEPmNfAE"'} 
 body=2921 
 </msg>
<msg timestamp="20250408 12:13:08.789" level="INFO">${response} = &lt;Response [200]&gt;</msg>
<status status="PASS" starttime="20250408 12:13:08.303" endtime="20250408 12:13:08.789"/>
</kw>
<kw name="Should Be Equal As Numbers" library="BuiltIn">
<arg>${response.status_code}</arg>
<arg>200</arg>
<doc>Fails if objects are unequal after converting them to real numbers.</doc>
<msg timestamp="20250408 12:13:08.791" level="INFO">Argument types are:
&lt;class 'int'&gt;
&lt;class 'str'&gt;</msg>
<status status="PASS" starttime="20250408 12:13:08.790" endtime="20250408 12:13:08.791"/>
</kw>
<kw name="Get Current Date" library="DateTime">
<var>${end_time}</var>
<arg>result_format=%H:%M:%S.%f</arg>
<doc>Returns current local or UTC time with an optional increment.</doc>
<msg timestamp="20250408 12:13:08.792" level="INFO">${end_time} = 12:13:08.792331</msg>
<status status="PASS" starttime="20250408 12:13:08.792" endtime="20250408 12:13:08.792"/>
</kw>
<kw name="Subtract Time From Time" library="DateTime">
<var>${elapsed}</var>
<arg>${end_time}</arg>
<arg>${start_time}</arg>
<doc>Subtracts time from another time and returns the resulting time.</doc>
<msg timestamp="20250408 12:13:08.795" level="INFO">${elapsed} = 0.4898419999954058</msg>
<status status="PASS" starttime="20250408 12:13:08.793" endtime="20250408 12:13:08.795"/>
</kw>
<kw name="Log" library="BuiltIn">
<arg>Elapsed time: ${elapsed}</arg>
<doc>Logs the given message with the given level.</doc>
<msg timestamp="20250408 12:13:08.795" level="INFO">Elapsed time: 0.4898419999954058</msg>
<status status="PASS" starttime="20250408 12:13:08.795" endtime="20250408 12:13:08.795"/>
</kw>
<kw name="Set Variable" library="BuiltIn">
<var>${totalTickets}</var>
<arg>${response.json()}</arg>
<doc>Returns the given values which can then be assigned to a variables.</doc>
<msg timestamp="20250408 12:13:08.797" level="INFO">${totalTickets} = 2921</msg>
<status status="PASS" starttime="20250408 12:13:08.796" endtime="20250408 12:13:08.797"/>
</kw>
<kw name="Set Global Variable" library="BuiltIn">
<arg>${totalTickets}</arg>
<doc>Makes a variable available globally in all tests and suites.</doc>
<msg timestamp="20250408 12:13:08.797" level="INFO">${totalTickets} = 2921</msg>
<status status="PASS" starttime="20250408 12:13:08.797" endtime="20250408 12:13:08.797"/>
</kw>
<kw name="Log" library="BuiltIn">
<arg>La cantidad total de tickets es ${totalTickets}</arg>
<doc>Logs the given message with the given level.</doc>
<msg timestamp="20250408 12:13:08.798" level="INFO">La cantidad total de tickets es 2921</msg>
<status status="PASS" starttime="20250408 12:13:08.798" endtime="20250408 12:13:08.798"/>
</kw>
<status status="PASS" starttime="20250408 12:13:08.300" endtime="20250408 12:13:08.798"/>
</test>
<test id="s1-t5" name="Request Tickets" line="127">
<kw name="Create Session" library="RequestsLibrary">
<arg>mysesion</arg>
<arg>${STAGE_URL}</arg>
<arg>verify=true</arg>
<doc>Create Session: create a HTTP session to a server</doc>
<msg timestamp="20250408 12:13:08.800" level="INFO">Creating Session using : alias=mysesion, url=https://stage.allrideapp.com, headers={},                     cookies={}, auth=None, timeout=None, proxies=None, verify=True,                     debug=0 </msg>
<status status="PASS" starttime="20250408 12:13:08.799" endtime="20250408 12:13:08.800"/>
</kw>
<kw name="Create Dictionary" library="BuiltIn">
<var>${headers}</var>
<arg>Authorization=${tokenAdmin}</arg>
<arg>Content-Type=application/json; charset=utf-8</arg>
<doc>Creates and returns a dictionary based on the given ``items``.</doc>
<msg timestamp="20250408 12:13:08.801" level="INFO">${headers} = {'Authorization': 'Bearer 1075c22849d77962ee71d206d1ed0e669fdae4a5c1803952a8843139c899bc7c843bd52c13eb445ae83eed09c7ac47c61ee46d85294a5cc0f229260484bab0a6', 'Content-Type': 'application/json; charset=...</msg>
<status status="PASS" starttime="20250408 12:13:08.800" endtime="20250408 12:13:08.801"/>
</kw>
<kw name="POST On Session" library="RequestsLibrary">
<var>${response}</var>
<arg>mysesion</arg>
<arg>url=/api/v1/admin/pb/ticket/request?community=${idComunidad}</arg>
<arg>data={"ticketQuantity":1,"cost":10,"voucherUrl":"https://s3.amazonaws.com/allride.uploads/privateBuses_voucher_653fd601f90509541a748683_1710787761571.pdf"}</arg>
<arg>headers=${headers}</arg>
<doc>Sends a POST request on a previously created HTTP Session.</doc>
<msg timestamp="20250408 12:13:09.334" level="INFO">POST Request : url=https://stage.allrideapp.com/api/v1/admin/pb/ticket/request?community=653fd601f90509541a748683 
 path_url=/api/v1/admin/pb/ticket/request?community=653fd601f90509541a748683 
 headers={'User-Agent': 'python-requests/2.32.3', 'Accept-Encoding': 'gzip, deflate', 'Accept': '*/*', 'Connection': 'keep-alive', 'Authorization': 'Bearer 1075c22849d77962ee71d206d1ed0e669fdae4a5c1803952a8843139c899bc7c843bd52c13eb445ae83eed09c7ac47c61ee46d85294a5cc0f229260484bab0a6', 'Content-Type': 'application/json; charset=utf-8', 'Content-Length': '150'} 
 body={"ticketQuantity":1,"cost":10,"voucherUrl":"https://s3.amazonaws.com/allride.uploads/privateBuses_voucher_653fd601f90509541a748683_1710787761571.pdf"} 
 </msg>
<msg timestamp="20250408 12:13:09.335" level="INFO">POST Response : url=https://stage.allrideapp.com/api/v1/admin/pb/ticket/request?community=653fd601f90509541a748683 
 status=200, reason=OK 
 headers={'Date': 'Tue, 08 Apr 2025 16:13:09 GMT', 'Content-Type': 'application/json; charset=utf-8', 'Transfer-Encoding': 'chunked', 'Connection': 'keep-alive', 'Server': 'nginx', 'X-DNS-Prefetch-Control': 'off', 'X-Frame-Options': 'SAMEORIGIN', 'Strict-Transport-Security': 'max-age=15552000; includeSubDomains', 'X-Download-Options': 'noopen', 'X-Content-Type-Options': 'nosniff', 'X-XSS-Protection': '1; mode=block', 'Access-Control-Allow-Origin': '*', 'X-RateLimit-Limit': '200', 'X-RateLimit-Remaining': '199', 'X-RateLimit-Reset': '1744128850', 'ETag': 'W/"18b-76bp5/W3gJzkrzJfmjaDPpEgbPk"', 'Content-Encoding': 'gzip'} 
 body={"_id":"67f54b154f2fb30616cab991","communityId":"653fd601f90509541a748683","ticketQuantity":1,"cost":10,"voucherUrl":"https://s3.amazonaws.com/allride.uploads/privateBuses_voucher_653fd601f90509541a748683_1710787761571.pdf","state":"pendingApproval","history":[],"superCommunityId":"653fd68233d83952fafcd4be","createdAt":"2025-04-08T16:13:09.813Z","updatedAt":"2025-04-08T16:13:09.813Z","__v":0} 
 </msg>
<msg timestamp="20250408 12:13:09.335" level="INFO">${response} = &lt;Response [200]&gt;</msg>
<status status="PASS" starttime="20250408 12:13:08.801" endtime="20250408 12:13:09.335"/>
</kw>
<kw name="Convert To String" library="BuiltIn">
<var>${code}</var>
<arg>${response.status_code}</arg>
<doc>Converts the given item to a Unicode string.</doc>
<msg timestamp="20250408 12:13:09.336" level="INFO">${code} = 200</msg>
<status status="PASS" starttime="20250408 12:13:09.335" endtime="20250408 12:13:09.336"/>
</kw>
<kw name="Should Be Equal As Numbers" library="BuiltIn">
<arg>${code}</arg>
<arg>200</arg>
<doc>Fails if objects are unequal after converting them to real numbers.</doc>
<status status="PASS" starttime="20250408 12:13:09.336" endtime="20250408 12:13:09.337"/>
</kw>
<kw name="Log" library="BuiltIn">
<arg>${code}</arg>
<doc>Logs the given message with the given level.</doc>
<msg timestamp="20250408 12:13:09.337" level="INFO">200</msg>
<status status="PASS" starttime="20250408 12:13:09.337" endtime="20250408 12:13:09.339"/>
</kw>
<kw name="Set Variable" library="BuiltIn">
<var>${ticketRequestId}</var>
<arg>${response.json()}[_id]</arg>
<doc>Returns the given values which can then be assigned to a variables.</doc>
<msg timestamp="20250408 12:13:09.340" level="INFO">${ticketRequestId} = 67f54b154f2fb30616cab991</msg>
<status status="PASS" starttime="20250408 12:13:09.339" endtime="20250408 12:13:09.340"/>
</kw>
<kw name="Set Variable" library="BuiltIn">
<var>${ticketRequestQty}</var>
<arg>${response.json()}[ticketQuantity]</arg>
<doc>Returns the given values which can then be assigned to a variables.</doc>
<msg timestamp="20250408 12:13:09.341" level="INFO">${ticketRequestQty} = 1</msg>
<status status="PASS" starttime="20250408 12:13:09.340" endtime="20250408 12:13:09.341"/>
</kw>
<kw name="Set Global Variable" library="BuiltIn">
<arg>${ticketRequestId}</arg>
<doc>Makes a variable available globally in all tests and suites.</doc>
<msg timestamp="20250408 12:13:09.342" level="INFO">${ticketRequestId} = 67f54b154f2fb30616cab991</msg>
<status status="PASS" starttime="20250408 12:13:09.342" endtime="20250408 12:13:09.342"/>
</kw>
<kw name="Set Global Variable" library="BuiltIn">
<arg>${ticketRequestQty}</arg>
<doc>Makes a variable available globally in all tests and suites.</doc>
<msg timestamp="20250408 12:13:09.343" level="INFO">${ticketRequestQty} = 1</msg>
<status status="PASS" starttime="20250408 12:13:09.343" endtime="20250408 12:13:09.343"/>
</kw>
<kw name="Should Be Equal As Strings" library="BuiltIn">
<arg>pendingApproval</arg>
<arg>${response.json()}[state]</arg>
<arg>The state of the tickets should be pendingApproval but the state is ${response.json()}[state]</arg>
<doc>Fails if objects are unequal after converting them to strings.</doc>
<status status="PASS" starttime="20250408 12:13:09.343" endtime="20250408 12:13:09.345"/>
</kw>
<kw name="Log" library="BuiltIn">
<arg>${ticketRequestId}</arg>
<doc>Logs the given message with the given level.</doc>
<msg timestamp="20250408 12:13:09.346" level="INFO">67f54b154f2fb30616cab991</msg>
<status status="PASS" starttime="20250408 12:13:09.346" endtime="20250408 12:13:09.346"/>
</kw>
<kw name="Log" library="BuiltIn">
<arg>${ticketRequestQty}</arg>
<doc>Logs the given message with the given level.</doc>
<msg timestamp="20250408 12:13:09.347" level="INFO">1</msg>
<status status="PASS" starttime="20250408 12:13:09.346" endtime="20250408 12:13:09.347"/>
</kw>
<status status="PASS" starttime="20250408 12:13:08.799" endtime="20250408 12:13:09.347"/>
</test>
<test id="s1-t6" name="Get Requested Tickets(Should Not Be 0)" line="152">
<kw name="Set Variable" library="BuiltIn">
<var>${url}</var>
<arg>${STAGE_URL}/api/v1/admin/pb/ticket/request/list/?community=${idComunidad}</arg>
<doc>Returns the given values which can then be assigned to a variables.</doc>
<msg timestamp="20250408 12:13:09.349" level="INFO">${url} = https://stage.allrideapp.com/api/v1/admin/pb/ticket/request/list/?community=653fd601f90509541a748683</msg>
<status status="PASS" starttime="20250408 12:13:09.349" endtime="20250408 12:13:09.349"/>
</kw>
<kw name="Create Dictionary" library="BuiltIn">
<var>&amp;{headers}</var>
<arg>Authorization=${tokenAdmin}</arg>
<doc>Creates and returns a dictionary based on the given ``items``.</doc>
<msg timestamp="20250408 12:13:09.351" level="INFO">&amp;{headers} = { Authorization=Bearer 1075c22849d77962ee71d206d1ed0e669fdae4a5c1803952a8843139c899bc7c843bd52c13eb445ae83eed09c7ac47c61ee46d85294a5cc0f229260484bab0a6 }</msg>
<status status="PASS" starttime="20250408 12:13:09.350" endtime="20250408 12:13:09.351"/>
</kw>
<kw name="GET" library="RequestsLibrary">
<var>${response}</var>
<arg>url=${url}</arg>
<arg>headers=${headers}</arg>
<doc>Sends a GET request.</doc>
<msg timestamp="20250408 12:13:09.831" level="INFO">GET Request : url=https://stage.allrideapp.com/api/v1/admin/pb/ticket/request/list/?community=653fd601f90509541a748683 
 path_url=/api/v1/admin/pb/ticket/request/list/?community=653fd601f90509541a748683 
 headers={'User-Agent': 'python-requests/2.32.3', 'Accept-Encoding': 'gzip, deflate', 'Accept': '*/*', 'Connection': 'keep-alive', 'Authorization': 'Bearer 1075c22849d77962ee71d206d1ed0e669fdae4a5c1803952a8843139c899bc7c843bd52c13eb445ae83eed09c7ac47c61ee46d85294a5cc0f229260484bab0a6'} 
 body=None 
 </msg>
<msg timestamp="20250408 12:13:09.831" level="INFO">GET Response : url=https://stage.allrideapp.com/api/v1/admin/pb/ticket/request/list/?community=653fd601f90509541a748683 
 status=200, reason=OK 
 headers={'Date': 'Tue, 08 Apr 2025 16:13:10 GMT', 'Content-Type': 'application/json; charset=utf-8', 'Transfer-Encoding': 'chunked', 'Connection': 'keep-alive', 'Server': 'nginx', 'X-DNS-Prefetch-Control': 'off', 'X-Frame-Options': 'SAMEORIGIN', 'Strict-Transport-Security': 'max-age=15552000; includeSubDomains', 'X-Download-Options': 'noopen', 'X-Content-Type-Options': 'nosniff', 'X-XSS-Protection': '1; mode=block', 'Access-Control-Allow-Origin': '*', 'X-RateLimit-Limit': '200', 'X-RateLimit-Remaining': '199', 'X-RateLimit-Reset': '1744128851', 'ETag': 'W/"1b6-JSbVNRZETHS8gkeqz37i37PVu3c"', 'Content-Encoding': 'gzip'} 
 body=[{"_id":"67f54b154f2fb30616cab991","communityId":{"_id":"653fd601f90509541a748683","name":"Pruebas Automatización"},"ticketQuantity":1,"cost":10,"voucherUrl":"https://s3.amazonaws.com/allride.uploads/privateBuses_voucher_653fd601f90509541a748683_1710787761571.pdf","state":"pendingApproval","history":[],"superCommunityId":"653fd68233d83952fafcd4be","createdAt":"2025-04-08T16:13:09.813Z","updatedAt":"2025-04-08T16:13:09.813Z","__v":0}] 
 </msg>
<msg timestamp="20250408 12:13:09.831" level="INFO">${response} = &lt;Response [200]&gt;</msg>
<status status="PASS" starttime="20250408 12:13:09.351" endtime="20250408 12:13:09.831"/>
</kw>
<kw name="Should Be Equal As Numbers" library="BuiltIn">
<arg>${response.status_code}</arg>
<arg>200</arg>
<doc>Fails if objects are unequal after converting them to real numbers.</doc>
<msg timestamp="20250408 12:13:09.832" level="INFO">Argument types are:
&lt;class 'int'&gt;
&lt;class 'str'&gt;</msg>
<status status="PASS" starttime="20250408 12:13:09.832" endtime="20250408 12:13:09.833"/>
</kw>
<kw name="Set Variable" library="BuiltIn">
<var>${responseJson}</var>
<arg>${response.json()}</arg>
<doc>Returns the given values which can then be assigned to a variables.</doc>
<msg timestamp="20250408 12:13:09.834" level="INFO">${responseJson} = [{'_id': '67f54b154f2fb30616cab991', 'communityId': {'_id': '653fd601f90509541a748683', 'name': 'Pruebas Automatización'}, 'ticketQuantity': 1, 'cost': 10, 'voucherUrl': 'https://s3.amazonaws.com/allr...</msg>
<status status="PASS" starttime="20250408 12:13:09.833" endtime="20250408 12:13:09.834"/>
</kw>
<kw name="Should Not Be Empty" library="BuiltIn">
<arg>${responseJson}</arg>
<arg>The requested tickets should not be 0, but is empty</arg>
<doc>Verifies that the given item is not empty.</doc>
<msg timestamp="20250408 12:13:09.834" level="INFO">Length is 1</msg>
<status status="PASS" starttime="20250408 12:13:09.834" endtime="20250408 12:13:09.834"/>
</kw>
<kw name="Log" library="BuiltIn">
<arg>${responseJson}</arg>
<doc>Logs the given message with the given level.</doc>
<msg timestamp="20250408 12:13:09.835" level="INFO">[{'_id': '67f54b154f2fb30616cab991', 'communityId': {'_id': '653fd601f90509541a748683', 'name': 'Pruebas Automatización'}, 'ticketQuantity': 1, 'cost': 10, 'voucherUrl': 'https://s3.amazonaws.com/allride.uploads/privateBuses_voucher_653fd601f90509541a748683_1710787761571.pdf', 'state': 'pendingApproval', 'history': [], 'superCommunityId': '653fd68233d83952fafcd4be', 'createdAt': '2025-04-08T16:13:09.813Z', 'updatedAt': '2025-04-08T16:13:09.813Z', '__v': 0}]</msg>
<status status="PASS" starttime="20250408 12:13:09.835" endtime="20250408 12:13:09.835"/>
</kw>
<status status="PASS" starttime="20250408 12:13:09.349" endtime="20250408 12:13:09.835"/>
</test>
<test id="s1-t7" name="Treasurer Request Approval" line="170">
<kw name="Set Variable" library="BuiltIn">
<var>${url}</var>
<arg>${STAGE_URL}/api/v1/admin/pb/ticket/request/approve/treasurer?community=${idComunidad}&amp;requestId=${ticketRequestId}&amp;userId=${idAdmin}</arg>
<doc>Returns the given values which can then be assigned to a variables.</doc>
<msg timestamp="20250408 12:13:09.837" level="INFO">${url} = https://stage.allrideapp.com/api/v1/admin/pb/ticket/request/approve/treasurer?community=653fd601f90509541a748683&amp;requestId=67f54b154f2fb30616cab991&amp;userId=653fd89733d83952fafcd6ca</msg>
<status status="PASS" starttime="20250408 12:13:09.836" endtime="20250408 12:13:09.837"/>
</kw>
<kw name="Create Dictionary" library="BuiltIn">
<var>&amp;{headers}</var>
<arg>Authorization=${tokenAdmin}</arg>
<doc>Creates and returns a dictionary based on the given ``items``.</doc>
<msg timestamp="20250408 12:13:09.838" level="INFO">&amp;{headers} = { Authorization=Bearer 1075c22849d77962ee71d206d1ed0e669fdae4a5c1803952a8843139c899bc7c843bd52c13eb445ae83eed09c7ac47c61ee46d85294a5cc0f229260484bab0a6 }</msg>
<status status="PASS" starttime="20250408 12:13:09.837" endtime="20250408 12:13:09.838"/>
</kw>
<kw name="GET" library="RequestsLibrary">
<var>${response}</var>
<arg>url=${url}</arg>
<arg>headers=${headers}</arg>
<doc>Sends a GET request.</doc>
<msg timestamp="20250408 12:13:10.367" level="INFO">GET Request : url=https://stage.allrideapp.com/api/v1/admin/pb/ticket/request/approve/treasurer?community=653fd601f90509541a748683&amp;requestId=67f54b154f2fb30616cab991&amp;userId=653fd89733d83952fafcd6ca 
 path_url=/api/v1/admin/pb/ticket/request/approve/treasurer?community=653fd601f90509541a748683&amp;requestId=67f54b154f2fb30616cab991&amp;userId=653fd89733d83952fafcd6ca 
 headers={'User-Agent': 'python-requests/2.32.3', 'Accept-Encoding': 'gzip, deflate', 'Accept': '*/*', 'Connection': 'keep-alive', 'Authorization': 'Bearer 1075c22849d77962ee71d206d1ed0e669fdae4a5c1803952a8843139c899bc7c843bd52c13eb445ae83eed09c7ac47c61ee46d85294a5cc0f229260484bab0a6'} 
 body=None 
 </msg>
<msg timestamp="20250408 12:13:10.367" level="INFO">GET Response : url=https://stage.allrideapp.com/api/v1/admin/pb/ticket/request/approve/treasurer?community=653fd601f90509541a748683&amp;requestId=67f54b154f2fb30616cab991&amp;userId=653fd89733d83952fafcd6ca 
 status=200, reason=OK 
 headers={'Date': 'Tue, 08 Apr 2025 16:13:10 GMT', 'Content-Type': 'application/json; charset=utf-8', 'Transfer-Encoding': 'chunked', 'Connection': 'keep-alive', 'Server': 'nginx', 'X-DNS-Prefetch-Control': 'off', 'X-Frame-Options': 'SAMEORIGIN', 'Strict-Transport-Security': 'max-age=15552000; includeSubDomains', 'X-Download-Options': 'noopen', 'X-Content-Type-Options': 'nosniff', 'X-XSS-Protection': '1; mode=block', 'Access-Control-Allow-Origin': '*', 'X-RateLimit-Limit': '200', 'X-RateLimit-Remaining': '199', 'X-RateLimit-Reset': '1744128851', 'ETag': 'W/"28d-SSCTDxXTHARMXzMLbK44EZwn19o"', 'Content-Encoding': 'gzip'} 
 body={"ticketRequestRes":{"_id":"67f54b154f2fb30616cab991","communityId":"653fd601f90509541a748683","ticketQuantity":1,"cost":10,"voucherUrl":"https://s3.amazonaws.com/allride.uploads/privateBuses_voucher_653fd601f90509541a748683_1710787761571.pdf","state":"pendingApproval","history":[{"_id":"67f54b164f2fb30616cab9a0","action":"approved","user":{"userId":"653fd89733d83952fafcd6ca","role":"treasurer"},"createdAt":"2025-04-08T16:13:10.885Z","updatedAt":"2025-04-08T16:13:10.885Z"}],"superCommunityId":"653fd68233d83952fafcd4be","createdAt":"2025-04-08T16:13:09.813Z","updatedAt":"2025-04-08T16:13:10.885Z","__v":1,"treasurerId":"653fd89733d83952fafcd6ca"}} 
 </msg>
<msg timestamp="20250408 12:13:10.367" level="INFO">${response} = &lt;Response [200]&gt;</msg>
<status status="PASS" starttime="20250408 12:13:09.838" endtime="20250408 12:13:10.367"/>
</kw>
<kw name="Should Be Equal As Numbers" library="BuiltIn">
<arg>${response.status_code}</arg>
<arg>200</arg>
<doc>Fails if objects are unequal after converting them to real numbers.</doc>
<msg timestamp="20250408 12:13:10.369" level="INFO">Argument types are:
&lt;class 'int'&gt;
&lt;class 'str'&gt;</msg>
<status status="PASS" starttime="20250408 12:13:10.368" endtime="20250408 12:13:10.369"/>
</kw>
<kw name="Set Variable" library="BuiltIn">
<var>${responseJson}</var>
<arg>${response.json()}</arg>
<doc>Returns the given values which can then be assigned to a variables.</doc>
<msg timestamp="20250408 12:13:10.371" level="INFO">${responseJson} = {'ticketRequestRes': {'_id': '67f54b154f2fb30616cab991', 'communityId': '653fd601f90509541a748683', 'ticketQuantity': 1, 'cost': 10, 'voucherUrl': 'https://s3.amazonaws.com/allride.uploads/privateBuse...</msg>
<status status="PASS" starttime="20250408 12:13:10.369" endtime="20250408 12:13:10.371"/>
</kw>
<kw name="Set Variable" library="BuiltIn">
<var>${ticketResponseId}</var>
<arg>${responseJson}[ticketRequestRes][_id]</arg>
<doc>Returns the given values which can then be assigned to a variables.</doc>
<msg timestamp="20250408 12:13:10.372" level="INFO">${ticketResponseId} = 67f54b154f2fb30616cab991</msg>
<status status="PASS" starttime="20250408 12:13:10.372" endtime="20250408 12:13:10.372"/>
</kw>
<kw name="Set Variable" library="BuiltIn">
<var>${ticketResponseQty}</var>
<arg>${responseJson}[ticketRequestRes][ticketQuantity]</arg>
<doc>Returns the given values which can then be assigned to a variables.</doc>
<msg timestamp="20250408 12:13:10.373" level="INFO">${ticketResponseQty} = 1</msg>
<status status="PASS" starttime="20250408 12:13:10.372" endtime="20250408 12:13:10.373"/>
</kw>
<kw name="Set Variable" library="BuiltIn">
<var>${ticketResponseState}</var>
<arg>${responseJson}[ticketRequestRes][state]</arg>
<doc>Returns the given values which can then be assigned to a variables.</doc>
<msg timestamp="20250408 12:13:10.373" level="INFO">${ticketResponseState} = pendingApproval</msg>
<status status="PASS" starttime="20250408 12:13:10.373" endtime="20250408 12:13:10.373"/>
</kw>
<kw name="Should Be Equal As Strings" library="BuiltIn">
<arg>${ticketResponseId}</arg>
<arg>${ticketRequestId}</arg>
<arg>The ticket requestId is not the same in the response after Treasure Approval, is ${ticketResponseId}</arg>
<doc>Fails if objects are unequal after converting them to strings.</doc>
<status status="PASS" starttime="20250408 12:13:10.374" endtime="20250408 12:13:10.374"/>
</kw>
<kw name="Should Be Equal As Strings" library="BuiltIn">
<arg>${ticketResponseQty}</arg>
<arg>${ticketRequestQty}</arg>
<arg>The ticket request quantity is not the same in the response after Treasure Approval, is ${ticketResponseQty}</arg>
<doc>Fails if objects are unequal after converting them to strings.</doc>
<status status="PASS" starttime="20250408 12:13:10.375" endtime="20250408 12:13:10.375"/>
</kw>
<kw name="Should Be Equal As Strings" library="BuiltIn">
<arg>${ticketResponseState}</arg>
<arg>pendingApproval</arg>
<arg>The state after Treasure Approval is ${ticketResponseState}</arg>
<doc>Fails if objects are unequal after converting them to strings.</doc>
<status status="PASS" starttime="20250408 12:13:10.375" endtime="20250408 12:13:10.375"/>
</kw>
<kw name="Log" library="BuiltIn">
<arg>${responseJson}</arg>
<doc>Logs the given message with the given level.</doc>
<msg timestamp="20250408 12:13:10.377" level="INFO">{'ticketRequestRes': {'_id': '67f54b154f2fb30616cab991', 'communityId': '653fd601f90509541a748683', 'ticketQuantity': 1, 'cost': 10, 'voucherUrl': 'https://s3.amazonaws.com/allride.uploads/privateBuses_voucher_653fd601f90509541a748683_1710787761571.pdf', 'state': 'pendingApproval', 'history': [{'_id': '67f54b164f2fb30616cab9a0', 'action': 'approved', 'user': {'userId': '653fd89733d83952fafcd6ca', 'role': 'treasurer'}, 'createdAt': '2025-04-08T16:13:10.885Z', 'updatedAt': '2025-04-08T16:13:10.885Z'}], 'superCommunityId': '653fd68233d83952fafcd4be', 'createdAt': '2025-04-08T16:13:09.813Z', 'updatedAt': '2025-04-08T16:13:10.885Z', '__v': 1, 'treasurerId': '653fd89733d83952fafcd6ca'}}</msg>
<status status="PASS" starttime="20250408 12:13:10.377" endtime="20250408 12:13:10.377"/>
</kw>
<status status="PASS" starttime="20250408 12:13:09.836" endtime="20250408 12:13:10.377"/>
</test>
<test id="s1-t8" name="Seller Request Approval" line="194">
<kw name="Set Variable" library="BuiltIn">
<var>${url}</var>
<arg>${STAGE_URL}/api/v1/admin/pb/ticket/request/approve/seller?community=${idComunidad}&amp;requestId=${ticketRequestId}&amp;userId=${idAdmin}</arg>
<doc>Returns the given values which can then be assigned to a variables.</doc>
<msg timestamp="20250408 12:13:10.379" level="INFO">${url} = https://stage.allrideapp.com/api/v1/admin/pb/ticket/request/approve/seller?community=653fd601f90509541a748683&amp;requestId=67f54b154f2fb30616cab991&amp;userId=653fd89733d83952fafcd6ca</msg>
<status status="PASS" starttime="20250408 12:13:10.378" endtime="20250408 12:13:10.379"/>
</kw>
<kw name="Create Dictionary" library="BuiltIn">
<var>&amp;{headers}</var>
<arg>Authorization=${tokenAdmin}</arg>
<doc>Creates and returns a dictionary based on the given ``items``.</doc>
<msg timestamp="20250408 12:13:10.379" level="INFO">&amp;{headers} = { Authorization=Bearer 1075c22849d77962ee71d206d1ed0e669fdae4a5c1803952a8843139c899bc7c843bd52c13eb445ae83eed09c7ac47c61ee46d85294a5cc0f229260484bab0a6 }</msg>
<status status="PASS" starttime="20250408 12:13:10.379" endtime="20250408 12:13:10.379"/>
</kw>
<kw name="GET" library="RequestsLibrary">
<var>${response}</var>
<arg>url=${url}</arg>
<arg>headers=${headers}</arg>
<doc>Sends a GET request.</doc>
<msg timestamp="20250408 12:13:11.890" level="INFO">GET Request : url=https://stage.allrideapp.com/api/v1/admin/pb/ticket/request/approve/seller?community=653fd601f90509541a748683&amp;requestId=67f54b154f2fb30616cab991&amp;userId=653fd89733d83952fafcd6ca 
 path_url=/api/v1/admin/pb/ticket/request/approve/seller?community=653fd601f90509541a748683&amp;requestId=67f54b154f2fb30616cab991&amp;userId=653fd89733d83952fafcd6ca 
 headers={'User-Agent': 'python-requests/2.32.3', 'Accept-Encoding': 'gzip, deflate', 'Accept': '*/*', 'Connection': 'keep-alive', 'Authorization': 'Bearer 1075c22849d77962ee71d206d1ed0e669fdae4a5c1803952a8843139c899bc7c843bd52c13eb445ae83eed09c7ac47c61ee46d85294a5cc0f229260484bab0a6'} 
 body=None 
 </msg>
<msg timestamp="20250408 12:13:11.891" level="INFO">GET Response : url=https://stage.allrideapp.com/api/v1/admin/pb/ticket/request/approve/seller?community=653fd601f90509541a748683&amp;requestId=67f54b154f2fb30616cab991&amp;userId=653fd89733d83952fafcd6ca 
 status=200, reason=OK 
 headers={'Date': 'Tue, 08 Apr 2025 16:13:12 GMT', 'Content-Type': 'application/json; charset=utf-8', 'Transfer-Encoding': 'chunked', 'Connection': 'keep-alive', 'Server': 'nginx', 'X-DNS-Prefetch-Control': 'off', 'X-Frame-Options': 'SAMEORIGIN', 'Strict-Transport-Security': 'max-age=15552000; includeSubDomains', 'X-Download-Options': 'noopen', 'X-Content-Type-Options': 'nosniff', 'X-XSS-Protection': '1; mode=block', 'Access-Control-Allow-Origin': '*', 'X-RateLimit-Limit': '200', 'X-RateLimit-Remaining': '199', 'X-RateLimit-Reset': '1744128852', 'ETag': 'W/"39c-Xo657xfdNVy5blJci5AjsaYUiWg"', 'Content-Encoding': 'gzip'} 
 body={"ticketRequestRes":{"_id":"67f54b154f2fb30616cab991","communityId":"653fd601f90509541a748683","ticketQuantity":1,"cost":10,"voucherUrl":"https://s3.amazonaws.com/allride.uploads/privateBuses_voucher_653fd601f90509541a748683_1710787761571.pdf","state":"approved","history":[{"user":{"userId":"653fd89733d83952fafcd6ca","role":"treasurer"},"_id":"67f54b164f2fb30616cab9a0","action":"approved","createdAt":"2025-04-08T16:13:10.885Z","updatedAt":"2025-04-08T16:13:10.885Z"},{"_id":"67f54b174f2fb30616cab9aa","action":"approved","user":{"userId":"653fd89733d83952fafcd6ca","role":"seller"},"createdAt":"2025-04-08T16:13:12.397Z","updatedAt":"2025-04-08T16:13:12.397Z"}],"superCommunityId":"653fd68233d83952fafcd4be","createdAt":"2025-04-08T16:13:09.813Z","updatedAt":"2025-04-08T16:13:12.397Z","__v":2,"treasurerId":"653fd89733d83952fafcd6ca","sellerId":"653fd89733d83952fafcd6ca","assignedQuantity":1},"sellerBulkTicketsRes":1} 
 </msg>
<msg timestamp="20250408 12:13:11.891" level="INFO">${response} = &lt;Response [200]&gt;</msg>
<status status="PASS" starttime="20250408 12:13:10.380" endtime="20250408 12:13:11.891"/>
</kw>
<kw name="Should Be Equal As Numbers" library="BuiltIn">
<arg>${response.status_code}</arg>
<arg>200</arg>
<doc>Fails if objects are unequal after converting them to real numbers.</doc>
<msg timestamp="20250408 12:13:11.892" level="INFO">Argument types are:
&lt;class 'int'&gt;
&lt;class 'str'&gt;</msg>
<status status="PASS" starttime="20250408 12:13:11.891" endtime="20250408 12:13:11.893"/>
</kw>
<kw name="Set Variable" library="BuiltIn">
<var>${responseJson}</var>
<arg>${response.json()}</arg>
<doc>Returns the given values which can then be assigned to a variables.</doc>
<msg timestamp="20250408 12:13:11.894" level="INFO">${responseJson} = {'ticketRequestRes': {'_id': '67f54b154f2fb30616cab991', 'communityId': '653fd601f90509541a748683', 'ticketQuantity': 1, 'cost': 10, 'voucherUrl': 'https://s3.amazonaws.com/allride.uploads/privateBuse...</msg>
<status status="PASS" starttime="20250408 12:13:11.893" endtime="20250408 12:13:11.894"/>
</kw>
<kw name="Set Variable" library="BuiltIn">
<var>${ticketResponseId}</var>
<arg>${responseJson}[ticketRequestRes][_id]</arg>
<doc>Returns the given values which can then be assigned to a variables.</doc>
<msg timestamp="20250408 12:13:11.895" level="INFO">${ticketResponseId} = 67f54b154f2fb30616cab991</msg>
<status status="PASS" starttime="20250408 12:13:11.894" endtime="20250408 12:13:11.895"/>
</kw>
<kw name="Set Variable" library="BuiltIn">
<var>${ticketResponseQty}</var>
<arg>${responseJson}[ticketRequestRes][ticketQuantity]</arg>
<doc>Returns the given values which can then be assigned to a variables.</doc>
<msg timestamp="20250408 12:13:11.896" level="INFO">${ticketResponseQty} = 1</msg>
<status status="PASS" starttime="20250408 12:13:11.895" endtime="20250408 12:13:11.896"/>
</kw>
<kw name="Set Variable" library="BuiltIn">
<var>${ticketResponseState}</var>
<arg>${responseJson}[ticketRequestRes][state]</arg>
<doc>Returns the given values which can then be assigned to a variables.</doc>
<msg timestamp="20250408 12:13:11.897" level="INFO">${ticketResponseState} = approved</msg>
<status status="PASS" starttime="20250408 12:13:11.896" endtime="20250408 12:13:11.897"/>
</kw>
<kw name="Set Variable" library="BuiltIn">
<var>${ticketAssignedQuantity}</var>
<arg>${responseJson}[ticketRequestRes][assignedQuantity]</arg>
<doc>Returns the given values which can then be assigned to a variables.</doc>
<msg timestamp="20250408 12:13:11.897" level="INFO">${ticketAssignedQuantity} = 1</msg>
<status status="PASS" starttime="20250408 12:13:11.897" endtime="20250408 12:13:11.898"/>
</kw>
<kw name="Should Be Equal As Strings" library="BuiltIn">
<arg>${ticketResponseId}</arg>
<arg>${ticketRequestId}</arg>
<doc>Fails if objects are unequal after converting them to strings.</doc>
<status status="PASS" starttime="20250408 12:13:11.898" endtime="20250408 12:13:11.898"/>
</kw>
<kw name="Should Be Equal As Strings" library="BuiltIn">
<arg>${ticketResponseQty}</arg>
<arg>${ticketRequestQty}</arg>
<doc>Fails if objects are unequal after converting them to strings.</doc>
<status status="PASS" starttime="20250408 12:13:11.899" endtime="20250408 12:13:11.899"/>
</kw>
<kw name="Should Be Equal As Strings" library="BuiltIn">
<arg>${ticketResponseState}</arg>
<arg>approved</arg>
<doc>Fails if objects are unequal after converting them to strings.</doc>
<status status="PASS" starttime="20250408 12:13:11.899" endtime="20250408 12:13:11.899"/>
</kw>
<kw name="Should Be Equal As Strings" library="BuiltIn">
<arg>${ticketAssignedQuantity}</arg>
<arg>${ticketRequestQty}</arg>
<doc>Fails if objects are unequal after converting them to strings.</doc>
<status status="PASS" starttime="20250408 12:13:11.900" endtime="20250408 12:13:11.900"/>
</kw>
<kw name="Log" library="BuiltIn">
<arg>${responseJson}</arg>
<doc>Logs the given message with the given level.</doc>
<msg timestamp="20250408 12:13:11.900" level="INFO">{'ticketRequestRes': {'_id': '67f54b154f2fb30616cab991', 'communityId': '653fd601f90509541a748683', 'ticketQuantity': 1, 'cost': 10, 'voucherUrl': 'https://s3.amazonaws.com/allride.uploads/privateBuses_voucher_653fd601f90509541a748683_1710787761571.pdf', 'state': 'approved', 'history': [{'user': {'userId': '653fd89733d83952fafcd6ca', 'role': 'treasurer'}, '_id': '67f54b164f2fb30616cab9a0', 'action': 'approved', 'createdAt': '2025-04-08T16:13:10.885Z', 'updatedAt': '2025-04-08T16:13:10.885Z'}, {'_id': '67f54b174f2fb30616cab9aa', 'action': 'approved', 'user': {'userId': '653fd89733d83952fafcd6ca', 'role': 'seller'}, 'createdAt': '2025-04-08T16:13:12.397Z', 'updatedAt': '2025-04-08T16:13:12.397Z'}], 'superCommunityId': '653fd68233d83952fafcd4be', 'createdAt': '2025-04-08T16:13:09.813Z', 'updatedAt': '2025-04-08T16:13:12.397Z', '__v': 2, 'treasurerId': '653fd89733d83952fafcd6ca', 'sellerId': '653fd89733d83952fafcd6ca', 'assignedQuantity': 1}, 'sellerBulkTicketsRes': 1}</msg>
<status status="PASS" starttime="20250408 12:13:11.900" endtime="20250408 12:13:11.900"/>
</kw>
<status status="PASS" starttime="20250408 12:13:10.378" endtime="20250408 12:13:11.901"/>
</test>
<test id="s1-t9" name="Get Total Tickets(After Request)" line="220">
<kw name="Set Variable" library="BuiltIn">
<var>${url}</var>
<arg>${STAGE_URL}/api/v1/admin/pb/ticket/list?community=${idComunidad}</arg>
<doc>Returns the given values which can then be assigned to a variables.</doc>
<msg timestamp="20250408 12:13:11.902" level="INFO">${url} = https://stage.allrideapp.com/api/v1/admin/pb/ticket/list?community=653fd601f90509541a748683</msg>
<status status="PASS" starttime="20250408 12:13:11.902" endtime="20250408 12:13:11.902"/>
</kw>
<kw name="Create Dictionary" library="BuiltIn">
<var>&amp;{headers}</var>
<arg>Authorization=${tokenAdmin}</arg>
<doc>Creates and returns a dictionary based on the given ``items``.</doc>
<msg timestamp="20250408 12:13:11.903" level="INFO">&amp;{headers} = { Authorization=Bearer 1075c22849d77962ee71d206d1ed0e669fdae4a5c1803952a8843139c899bc7c843bd52c13eb445ae83eed09c7ac47c61ee46d85294a5cc0f229260484bab0a6 }</msg>
<status status="PASS" starttime="20250408 12:13:11.903" endtime="20250408 12:13:11.903"/>
</kw>
<kw name="Get Current Date" library="DateTime">
<var>${start_time}</var>
<arg>result_format=%H:%M:%S.%f</arg>
<doc>Returns current local or UTC time with an optional increment.</doc>
<msg timestamp="20250408 12:13:11.903" level="INFO">${start_time} = 12:13:11.903398</msg>
<status status="PASS" starttime="20250408 12:13:11.903" endtime="20250408 12:13:11.903"/>
</kw>
<kw name="GET" library="RequestsLibrary">
<var>${response}</var>
<arg>url=${url}</arg>
<arg>headers=${headers}</arg>
<doc>Sends a GET request.</doc>
<msg timestamp="20250408 12:13:12.385" level="INFO">GET Request : url=https://stage.allrideapp.com/api/v1/admin/pb/ticket/list?community=653fd601f90509541a748683 
 path_url=/api/v1/admin/pb/ticket/list?community=653fd601f90509541a748683 
 headers={'User-Agent': 'python-requests/2.32.3', 'Accept-Encoding': 'gzip, deflate', 'Accept': '*/*', 'Connection': 'keep-alive', 'Authorization': 'Bearer 1075c22849d77962ee71d206d1ed0e669fdae4a5c1803952a8843139c899bc7c843bd52c13eb445ae83eed09c7ac47c61ee46d85294a5cc0f229260484bab0a6'} 
 body=None 
 </msg>
<msg timestamp="20250408 12:13:12.385" level="INFO">GET Response : url=https://stage.allrideapp.com/api/v1/admin/pb/ticket/list?community=653fd601f90509541a748683 
 status=200, reason=OK 
 headers={'Date': 'Tue, 08 Apr 2025 16:13:12 GMT', 'Content-Type': 'application/json; charset=utf-8', 'Content-Length': '4', 'Connection': 'keep-alive', 'Server': 'nginx', 'X-DNS-Prefetch-Control': 'off', 'X-Frame-Options': 'SAMEORIGIN', 'Strict-Transport-Security': 'max-age=15552000; includeSubDomains', 'X-Download-Options': 'noopen', 'X-Content-Type-Options': 'nosniff', 'X-XSS-Protection': '1; mode=block', 'Access-Control-Allow-Origin': '*', 'X-RateLimit-Limit': '200', 'X-RateLimit-Remaining': '199', 'X-RateLimit-Reset': '1744128853', 'ETag': 'W/"4-uRs4X023dMtxRqBZEuiaWFafaB8"'} 
 body=2922 
 </msg>
<msg timestamp="20250408 12:13:12.386" level="INFO">${response} = &lt;Response [200]&gt;</msg>
<status status="PASS" starttime="20250408 12:13:11.904" endtime="20250408 12:13:12.386"/>
</kw>
<kw name="Should Be Equal As Numbers" library="BuiltIn">
<arg>${response.status_code}</arg>
<arg>200</arg>
<doc>Fails if objects are unequal after converting them to real numbers.</doc>
<msg timestamp="20250408 12:13:12.389" level="INFO">Argument types are:
&lt;class 'int'&gt;
&lt;class 'str'&gt;</msg>
<status status="PASS" starttime="20250408 12:13:12.387" endtime="20250408 12:13:12.389"/>
</kw>
<kw name="Get Current Date" library="DateTime">
<var>${end_time}</var>
<arg>result_format=%H:%M:%S.%f</arg>
<doc>Returns current local or UTC time with an optional increment.</doc>
<msg timestamp="20250408 12:13:12.390" level="INFO">${end_time} = 12:13:12.389513</msg>
<status status="PASS" starttime="20250408 12:13:12.389" endtime="20250408 12:13:12.390"/>
</kw>
<kw name="Subtract Time From Time" library="DateTime">
<var>${elapsed}</var>
<arg>${end_time}</arg>
<arg>${start_time}</arg>
<doc>Subtracts time from another time and returns the resulting time.</doc>
<msg timestamp="20250408 12:13:12.390" level="INFO">${elapsed} = 0.48611499999969965</msg>
<status status="PASS" starttime="20250408 12:13:12.390" endtime="20250408 12:13:12.390"/>
</kw>
<kw name="Log" library="BuiltIn">
<arg>Elapsed time: ${elapsed}</arg>
<doc>Logs the given message with the given level.</doc>
<msg timestamp="20250408 12:13:12.390" level="INFO">Elapsed time: 0.48611499999969965</msg>
<status status="PASS" starttime="20250408 12:13:12.390" endtime="20250408 12:13:12.390"/>
</kw>
<kw name="Set Variable" library="BuiltIn">
<var>${totalTicketsAfterRequest}</var>
<arg>${response.json()}</arg>
<doc>Returns the given values which can then be assigned to a variables.</doc>
<msg timestamp="20250408 12:13:12.392" level="INFO">${totalTicketsAfterRequest} = 2922</msg>
<status status="PASS" starttime="20250408 12:13:12.390" endtime="20250408 12:13:12.392"/>
</kw>
<kw name="Convert To Integer" library="BuiltIn">
<arg>${totalTickets}</arg>
<doc>Converts the given item to an integer number.</doc>
<status status="PASS" starttime="20250408 12:13:12.394" endtime="20250408 12:13:12.394"/>
</kw>
<kw name="Convert To Integer" library="BuiltIn">
<arg>${ticketRequestQty}</arg>
<doc>Converts the given item to an integer number.</doc>
<status status="PASS" starttime="20250408 12:13:12.394" endtime="20250408 12:13:12.394"/>
</kw>
<kw name="Evaluate" library="BuiltIn">
<var>${ticketsPlus}</var>
<arg>${totalTickets}+${ticketRequestQty}</arg>
<doc>Evaluates the given expression in Python and returns the result.</doc>
<msg timestamp="20250408 12:13:12.395" level="INFO">${ticketsPlus} = 2922</msg>
<status status="PASS" starttime="20250408 12:13:12.395" endtime="20250408 12:13:12.395"/>
</kw>
<kw name="Should Be True" library="BuiltIn">
<arg>${totalTicketsAfterRequest}==${ticketsPlus}</arg>
<doc>Fails if the given condition is not true.</doc>
<status status="PASS" starttime="20250408 12:13:12.395" endtime="20250408 12:13:12.396"/>
</kw>
<kw name="Log" library="BuiltIn">
<arg>La cantidad total de tickets es ${totalTicketsAfterRequest}</arg>
<doc>Logs the given message with the given level.</doc>
<msg timestamp="20250408 12:13:12.396" level="INFO">La cantidad total de tickets es 2922</msg>
<status status="PASS" starttime="20250408 12:13:12.396" endtime="20250408 12:13:12.396"/>
</kw>
<kw name="Set Global Variable" library="BuiltIn">
<arg>${totalTicketsAfterRequest}</arg>
<doc>Makes a variable available globally in all tests and suites.</doc>
<msg timestamp="20250408 12:13:12.396" level="INFO">${totalTicketsAfterRequest} = 2922</msg>
<status status="PASS" starttime="20250408 12:13:12.396" endtime="20250408 12:13:12.396"/>
</kw>
<status status="PASS" starttime="20250408 12:13:11.902" endtime="20250408 12:13:12.396"/>
</test>
<test id="s1-t10" name="Assing Tickets(Nico)" line="251">
<kw name="Create Session" library="RequestsLibrary">
<arg>mysesion</arg>
<arg>${STAGE_URL}</arg>
<arg>verify=true</arg>
<doc>Create Session: create a HTTP session to a server</doc>
<msg timestamp="20250408 12:13:12.398" level="INFO">Creating Session using : alias=mysesion, url=https://stage.allrideapp.com, headers={},                     cookies={}, auth=None, timeout=None, proxies=None, verify=True,                     debug=0 </msg>
<status status="PASS" starttime="20250408 12:13:12.398" endtime="20250408 12:13:12.399"/>
</kw>
<kw name="Create Dictionary" library="BuiltIn">
<var>${headers}</var>
<arg>Authorization=${tokenAdmin}</arg>
<arg>Content-Type=application/json; charset=utf-8</arg>
<doc>Creates and returns a dictionary based on the given ``items``.</doc>
<msg timestamp="20250408 12:13:12.399" level="INFO">${headers} = {'Authorization': 'Bearer 1075c22849d77962ee71d206d1ed0e669fdae4a5c1803952a8843139c899bc7c843bd52c13eb445ae83eed09c7ac47c61ee46d85294a5cc0f229260484bab0a6', 'Content-Type': 'application/json; charset=...</msg>
<status status="PASS" starttime="20250408 12:13:12.399" endtime="20250408 12:13:12.400"/>
</kw>
<kw name="POST On Session" library="RequestsLibrary">
<var>${response}</var>
<arg>mysesion</arg>
<arg>url=/api/v1/admin/pb/ticket/assign?community=${idComunidad}&amp;userId=${idNico}&amp;adminId=${idAdmin}&amp;adminLevel=2&amp;ticketsQuantityToAssign=${assignQty}</arg>
<arg>data={}</arg>
<arg>headers=${headers}</arg>
<doc>Sends a POST request on a previously created HTTP Session.</doc>
<msg timestamp="20250408 12:13:12.969" level="INFO">POST Request : url=https://stage.allrideapp.com/api/v1/admin/pb/ticket/assign?community=653fd601f90509541a748683&amp;userId=65e8e076337a90a35ba6e8dd&amp;adminId=653fd89733d83952fafcd6ca&amp;adminLevel=2&amp;ticketsQuantityToAssign=2 
 path_url=/api/v1/admin/pb/ticket/assign?community=653fd601f90509541a748683&amp;userId=65e8e076337a90a35ba6e8dd&amp;adminId=653fd89733d83952fafcd6ca&amp;adminLevel=2&amp;ticketsQuantityToAssign=2 
 headers={'User-Agent': 'python-requests/2.32.3', 'Accept-Encoding': 'gzip, deflate', 'Accept': '*/*', 'Connection': 'keep-alive', 'Authorization': 'Bearer 1075c22849d77962ee71d206d1ed0e669fdae4a5c1803952a8843139c899bc7c843bd52c13eb445ae83eed09c7ac47c61ee46d85294a5cc0f229260484bab0a6', 'Content-Type': 'application/json; charset=utf-8', 'Content-Length': '2'} 
 body={} 
 </msg>
<msg timestamp="20250408 12:13:12.970" level="INFO">POST Response : url=https://stage.allrideapp.com/api/v1/admin/pb/ticket/assign?community=653fd601f90509541a748683&amp;userId=65e8e076337a90a35ba6e8dd&amp;adminId=653fd89733d83952fafcd6ca&amp;adminLevel=2&amp;ticketsQuantityToAssign=2 
 status=200, reason=OK 
 headers={'Date': 'Tue, 08 Apr 2025 16:13:13 GMT', 'Content-Type': 'application/json; charset=utf-8', 'Content-Length': '1', 'Connection': 'keep-alive', 'Server': 'nginx', 'X-DNS-Prefetch-Control': 'off', 'X-Frame-Options': 'SAMEORIGIN', 'Strict-Transport-Security': 'max-age=15552000; includeSubDomains', 'X-Download-Options': 'noopen', 'X-Content-Type-Options': 'nosniff', 'X-XSS-Protection': '1; mode=block', 'Access-Control-Allow-Origin': '*', 'X-RateLimit-Limit': '200', 'X-RateLimit-Remaining': '199', 'X-RateLimit-Reset': '1744128854', 'ETag': 'W/"1-2kuSN7rMzfGcB2DKt67EqDWQELA"'} 
 body=2 
 </msg>
<msg timestamp="20250408 12:13:12.970" level="INFO">${response} = &lt;Response [200]&gt;</msg>
<status status="PASS" starttime="20250408 12:13:12.400" endtime="20250408 12:13:12.970"/>
</kw>
<kw name="Should Be True" library="BuiltIn">
<arg>${totalTicketsAfterRequest} &gt;=${assignQty}</arg>
<doc>Fails if the given condition is not true.</doc>
<status status="PASS" starttime="20250408 12:13:12.970" endtime="20250408 12:13:12.971"/>
</kw>
<status status="PASS" starttime="20250408 12:13:12.398" endtime="20250408 12:13:12.971"/>
</test>
<test id="s1-t11" name="Assing Tickets(Kratos)" line="269">
<kw name="Create Session" library="RequestsLibrary">
<arg>mysesion</arg>
<arg>${STAGE_URL}</arg>
<arg>verify=true</arg>
<doc>Create Session: create a HTTP session to a server</doc>
<msg timestamp="20250408 12:13:12.973" level="INFO">Creating Session using : alias=mysesion, url=https://stage.allrideapp.com, headers={},                     cookies={}, auth=None, timeout=None, proxies=None, verify=True,                     debug=0 </msg>
<status status="PASS" starttime="20250408 12:13:12.973" endtime="20250408 12:13:12.974"/>
</kw>
<kw name="Create Dictionary" library="BuiltIn">
<var>${headers}</var>
<arg>Authorization=${tokenAdmin}</arg>
<arg>Content-Type=application/json; charset=utf-8</arg>
<doc>Creates and returns a dictionary based on the given ``items``.</doc>
<msg timestamp="20250408 12:13:12.977" level="INFO">${headers} = {'Authorization': 'Bearer 1075c22849d77962ee71d206d1ed0e669fdae4a5c1803952a8843139c899bc7c843bd52c13eb445ae83eed09c7ac47c61ee46d85294a5cc0f229260484bab0a6', 'Content-Type': 'application/json; charset=...</msg>
<status status="PASS" starttime="20250408 12:13:12.976" endtime="20250408 12:13:12.978"/>
</kw>
<kw name="POST On Session" library="RequestsLibrary">
<var>${response}</var>
<arg>mysesion</arg>
<arg>url=/api/v1/admin/pb/ticket/assign?community=${idComunidad}&amp;userId=${idKratos}&amp;adminId=${idAdmin}&amp;adminLevel=2&amp;ticketsQuantityToAssign=${assignQty}</arg>
<arg>data={}</arg>
<arg>headers=${headers}</arg>
<doc>Sends a POST request on a previously created HTTP Session.</doc>
<msg timestamp="20250408 12:13:13.545" level="INFO">POST Request : url=https://stage.allrideapp.com/api/v1/admin/pb/ticket/assign?community=653fd601f90509541a748683&amp;userId=65e092afca7842b1032f12e2&amp;adminId=653fd89733d83952fafcd6ca&amp;adminLevel=2&amp;ticketsQuantityToAssign=2 
 path_url=/api/v1/admin/pb/ticket/assign?community=653fd601f90509541a748683&amp;userId=65e092afca7842b1032f12e2&amp;adminId=653fd89733d83952fafcd6ca&amp;adminLevel=2&amp;ticketsQuantityToAssign=2 
 headers={'User-Agent': 'python-requests/2.32.3', 'Accept-Encoding': 'gzip, deflate', 'Accept': '*/*', 'Connection': 'keep-alive', 'Authorization': 'Bearer 1075c22849d77962ee71d206d1ed0e669fdae4a5c1803952a8843139c899bc7c843bd52c13eb445ae83eed09c7ac47c61ee46d85294a5cc0f229260484bab0a6', 'Content-Type': 'application/json; charset=utf-8', 'Content-Length': '2'} 
 body={} 
 </msg>
<msg timestamp="20250408 12:13:13.545" level="INFO">POST Response : url=https://stage.allrideapp.com/api/v1/admin/pb/ticket/assign?community=653fd601f90509541a748683&amp;userId=65e092afca7842b1032f12e2&amp;adminId=653fd89733d83952fafcd6ca&amp;adminLevel=2&amp;ticketsQuantityToAssign=2 
 status=200, reason=OK 
 headers={'Date': 'Tue, 08 Apr 2025 16:13:14 GMT', 'Content-Type': 'application/json; charset=utf-8', 'Content-Length': '1', 'Connection': 'keep-alive', 'Server': 'nginx', 'X-DNS-Prefetch-Control': 'off', 'X-Frame-Options': 'SAMEORIGIN', 'Strict-Transport-Security': 'max-age=15552000; includeSubDomains', 'X-Download-Options': 'noopen', 'X-Content-Type-Options': 'nosniff', 'X-XSS-Protection': '1; mode=block', 'Access-Control-Allow-Origin': '*', 'X-RateLimit-Limit': '200', 'X-RateLimit-Remaining': '199', 'X-RateLimit-Reset': '1744128854', 'ETag': 'W/"1-2kuSN7rMzfGcB2DKt67EqDWQELA"'} 
 body=2 
 </msg>
<msg timestamp="20250408 12:13:13.545" level="INFO">${response} = &lt;Response [200]&gt;</msg>
<status status="PASS" starttime="20250408 12:13:12.979" endtime="20250408 12:13:13.545"/>
</kw>
<kw name="Should Be True" library="BuiltIn">
<arg>${totalTicketsAfterRequest} &gt;=${assignQty}</arg>
<doc>Fails if the given condition is not true.</doc>
<status status="PASS" starttime="20250408 12:13:13.545" endtime="20250408 12:13:13.547"/>
</kw>
<status status="PASS" starttime="20250408 12:13:12.972" endtime="20250408 12:13:13.547"/>
</test>
<test id="s1-t12" name="Assing Tickets(Pedro)" line="287">
<kw name="Create Session" library="RequestsLibrary">
<arg>mysesion</arg>
<arg>${STAGE_URL}</arg>
<arg>verify=true</arg>
<doc>Create Session: create a HTTP session to a server</doc>
<msg timestamp="20250408 12:13:13.549" level="INFO">Creating Session using : alias=mysesion, url=https://stage.allrideapp.com, headers={},                     cookies={}, auth=None, timeout=None, proxies=None, verify=True,                     debug=0 </msg>
<status status="PASS" starttime="20250408 12:13:13.549" endtime="20250408 12:13:13.549"/>
</kw>
<kw name="Create Dictionary" library="BuiltIn">
<var>${headers}</var>
<arg>Authorization=${tokenAdmin}</arg>
<arg>Content-Type=application/json; charset=utf-8</arg>
<doc>Creates and returns a dictionary based on the given ``items``.</doc>
<msg timestamp="20250408 12:13:13.550" level="INFO">${headers} = {'Authorization': 'Bearer 1075c22849d77962ee71d206d1ed0e669fdae4a5c1803952a8843139c899bc7c843bd52c13eb445ae83eed09c7ac47c61ee46d85294a5cc0f229260484bab0a6', 'Content-Type': 'application/json; charset=...</msg>
<status status="PASS" starttime="20250408 12:13:13.550" endtime="20250408 12:13:13.550"/>
</kw>
<kw name="POST On Session" library="RequestsLibrary">
<var>${response}</var>
<arg>mysesion</arg>
<arg>url=/api/v1/admin/pb/ticket/assign?community=${idComunidad}&amp;userId=${idPedro}&amp;adminId=${idAdmin}&amp;adminLevel=2&amp;ticketsQuantityToAssign=${assignQty}</arg>
<arg>data={}</arg>
<arg>headers=${headers}</arg>
<doc>Sends a POST request on a previously created HTTP Session.</doc>
<msg timestamp="20250408 12:13:14.110" level="INFO">POST Request : url=https://stage.allrideapp.com/api/v1/admin/pb/ticket/assign?community=653fd601f90509541a748683&amp;userId=654a5148bf3e9410d0bcd39a&amp;adminId=653fd89733d83952fafcd6ca&amp;adminLevel=2&amp;ticketsQuantityToAssign=2 
 path_url=/api/v1/admin/pb/ticket/assign?community=653fd601f90509541a748683&amp;userId=654a5148bf3e9410d0bcd39a&amp;adminId=653fd89733d83952fafcd6ca&amp;adminLevel=2&amp;ticketsQuantityToAssign=2 
 headers={'User-Agent': 'python-requests/2.32.3', 'Accept-Encoding': 'gzip, deflate', 'Accept': '*/*', 'Connection': 'keep-alive', 'Authorization': 'Bearer 1075c22849d77962ee71d206d1ed0e669fdae4a5c1803952a8843139c899bc7c843bd52c13eb445ae83eed09c7ac47c61ee46d85294a5cc0f229260484bab0a6', 'Content-Type': 'application/json; charset=utf-8', 'Content-Length': '2'} 
 body={} 
 </msg>
<msg timestamp="20250408 12:13:14.110" level="INFO">POST Response : url=https://stage.allrideapp.com/api/v1/admin/pb/ticket/assign?community=653fd601f90509541a748683&amp;userId=654a5148bf3e9410d0bcd39a&amp;adminId=653fd89733d83952fafcd6ca&amp;adminLevel=2&amp;ticketsQuantityToAssign=2 
 status=200, reason=OK 
 headers={'Date': 'Tue, 08 Apr 2025 16:13:14 GMT', 'Content-Type': 'application/json; charset=utf-8', 'Content-Length': '1', 'Connection': 'keep-alive', 'Server': 'nginx', 'X-DNS-Prefetch-Control': 'off', 'X-Frame-Options': 'SAMEORIGIN', 'Strict-Transport-Security': 'max-age=15552000; includeSubDomains', 'X-Download-Options': 'noopen', 'X-Content-Type-Options': 'nosniff', 'X-XSS-Protection': '1; mode=block', 'Access-Control-Allow-Origin': '*', 'X-RateLimit-Limit': '200', 'X-RateLimit-Remaining': '199', 'X-RateLimit-Reset': '1744128855', 'ETag': 'W/"1-2kuSN7rMzfGcB2DKt67EqDWQELA"'} 
 body=2 
 </msg>
<msg timestamp="20250408 12:13:14.110" level="INFO">${response} = &lt;Response [200]&gt;</msg>
<status status="PASS" starttime="20250408 12:13:13.550" endtime="20250408 12:13:14.110"/>
</kw>
<kw name="Should Be True" library="BuiltIn">
<arg>${totalTicketsAfterRequest} &gt;=${assignQty}</arg>
<doc>Fails if the given condition is not true.</doc>
<status status="PASS" starttime="20250408 12:13:14.110" endtime="20250408 12:13:14.112"/>
</kw>
<status status="PASS" starttime="20250408 12:13:13.548" endtime="20250408 12:13:14.112"/>
</test>
<test id="s1-t13" name="Get Assigned Tickets (Nico)" line="304">
<kw name="Set Variable" library="BuiltIn">
<var>${url}</var>
<arg>${STAGE_URL}/api/v1/admin/pb/ticket/assigned/list?community=${idComunidad}</arg>
<doc>Returns the given values which can then be assigned to a variables.</doc>
<msg timestamp="20250408 12:13:14.115" level="INFO">${url} = https://stage.allrideapp.com/api/v1/admin/pb/ticket/assigned/list?community=653fd601f90509541a748683</msg>
[...]
14Z","updatedAt":"2025-02-11T18:26:08.092Z","__v":7,"accessToken":"bc8453d2b2d2b60f50f4615a88d4a09359421df891e7e3be4812576b296a8f0efc5d86b155a03d3e9f34ac189ff7d45bd5e5ccd6dcf5de33f5abca7c855b354c","device":{"lang":"es","token":"ex_RAG3yRqiJ-G8mZ-Ucw9:APA91bHeBlE8xPa73Srs7ULkoE58CXdUC9vJIo9vD8idLPjBeIMdyhVqFzttrfA5qteO5rSy3SnLs4bUccavXTlsO_7xQtwcEvjhU-sBINpOnd1gx-LhMhU","manufacturer":"motorola","model":"moto g71 5G","lastUpdate":null,"appVersion":"3.0.30-STG","lastSeenOnline":"2025-02-11T18:26:08.089Z"},"rtlToken":"f77caf10719e8f0cf7a6e44d525354c54c544174968aa76b48ddaa81377302c7d4034a6b6ddd47ef64f424684a0011b86215158ac1b0ebc15a0fbf97e43413ff","canCreateRoutes":true,"contractType":"indefinite","driverParams":[],"canReleaseReservations":true,"customParams":[],"enabledRoutes":[],"externalDeviceToken":"f1beb06199a8a7800b761030cc3f609b8baa140321c5876db6394b11f061f36c955a2fd682a2504ba222cd34215b0aeaefeb4fed67e8b05c9bcb3fdf565d1305"},"driverCode":"753","drivers":[],"vehicleId":"6553b81315e27f4db2b45935","busCode":"ABCD12","startCapacity":5,"routeId":"67f54b204f2fb30616cab9fe","serviceId":"67f54b346b0ff73689b02046","serviceDate":"2025-04-08T17:13:00.000Z","reservations":[{"waitTime":0,"validated":true,"fromApp":false,"manuallyBooked":false,"joined":false,"approvedByDriver":true,"_id":"67f54b3c6b0ff73689b02096","userId":"65e8e076337a90a35ba6e8dd","seat":"1","stopId":"655d11d88a5a1a1ff0328464"}],"state":"accepted","categories":[],"trail":[],"legs":[{"distance":0,"_id":"67f54b474f2fb30616caba89","type":"service","startedAt":"2025-04-08T16:13:59.243Z","realStartLocation":{"_id":"67f54b474f2fb30616caba8a","lat":-33.3908833,"lon":-70.54620129999999,"loc":[-70.54620129999999,-33.3908833]},"driverId":"6582e724938e4e7b3bcf9f0a","preTripChecklist":[],"customParamsAtStart":[],"customParamsAtTheEnd":[],"realEndLocation":{"_id":"67f54b906b0ff73689b0224c","lat":-72.6071614,"lon":-38.7651863,"loc":[-38.7651863,-72.6071614]},"endedAt":"2025-04-08T16:15:12.913Z"}],"stateHistory":[{"_id":"67f54b396b0ff73689b0206f","state":"pending","date":"2025-04-08T16:13:45.395Z"},{"_id":"67f54b466b0ff73689b020ba","state":"accepted","driverId":"6582e724938e4e7b3bcf9f0a","date":"2025-04-08T16:13:58.431Z"},{"_id":"67f54b466b0ff73689b020bc","state":"accepted","driverId":"6582e724938e4e7b3bcf9f0a","date":"2025-04-08T16:13:58.559Z"},{"_id":"67f54b466b0ff73689b020be","state":"accepted","date":"2025-04-08T16:13:58.584Z"}],"deviceHistory":[],"apportionByCategories":[],"enabledSeats":[{"available":false,"_id":"67f54b396b0ff73689b0206a","seat":"1","userId":"65e8e076337a90a35ba6e8dd"},{"available":false,"_id":"67f54b396b0ff73689b0206b","seat":"2","userId":"65e092afca7842b1032f12e2"},{"available":false,"_id":"67f54b396b0ff73689b0206c","seat":"3","userId":"654a5148bf3e9410d0bcd39a"},{"available":false,"_id":"67f54b396b0ff73689b0206d","seat":"4","userId":"661d508c72418a2e98cf7978"},{"available":true,"_id":"67f54b396b0ff73689b0206e","seat":"5"}],"customParams":[],"customParamsAtTheEnd":[],"preTripChecklist":[],"speedAlerts":[],"deviationAlerts":[],"capacity":1,"superCommunityId":"653fd68233d83952fafcd4be","createdAt":"2025-04-08T16:13:45.395Z","updatedAt":"2025-04-08T16:15:12.955Z","__v":3,"realStartLocation":{"_id":"67f54b474f2fb30616caba88","lat":-33.3908833,"lon":-70.54620129999999,"loc":[-70.54620129999999,-33.3908833]},"startedAt":"2025-04-08T16:13:59.245Z","token":"9459579f5e400e4c479ccfb47945475472307acaf35978f25991c4b58aea48a9b04492c8c35c7c814d223de6dd59217416118e6c76b52814c5c05e26355b4f79","boardings":3,"endedAt":"2025-04-08T16:15:12.913Z","realEndLocation":{"_id":"67f54b906b0ff73689b0224d","lat":-72.6071614,"lon":-38.7651863,"loc":[-38.7651863,-72.6071614]}},"serviceId":"67f54b346b0ff73689b02046","validationString":"2f0b4f05adfb76af092e363dac99333ad0a8f404fa7369787fcc3d9bfb5461414307b87a4f3d67c6f7584485ff86434e731d1f33762cd5ec382c8bdb30b6f8a665e8e076337a90a35ba6e8dd","history":[],"loc":[-70.54616911670284,-33.39073098922399],"latitude":-33.39073098922399,"longitude":-70.54616911670284,"lat":-33.39073098922399,"lon":-70.54616911670284,"stopId":"Alto Las Condes Avenida Presidente Kennedy Lateral, Las Condes, Chile","distance":217.664063494007,"userId":null,"reservationId":"67f54b3c6b0ff73689b02096","communityId":{"_id":"653fd601f90509541a748683","custom":{"validationParams":{"allowMultipleUseValidationCodes":false,"forceMandatoryParams":false,"params":[{"mandatory":false,"check":true,"show":true,"private":false,"internal":false,"options":[],"_id":"679a8dcb62a76232ea554167","name":"rut","description":"Rut","dataType":"rut","isUserStop":false,"validationExpr":""}],"enabled":true}}},"assignedSeat":"1","ticketId":"670e83af96855505c81c4f20","createdAt":"2025-04-08T16:14:02.906Z","updatedAt":"2025-04-08T16:14:02.906Z","__v":0,"user":{"name":"Nico End","custom":{"rut":{"listValue":[],"private":true,"_id":"661d977a9cf93f24956f77f9","key":"rut","value":"169455457"}}},"routeName":"Validaciones Descuento Ticket","routeDescription":"templateRobotTickets","plate":"ABCD12"}]</msg>
<status status="PASS" starttime="20250408 12:15:19.922" endtime="20250408 12:15:19.946"/>
</kw>
<status status="PASS" starttime="20250408 12:15:18.158" endtime="20250408 12:15:19.947"/>
</test>
<test id="s1-t61" name="Delete Route" line="1299">
<kw name="Create Session" library="RequestsLibrary">
<arg>mysesion</arg>
<arg>${STAGE_URL}</arg>
<arg>verify=true</arg>
<doc>Create Session: create a HTTP session to a server</doc>
<msg timestamp="20250408 12:15:19.957" level="INFO">Creating Session using : alias=mysesion, url=https://stage.allrideapp.com, headers={},                     cookies={}, auth=None, timeout=None, proxies=None, verify=True,                     debug=0 </msg>
<status status="PASS" starttime="20250408 12:15:19.956" endtime="20250408 12:15:19.960"/>
</kw>
<kw name="Create Dictionary" library="BuiltIn">
<var>${headers}</var>
<arg>Authorization=${tokenAdmin}</arg>
<arg>Content-Type=application/json</arg>
<doc>Creates and returns a dictionary based on the given ``items``.</doc>
<msg timestamp="20250408 12:15:19.962" level="INFO">${headers} = {'Authorization': 'Bearer 1075c22849d77962ee71d206d1ed0e669fdae4a5c1803952a8843139c899bc7c843bd52c13eb445ae83eed09c7ac47c61ee46d85294a5cc0f229260484bab0a6', 'Content-Type': 'application/json'}</msg>
<status status="PASS" starttime="20250408 12:15:19.961" endtime="20250408 12:15:19.963"/>
</kw>
<kw name="DELETE On Session" library="RequestsLibrary">
<var>${response}</var>
<arg>mysesion</arg>
<arg>url=/api/v1/admin/pb/routes/${scheduleId}?community=653fd601f90509541a748683</arg>
<arg>data={}</arg>
<arg>headers=${headers}</arg>
<doc>Sends a DELETE request on a previously created HTTP Session.</doc>
<msg timestamp="20250408 12:15:20.535" level="INFO">DELETE Request : url=https://stage.allrideapp.com/api/v1/admin/pb/routes/67f54b204f2fb30616cab9fe?community=653fd601f90509541a748683 
 path_url=/api/v1/admin/pb/routes/67f54b204f2fb30616cab9fe?community=653fd601f90509541a748683 
 headers={'User-Agent': 'python-requests/2.32.3', 'Accept-Encoding': 'gzip, deflate', 'Accept': '*/*', 'Connection': 'keep-alive', 'Authorization': 'Bearer 1075c22849d77962ee71d206d1ed0e669fdae4a5c1803952a8843139c899bc7c843bd52c13eb445ae83eed09c7ac47c61ee46d85294a5cc0f229260484bab0a6', 'Content-Type': 'application/json', 'Content-Length': '2'} 
 body={} 
 </msg>
<msg timestamp="20250408 12:15:20.535" level="INFO">DELETE Response : url=https://stage.allrideapp.com/api/v1/admin/pb/routes/67f54b204f2fb30616cab9fe?community=653fd601f90509541a748683 
 status=200, reason=OK 
 headers={'Date': 'Tue, 08 Apr 2025 16:15:21 GMT', 'Content-Type': 'application/json; charset=utf-8', 'Transfer-Encoding': 'chunked', 'Connection': 'keep-alive', 'Server': 'nginx', 'X-DNS-Prefetch-Control': 'off', 'X-Frame-Options': 'SAMEORIGIN', 'Strict-Transport-Security': 'max-age=15552000; includeSubDomains', 'X-Download-Options': 'noopen', 'X-Content-Type-Options': 'nosniff', 'X-XSS-Protection': '1; mode=block', 'Access-Control-Allow-Origin': '*', 'X-RateLimit-Limit': '200', 'X-RateLimit-Remaining': '194', 'X-RateLimit-Reset': '1744128959', 'ETag': 'W/"3c9a-hk+dNbHBsx/Pg8dbdau4vp1y9KU"', 'Content-Encoding': 'gzip'} 
 body={"trail":{"enabled":false,"adjustByRounds":false},"rounds":{"enabled":false,"anchorStops":[]},"notifyUsersByStop":{"sendTo":{"emails":[],"adminLevels":[],"roleIds":[]},"enabled":false},"notifyUnboardedPassengers":{"sendTo":{"emails":[],"adminLevels":[],"roleIds":[]},"enabled":false},"notifyPassengersWithoutReservation":{"sendTo":{"emails":[],"adminLevels":[],"roleIds":[]},"enabled":false},"notifySkippedStop":{"sendTo":{"emails":[],"adminLevels":[],"roleIds":[]},"enabled":false},"excludePassengers":{"active":false,"excludeType":"dontHide"},"scheduling":{"lateNotification":{"enabled":false,"amount":0,"unit":"minutes"},"stopNotification":{"enabled":false,"amount":0,"unit":"minutes"},"startLimit":{"upperLimit":{"amount":60,"unit":"minutes"},"lowerLimit":{"amount":30,"unit":"minutes"}},"notifyAdmins":{"fullService":{"sendTo":{"emails":[],"adminLevels":[],"roleIds":[]},"enabled":false},"serviceCanceled":{"sendTo":{"emails":[],"adminLevels":[],"roleIds":[]},"enabled":false}},"enabled":true,"stopOnReservation":true,"limitUnit":"minutes","limitAmount":30,"schedule":[{"capped":{"enabled":false,"capacity":0},"restrictPassengers":{"validation":{"enabled":false,"conditional":"or","parameters":[],"parameter":[]},"reservation":{"enabled":false,"conditional":"or","parameters":[],"parameter":[]},"visibility":{"enabled":false,"conditional":"or","parameters":[],"parameter":[]},"enabled":false},"reservations":{"enabled":false,"list":[]},"enabled":true,"_id":"67f54b204f2fb30616caba06","day":"tue","time":"13:13","estimatedArrival":null,"stopSchedule":[],"vehicleCategoryId":null,"defaultResources":[]}],"restrictions":{"customParams":{"enabled":false,"params":[]},"_id":"67f54b204f2fb30616caba07"}},"rating":{"enabled":false,"withValidation":false},"endDepartureNotice":{"enabled":false,"lastStop":null},"restrictPassengers":{"validation":{"enabled":false,"conditional":"or","parameters":[]},"reservation":{"enabled":false,"conditional":"or","parameters":[]},"visibility":{"enabled":false,"conditional":"or","excludes":false,"parameters":[]},"enabled":false},"snapshots":{"enabled":false},"validationParams":{"driverParams":[],"passengerParams":[]},"canResume":{"timeLimit":{"enabled":false,"amount":5,"unit":"minutes"},"enabled":false},"departureHourFulfillment":{"enabled":false,"ranges":[]},"arrivalHourFulfillment":{"enabled":false,"ranges":[]},"validateDeparture":{"enabled":false},"minimumConfirmationTime":{"enabled":false,"amount":1,"unit":"hours"},"minimumTimeToForceDeparture":{"enabled":false,"amount":5,"unit":"minutes"},"endServiceLegAutomatically":{"estimatedDuration":{"byTime":{"unit":"minutes"}},"timer":{"amount":5,"unit":"minutes"},"distance":100},"codeValidationOptions":{"type":"qr","failureMessage":"Solo puedes presentar el código de AllRide o de tu cédula de identidad.","showRejected":true},"DNIValidation":{"enabled":false,"options":["qr"]},"validation":{"external":[]},"assistantIds":[],"superCommunities":["653fd68233d83952fafcd4be"],"communities":["653fd601f90509541a748683"],"active":false,"visible":true,"internal":false,"anchorStops":["655d11d88a5a1a1ff0328466","655d11d88a5a1a1ff0328464"],"isStatic":false,"labels":[],"hasExternalGPS":false,"hasCapacity":true,"hasBeacons":true,"hasRounds":false,"hasBoardingCount":false,"hasUnboardingCount":false,"usesBusCode":false,"usesVehicleList":true,"dynamicSeatAssignment":true,"usesDriverCode":false,"usesDriverPin":false,"usesTickets":true,"usesPasses":false,"usesTextToSpeech":false,"allowsManualValidation":true,"allowsRating":false,"allowsOnlyExistingDrivers":false,"allowsMultipleDrivers":false,"allowsDebugging":false,"startsOnStop":false,"notNearStop":false,"allowsNonServiceSnapshots":false,"allowsServiceSnapshots":false,"allowsDistance":false,"usesOfflineCount":false,"hasBoardings":true,"hasUnboardings":true,"usesManualSeat":true,"noPassengerInfo":false,"showParable":false,"showStops":true,"allowGenericVehicles":true,"usesVehicleQRLink":false,"skipDeclaration":false,"skipQRValidation":false,"assistantAssignsSeat":true,"hasBarrier":false,"_id":"67f54b204f2fb30616cab9fe","name":"Validaciones Descuento Ticket","shapeId":"65ef21aa6f1c17c2eeeb5f98","description":"templateRobotTickets","extraInfo":"","color":"502929","legOptions":[],"ownerIds":[{"_id":"67f54b204f2fb30616caba03","id":"653fd601f90509541a748683","role":"community"}],"segments":[{"_id":"67f54b4a4f2fb30616cabaaf","position":1,"distance":66.45425502654004,"lat":-33.390440000000005,"lon":-70.54458000000001,"loc":[-70.54458000000001,-33.390440000000005]},{"_id":"67f54b4a4f2fb30616cabab0","position":2,"distance":179.17495142181278,"lat":-33.391400000000004,"lon":-70.54419,"loc":[-70.54419,-33.391400000000004]},{"_id":"67f54b4a4f2fb30616cabab1","position":3,"distance":235.9456040215147,"lat":-33.3918,"lon":-70.54381000000001,"loc":[-70.54381000000001,-33.3918]},{"_id":"67f54b4a4f2fb30616cabab2","position":4,"distance":318.85344448130417,"lat":-33.392320000000005,"lon":-70.54317,"loc":[-70.54317,-33.392320000000005]},{"_id":"67f54b4a4f2fb30616cabab3","position":5,"distance":318.85344448130417,"lat":-33.392320000000005,"lon":-70.54317,"loc":[-70.54317,-33.392320000000005]},{"_id":"67f54b4a4f2fb30616cabab4","position":6,"distance":374.60549726913854,"lat":-33.39267,"lon":-70.54360000000001,"loc":[-70.54360000000001,-33.39267]},{"_id":"67f54b4a4f2fb30616cabab5","position":7,"distance":442.5520402206282,"lat":-33.393100000000004,"lon":-70.54412,"loc":[-70.54412,-33.393100000000004]},{"_id":"67f54b4a4f2fb30616cabab6","position":8,"distance":485.31400862345225,"lat":-33.393350000000005,"lon":-70.54447,"loc":[-70.54447,-33.393350000000005]},{"_id":"67f54b4a4f2fb30616cabab7","position":9,"distance":611.6057705932019,"lat":-33.39412,"lon":-70.54547000000001,"loc":[-70.54547000000001,-33.39412]},{"_id":"67f54b4a4f2fb30616cabab8","position":10,"distance":664.3460425164694,"lat":-33.394360000000006,"lon":-70.54596000000001,"loc":[-70.54596000000001,-33.394360000000006]},{"_id":"67f54b4a4f2fb30616cabab9","position":11,"distance":716.3069136909899,"lat":-33.39457,"lon":-70.54646000000001,"loc":[-70.54646000000001,-33.39457]},{"_id":"67f54b4a4f2fb30616cababa","position":12,"distance":751.8700838415805,"lat":-33.3947,"lon":-70.54681000000001,"loc":[-70.54681000000001,-33.3947]},{"_id":"67f54b4a4f2fb30616cababb","position":13,"distance":857.2890337131593,"lat":-33.39504,"lon":-70.54787,"loc":[-70.54787,-33.39504]},{"_id":"67f54b4a4f2fb30616cababc","position":14,"distance":897.1377826292556,"lat":-33.39517,"lon":-70.54827,"loc":[-70.54827,-33.39517]},{"_id":"67f54b4a4f2fb30616cababd","position":15,"distance":951.822808519634,"lat":-33.395430000000005,"lon":-70.54877,"loc":[-70.54877,-33.395430000000005]},{"_id":"67f54b4a4f2fb30616cababe","position":16,"distance":1022.6529342172724,"lat":-33.395880000000005,"lon":-70.54931,"loc":[-70.54931,-33.395880000000005]},{"_id":"67f54b4a4f2fb30616cababf","position":17,"distance":1229.509223602494,"lat":-33.397360000000006,"lon":-70.55066000000001,"loc":[-70.55066000000001,-33.397360000000006]},{"_id":"67f54b4a4f2fb30616cabac0","position":18,"distance":1354.0558610873222,"lat":-33.39824,"lon":-70.55149,"loc":[-70.55149,-33.39824]},{"_id":"67f54b4a4f2fb30616cabac1","position":19,"distance":1383.3196977172574,"lat":-33.398450000000004,"lon":-70.55168,"loc":[-70.55168,-33.398450000000004]},{"_id":"67f54b4a4f2fb30616cabac2","position":20,"distance":1434.296524372645,"lat":-33.398810000000005,"lon":-70.55202,"loc":[-70.55202,-33.398810000000005]},{"_id":"67f54b4a4f2fb30616cabac3","position":21,"distance":1478.6114178506768,"lat":-33.39912,"lon":-70.55232000000001,"loc":[-70.55232000000001,-33.39912]},{"_id":"67f54b4a4f2fb30616cabac4","position":22,"distance":1518.005826479858,"lat":-33.3994,"lon":-70.55258,"loc":[-70.55258,-33.3994]},{"_id":"67f54b4a4f2fb30616cabac5","position":23,"distance":1553.6309120009466,"lat":-33.39965,"lon":-70.55282000000001,"loc":[-70.55282000000001,-33.39965]},{"_id":"67f54b4a4f2fb30616cabac6","position":24,"distance":1593.7733129182643,"lat":-33.399910000000006,"lon":-70.55312,"loc":[-70.55312,-33.399910000000006]},{"_id":"67f54b4a4f2fb30616cabac7","position":25,"distance":1632.9764404383623,"lat":-33.400130000000004,"lon":-70.55345000000001,"loc":[-70.55345000000001,-33.400130000000004]},{"_id":"67f54b4a4f2fb30616cabac8","position":26,"distance":1738.474896696409,"lat":-33.40072,"lon":-70.55434000000001,"loc":[-70.55434000000001,-33.40072]},{"_id":"67f54b4a4f2fb30616cabac9","position":27,"distance":1777.673033164621,"lat":-33.40095,"lon":-70.55466000000001,"loc":[-70.55466000000001,-33.40095]},{"_id":"67f54b4a4f2fb30616cabaca","position":28,"distance":1809.815798065564,"lat":-33.40115,"lon":-70.55491,"loc":[-70.55491,-33.40115]},{"_id":"67f54b4a4f2fb30616cabacb","position":29,"distance":1832.7774542089473,"lat":-33.401300000000006,"lon":-70.55508,"loc":[-70.55508,-33.401300000000006]},{"_id":"67f54b4a4f2fb30616cabacc","position":30,"distance":1857.7014654130626,"lat":-33.40148,"lon":-70.55524000000001,"loc":[-70.55524000000001,-33.40148]},{"_id":"67f54b4a4f2fb30616cabacd","position":31,"distance":1871.0728377502157,"lat":-33.40158,"lon":-70.55532000000001,"loc":[-70.55532000000001,-33.40158]},{"_id":"67f54b4a4f2fb30616cabace","position":32,"distance":1892.570690737771,"lat":-33.401740000000004,"lon":-70.55545000000001,"loc":[-70.55545000000001,-33.401740000000004]},{"_id":"67f54b4a4f2fb30616cabacf","position":33,"distance":1924.088458822758,"lat":-33.401990000000005,"lon":-70.55561,"loc":[-70.55561,-33.401990000000005]},{"_id":"67f54b4a4f2fb30616cabad0","position":34,"distance":2015.6657188701308,"lat":-33.40276,"lon":-70.55596,"loc":[-70.55596,-33.40276]},{"_id":"67f54b4a4f2fb30616cabad1","position":35,"distance":2141.705125880503,"lat":-33.403800000000004,"lon":-70.5565,"loc":[-70.5565,-33.403800000000004]},{"_id":"67f54b4a4f2fb30616cabad2","position":36,"distance":2172.708505453443,"lat":-33.40404,"lon":-70.55667000000001,"loc":[-70.55667000000001,-33.40404]},{"_id":"67f54b4a4f2fb30616caba... (set the log level to DEBUG or TRACE to see the full content) 
 </msg>
<msg timestamp="20250408 12:15:20.536" level="INFO">${response} = &lt;Response [200]&gt;</msg>
<status status="PASS" starttime="20250408 12:15:19.967" endtime="20250408 12:15:20.536"/>
</kw>
<kw name="Convert To String" library="BuiltIn">
<var>${code}</var>
<arg>${response.status_code}</arg>
<doc>Converts the given item to a Unicode string.</doc>
<msg timestamp="20250408 12:15:20.541" level="INFO">${code} = 200</msg>
<status status="PASS" starttime="20250408 12:15:20.537" endtime="20250408 12:15:20.541"/>
</kw>
<kw name="Status Should Be" library="RequestsLibrary">
<arg>200</arg>
<doc>Fails if response status code is different than the expected.</doc>
<status status="PASS" starttime="20250408 12:15:20.542" endtime="20250408 12:15:20.542"/>
</kw>
<kw name="Log" library="BuiltIn">
<arg>${code}</arg>
<doc>Logs the given message with the given level.</doc>
<msg timestamp="20250408 12:15:20.543" level="INFO">200</msg>
<status status="PASS" starttime="20250408 12:15:20.543" endtime="20250408 12:15:20.545"/>
</kw>
<kw name="Sleep" library="BuiltIn">
<arg>5s</arg>
<doc>Pauses the test executed for the given time.</doc>
<msg timestamp="20250408 12:15:25.549" level="INFO">Slept 5 seconds</msg>
<status status="PASS" starttime="20250408 12:15:20.547" endtime="20250408 12:15:25.549"/>
</kw>
<status status="PASS" starttime="20250408 12:15:19.954" endtime="20250408 12:15:25.549"/>
</test>
<status status="FAIL" starttime="20250408 12:13:07.299" endtime="20250408 12:15:25.550"/>
</suite>
<statistics>
<total>
<stat pass="56" fail="1" skip="4">All Tests</stat>
</total>
<tag>
</tag>
<suite>
<stat pass="56" fail="1" skip="4" id="s1" name="scheduledWIthTickets">scheduledWIthTickets</stat>
</suite>
</statistics>
<errors>
</errors>
</robot>
