<?xml version="1.0" encoding="UTF-8"?>
<robot generator="Robot 6.1.1 (Python 3.10.12 on win32)" generated="20250528 18:16:03.456" rpa="false" schemaversion="4">
<suite id="s1" name="assistantNoWC" source="c:\Users\UsuarioCompuElite\Documents\GitHub\Respaldo\AllRide Test Cases\Test Cases\Auxiliar\assistantNoWC.robot">
<test id="s1-t1" name="Set Date Variables" line="15">
<kw name="Get Current Date" library="DateTime">
<var>${fecha_hoy}</var>
<arg>result_format=%Y-%m-%d</arg>
<doc>Returns current local or UTC time with an optional increment.</doc>
<msg timestamp="20250528 18:16:03.886" level="INFO">${fecha_hoy} = 2025-05-28</msg>
<status status="PASS" starttime="20250528 18:16:03.886" endtime="20250528 18:16:03.888"/>
</kw>
<kw name="Set Global Variable" library="BuiltIn">
<arg>${fecha_hoy}</arg>
<doc>Makes a variable available globally in all tests and suites.</doc>
<msg timestamp="20250528 18:16:03.888" level="INFO">${fecha_hoy} = 2025-05-28</msg>
<status status="PASS" starttime="20250528 18:16:03.888" endtime="20250528 18:16:03.888"/>
</kw>
<kw name="Add Time To Date" library="DateTime">
<var>${fecha_manana}</var>
<arg>${fecha_hoy}</arg>
<arg>1 days</arg>
<arg>result_format=%Y-%m-%d</arg>
<doc>Adds time to date and returns the resulting date.</doc>
<msg timestamp="20250528 18:16:03.892" level="INFO">${fecha_manana} = 2025-05-29</msg>
<status status="PASS" starttime="20250528 18:16:03.890" endtime="20250528 18:16:03.892"/>
</kw>
<kw name="Set Global Variable" library="BuiltIn">
<arg>${fecha_manana}</arg>
<doc>Makes a variable available globally in all tests and suites.</doc>
<msg timestamp="20250528 18:16:03.892" level="INFO">${fecha_manana} = 2025-05-29</msg>
<status status="PASS" starttime="20250528 18:16:03.892" endtime="20250528 18:16:03.893"/>
</kw>
<kw name="Add Time To Date" library="DateTime">
<var>${fecha_pasado_manana}</var>
<arg>${fecha_hoy}</arg>
<arg>2 days</arg>
<arg>result_format=%Y-%m-%d</arg>
<doc>Adds time to date and returns the resulting date.</doc>
<msg timestamp="20250528 18:16:03.893" level="INFO">${fecha_pasado_manana} = 2025-05-30</msg>
<status status="PASS" starttime="20250528 18:16:03.893" endtime="20250528 18:16:03.893"/>
</kw>
<kw name="Set Global Variable" library="BuiltIn">
<arg>${fecha_pasado_manana}</arg>
<doc>Makes a variable available globally in all tests and suites.</doc>
<msg timestamp="20250528 18:16:03.894" level="INFO">${fecha_pasado_manana} = 2025-05-30</msg>
<status status="PASS" starttime="20250528 18:16:03.893" endtime="20250528 18:16:03.894"/>
</kw>
<kw name="Add Time To Date" library="DateTime">
<var>${fecha_pasado_pasado_manana}</var>
<arg>${fecha_hoy}</arg>
<arg>3 days</arg>
<arg>result_format=%Y-%m-%d</arg>
<doc>Adds time to date and returns the resulting date.</doc>
<msg timestamp="20250528 18:16:03.894" level="INFO">${fecha_pasado_pasado_manana} = 2025-05-31</msg>
<status status="PASS" starttime="20250528 18:16:03.894" endtime="20250528 18:16:03.894"/>
</kw>
<kw name="Set Global Variable" library="BuiltIn">
<arg>${fecha_pasado_pasado_manana}</arg>
<doc>Makes a variable available globally in all tests and suites.</doc>
<msg timestamp="20250528 18:16:03.895" level="INFO">${fecha_pasado_pasado_manana} = 2025-05-31</msg>
<status status="PASS" starttime="20250528 18:16:03.895" endtime="20250528 18:16:03.895"/>
</kw>
<kw name="Convert Date" library="DateTime">
<var>${dia_actual}</var>
<arg>${fecha_hoy}</arg>
<arg>result_format=%a</arg>
<doc>Converts between supported `date formats`.</doc>
<msg timestamp="20250528 18:16:03.896" level="INFO">${dia_actual} = Wed</msg>
<status status="PASS" starttime="20250528 18:16:03.895" endtime="20250528 18:16:03.896"/>
</kw>
<kw name="Set Variable" library="BuiltIn">
<var>${dia_actual_lower}</var>
<arg>${dia_actual.lower()}</arg>
<doc>Returns the given values which can then be assigned to a variables.</doc>
<msg timestamp="20250528 18:16:03.897" level="INFO">${dia_actual_lower} = wed</msg>
<status status="PASS" starttime="20250528 18:16:03.896" endtime="20250528 18:16:03.897"/>
</kw>
<kw name="Set Variable" library="BuiltIn">
<var>${arrival_date}</var>
<arg>${fecha_manana}T01:00:00.000Z</arg>
<doc>Returns the given values which can then be assigned to a variables.</doc>
<msg timestamp="20250528 18:16:03.898" level="INFO">${arrival_date} = 2025-05-29T01:00:00.000Z</msg>
<status status="PASS" starttime="20250528 18:16:03.898" endtime="20250528 18:16:03.898"/>
</kw>
<kw name="Set Global Variable" library="BuiltIn">
<arg>${arrival_date}</arg>
<doc>Makes a variable available globally in all tests and suites.</doc>
<msg timestamp="20250528 18:16:03.899" level="INFO">${arrival_date} = 2025-05-29T01:00:00.000Z</msg>
<status status="PASS" starttime="20250528 18:16:03.898" endtime="20250528 18:16:03.899"/>
</kw>
<kw name="Set Variable" library="BuiltIn">
<var>${r_estimated_arrival1}</var>
<arg>${fecha_manana}T14:45:57.000Z</arg>
<doc>Returns the given values which can then be assigned to a variables.</doc>
<msg timestamp="20250528 18:16:03.899" level="INFO">${r_estimated_arrival1} = 2025-05-29T14:45:57.000Z</msg>
<status status="PASS" starttime="20250528 18:16:03.899" endtime="20250528 18:16:03.899"/>
</kw>
<kw name="Set Global Variable" library="BuiltIn">
<arg>${r_estimated_arrival1}</arg>
<doc>Makes a variable available globally in all tests and suites.</doc>
<msg timestamp="20250528 18:16:03.899" level="INFO">${r_estimated_arrival1} = 2025-05-29T14:45:57.000Z</msg>
<status status="PASS" starttime="20250528 18:16:03.899" endtime="20250528 18:16:03.899"/>
</kw>
<kw name="Set Variable" library="BuiltIn">
<var>${service_date}</var>
<arg>${fecha_manana}T00:25:29.000Z</arg>
<doc>Returns the given values which can then be assigned to a variables.</doc>
<msg timestamp="20250528 18:16:03.900" level="INFO">${service_date} = 2025-05-29T00:25:29.000Z</msg>
<status status="PASS" starttime="20250528 18:16:03.900" endtime="20250528 18:16:03.900"/>
</kw>
<kw name="Set Global Variable" library="BuiltIn">
<arg>${service_date}</arg>
<doc>Makes a variable available globally in all tests and suites.</doc>
<msg timestamp="20250528 18:16:03.900" level="INFO">${service_date} = 2025-05-29T00:25:29.000Z</msg>
<status status="PASS" starttime="20250528 18:16:03.900" endtime="20250528 18:16:03.900"/>
</kw>
<kw name="Set Variable" library="BuiltIn">
<var>${modified_arrival_date}</var>
<arg>${fecha_manana}T01:00:00.000Z</arg>
<doc>Returns the given values which can then be assigned to a variables.</doc>
<msg timestamp="20250528 18:16:03.901" level="INFO">${modified_arrival_date} = 2025-05-29T01:00:00.000Z</msg>
<status status="PASS" starttime="20250528 18:16:03.901" endtime="20250528 18:16:03.901"/>
</kw>
<kw name="Set Global Variable" library="BuiltIn">
<arg>${modified_arrival_date}</arg>
<doc>Makes a variable available globally in all tests and suites.</doc>
<msg timestamp="20250528 18:16:03.903" level="INFO">${modified_arrival_date} = 2025-05-29T01:00:00.000Z</msg>
<status status="PASS" starttime="20250528 18:16:03.901" endtime="20250528 18:16:03.903"/>
</kw>
<kw name="Set Variable" library="BuiltIn">
<var>${r_modified_estimated_arrival}</var>
<arg>${fecha_pasado_manana}T14:45:57.000Z</arg>
<doc>Returns the given values which can then be assigned to a variables.</doc>
<msg timestamp="20250528 18:16:03.903" level="INFO">${r_modified_estimated_arrival} = 2025-05-30T14:45:57.000Z</msg>
<status status="PASS" starttime="20250528 18:16:03.903" endtime="20250528 18:16:03.904"/>
</kw>
<kw name="Set Global Variable" library="BuiltIn">
<arg>${r_modified_estimated_arrival}</arg>
<doc>Makes a variable available globally in all tests and suites.</doc>
<msg timestamp="20250528 18:16:03.904" level="INFO">${r_modified_estimated_arrival} = 2025-05-30T14:45:57.000Z</msg>
<status status="PASS" starttime="20250528 18:16:03.904" endtime="20250528 18:16:03.904"/>
</kw>
<kw name="Set Variable" library="BuiltIn">
<var>${modified_service_date}</var>
<arg>${fecha_manana}T00:25:29.000Z</arg>
<doc>Returns the given values which can then be assigned to a variables.</doc>
<msg timestamp="20250528 18:16:03.905" level="INFO">${modified_service_date} = 2025-05-29T00:25:29.000Z</msg>
<status status="PASS" starttime="20250528 18:16:03.905" endtime="20250528 18:16:03.905"/>
</kw>
<kw name="Set Global Variable" library="BuiltIn">
<arg>${modified_service_date}</arg>
<doc>Makes a variable available globally in all tests and suites.</doc>
<msg timestamp="20250528 18:16:03.905" level="INFO">${modified_service_date} = 2025-05-29T00:25:29.000Z</msg>
<status status="PASS" starttime="20250528 18:16:03.905" endtime="20250528 18:16:03.905"/>
</kw>
<kw name="Set Variable" library="BuiltIn">
<var>${service_date_20min}</var>
<arg>${fecha_manana}T00:20:00.000Z</arg>
<doc>Returns the given values which can then be assigned to a variables.</doc>
<msg timestamp="20250528 18:16:03.906" level="INFO">${service_date_20min} = 2025-05-29T00:20:00.000Z</msg>
<status status="PASS" starttime="20250528 18:16:03.905" endtime="20250528 18:16:03.906"/>
</kw>
<kw name="Set Global Variable" library="BuiltIn">
<arg>${service_date_20min}</arg>
<doc>Makes a variable available globally in all tests and suites.</doc>
<msg timestamp="20250528 18:16:03.907" level="INFO">${service_date_20min} = 2025-05-29T00:20:00.000Z</msg>
<status status="PASS" starttime="20250528 18:16:03.906" endtime="20250528 18:16:03.907"/>
</kw>
<kw name="Set Variable" library="BuiltIn">
<var>${service_date_22min}</var>
<arg>${fecha_manana}T00:47:00.000Z</arg>
<doc>Returns the given values which can then be assigned to a variables.</doc>
<msg timestamp="20250528 18:16:03.907" level="INFO">${service_date_22min} = 2025-05-29T00:47:00.000Z</msg>
<status status="PASS" starttime="20250528 18:16:03.907" endtime="20250528 18:16:03.907"/>
</kw>
<kw name="Set Global Variable" library="BuiltIn">
<arg>${service_date_22min}</arg>
<doc>Makes a variable available globally in all tests and suites.</doc>
<msg timestamp="20250528 18:16:03.909" level="INFO">${service_date_22min} = 2025-05-29T00:47:00.000Z</msg>
<status status="PASS" starttime="20250528 18:16:03.909" endtime="20250528 18:16:03.909"/>
</kw>
<kw name="Set Variable" library="BuiltIn">
<var>${start_date}</var>
<arg>${fecha_manana}T03:00:00.000Z</arg>
<doc>Returns the given values which can then be assigned to a variables.</doc>
<msg timestamp="20250528 18:16:03.910" level="INFO">${start_date} = 2025-05-29T03:00:00.000Z</msg>
<status status="PASS" starttime="20250528 18:16:03.909" endtime="20250528 18:16:03.910"/>
</kw>
<kw name="Set Global Variable" library="BuiltIn">
<arg>${start_date}</arg>
<doc>Makes a variable available globally in all tests and suites.</doc>
<msg timestamp="20250528 18:16:03.911" level="INFO">${start_date} = 2025-05-29T03:00:00.000Z</msg>
<status status="PASS" starttime="20250528 18:16:03.910" endtime="20250528 18:16:03.911"/>
</kw>
<kw name="Set Variable" library="BuiltIn">
<var>${end_date_4weeks}</var>
<arg>2023-12-30T02:59:59.999Z</arg>
<doc>Returns the given values which can then be assigned to a variables.</doc>
<msg timestamp="20250528 18:16:03.911" level="INFO">${end_date_4weeks} = 2023-12-30T02:59:59.999Z</msg>
<status status="PASS" starttime="20250528 18:16:03.911" endtime="20250528 18:16:03.912"/>
</kw>
<kw name="Set Global Variable" library="BuiltIn">
<arg>${end_date_4weeks}</arg>
<doc>Makes a variable available globally in all tests and suites.</doc>
<msg timestamp="20250528 18:16:03.912" level="INFO">${end_date_4weeks} = 2023-12-30T02:59:59.999Z</msg>
<status status="PASS" starttime="20250528 18:16:03.912" endtime="20250528 18:16:03.912"/>
</kw>
<kw name="Set Variable" library="BuiltIn">
<var>${end_date}</var>
<arg>${fecha_pasado_pasado_manana}T03:00:00.000Z</arg>
<doc>Returns the given values which can then be assigned to a variables.</doc>
<msg timestamp="20250528 18:16:03.913" level="INFO">${end_date} = 2025-05-31T03:00:00.000Z</msg>
<status status="PASS" starttime="20250528 18:16:03.913" endtime="20250528 18:16:03.913"/>
</kw>
<kw name="Set Global Variable" library="BuiltIn">
<arg>${end_date}</arg>
<doc>Makes a variable available globally in all tests and suites.</doc>
<msg timestamp="20250528 18:16:03.913" level="INFO">${end_date} = 2025-05-31T03:00:00.000Z</msg>
<status status="PASS" starttime="20250528 18:16:03.913" endtime="20250528 18:16:03.913"/>
</kw>
<kw name="Set Variable" library="BuiltIn">
<var>${end_date_tomorrow}</var>
<arg>${fecha_manana}T03:00:00.000Z</arg>
<doc>Returns the given values which can then be assigned to a variables.</doc>
<msg timestamp="20250528 18:16:03.914" level="INFO">${end_date_tomorrow} = 2025-05-29T03:00:00.000Z</msg>
<status status="PASS" starttime="20250528 18:16:03.914" endtime="20250528 18:16:03.914"/>
</kw>
<kw name="Set Global Variable" library="BuiltIn">
<arg>${end_date_tomorrow}</arg>
<doc>Makes a variable available globally in all tests and suites.</doc>
<msg timestamp="20250528 18:16:03.915" level="INFO">${end_date_tomorrow} = 2025-05-29T03:00:00.000Z</msg>
<status status="PASS" starttime="20250528 18:16:03.914" endtime="20250528 18:16:03.915"/>
</kw>
<kw name="Set Variable" library="BuiltIn">
<var>${schedule_day}</var>
<arg>${dia_actual_lower}</arg>
<doc>Returns the given values which can then be assigned to a variables.</doc>
<msg timestamp="20250528 18:16:03.916" level="INFO">${schedule_day} = wed</msg>
<status status="PASS" starttime="20250528 18:16:03.915" endtime="20250528 18:16:03.916"/>
</kw>
<kw name="Set Global Variable" library="BuiltIn">
<arg>${schedule_day}</arg>
<doc>Makes a variable available globally in all tests and suites.</doc>
<msg timestamp="20250528 18:16:03.916" level="INFO">${schedule_day} = wed</msg>
<status status="PASS" starttime="20250528 18:16:03.916" endtime="20250528 18:16:03.916"/>
</kw>
<kw name="Set Variable" library="BuiltIn">
<var>${start_date_today}</var>
<arg>${fecha_hoy}T03:00:00.000Z</arg>
<doc>Returns the given values which can then be assigned to a variables.</doc>
<msg timestamp="20250528 18:16:03.917" level="INFO">${start_date_today} = 2025-05-28T03:00:00.000Z</msg>
<status status="PASS" starttime="20250528 18:16:03.917" endtime="20250528 18:16:03.917"/>
</kw>
<kw name="Set Global Variable" library="BuiltIn">
<arg>${start_date_today}</arg>
<doc>Makes a variable available globally in all tests and suites.</doc>
<msg timestamp="20250528 18:16:03.918" level="INFO">${start_date_today} = 2025-05-28T03:00:00.000Z</msg>
<status status="PASS" starttime="20250528 18:16:03.917" endtime="20250528 18:16:03.918"/>
</kw>
<kw name="Set Variable" library="BuiltIn">
<var>${today_date}</var>
<arg>${fecha_hoy}</arg>
<doc>Returns the given values which can then be assigned to a variables.</doc>
<msg timestamp="20250528 18:16:03.918" level="INFO">${today_date} = 2025-05-28</msg>
<status status="PASS" starttime="20250528 18:16:03.918" endtime="20250528 18:16:03.918"/>
</kw>
<kw name="Set Global Variable" library="BuiltIn">
<arg>${today_date}</arg>
<doc>Makes a variable available globally in all tests and suites.</doc>
<msg timestamp="20250528 18:16:03.919" level="INFO">${today_date} = 2025-05-28</msg>
<status status="PASS" starttime="20250528 18:16:03.919" endtime="20250528 18:16:03.919"/>
</kw>
<kw name="Set Variable" library="BuiltIn">
<var>${end_date_tomorrow2}</var>
<arg>${fecha_manana}T02:59:59.999Z</arg>
<doc>Returns the given values which can then be assigned to a variables.</doc>
<msg timestamp="20250528 18:16:03.919" level="INFO">${end_date_tomorrow2} = 2025-05-29T02:59:59.999Z</msg>
<status status="PASS" starttime="20250528 18:16:03.919" endtime="20250528 18:16:03.919"/>
</kw>
<kw name="Set Global Variable" library="BuiltIn">
<arg>${end_date_tomorrow}</arg>
<doc>Makes a variable available globally in all tests and suites.</doc>
<msg timestamp="20250528 18:16:03.921" level="INFO">${end_date_tomorrow} = 2025-05-29T03:00:00.000Z</msg>
<status status="PASS" starttime="20250528 18:16:03.921" endtime="20250528 18:16:03.921"/>
</kw>
<kw name="Set Variable" library="BuiltIn">
<var>${expiration_date_qr}</var>
<arg>${fecha_manana}T14:10:37.968Z</arg>
<doc>Returns the given values which can then be assigned to a variables.</doc>
<msg timestamp="20250528 18:16:03.923" level="INFO">${expiration_date_qr} = 2025-05-29T14:10:37.968Z</msg>
<status status="PASS" starttime="20250528 18:16:03.922" endtime="20250528 18:16:03.923"/>
</kw>
<kw name="Set Global Variable" library="BuiltIn">
<arg>${expiration_date_qr}</arg>
<doc>Makes a variable available globally in all tests and suites.</doc>
<msg timestamp="20250528 18:16:03.926" level="INFO">${expiration_date_qr} = 2025-05-29T14:10:37.968Z</msg>
<status status="PASS" starttime="20250528 18:16:03.925" endtime="20250528 18:16:03.926"/>
</kw>
<kw name="Set Variable" library="BuiltIn">
<var>${start_date_tickets}</var>
<arg>${fecha_hoy}T04:00:00.000Z</arg>
<doc>Returns the given values which can then be assigned to a variables.</doc>
<msg timestamp="20250528 18:16:03.927" level="INFO">${start_date_tickets} = 2025-05-28T04:00:00.000Z</msg>
<status status="PASS" starttime="20250528 18:16:03.926" endtime="20250528 18:16:03.927"/>
</kw>
<kw name="Set Global Variable" library="BuiltIn">
<arg>${start_date_tickets}</arg>
<doc>Makes a variable available globally in all tests and suites.</doc>
<msg timestamp="20250528 18:16:03.928" level="INFO">${start_date_tickets} = 2025-05-28T04:00:00.000Z</msg>
<status status="PASS" starttime="20250528 18:16:03.928" endtime="20250528 18:16:03.928"/>
</kw>
<kw name="Set Variable" library="BuiltIn">
<var>${end_date_tickets}</var>
<arg>${fecha_manana}T03:59:59.999Z</arg>
<doc>Returns the given values which can then be assigned to a variables.</doc>
<msg timestamp="20250528 18:16:03.929" level="INFO">${end_date_tickets} = 2025-05-29T03:59:59.999Z</msg>
<status status="PASS" starttime="20250528 18:16:03.929" endtime="20250528 18:16:03.929"/>
</kw>
<kw name="Set Global Variable" library="BuiltIn">
<arg>${end_date_tickets}</arg>
<doc>Makes a variable available globally in all tests and suites.</doc>
<msg timestamp="20250528 18:16:03.930" level="INFO">${end_date_tickets} = 2025-05-29T03:59:59.999Z</msg>
<status status="PASS" starttime="20250528 18:16:03.930" endtime="20250528 18:16:03.930"/>
</kw>
<status status="PASS" starttime="20250528 18:16:03.885" endtime="20250528 18:16:03.931"/>
</test>
<test id="s1-t2" name="1 hours local" line="69">
<kw name="Get Current Date" library="DateTime">
<var>${date}</var>
<arg>time_zone=local</arg>
<arg>exclude_millis=yes</arg>
<doc>Returns current local or UTC time with an optional increment.</doc>
<msg timestamp="20250528 18:16:03.932" level="INFO">${date} = 2025-05-28 18:16:04</msg>
<status status="PASS" starttime="20250528 18:16:03.932" endtime="20250528 18:16:03.932"/>
</kw>
<kw name="Convert Date" library="DateTime">
<var>${formatted_date}</var>
<arg>${date}</arg>
<arg>result_format=%H:%M:%S</arg>
<doc>Converts between supported `date formats`.</doc>
<msg timestamp="20250528 18:16:03.934" level="INFO">${formatted_date} = 18:16:04</msg>
<status status="PASS" starttime="20250528 18:16:03.933" endtime="20250528 18:16:03.934"/>
</kw>
<kw name="Log" library="BuiltIn">
<arg>Hora Actual: ${formatted_date}</arg>
<doc>Logs the given message with the given level.</doc>
<msg timestamp="20250528 18:16:03.934" level="INFO">Hora Actual: 18:16:04</msg>
<status status="PASS" starttime="20250528 18:16:03.934" endtime="20250528 18:16:03.935"/>
</kw>
<kw name="Add Time To Date" library="DateTime">
<var>${one_hour_later}</var>
<arg>${date}</arg>
<arg>1 hour</arg>
<doc>Adds time to date and returns the resulting date.</doc>
<msg timestamp="20250528 18:16:03.936" level="INFO">${one_hour_later} = 2025-05-28 19:16:04.000</msg>
<status status="PASS" starttime="20250528 18:16:03.935" endtime="20250528 18:16:03.936"/>
</kw>
<kw name="Convert Date" library="DateTime">
<var>${formatted_one_hour_later}</var>
<arg>${one_hour_later}</arg>
<arg>result_format=%H:%M</arg>
<doc>Converts between supported `date formats`.</doc>
<msg timestamp="20250528 18:16:03.937" level="INFO">${formatted_one_hour_later} = 19:16</msg>
<status status="PASS" starttime="20250528 18:16:03.936" endtime="20250528 18:16:03.937"/>
</kw>
<kw name="Log" library="BuiltIn">
<arg>Hora Actual + 1 hora: ${formatted_one_hour_later}</arg>
<doc>Logs the given message with the given level.</doc>
<msg timestamp="20250528 18:16:03.938" level="INFO">Hora Actual + 1 hora: 19:16</msg>
<status status="PASS" starttime="20250528 18:16:03.937" endtime="20250528 18:16:03.938"/>
</kw>
<kw name="Set Global Variable" library="BuiltIn">
<arg>${formatted_one_hour_later}</arg>
<doc>Makes a variable available globally in all tests and suites.</doc>
<msg timestamp="20250528 18:16:03.938" level="INFO">${formatted_one_hour_later} = 19:16</msg>
<status status="PASS" starttime="20250528 18:16:03.938" endtime="20250528 18:16:03.938"/>
</kw>
<status status="PASS" starttime="20250528 18:16:03.931" endtime="20250528 18:16:03.940"/>
</test>
<test id="s1-t3" name="Get All users" line="81">
<kw name="Skip" library="BuiltIn">
<doc>Skips the rest of the current test.</doc>
<msg timestamp="20250528 18:16:03.942" level="SKIP">Skipped with Skip keyword.</msg>
<status status="SKIP" starttime="20250528 18:16:03.941" endtime="20250528 18:16:03.942"/>
</kw>
<kw name="Set Variable" library="BuiltIn">
<var>${url}</var>
<arg>url=api/v1/admin/users/listPagination?page=1&amp;pageSize=20&amp;community=6654ae4eba54fe502d4e4187</arg>
<doc>Returns the given values which can then be assigned to a variables.</doc>
<status status="NOT RUN" starttime="20250528 18:16:03.942" endtime="20250528 18:16:03.942"/>
</kw>
<kw name="Create Dictionary" library="BuiltIn">
<var>&amp;{headers}</var>
<arg>Authorization=${tokenAdmin}</arg>
<doc>Creates and returns a dictionary based on the given ``items``.</doc>
<status status="NOT RUN" starttime="20250528 18:16:03.943" endtime="20250528 18:16:03.943"/>
</kw>
<kw name="GET" library="RequestsLibrary">
<var>${response}</var>
<arg>url=${url}</arg>
<arg>headers=${headers}</arg>
<doc>Sends a GET request.</doc>
<status status="NOT RUN" starttime="20250528 18:16:03.943" endtime="20250528 18:16:03.944"/>
</kw>
<kw name="Should Be Equal As Numbers" library="BuiltIn">
<arg>${response.status_code}</arg>
<arg>200</arg>
<doc>Fails if objects are unequal after converting them to real numbers.</doc>
<status status="NOT RUN" starttime="20250528 18:16:03.944" endtime="20250528 18:16:03.944"/>
</kw>
<kw name="Log" library="BuiltIn">
<arg>${response.content}</arg>
<doc>Logs the given message with the given level.</doc>
<status status="NOT RUN" starttime="20250528 18:16:03.945" endtime="20250528 18:16:03.945"/>
</kw>
<kw name="Set Variable" library="BuiltIn">
<var>${userQty}</var>
<arg>${response.json()}[totalItems]</arg>
<doc>Returns the given values which can then be assigned to a variables.</doc>
<status status="NOT RUN" starttime="20250528 18:16:03.945" endtime="20250528 18:16:03.945"/>
</kw>
<kw name="Set Global Variable" library="BuiltIn">
<arg>${userQty}</arg>
<doc>Makes a variable available globally in all tests and suites.</doc>
<status status="NOT RUN" starttime="20250528 18:16:03.946" endtime="20250528 18:16:03.946"/>
</kw>
<status status="SKIP" starttime="20250528 18:16:03.941" endtime="20250528 18:16:03.946">Skipped with Skip keyword.</status>
</test>
<test id="s1-t4" name="Create new service in the selected route" line="99">
<kw name="Create Session" library="RequestsLibrary">
<arg>mysesion</arg>
<arg>${STAGE_URL}</arg>
<arg>verify=true</arg>
<doc>Create Session: create a HTTP session to a server</doc>
<msg timestamp="20250528 18:16:03.948" level="INFO">Creating Session using : alias=mysesion, url=https://stage.allrideapp.com, headers={},                     cookies={}, auth=None, timeout=None, proxies=None, verify=True,                     debug=0 </msg>
<status status="PASS" starttime="20250528 18:16:03.947" endtime="20250528 18:16:03.948"/>
</kw>
<kw name="Create Dictionary" library="BuiltIn">
<var>${headers}</var>
<arg>Authorization=${tokenAdmin}</arg>
<arg>Content-Type=application/json; charset=utf-8</arg>
<doc>Creates and returns a dictionary based on the given ``items``.</doc>
<msg timestamp="20250528 18:16:03.949" level="INFO">${headers} = {'Authorization': 'Bearer 3315049e9db0d3ed3642af0be6c8c913f73700e2c1d04fd318b24b38b0e6ebcfad9f68f47400eab1418adc30bd9eb564b53d6a6d1b0407a89e9a82e6cc0749c8', 'Content-Type': 'application/json; charset=...</msg>
<status status="PASS" starttime="20250528 18:16:03.948" endtime="20250528 18:16:03.949"/>
</kw>
<kw name="PUT On Session" library="RequestsLibrary">
<var>${response}</var>
<arg>mysesion</arg>
<arg>url=https://stage.allrideapp.com/api/v1/admin/pb/routes/${assistantFlowRoute}?community=6654ae4eba54fe502d4e4187</arg>
<arg>data={"_id":"66954794b24db9885e5aed7e","trail":{"enabled":false,"adjustByRounds":false},"rounds":{"enabled":false,"anchorStops":[]},"notifyUsersByStop":{"sendTo":{"destinataries":"admins","emails":[],"adminLevels":[],"roles":[]},"enabled":true},"excludePassengers":{"active":false,"excludeType":"dontHide"},"scheduling":{"enabled":true,"limitUnit":"minutes","limitAmount":30,"lateNotification":{"enabled":false,"amount":0,"unit":"minutes"},"stopNotification":{"enabled":false,"amount":0,"unit":"minutes"},"startLimit":{"upperLimit":{"amount":60,"unit":"minutes"},"lowerLimit":{"amount":30,"unit":"minutes"}},"defaultServiceCost":null,"schedule":[{"enabled":true,"day":"mon","time":"13:00","estimatedArrival":null,"capped":{"enabled":false,"capacity":0},"vehicleCategoryId":null,"restrictPassengers":{"enabled":false,"visibility":{"enabled":false,"excludes":false,"parameters":[]},"reservation":{"enabled":false,"excludes":false,"parameters":[]},"validation":{"enabled":false,"excludes":false,"parameters":[]}},"serviceCost":0,"observations":"","reservations":{"enabled":false,"list":[]},"stopSchedule":[],"defaultResources":[],"_ogIndex":0},{"enabled":true,"day":"mon","time":"14:00","estimatedArrival":null,"capped":{"enabled":false,"capacity":0},"vehicleCategoryId":null,"restrictPassengers":{"enabled":false,"visibility":{"enabled":false,"excludes":false,"parameters":[]},"reservation":{"enabled":false,"excludes":false,"parameters":[]},"validation":{"enabled":false,"excludes":false,"parameters":[]}},"serviceCost":0,"observations":"","reservations":{"enabled":false,"list":[]},"stopSchedule":[],"defaultResources":[],"_ogIndex":1},{"enabled":true,"day":"mon","time":"13:30","estimatedArrival":null,"capped":{"enabled":false,"capacity":0},"vehicleCategoryId":null,"restrictPassengers":{"enabled":false,"visibility":{"enabled":false,"excludes":false,"parameters":[]},"reservation":{"enabled":false,"excludes":false,"parameters":[]},"validation":{"enabled":false,"excludes":false,"parameters":[]}},"serviceCost":0,"observations":"","reservations":{"enabled":false,"list":[]},"stopSchedule":[],"defaultResources":[],"_ogIndex":2},{"enabled":true,"day":"mon","time":"17:00","estimatedArrival":null,"capped":{"enabled":false,"capacity":0},"vehicleCategoryId":null,"restrictPassengers":{"enabled":false,"visibility":{"enabled":false,"excludes":false,"parameters":[]},"reservation":{"enabled":false,"excludes":false,"parameters":[]},"validation":{"enabled":false,"excludes":false,"parameters":[]}},"serviceCost":0,"observations":"","reservations":{"enabled":false,"list":[]},"stopSchedule":[],"defaultResources":[],"_ogIndex":3},{"enabled":true,"day":"mon","time":"17:10","estimatedArrival":null,"capped":{"enabled":false,"capacity":0},"vehicleCategoryId":null,"restrictPassengers":{"enabled":false,"visibility":{"enabled":false,"excludes":false,"parameters":[]},"reservation":{"enabled":false,"excludes":false,"parameters":[]},"validation":{"enabled":false,"excludes":false,"parameters":[]}},"serviceCost":0,"observations":"","reservations":{"enabled":false,"list":[]},"stopSchedule":[],"defaultResources":[],"_ogIndex":4},{"enabled":true,"day":"tue","time":"13:00","estimatedArrival":null,"capped":{"enabled":false,"capacity":0},"vehicleCategoryId":null,"restrictPassengers":{"enabled":false,"visibility":{"enabled":false,"excludes":false,"parameters":[]},"reservation":{"enabled":false,"excludes":false,"parameters":[]},"validation":{"enabled":false,"excludes":false,"parameters":[]}},"serviceCost":0,"observations":"","reservations":{"enabled":false,"list":[]},"stopSchedule":[],"defaultResources":[],"_ogIndex":5},{"enabled":true,"day":"tue","time":"13:15","estimatedArrival":null,"capped":{"enabled":false,"capacity":0},"vehicleCategoryId":null,"restrictPassengers":{"enabled":false,"visibility":{"enabled":false,"excludes":false,"parameters":[]},"reservation":{"enabled":false,"excludes":false,"parameters":[]},"validation":{"enabled":false,"excludes":false,"parameters":[]}},"serviceCost":0,"observations":"","reservations":{"enabled":false,"list":[]},"stopSchedule":[],"defaultResources":[],"_ogIndex":6},{"enabled":true,"day":"tue","time":"13:30","estimatedArrival":null,"capped":{"enabled":false,"capacity":0},"vehicleCategoryId":null,"restrictPassengers":{"enabled":false,"visibility":{"enabled":false,"excludes":false,"parameters":[]},"reservation":{"enabled":false,"excludes":false,"parameters":[]},"validation":{"enabled":false,"excludes":false,"parameters":[]}},"serviceCost":0,"observations":"","reservations":{"enabled":false,"list":[]},"stopSchedule":[],"defaultResources":[],"_ogIndex":7},{"enabled":true,"day":"wed","time":"10:45","estimatedArrival":null,"capped":{"enabled":false,"capacity":0},"vehicleCategoryId":null,"restrictPassengers":{"enabled":false,"visibility":{"enabled":false,"excludes":false,"parameters":[]},"reservation":{"enabled":false,"excludes":false,"parameters":[]},"validation":{"enabled":false,"excludes":false,"parameters":[]}},"serviceCost":0,"observations":"","reservations":{"enabled":false,"list":[]},"stopSchedule":[],"defaultResources":[],"_ogIndex":8},{"enabled":true,"day":"wed","time":"11:15","estimatedArrival":null,"capped":{"enabled":false,"capacity":0},"vehicleCategoryId":null,"restrictPassengers":{"enabled":false,"visibility":{"enabled":false,"excludes":false,"parameters":[]},"reservation":{"enabled":false,"excludes":false,"parameters":[]},"validation":{"enabled":false,"excludes":false,"parameters":[]}},"serviceCost":0,"observations":"","reservations":{"enabled":false,"list":[]},"stopSchedule":[],"defaultResources":[],"_ogIndex":9},{"enabled":true,"day":"wed","time":"12:20","estimatedArrival":null,"capped":{"enabled":false,"capacity":0},"vehicleCategoryId":null,"restrictPassengers":{"enabled":false,"visibility":{"enabled":false,"excludes":false,"parameters":[]},"reservation":{"enabled":false,"excludes":false,"parameters":[]},"validation":{"enabled":false,"excludes":false,"parameters":[]}},"serviceCost":0,"observations":"","reservations":{"enabled":false,"list":[]},"stopSchedule":[],"defaultResources":[],"_ogIndex":10},{"enabled":true,"day":"wed","time":"13:00","estimatedArrival":null,"capped":{"enabled":false,"capacity":0},"vehicleCategoryId":null,"restrictPassengers":{"enabled":false,"visibility":{"enabled":false,"excludes":false,"parameters":[]},"reservation":{"enabled":false,"excludes":false,"parameters":[]},"validation":{"enabled":false,"excludes":false,"parameters":[]}},"serviceCost":0,"observations":"","reservations":{"enabled":false,"list":[]},"stopSchedule":[],"defaultResources":[],"_ogIndex":11},{"enabled":true,"day":"wed","time":"14:10","estimatedArrival":null,"capped":{"enabled":false,"capacity":0},"vehicleCategoryId":null,"restrictPassengers":{"enabled":false,"visibility":{"enabled":false,"excludes":false,"parameters":[]},"reservation":{"enabled":false,"excludes":false,"parameters":[]},"validation":{"enabled":false,"excludes":false,"parameters":[]}},"serviceCost":0,"observations":"","reservations":{"enabled":false,"list":[]},"stopSchedule":[],"defaultResources":[],"_ogIndex":12},{"enabled":true,"day":"wed","time":"17:40","estimatedArrival":null,"capped":{"enabled":false,"capacity":0},"vehicleCategoryId":null,"restrictPassengers":{"enabled":false,"visibility":{"enabled":false,"excludes":false,"parameters":[]},"reservation":{"enabled":false,"excludes":false,"parameters":[]},"validation":{"enabled":false,"excludes":false,"parameters":[]}},"serviceCost":0,"observations":"","reservations":{"enabled":false,"list":[]},"stopSchedule":[],"defaultResources":[],"_ogIndex":13},{"enabled":true,"day":"wed","time":"18:00","estimatedArrival":null,"capped":{"enabled":false,"capacity":0},"vehicleCategoryId":null,"restrictPassengers":{"enabled":false,"visibility":{"enabled":false,"excludes":false,"parameters":[]},"reservation":{"enabled":false,"excludes":false,"parameters":[]},"validation":{"enabled":false,"excludes":false,"parameters":[]}},"serviceCost":0,"observations":"","reservations":{"enabled":false,"list":[]},"stopSchedule":[],"defaultResources":[],"_ogIndex":14},{"enabled":true,"day":"wed","time":"18:30","estimatedArrival":null,"capped":{"enabled":false,"capacity":0},"vehicleCategoryId":null,"restrictPassengers":{"enabled":false,"visibility":{"enabled":false,"excludes":false,"parameters":[]},"reservation":{"enabled":false,"excludes":false,"parameters":[]},"validation":{"enabled":false,"excludes":false,"parameters":[]}},"serviceCost":0,"observations":"","reservations":{"enabled":false,"list":[]},"stopSchedule":[],"defaultResources":[],"_ogIndex":15},{"enabled":true,"day":"thu","time":"11:45","estimatedArrival":null,"capped":{"enabled":false,"capacity":0},"vehicleCategoryId":null,"restrictPassengers":{"enabled":false,"visibility":{"enabled":false,"excludes":false,"parameters":[]},"reservation":{"enabled":false,"excludes":false,"parameters":[]},"validation":{"enabled":false,"excludes":false,"parameters":[]}},"serviceCost":0,"observations":"","reservations":{"enabled":false,"list":[]},"stopSchedule":[],"defaultResources":[],"_ogIndex":16},{"enabled":true,"day":"thu","time":"11:25","estimatedArrival":null,"capped":{"enabled":false,"capacity":0},"vehicleCategoryId":null,"restrictPassengers":{"enabled":false,"visibility":{"enabled":false,"excludes":false,"parameters":[]},"reservation":{"enabled":false,"excludes":false,"parameters":[]},"validation":{"enabled":false,"excludes":false,"parameters":[]}},"serviceCost":0,"observations":"","reservations":{"enabled":false,"list":[]},"stopSchedule":[],"defaultResources":[],"_ogIndex":17},{"enabled":true,"day":"thu","time":"12:15","estimatedArrival":null,"capped":{"enabled":false,"capacity":0},"vehicleCategoryId":null,"restrictPassengers":{"enabled":false,"visibility":{"enabled":false,"excludes":false,"parameters":[]},"reservation":{"enabled":false,"excludes":false,"parameters":[]},"validation":{"enabled":false,"excludes":false,"parameters":[]}},"serviceCost":0,"observations":"","reservations":{"enabled":false,"list":[]},"stopSchedule":[],"defaultResources":[],"_ogIndex":18},{"enabled":true,"day":"thu","time":"13:00","estimatedArrival":null,"capped":{"enabled":false,"capacity":0},"vehicleCategoryId":null,"restrictPassengers":{"enabled":false,"visibility":{"enabled":false,"excludes":false,"parameters":[]},"reservation":{"enabled":false,"excludes":false,"parameters":[]},"validation":{"enabled":false,"excludes":false,"parameters":[]}},"serviceCost":0,"observations":"","reservations":{"enabled":false,"list":[]},"stopSchedule":[],"defaultResources":[],"_ogIndex":19},{"enabled":true,"day":"thu","time":"13:25","estimatedArrival":null,"capped":{"enabled":false,"capacity":0},"vehicleCategoryId":null,"restrictPassengers":{"enabled":false,"visibility":{"enabled":false,"excludes":false,"parameters":[]},"reservation":{"enabled":false,"excludes":false,"parameters":[]},"validation":{"enabled":false,"excludes":false,"parameters":[]}},"serviceCost":0,"observations":"","reservations":{"enabled":false,"list":[]},"stopSchedule":[],"defaultResources":[],"_ogIndex":20},{"enabled":true,"day":"thu","time":"15:40","estimatedArrival":null,"capped":{"enabled":false,"capacity":0},"vehicleCategoryId":null,"restrictPassengers":{"enabled":false,"visibility":{"enabled":false,"excludes":false,"parameters":[]},"reservation":{"enabled":false,"excludes":false,"parameters":[]},"validation":{"enabled":false,"excludes":false,"parameters":[]}},"serviceCost":0,"observations":"","reservations":{"enabled":false,"list":[]},"stopSchedule":[],"defaultResources":[],"_ogIndex":21},{"enabled":true,"day":"thu","time":"16:00","estimatedArrival":null,"capped":{"enabled":false,"capacity":0},"vehicleCategoryId":null,"restrictPassengers":{"enabled":false,"visibility":{"enabled":false,"excludes":false,"parameters":[]},"reservation":{"enabled":false,"excludes":false,"parameters":[]},"validation":{"enabled":false,"excludes":false,"parameters":[]}},"serviceCost":0,"observations":"","reservations":{"enabled":false,"list":[]},"stopSchedule":[],"defaultResources":[],"_ogIndex":22},{"enabled":true,"day":"thu","time":"17:30","estimatedArrival":null,"capped":{"enabled":false,"capacity":0},"vehicleCategoryId":null,"restrictPassengers":{"enabled":false,"visibility":{"enabled":false,"excludes":false,"parameters":[]},"reservation":{"enabled":false,"excludes":false,"parameters":[]},"validation":{"enabled":false,"excludes":false,"parameters":[]}},"serviceCost":0,"observations":"","reservations":{"enabled":false,"list":[]},"stopSchedule":[],"defaultResources":[],"_ogIndex":23},{"enabled":true,"day":"thu","time":"18:30","estimatedArrival":null,"capped":{"enabled":false,"capacity":0},"vehicleCategoryId":null,"restrictPassengers":{"enabled":false,"visibility":{"enabled":false,"excludes":false,"parameters":[]},"reservation":{"enabled":false,"excludes":false,"parameters":[]},"validation":{"enabled":false,"excludes":false,"parameters":[]}},"serviceCost":0,"observations":"","reservations":{"enabled":false,"list":[]},"stopSchedule":[],"defaultResources":[],"_ogIndex":24},{"enabled":true,"day":"${schedule_day}","time":"${formatted_one_hour_later}","estimatedArrival":null,"capped":{"enabled":false,"capacity":0},"vehicleCategoryId":null,"restrictPassengers":{"enabled":false,"visibility":{"enabled":false,"excludes":false,"parameters":[]},"reservation":{"enabled":false,"excludes":false,"parameters":[]},"validation":{"enabled":false,"excludes":false,"parameters":[]}},"serviceCost":0,"observations":"","reservations":{"enabled":false,"list":[]},"stopSchedule":[],"defaultResources":[],"_ogIndex":25},{"enabled":true,"day":"fri","time":"13:45","estimatedArrival":null,"capped":{"enabled":false,"capacity":0},"vehicleCategoryId":null,"restrictPassengers":{"enabled":false,"visibility":{"enabled":false,"excludes":false,"parameters":[]},"reservation":{"enabled":false,"excludes":false,"parameters":[]},"validation":{"enabled":false,"excludes":false,"parameters":[]}},"serviceCost":0,"observations":"","reservations":{"enabled":false,"list":[]},"stopSchedule":[],"defaultResources":[],"_ogIndex":26},{"enabled":true,"day":"fri","time":"14:15","estimatedArrival":null,"capped":{"enabled":false,"capacity":0},"vehicleCategoryId":null,"restrictPassengers":{"enabled":false,"visibility":{"enabled":false,"excludes":false,"parameters":[]},"reservation":{"enabled":false,"excludes":false,"parameters":[]},"validation":{"enabled":false,"excludes":false,"parameters":[]}},"serviceCost":0,"observations":"","reservations":{"enabled":false,"list":[]},"stopSchedule":[],"defaultResources":[],"_ogIndex":27},{"enabled":true,"day":"fri","time":"15:00","estimatedArrival":null,"capped":{"enabled":false,"capacity":0},"vehicleCategoryId":null,"restrictPassengers":{"enabled":false,"visibility":{"enabled":false,"excludes":false,"parameters":[]},"reservation":{"enabled":false,"excludes":false,"parameters":[]},"validation":{"enabled":false,"excludes":false,"parameters":[]}},"serviceCost":0,"observations":"","reservations":{"enabled":false,"list":[]},"stopSchedule":[],"defaultResources":[],"_ogIndex":28},{"enabled":true,"day":"fri","time":"16:25","estimatedArrival":null,"capped":{"enabled":false,"capacity":0},"vehicleCategoryId":null,"restrictPassengers":{"enabled":false,"visibility":{"enabled":false,"excludes":false,"parameters":[]},"reservation":{"enabled":false,"excludes":false,"parameters":[]},"validation":{"enabled":false,"excludes":false,"parameters":[]}},"serviceCost":0,"observations":"","reservations":{"enabled":false,"list":[]},"stopSchedule":[],"defaultResources":[],"_ogIndex":29},{"enabled":true,"day":"mon","time":"10:15","estimatedArrival":null,"capped":{"enabled":false,"capacity":0},"vehicleCategoryId":null,"restrictPassengers":{"enabled":false,"visibility":{"enabled":false,"excludes":false,"parameters":[]},"reservation":{"enabled":false,"excludes":false,"parameters":[]},"validation":{"enabled":false,"excludes":false,"parameters":[]}},"serviceCost":0,"observations":"","reservations":{"enabled":false,"list":[]},"stopSchedule":[],"defaultResources":[],"_ogIndex":30},{"enabled":true,"day":"mon","time":"18:10","estimatedArrival":null,"capped":{"enabled":false,"capacity":0},"vehicleCategoryId":null,"restrictPassengers":{"enabled":false,"visibility":{"enabled":false,"excludes":false,"parameters":[]},"reservation":{"enabled":false,"excludes":false,"parameters":[]},"validation":{"enabled":false,"excludes":false,"parameters":[]}},"serviceCost":0,"observations":"","reservations":{"enabled":false,"list":[]},"stopSchedule":[],"defaultResources":[],"_ogIndex":31},{"enabled":true,"day":"mon","time":"19:10","estimatedArrival":null,"capped":{"enabled":false,"capacity":0},"vehicleCategoryId":null,"restrictPassengers":{"enabled":false,"visibility":{"enabled":false,"excludes":false,"parameters":[]},"reservation":{"enabled":false,"excludes":false,"parameters":[]},"validation":{"enabled":false,"excludes":false,"parameters":[]}},"serviceCost":0,"observations":"","reservations":{"enabled":false,"list":[]},"stopSchedule":[],"defaultResources":[],"_ogIndex":32},{"enabled":true,"day":"mon","time":"23:10","estimatedArrival":null,"capped":{"enabled":false,"capacity":0},"vehicleCategoryId":null,"restrictPassengers":{"enabled":false,"visibility":{"enabled":false,"excludes":false,"parameters":[]},"reservation":{"enabled":false,"excludes":false,"parameters":[]},"validation":{"enabled":false,"excludes":false,"parameters":[]}},"serviceCost":0,"observations":"","reservations":{"enabled":false,"list":[]},"stopSchedule":[],"defaultResources":[],"_ogIndex":33},{"enabled":true,"day":"mon","time":"23:30","estimatedArrival":null,"capped":{"enabled":false,"capacity":0},"vehicleCategoryId":null,"restrictPassengers":{"enabled":false,"visibility":{"enabled":false,"excludes":false,"parameters":[]},"reservation":{"enabled":false,"excludes":false,"parameters":[]},"validation":{"enabled":false,"excludes":false,"parameters":[]}},"serviceCost":0,"observations":"","reservations":{"enabled":false,"list":[]},"stopSchedule":[],"defaultResources":[],"_ogIndex":34},{"enabled":true,"day":"mon","time":"23:50","estimatedArrival":null,"capped":{"enabled":false,"capacity":0},"vehicleCategoryId":null,"restrictPassengers":{"enabled":false,"visibility":{"enabled":false,"excludes":false,"parameters":[]},"reservation":{"enabled":false,"excludes":false,"parameters":[]},"validation":{"enabled":false,"excludes":false,"parameters":[]}},"serviceCost":0,"observations":"","reservations":{"enabled":false,"list":[]},"stopSchedule":[],"defaultResources":[],"_ogIndex":35},{"enabled":true,"day":"tue","time":"10:00","estimatedArrival":null,"capped":{"enabled":false,"capacity":0},"vehicleCategoryId":null,"restrictPassengers":{"enabled":false,"visibility":{"enabled":false,"excludes":false,"parameters":[]},"reservation":{"enabled":false,"excludes":false,"parameters":[]},"validation":{"enabled":false,"excludes":false,"parameters":[]}},"serviceCost":0,"observations":"","reservations":{"enabled":false,"list":[]},"stopSchedule":[],"defaultResources":[],"_ogIndex":36},{"enabled":true,"day":"tue","time":"10:20","estimatedArrival":null,"capped":{"enabled":false,"capacity":0},"vehicleCategoryId":null,"restrictPassengers":{"enabled":false,"visibility":{"enabled":false,"excludes":false,"parameters":[]},"reservation":{"enabled":false,"excludes":false,"parameters":[]},"validation":{"enabled":false,"excludes":false,"parameters":[]}},"serviceCost":0,"observations":"","reservations":{"enabled":false,"list":[]},"stopSchedule":[],"defaultResources":[],"_ogIndex":37},{"enabled":true,"day":"tue","time":"10:30","estimatedArrival":null,"capped":{"enabled":false,"capacity":0},"vehicleCategoryId":null,"restrictPassengers":{"enabled":false,"visibility":{"enabled":false,"excludes":false,"parameters":[]},"reservation":{"enabled":false,"excludes":false,"parameters":[]},"validation":{"enabled":false,"excludes":false,"parameters":[]}},"serviceCost":0,"observations":"","reservations":{"enabled":false,"list":[]},"stopSchedule":[],"defaultResources":[],"_ogIndex":38}],"stopOnReservation":false,"restrictions":{"customParams":{"enabled":false,"params":[]}},"reservations":{"enabled":false,"list":[]}},"endDepartureNotice":{"enabled":false,"lastStop":null},"restrictPassengers":{"enabled":false,"allowed":["66954794b24db9885e5aed7e"],"visibility":{"enabled":false,"excludes":false,"parameters":[]},"reservation":{"enabled":false,"excludes":false,"parameters":[]},"validation":{"enabled":false,"excludes":false,"parameters":[]}},"snapshots":{"enabled":false},"validationParams":{"enabled":false,"driverParams":[],"passengerParams":[]},"canResume":{"timeLimit":{"enabled":false,"amount":5,"unit":"minutes"},"enabled":false},"departureHourFulfillment":{"enabled":false,"ranges":[]},"arrivalHourFulfillment":{"enabled":false,"ranges":[]},"validateDeparture":{"enabled":true},"minimumConfirmationTime":{"enabled":false,"amount":1,"unit":"hours"},"endServiceLegAutomatically":{"timer":{"amount":5,"unit":"minutes"},"distance":100},"assistantIds":["66ccdf58193998eca49014c3"],"superCommunities":["653fd68233d83952fafcd4be"],"communities":["6654ae4eba54fe502d4e4187"],"active":true,"visible":true,"internal":false,"anchorStops":[],"isStatic":false,"labels":[],"hasExternalGPS":false,"hasCapacity":true,"hasBeacons":true,"hasRounds":false,"hasBoardingCount":false,"hasUnboardingCount":false,"usesBusCode":false,"usesVehicleList":true,"dynamicSeatAssignment":false,"usesDriverCode":false,"usesDriverPin":false,"usesTickets":false,"usesPasses":false,"usesTextToSpeech":false,"allowsManualValidation":true,"allowsRating":true,"allowsOnlyExistingDrivers":false,"allowsMultipleDrivers":false,"allowsDebugging":false,"startsOnStop":false,"notNearStop":false,"allowsNonServiceSnapshots":false,"allowsServiceSnapshots":false,"allowsDistance":true,"usesOfflineCount":false,"hasBoardings":true,"hasUnboardings":true,"usesManualSeat":true,"noPassengerInfo":false,"showParable":false,"showStops":true,"allowGenericVehicles":true,"usesVehicleQRLink":false,"skipDeclaration":false,"skipQRValidation":false,"name":"Flujos Auxiliar","shapeId":"6654d514713b9a5184cfe21e","description":"Crear Ruta 2 servicios Template","extraInfo":"","color":"652525","legOptions":[],"ownerIds":[{"_id":"66954794b24db9885e5aed83","id":"6654ae4eba54fe502d4e4187","role":"community"}],"segments":[{"_id":"66d613bf6e35d960a3f0a9e4","position":10,"distance":721.2678769755704,"lat":-34.405460000000005,"lon":-70.85045000000001,"loc":[-70.85045000000001,-34.405460000000005]},{"_id":"66d613bf6e35d960a3f0a9e5","position":20,"distance":1241.2723067370255,"lat":-34.402730000000005,"lon":-70.84620000000001,"loc":[-70.84620000000001,-34.402730000000005]},{"_id":"66d613bf6e35d960a3f0a9e6","position":30,"distance":1595.0719239538578,"lat":-34.40229,"lon":-70.84241,"loc":[-70.84241,-34.40229]},{"_id":"66d613bf6e35d960a3f0a9e7","position":40,"distance":2645.233134740408,"lat":-34.40482,"lon":-70.83145,"loc":[-70.83145,-34.40482]},{"_id":"66d613bf6e35d960a3f0a9e8","position":50,"distance":3375.973761804057,"lat":-34.40608,"lon":-70.82371,"loc":[-70.82371,-34.40608]},{"_id":"66d613bf6e35d960a3f0a9e9","position":60,"distance":4001.477015019511,"lat":-34.40887,"lon":-70.81783,"loc":[-70.81783,-34.40887]},{"_id":"66d613bf6e35d960a3f0a9ea","position":70,"distance":4306.587282954995,"lat":-34.409800000000004,"lon":-70.81472000000001,"loc":[-70.81472000000001,-34.409800000000004]},{"_id":"66d613bf6e35d960a3f0a9eb","position":80,"distance":4661.458987821193,"lat":-34.41008,"lon":-70.81132000000001,"loc":[-70.81132000000001,-34.41008]},{"_id":"66d613bf6e35d960a3f0a9ec","position":90,"distance":5358.443846332689,"lat":-34.40614,"lon":-70.80558,"loc":[-70.80558,-34.40614]},{"_id":"66d613bf6e35d960a3f0a9ed","position":100,"distance":5592.97633142821,"lat":-34.40478,"lon":-70.80369,"loc":[-70.80369,-34.40478]},{"_id":"66d613bf6e35d960a3f0a9ee","position":110,"distance":5831.604676259522,"lat":-34.40424,"lon":-70.80122,"loc":[-70.80122,-34.40424]},{"_id":"66d613bf6e35d960a3f0a9ef","position":120,"distance":6198.2717933998565,"lat":-34.40551,"lon":-70.79848000000001,"loc":[-70.79848000000001,-34.40551]},{"_id":"66d613bf6e35d960a3f0a9f0","position":130,"distance":6639.446024483833,"lat":-34.40744,"lon":-70.79534000000001,"loc":[-70.79534000000001,-34.40744]},{"_id":"66d613bf6e35d960a3f0a9f1","position":140,"distance":7804.1175750023685,"lat":-34.4014,"lon":-70.78497,"loc":[-70.78497,-34.4014]},{"_id":"66d613bf6e35d960a3f0a9f2","position":150,"distance":7962.092716278467,"lat":-34.4009,"lon":-70.78353,"loc":[-70.78353,-34.4009]},{"_id":"66d613bf6e35d960a3f0a9f3","position":160,"distance":8263.930344850285,"lat":-34.39882,"lon":-70.78226000000001,"loc":[-70.78226000000001,-34.39882]},{"_id":"66d613bf6e35d960a3f0a9f4","position":170,"distance":8751.198754212694,"lat":-34.395250000000004,"lon":-70.78141000000001,"loc":[-70.78141000000001,-34.395250000000004]}],"roundOrder":[],"superCommunityId":"653fd68233d83952fafcd4be","communityId":"6654ae4eba54fe502d4e4187","timeOnRoute":15,"distance":9,"distanceInMeters":8794,"originStop":"6654d4acba54fe502d4e6b6b","destinationStop":"6654d4c8713b9a5184cfe1df","customParams":{"enabled":false,"params":[]},"customParamsAtTheEnd":{"enabled":false,"params":[]},"createdAt":"2024-07-15T16:00:20.434Z","updatedAt":"2024-09-10T12:34:15.012Z","__v":22,"assistantAssignsSeat":true,"codeValidationOptions":{"failureMessage":"El código QR ingresado no es válido.","type":"qr"},"notifyPassengersWithoutReservation":{"enabled":false,"sendTo":{"adminLevels":[],"emails":[],"roles":[]}},"notifySkippedStop":{"enabled":false,"sendTo":{"adminLevels":[],"emails":[],"roles":[]}},"notifyUnboardedPassengers":{"enabled":false,"sendTo":{"adminLevels":[],"emails":[],"roles":[]}},"useServiceReservations":true,"routeCost":0,"ticketCost":0,"custom":{"ui":{"color":"563f3f","marker":{"1x":"","1.5x":"","2x":"","3x":"","4x":""}}}}</arg>
<arg>headers=${headers}</arg>
<doc>Sends a PUT request on a previously created HTTP Session.</doc>
<msg timestamp="20250528 18:16:05.038" level="INFO">PUT Request : url=https://stage.allrideapp.com/api/v1/admin/pb/routes/66954794b24db9885e5aed7e?community=6654ae4eba54fe502d4e4187 
 path_url=/api/v1/admin/pb/routes/66954794b24db9885e5aed7e?community=6654ae4eba54fe502d4e4187 
 headers={'User-Agent': 'python-requests/2.32.3', 'Accept-Encoding': 'gzip, deflate', 'Accept': '*/*', 'Connection': 'keep-alive', 'Authorization': 'Bearer 3315049e9db0d3ed3642af0be6c8c913f73700e2c1d04fd318b24b38b0e6ebcfad9f68f47400eab1418adc30bd9eb564b53d6a6d1b0407a89e9a82e6cc0749c8', 'Content-Type': 'application/json; charset=utf-8', 'Content-Length': '25826'} 
 body={"_id":"66954794b24db9885e5aed7e","trail":{"enabled":false,"adjustByRounds":false},"rounds":{"enabled":false,"anchorStops":[]},"notifyUsersByStop":{"sendTo":{"destinataries":"admins","emails":[],"adminLevels":[],"roles":[]},"enabled":true},"excludePassengers":{"active":false,"excludeType":"dontHide"},"scheduling":{"enabled":true,"limitUnit":"minutes","limitAmount":30,"lateNotification":{"enabled":false,"amount":0,"unit":"minutes"},"stopNotification":{"enabled":false,"amount":0,"unit":"minutes"},"startLimit":{"upperLimit":{"amount":60,"unit":"minutes"},"lowerLimit":{"amount":30,"unit":"minutes"}},"defaultServiceCost":null,"schedule":[{"enabled":true,"day":"mon","time":"13:00","estimatedArrival":null,"capped":{"enabled":false,"capacity":0},"vehicleCategoryId":null,"restrictPassengers":{"enabled":false,"visibility":{"enabled":false,"excludes":false,"parameters":[]},"reservation":{"enabled":false,"excludes":false,"parameters":[]},"validation":{"enabled":false,"excludes":false,"parameters":[]}},"serviceCost":0,"observations":"","reservations":{"enabled":false,"list":[]},"stopSchedule":[],"defaultResources":[],"_ogIndex":0},{"enabled":true,"day":"mon","time":"14:00","estimatedArrival":null,"capped":{"enabled":false,"capacity":0},"vehicleCategoryId":null,"restrictPassengers":{"enabled":false,"visibility":{"enabled":false,"excludes":false,"parameters":[]},"reservation":{"enabled":false,"excludes":false,"parameters":[]},"validation":{"enabled":false,"excludes":false,"parameters":[]}},"serviceCost":0,"observations":"","reservations":{"enabled":false,"list":[]},"stopSchedule":[],"defaultResources":[],"_ogIndex":1},{"enabled":true,"day":"mon","time":"13:30","estimatedArrival":null,"capped":{"enabled":false,"capacity":0},"vehicleCategoryId":null,"restrictPassengers":{"enabled":false,"visibility":{"enabled":false,"excludes":false,"parameters":[]},"reservation":{"enabled":false,"excludes":false,"parameters":[]},"validation":{"enabled":false,"excludes":false,"parameters":[]}},"serviceCost":0,"observations":"","reservations":{"enabled":false,"list":[]},"stopSchedule":[],"defaultResources":[],"_ogIndex":2},{"enabled":true,"day":"mon","time":"17:00","estimatedArrival":null,"capped":{"enabled":false,"capacity":0},"vehicleCategoryId":null,"restrictPassengers":{"enabled":false,"visibility":{"enabled":false,"excludes":false,"parameters":[]},"reservation":{"enabled":false,"excludes":false,"parameters":[]},"validation":{"enabled":false,"excludes":false,"parameters":[]}},"serviceCost":0,"observations":"","reservations":{"enabled":false,"list":[]},"stopSchedule":[],"defaultResources":[],"_ogIndex":3},{"enabled":true,"day":"mon","time":"17:10","estimatedArrival":null,"capped":{"enabled":false,"capacity":0},"vehicleCategoryId":null,"restrictPassengers":{"enabled":false,"visibility":{"enabled":false,"excludes":false,"parameters":[]},"reservation":{"enabled":false,"excludes":false,"parameters":[]},"validation":{"enabled":false,"excludes":false,"parameters":[]}},"serviceCost":0,"observations":"","reservations":{"enabled":false,"list":[]},"stopSchedule":[],"defaultResources":[],"_ogIndex":4},{"enabled":true,"day":"tue","time":"13:00","estimatedArrival":null,"capped":{"enabled":false,"capacity":0},"vehicleCategoryId":null,"restrictPassengers":{"enabled":false,"visibility":{"enabled":false,"excludes":false,"parameters":[]},"reservation":{"enabled":false,"excludes":false,"parameters":[]},"validation":{"enabled":false,"excludes":false,"parameters":[]}},"serviceCost":0,"observations":"","reservations":{"enabled":false,"list":[]},"stopSchedule":[],"defaultResources":[],"_ogIndex":5},{"enabled":true,"day":"tue","time":"13:15","estimatedArrival":null,"capped":{"enabled":false,"capacity":0},"vehicleCategoryId":null,"restrictPassengers":{"enabled":false,"visibility":{"enabled":false,"excludes":false,"parameters":[]},"reservation":{"enabled":false,"excludes":false,"parameters":[]},"validation":{"enabled":false,"excludes":false,"parameters":[]}},"serviceCost":0,"observations":"","reservations":{"enabled":false,"list":[]},"stopSchedule":[],"defaultResources":[],"_ogIndex":6},{"enabled":true,"day":"tue","time":"13:30","estimatedArrival":null,"capped":{"enabled":false,"capacity":0},"vehicleCategoryId":null,"restrictPassengers":{"enabled":false,"visibility":{"enabled":false,"excludes":false,"parameters":[]},"reservation":{"enabled":false,"excludes":false,"parameters":[]},"validation":{"enabled":false,"excludes":false,"parameters":[]}},"serviceCost":0,"observations":"","reservations":{"enabled":false,"list":[]},"stopSchedule":[],"defaultResources":[],"_ogIndex":7},{"enabled":true,"day":"wed","time":"10:45","estimatedArrival":null,"capped":{"enabled":false,"capacity":0},"vehicleCategoryId":null,"restrictPassengers":{"enabled":false,"visibility":{"enabled":false,"excludes":false,"parameters":[]},"reservation":{"enabled":false,"excludes":false,"parameters":[]},"validation":{"enabled":false,"excludes":false,"parameters":[]}},"serviceCost":0,"observations":"","reservations":{"enabled":false,"list":[]},"stopSchedule":[],"defaultResources":[],"_ogIndex":8},{"enabled":true,"day":"wed","time":"11:15","estimatedArrival":null,"capped":{"enabled":false,"capacity":0},"vehicleCategoryId":null,"restrictPassengers":{"enabled":false,"visibility":{"enabled":false,"excludes":false,"parameters":[]},"reservation":{"enabled":false,"excludes":false,"parameters":[]},"validation":{"enabled":false,"excludes":false,"parameters":[]}},"serviceCost":0,"observations":"","reservations":{"enabled":false,"list":[]},"stopSchedule":[],"defaultResources":[],"_ogIndex":9},{"enabled":true,"day":"wed","time":"12:20","estimatedArrival":null,"capped":{"enabled":false,"capacity":0},"vehicleCategoryId":null,"restrictPassengers":{"enabled":false,"visibility":{"enabled":false,"excludes":false,"parameters":[]},"reservation":{"enabled":false,"excludes":false,"parameters":[]},"validation":{"enabled":false,"excludes":false,"parameters":[]}},"serviceCost":0,"observations":"","reservations":{"enabled":false,"list":[]},"stopSchedule":[],"defaultResources":[],"_ogIndex":10},{"enabled":true,"day":"wed","time":"13:00","estimatedArrival":null,"capped":{"enabled":false,"capacity":0},"vehicleCategoryId":null,"restrictPassengers":{"enabled":false,"visibility":{"enabled":false,"excludes":false,"parameters":[]},"reservation":{"enabled":false,"excludes":false,"parameters":[]},"validation":{"enabled":false,"excludes":false,"parameters":[]}},"serviceCost":0,"observations":"","reservations":{"enabled":false,"list":[]},"stopSchedule":[],"defaultResources":[],"_ogIndex":11},{"enabled":true,"day":"wed","time":"14:10","estimatedArrival":null,"capped":{"enabled":false,"capacity":0},"vehicleCategoryId":null,"restrictPassengers":{"enabled":false,"visibility":{"enabled":false,"excludes":false,"parameters":[]},"reservation":{"enabled":false,"excludes":false,"parameters":[]},"validation":{"enabled":false,"excludes":false,"parameters":[]}},"serviceCost":0,"observations":"","reservations":{"enabled":false,"list":[]},"stopSchedule":[],"defaultResources":[],"_ogIndex":12},{"enabled":true,"day":"wed","time":"17:40","estimatedArrival":null,"capped":{"enabled":false,"capacity":0},"vehicleCategoryId":null,"restrictPassengers":{"enabled":false,"visibility":{"enabled":false,"excludes":false,"parameters":[]},"reservation":{"enabled":false,"excludes":false,"parameters":[]},"validation":{"enabled":false,"excludes":false,"parameters":[]}},"serviceCost":0,"observations":"","reservations":{"enabled":false,"list":[]},"stopSchedule":[],"defaultResources":[],"_ogIndex":13},{"enabled":true,"day":"wed","time":"18:00","estimatedArrival":null,"capped":{"enabled":false,"capacity":0},"vehicleCategoryId":null,"restrictPassengers":{"enabled":false,"visibility":{"enabled":false,"excludes":false,"parameters":[]},"reservation":{"enabled":false,"excludes":false,"parameters":[]},"validation":{"enabled":false,"excludes":false,"parameters":[]}},"serviceCost":0,"observations":"","reservations":{"enabled":false,"list":[]},"stopSchedule":[],"defaultResources":[],"_ogIndex":14},{"enabled":true,"day":"wed","time":"18:30","estimatedArrival":null,"capped":{"enabled":false,"capacity":0},"vehicleCategoryId":null,"restrictPassengers":{"enabled":false,"visibility":{"enabled":false,"excludes":false,"parameters":[]},"reservation":{"enabled":false,"excludes":false,"parameters":[]},"validation":{"enabled":false,"excludes":false,"parameters":[]}},"serviceCost":0,"observations":"","reservations":{"enabled":false,"list":[]},"stopSchedule":[],"defaultResources":[],"_ogIndex":15},{"enabled":true,"day":"thu","time":"11:45","estimatedArrival":null,"capped":{"enabled":false,"capacity":0},"vehicleCategoryId":null,"restrictPassengers":{"enabled":false,"visibility":{"enabled":false,"excludes":false,"parameters":[]},"reservation":{"enabled":false,"excludes":false,"parameters":[]},"validation":{"enabled":false,"excludes":false,"parameters":[]}},"serviceCost":0,"observations":"","reservations":{"enabled":false,"list":[]},"stopSchedule":[],"defaultResources":[],"_ogIndex":16},{"enabled":true,"day":"thu","time":"11:25","estimatedArrival":null,"capped":{"enabled":false,"capacity":0},"vehicleCategoryId":null,"restrictPassengers":{"enabled":false,"visibility":{"enabled":false,"excludes":false,"parameters":[]},"reservation":{"enabled":false,"excludes":false,"parameters":[]},"validation":{"enabled":false,"excludes":false,"parameters":[]}},"serviceCost":0,"observations":"","reservations":{"enabled":false,"list":[]},"stopSchedule":[],"defaultResources":[],"_ogIndex":17},{"enabled":true,"day":"thu","time":"12:15","estimatedArrival":null,"capped":{"enabled":false,"capacity":0},"vehicleCategoryId":null,"restrictPassengers":{"enabled":false,"visibility":{"enabled":false,"excludes":false,"parameters":[]},"reservation":{"enabled":false,"excludes":false,"parameters":[]},"validation":{"enabled":false,"excludes":false,"parameters":[]}},"serviceCost":0,"observations":"","reservations":{"enabled":false,"list":[]},... (set the log level to DEBUG or TRACE to see the full content) 
 </msg>
<msg timestamp="20250528 18:16:05.038" level="INFO">PUT Response : url=https://stage.allrideapp.com/api/v1/admin/pb/routes/66954794b24db9885e5aed7e?community=6654ae4eba54fe502d4e4187 
 status=200, reason=OK 
 headers={'Date': 'Wed, 28 May 2025 22:16:06 GMT', 'Content-Type': 'application/json; charset=utf-8', 'Transfer-Encoding': 'chunked', 'Connection': 'keep-alive', 'Server': 'nginx', 'X-DNS-Prefetch-Control': 'off', 'X-Frame-Options': 'SAMEORIGIN', 'Strict-Transport-Security': 'max-age=15552000; includeSubDomains', 'X-Download-Options': 'noopen', 'X-Content-Type-Options': 'nosniff', 'X-XSS-Protection': '1; mode=block', 'Access-Control-Allow-Origin': '*', 'X-RateLimit-Limit': '200', 'X-RateLimit-Remaining': '199', 'X-RateLimit-Reset': '1748470627', 'ETag': 'W/"780e-0CMaTBQMQuUtKLE8AhuRfODRZpU"', 'Content-Encoding': 'gzip'} 
 body={"custom":{"ui":{"color":"563f3f","marker":{"1":{"5x":""},"1x":"","2x":"","3x":"","4x":""}}},"trail":{"enabled":false,"adjustByRounds":false},"rounds":{"enabled":false,"anchorStops":[]},"notifyUsersByStop":{"sendTo":{"destinataries":"admins","emails":[],"adminLevels":[]},"enabled":true},"notifyUnboardedPassengers":{"enabled":false,"sendTo":{"adminLevels":[],"emails":[]}},"notifyPassengersWithoutReservation":{"enabled":false,"sendTo":{"adminLevels":[],"emails":[]}},"notifySkippedStop":{"enabled":false,"sendTo":{"adminLevels":[],"emails":[]}},"excludePassengers":{"active":false,"excludeType":"dontHide"},"scheduling":{"enabled":true,"schedule":[{"capped":{"enabled":false,"capacity":0},"restrictPassengers":{"validation":{"enabled":false,"conditional":"or","excludes":false,"parameters":[],"parameter":[]},"reservation":{"enabled":false,"conditional":"or","excludes":false,"parameters":[],"parameter":[]},"visibility":{"enabled":false,"conditional":"or","excludes":false,"parameters":[],"parameter":[]},"enabled":false},"reservations":{"enabled":false,"list":[]},"enabled":true,"_id":"68378b2631d1bd05dcb48383","day":"mon","time":"13:00","estimatedArrival":null,"vehicleCategoryId":null,"serviceCost":0,"observations":"","stopSchedule":[],"defaultResources":[]},{"capped":{"enabled":false,"capacity":0},"restrictPassengers":{"validation":{"enabled":false,"conditional":"or","excludes":false,"parameters":[],"parameter":[]},"reservation":{"enabled":false,"conditional":"or","excludes":false,"parameters":[],"parameter":[]},"visibility":{"enabled":false,"conditional":"or","excludes":false,"parameters":[],"parameter":[]},"enabled":false},"reservations":{"enabled":false,"list":[]},"enabled":true,"_id":"68378b2631d1bd05dcb48384","day":"mon","time":"14:00","estimatedArrival":null,"vehicleCategoryId":null,"serviceCost":0,"observations":"","stopSchedule":[],"defaultResources":[]},{"capped":{"enabled":false,"capacity":0},"restrictPassengers":{"validation":{"enabled":false,"conditional":"or","excludes":false,"parameters":[],"parameter":[]},"reservation":{"enabled":false,"conditional":"or","excludes":false,"parameters":[],"parameter":[]},"visibility":{"enabled":false,"conditional":"or","excludes":false,"parameters":[],"parameter":[]},"enabled":false},"reservations":{"enabled":false,"list":[]},"enabled":true,"_id":"68378b2631d1bd05dcb48385","day":"mon","time":"13:30","estimatedArrival":null,"vehicleCategoryId":null,"serviceCost":0,"observations":"","stopSchedule":[],"defaultResources":[]},{"capped":{"enabled":false,"capacity":0},"restrictPassengers":{"validation":{"enabled":false,"conditional":"or","excludes":false,"parameters":[],"parameter":[]},"reservation":{"enabled":false,"conditional":"or","excludes":false,"parameters":[],"parameter":[]},"visibility":{"enabled":false,"conditional":"or","excludes":false,"parameters":[],"parameter":[]},"enabled":false},"reservations":{"enabled":false,"list":[]},"enabled":true,"_id":"68378b2631d1bd05dcb48386","day":"mon","time":"17:00","estimatedArrival":null,"vehicleCategoryId":null,"serviceCost":0,"observations":"","stopSchedule":[],"defaultResources":[]},{"capped":{"enabled":false,"capacity":0},"restrictPassengers":{"validation":{"enabled":false,"conditional":"or","excludes":false,"parameters":[],"parameter":[]},"reservation":{"enabled":false,"conditional":"or","excludes":false,"parameters":[],"parameter":[]},"visibility":{"enabled":false,"conditional":"or","excludes":false,"parameters":[],"parameter":[]},"enabled":false},"reservations":{"enabled":false,"list":[]},"enabled":true,"_id":"68378b2631d1bd05dcb48387","day":"mon","time":"17:10","estimatedArrival":null,"vehicleCategoryId":null,"serviceCost":0,"observations":"","stopSchedule":[],"defaultResources":[]},{"capped":{"enabled":false,"capacity":0},"restrictPassengers":{"validation":{"enabled":false,"conditional":"or","excludes":false,"parameters":[],"parameter":[]},"reservation":{"enabled":false,"conditional":"or","excludes":false,"parameters":[],"parameter":[]},"visibility":{"enabled":false,"conditional":"or","excludes":false,"parameters":[],"parameter":[]},"enabled":false},"reservations":{"enabled":false,"list":[]},"enabled":true,"_id":"68378b2631d1bd05dcb48388","day":"tue","time":"13:00","estimatedArrival":null,"vehicleCategoryId":null,"serviceCost":0,"observations":"","stopSchedule":[],"defaultResources":[]},{"capped":{"enabled":false,"capacity":0},"restrictPassengers":{"validation":{"enabled":false,"conditional":"or","excludes":false,"parameters":[],"parameter":[]},"reservation":{"enabled":false,"conditional":"or","excludes":false,"parameters":[],"parameter":[]},"visibility":{"enabled":false,"conditional":"or","excludes":false,"parameters":[],"parameter":[]},"enabled":false},"reservations":{"enabled":false,"list":[]},"enabled":true,"_id":"68378b2631d1bd05dcb48389","day":"tue","time":"13:15","estimatedArrival":null,"vehicleCategoryId":null,"serviceCost":0,"observations":"","stopSchedule":[],"defaultResources":[]},{"capped":{"enabled":false,"capacity":0},"restrictPassengers":{"validation":{"enabled":false,"conditional":"or","excludes":false,"parameters":[],"parameter":[]},"reservation":{"enabled":false,"conditional":"or","excludes":false,"parameters":[],"parameter":[]},"visibility":{"enabled":false,"conditional":"or","excludes":false,"parameters":[],"parameter":[]},"enabled":false},"reservations":{"enabled":false,"list":[]},"enabled":true,"_id":"68378b2631d1bd05dcb4838a","day":"tue","time":"13:30","estimatedArrival":null,"vehicleCategoryId":null,"serviceCost":0,"observations":"","stopSchedule":[],"defaultResources":[]},{"capped":{"enabled":false,"capacity":0},"restrictPassengers":{"validation":{"enabled":false,"conditional":"or","excludes":false,"parameters":[],"parameter":[]},"reservation":{"enabled":false,"conditional":"or","excludes":false,"parameters":[],"parameter":[]},"visibility":{"enabled":false,"conditional":"or","excludes":false,"parameters":[],"parameter":[]},"enabled":false},"reservations":{"enabled":false,"list":[]},"enabled":true,"_id":"68378b2631d1bd05dcb4838b","day":"wed","time":"10:45","estimatedArrival":null,"vehicleCategoryId":null,"serviceCost":0,"observations":"","stopSchedule":[],"defaultResources":[]},{"capped":{"enabled":false,"capacity":0},"restrictPassengers":{"validation":{"enabled":false,"conditional":"or","excludes":false,"parameters":[],"parameter":[]},"reservation":{"enabled":false,"conditional":"or","excludes":false,"parameters":[],"parameter":[]},"visibility":{"enabled":false,"conditional":"or","excludes":false,"parameters":[],"parameter":[]},"enabled":false},"reservations":{"enabled":false,"list":[]},"enabled":true,"_id":"68378b2631d1bd05dcb4838c","day":"wed","time":"11:15","estimatedArrival":null,"vehicleCategoryId":null,"serviceCost":0,"observations":"","stopSchedule":[],"defaultResources":[]},{"capped":{"enabled":false,"capacity":0},"restrictPassengers":{"validation":{"enabled":false,"conditional":"or","excludes":false,"parameters":[],"parameter":[]},"reservation":{"enabled":false,"conditional":"or","excludes":false,"parameters":[],"parameter":[]},"visibility":{"enabled":false,"conditional":"or","excludes":false,"parameters":[],"parameter":[]},"enabled":false},"reservations":{"enabled":false,"list":[]},"enabled":true,"_id":"68378b2631d1bd05dcb4838d","day":"wed","time":"12:20","estimatedArrival":null,"vehicleCategoryId":null,"serviceCost":0,"observations":"","stopSchedule":[],"defaultResources":[]},{"capped":{"enabled":false,"capacity":0},"restrictPassengers":{"validation":{"enabled":false,"conditional":"or","excludes":false,"parameters":[],"parameter":[]},"reservation":{"enabled":false,"conditional":"or","excludes":false,"parameters":[],"parameter":[]},"visibility":{"enabled":false,"conditional":"or","excludes":false,"parameters":[],"parameter":[]},"enabled":false},"reservations":{"enabled":false,"list":[]},"enabled":true,"_id":"68378b2631d1bd05dcb4838e","day":"wed","time":"13:00","estimatedArrival":null,"vehicleCategoryId":null,"serviceCost":0,"observations":"","stopSchedule":[],"defaultResources":[]},{"capped":{"enabled":false,"capacity":0},"restrictPassengers":{"validation":{"enabled":false,"conditional":"or","excludes":false,"parameters":[],"parameter":[]},"reservation":{"enabled":false,"conditional":"or","excludes":false,"parameters":[],"parameter":[]},"visibility":{"enabled":false,"conditional":"or","excludes":false,"parameters":[],"parameter":[]},"enabled":false},"reservations":{"enabled":false,"list":[]},"enabled":true,"_id":"68378b2631d1bd05dcb4838f","day":"wed","time":"14:10","estimatedArrival":null,"vehicleCategoryId":null,"serviceCost":0,"observations":"","stopSchedule":[],"defaultResources":[]},{"capped":{"enabled":false,"capacity":0},"restrictPassengers":{"validation":{"enabled":false,"conditional":"or","excludes":false,"parameters":[],"parameter":[]},"reservation":{"enabled":false,"conditional":"or","excludes":false,"parameters":[],"parameter":[]},"visibility":{"enabled":false,"conditional":"or","excludes":false,"parameters":[],"parameter":[]},"enabled":false},"reservations":{"enabled":false,"list":[]},"enabled":true,"_id":"68378b2631d1bd05dcb48390","day":"wed","time":"17:40","estimatedArrival":null,"vehicleCategoryId":null,"serviceCost":0,"observations":"","stopSchedule":[],"defaultResources":[]},{"capped":{"enabled":false,"capacity":0},"restrictPassengers":{"validation":{"enabled":false,"conditional":"or","excludes":false,"parameters":[],"parameter":[]},"reservation":{"enabled":false,"conditional":"or","excludes":false,"parameters":[],"parameter":[]},"visibility":{"enabled":false,"conditional":"or","excludes":false,"parameters":[],"parameter":[]},"enabled":false},"reservations":{"enabled":false,"list":[]},"enabled":true,"_id":"68378b2631d1bd05dcb48391","day":"wed","time":"18:00","estimatedArrival":null,"vehicleCategoryId":null,"serviceCost":0,"observations":"","stopSchedule":[],"defaultResources":[]},{"capped":{"enabled":false,"capacity":0},"restrictPassengers":{"validation":{"enabled":false,"c... (set the log level to DEBUG or TRACE to see the full content) 
 </msg>
<msg timestamp="20250528 18:16:05.039" level="INFO">${response} = &lt;Response [200]&gt;</msg>
<status status="PASS" starttime="20250528 18:16:03.949" endtime="20250528 18:16:05.039"/>
</kw>
<kw name="Convert To String" library="BuiltIn">
<var>${code}</var>
<arg>${response.status_code}</arg>
<doc>Converts the given item to a Unicode string.</doc>
<msg timestamp="20250528 18:16:05.041" level="INFO">${code} = 200</msg>
<status status="PASS" starttime="20250528 18:16:05.039" endtime="20250528 18:16:05.041"/>
</kw>
<kw name="Should Be Equal As Numbers" library="BuiltIn">
<arg>${code}</arg>
<arg>200</arg>
<doc>Fails if objects are unequal after converting them to real numbers.</doc>
<status status="PASS" starttime="20250528 18:16:05.041" endtime="20250528 18:16:05.041"/>
</kw>
<kw name="Log" library="BuiltIn">
<arg>${code}</arg>
<doc>Logs the given message with the given level.</doc>
<msg timestamp="20250528 18:16:05.042" level="INFO">200</msg>
<status status="PASS" starttime="20250528 18:16:05.042" endtime="20250528 18:16:05.042"/>
</kw>
<kw name="Set Variable" library="BuiltIn">
<var>${scheduleId}</var>
<arg>${response.json()}[_id]</arg>
<doc>Returns the given values which can then be assigned to a variables.</doc>
<msg timestamp="20250528 18:16:05.044" level="INFO">${scheduleId} = 66954794b24db9885e5aed7e</msg>
<status status="PASS" starttime="20250528 18:16:05.042" endtime="20250528 18:16:05.044"/>
</kw>
<kw name="Set Global Variable" library="BuiltIn">
<arg>${scheduleId}</arg>
<doc>Makes a variable available globally in all tests and suites.</doc>
<msg timestamp="20250528 18:16:05.044" level="INFO">${scheduleId} = 66954794b24db9885e5aed7e</msg>
<status status="PASS" starttime="20250528 18:16:05.044" endtime="20250528 18:16:05.044"/>
</kw>
<kw name="Sleep" library="BuiltIn">
<arg>5s</arg>
<doc>Pauses the test executed for the given time.</doc>
<msg timestamp="20250528 18:16:10.058" level="INFO">Slept 5 seconds</msg>
<status status="PASS" starttime="20250528 18:16:05.045" endtime="20250528 18:16:10.060"/>
</kw>
<status status="PASS" starttime="20250528 18:16:03.947" endtime="20250528 18:16:10.063"/>
</test>
<test id="s1-t5" name="Create services" line="122">
<kw name="Create Session" library="RequestsLibrary">
<arg>mysesion</arg>
<arg>${STAGE_URL}</arg>
<arg>verify=true</arg>
<doc>Create Session: create a HTTP session to a server</doc>
<msg timestamp="20250528 18:16:10.069" level="INFO">Creating Session using : alias=mysesion, url=https://stage.allrideapp.com, headers={},                     cookies={}, auth=None, timeout=None, proxies=None, verify=True,                     debug=0 </msg>
<status status="PASS" starttime="20250528 18:16:10.069" endtime="20250528 18:16:10.069"/>
</kw>
<kw name="Create Dictionary" library="BuiltIn">
<var>${headers}</var>
<arg>Authorization=${tokenAdmin}</arg>
<arg>Content-Type=application/json; charset=utf-8</arg>
<doc>Creates and returns a dictionary based on the given ``items``.</doc>
<msg timestamp="20250528 18:16:10.070" level="INFO">${headers} = {'Authorization': 'Bearer 3315049e9db0d3ed3642af0be6c8c913f73700e2c1d04fd318b24b38b0e6ebcfad9f68f47400eab1418adc30bd9eb564b53d6a6d1b0407a89e9a82e6cc0749c8', 'Content-Type': 'application/json; charset=...</msg>
<status status="PASS" starttime="20250528 18:16:10.069" endtime="20250528 18:16:10.070"/>
</kw>
<kw name="POST On Session" library="RequestsLibrary">
<var>${response}</var>
<arg>mysesion</arg>
<arg>url=https://stage.allrideapp.com/api/v1/admin/pb/createServices/6654ae4eba54fe502d4e4187?community=6654ae4eba54fe502d4e4187</arg>
<arg>data={}</arg>
<arg>headers=${headers}</arg>
<doc>Sends a POST request on a previously created HTTP Session.</doc>
<msg timestamp="20250528 18:16:27.690" level="INFO">POST Request : url=https://stage.allrideapp.com/api/v1/admin/pb/createServices/6654ae4eba54fe502d4e4187?community=6654ae4eba54fe502d4e4187 
 path_url=/api/v1/admin/pb/createServices/6654ae4eba54fe502d4e4187?community=6654ae4eba54fe502d4e4187 
 headers={'User-Agent': 'python-requests/2.32.3', 'Accept-Encoding': 'gzip, deflate', 'Accept': '*/*', 'Connection': 'keep-alive', 'Authorization': 'Bearer 3315049e9db0d3ed3642af0be6c8c913f73700e2c1d04fd318b24b38b0e6ebcfad9f68f47400eab1418adc30bd9eb564b53d6a6d1b0407a89e9a82e6cc0749c8', 'Content-Type': 'application/json; charset=utf-8', 'Content-Length': '2'} 
 body={} 
 </msg>
<msg timestamp="20250528 18:16:27.692" level="INFO">POST Response : url=https://stage.allrideapp.com/api/v1/admin/pb/createServices/6654ae4eba54fe502d4e4187?community=6654ae4eba54fe502d4e4187 
 status=200, reason=OK 
 headers={'Date': 'Wed, 28 May 2025 22:16:29 GMT', 'Content-Type': 'application/json; charset=utf-8', 'Content-Length': '0', 'Connection': 'keep-alive', 'Server': 'nginx', 'X-DNS-Prefetch-Control': 'off', 'X-Frame-Options': 'SAMEORIGIN', 'Strict-Transport-Security': 'max-age=15552000; includeSubDomains', 'X-Download-Options': 'noopen', 'X-Content-Type-Options': 'nosniff', 'X-XSS-Protection': '1; mode=block', 'Access-Control-Allow-Origin': '*', 'X-RateLimit-Limit': '200', 'X-RateLimit-Remaining': '199', 'X-RateLimit-Reset': '1748470633'} 
 body=None 
 </msg>
<msg timestamp="20250528 18:16:27.693" level="INFO">${response} = &lt;Response [200]&gt;</msg>
<status status="PASS" starttime="20250528 18:16:10.071" endtime="20250528 18:16:27.693"/>
</kw>
<kw name="Convert To String" library="BuiltIn">
<var>${code}</var>
<arg>${response.status_code}</arg>
<doc>Converts the given item to a Unicode string.</doc>
<msg timestamp="20250528 18:16:27.699" level="INFO">${code} = 200</msg>
<status status="PASS" starttime="20250528 18:16:27.695" endtime="20250528 18:16:27.702"/>
</kw>
<kw name="Should Be Equal As Numbers" library="BuiltIn">
<arg>${code}</arg>
<arg>200</arg>
<doc>Fails if objects are unequal after converting them to real numbers.</doc>
<status status="PASS" starttime="20250528 18:16:27.704" endtime="20250528 18:16:27.705"/>
</kw>
<kw name="Log" library="BuiltIn">
<arg>${code}</arg>
<doc>Logs the given message with the given level.</doc>
<msg timestamp="20250528 18:16:27.707" level="INFO">200</msg>
<status status="PASS" starttime="20250528 18:16:27.706" endtime="20250528 18:16:27.707"/>
</kw>
<kw name="Sleep" library="BuiltIn">
<arg>2s</arg>
<doc>Pauses the test executed for the given time.</doc>
<msg timestamp="20250528 18:16:29.718" level="INFO">Slept 2 seconds</msg>
<status status="PASS" starttime="20250528 18:16:27.708" endtime="20250528 18:16:29.718"/>
</kw>
<status status="PASS" starttime="20250528 18:16:10.066" endtime="20250528 18:16:29.719"/>
</test>
<test id="s1-t6" name="Get Today Service Id" line="141">
<kw name="Set Variable" library="BuiltIn">
<var>${url}</var>
<arg>${STAGE_URL}/api/v1/admin/pb/allServices?community=${idComunidad2}&amp;startDate=${start_date_today}&amp;endDate=${end_date_tomorrow}&amp;onlyODDs=false</arg>
<doc>Returns the given values which can then be assigned to a variables.</doc>
<msg timestamp="20250528 18:16:29.723" level="INFO">${url} = https://stage.allrideapp.com/api/v1/admin/pb/allServices?community=6654ae4eba54fe502d4e4187&amp;startDate=2025-05-28T03:00:00.000Z&amp;endDate=2025-05-29T03:00:00.000Z&amp;onlyODDs=false</msg>
<status status="PASS" starttime="20250528 18:16:29.723" endtime="20250528 18:16:29.723"/>
</kw>
<kw name="Create Dictionary" library="BuiltIn">
<var>${headers}</var>
<arg>Authorization=${tokenAdmin}</arg>
<doc>Creates and returns a dictionary based on the given ``items``.</doc>
[...]
 </msg>
<msg timestamp="20250528 18:16:49.876" level="FAIL">HTTPError: 403 Client Error: Forbidden for url: https://stage.allrideapp.com/api/v1/pb/provider/departures/validate</msg>
<status status="FAIL" starttime="20250528 18:16:49.223" endtime="20250528 18:16:49.877"/>
</kw>
<kw name="Status Should Be" library="RequestsLibrary">
<arg>200</arg>
<arg>msg= Failing, passenger couldn't validate in service with available seats</arg>
<doc>Fails if response status code is different than the expected.</doc>
<status status="NOT RUN" starttime="20250528 18:16:49.878" endtime="20250528 18:16:49.878"/>
</kw>
<kw name="Set Variable" library="BuiltIn">
<var>${validationNoreservation}</var>
<arg>${response.json()}[_id]</arg>
<doc>Returns the given values which can then be assigned to a variables.</doc>
<status status="NOT RUN" starttime="20250528 18:16:49.879" endtime="20250528 18:16:49.879"/>
</kw>
<kw name="Set Global Variable" library="BuiltIn">
<arg>${validationNoreservation}</arg>
<doc>Makes a variable available globally in all tests and suites.</doc>
<status status="NOT RUN" starttime="20250528 18:16:49.879" endtime="20250528 18:16:49.880"/>
</kw>
<status status="FAIL" starttime="20250528 18:16:49.217" endtime="20250528 18:16:49.880">HTTPError: 403 Client Error: Forbidden for url: https://stage.allrideapp.com/api/v1/pb/provider/departures/validate</status>
</test>
<test id="s1-t33" name="Get All users After Validation" line="719">
<kw name="Skip" library="BuiltIn">
<doc>Skips the rest of the current test.</doc>
<msg timestamp="20250528 18:16:49.883" level="SKIP">Skipped with Skip keyword.</msg>
<status status="SKIP" starttime="20250528 18:16:49.883" endtime="20250528 18:16:49.883"/>
</kw>
<kw name="Set Variable" library="BuiltIn">
<var>${url}</var>
<arg>url=api/v1/admin/users/listPagination?page=1&amp;pageSize=20&amp;community=6654ae4eba54fe502d4e4187</arg>
<doc>Returns the given values which can then be assigned to a variables.</doc>
<status status="NOT RUN" starttime="20250528 18:16:49.883" endtime="20250528 18:16:49.884"/>
</kw>
<kw name="Create Dictionary" library="BuiltIn">
<var>&amp;{headers}</var>
<arg>Authorization=${tokenAdmin}</arg>
<doc>Creates and returns a dictionary based on the given ``items``.</doc>
<status status="NOT RUN" starttime="20250528 18:16:49.885" endtime="20250528 18:16:49.885"/>
</kw>
<kw name="GET" library="RequestsLibrary">
<var>${response}</var>
<arg>url=${url}</arg>
<arg>headers=${headers}</arg>
<doc>Sends a GET request.</doc>
<status status="NOT RUN" starttime="20250528 18:16:49.885" endtime="20250528 18:16:49.885"/>
</kw>
<kw name="Should Be Equal As Numbers" library="BuiltIn">
<arg>${response.status_code}</arg>
<arg>200</arg>
<doc>Fails if objects are unequal after converting them to real numbers.</doc>
<status status="NOT RUN" starttime="20250528 18:16:49.885" endtime="20250528 18:16:49.885"/>
</kw>
<kw name="Log" library="BuiltIn">
<arg>${response.content}</arg>
<doc>Logs the given message with the given level.</doc>
<status status="NOT RUN" starttime="20250528 18:16:49.886" endtime="20250528 18:16:49.886"/>
</kw>
<kw name="Convert To Integer" library="BuiltIn">
<arg>${userQty}</arg>
<doc>Converts the given item to an integer number.</doc>
<status status="NOT RUN" starttime="20250528 18:16:49.886" endtime="20250528 18:16:49.886"/>
</kw>
<kw name="Evaluate" library="BuiltIn">
<var>${userQtyAfterValidation}</var>
<arg>$${userQty}+1</arg>
<doc>Evaluates the given expression in Python and returns the result.</doc>
<status status="NOT RUN" starttime="20250528 18:16:49.886" endtime="20250528 18:16:49.886"/>
</kw>
<kw name="Should Be True" library="BuiltIn">
<arg>${userQtyAfterValidation}</arg>
<doc>Fails if the given condition is not true.</doc>
<status status="NOT RUN" starttime="20250528 18:16:49.887" endtime="20250528 18:16:49.887"/>
</kw>
<status status="SKIP" starttime="20250528 18:16:49.882" endtime="20250528 18:16:49.887">Skipped with Skip keyword.</status>
</test>
<test id="s1-t34" name="Stop Post Leg Departure 1" line="742">
<kw name="Create Session" library="RequestsLibrary">
<arg>mysesion</arg>
<arg>${STAGE_URL}</arg>
<arg>verify=true</arg>
<doc>Create Session: create a HTTP session to a server</doc>
<msg timestamp="20250528 18:16:49.889" level="INFO">Creating Session using : alias=mysesion, url=https://stage.allrideapp.com, headers={},                     cookies={}, auth=None, timeout=None, proxies=None, verify=True,                     debug=0 </msg>
<status status="PASS" starttime="20250528 18:16:49.888" endtime="20250528 18:16:49.889"/>
</kw>
<kw name="Create Dictionary" library="BuiltIn">
<var>${headers}</var>
<arg>Authorization=${departureToken1}</arg>
<arg>Content-Type=application/json</arg>
<doc>Creates and returns a dictionary based on the given ``items``.</doc>
<msg timestamp="20250528 18:16:49.890" level="INFO">${headers} = {'Authorization': 'Bearer f7be522389dc99e5086cf6721f19b4538feffa50441616135851f014ea34e46e23908ee1b463950db597f20e48c5b015d630a370aa48acd9007cb18aae6a9c66', 'Content-Type': 'application/json'}</msg>
<status status="PASS" starttime="20250528 18:16:49.889" endtime="20250528 18:16:49.890"/>
</kw>
<kw name="POST On Session" library="RequestsLibrary">
<var>${response}</var>
<arg>mysesion</arg>
<arg>url=/api/v2/pb/driver/departure/stop</arg>
<arg>data={"customParamsAtEnd":[],"customParamsAtStart":null,"endLat":"-72.6071614","endLon":"-38.7651863","nextLeg":false,"post":{"customParamsAtEnd":null,"customParamsAtStart":null,"preTripChecklist":null},"pre":{"customParamsAtEnd":null,"customParamsAtStart":null,"preTripChecklist":null},"preTripChecklist":null,"service":{"customParamsAtEnd":null,"customParamsAtStart":null,"preTripChecklist":null},"shareToUsers":false}</arg>
<arg>headers=${headers}</arg>
<doc>Sends a POST request on a previously created HTTP Session.</doc>
<msg timestamp="20250528 18:16:50.573" level="INFO">POST Request : url=https://stage.allrideapp.com/api/v2/pb/driver/departure/stop 
 path_url=/api/v2/pb/driver/departure/stop 
 headers={'User-Agent': 'python-requests/2.32.3', 'Accept-Encoding': 'gzip, deflate', 'Accept': '*/*', 'Connection': 'keep-alive', 'Authorization': 'Bearer f7be522389dc99e5086cf6721f19b4538feffa50441616135851f014ea34e46e23908ee1b463950db597f20e48c5b015d630a370aa48acd9007cb18aae6a9c66', 'Content-Type': 'application/json', 'Content-Length': '415'} 
 body={"customParamsAtEnd":[],"customParamsAtStart":null,"endLat":"-72.6071614","endLon":"-38.7651863","nextLeg":false,"post":{"customParamsAtEnd":null,"customParamsAtStart":null,"preTripChecklist":null},"pre":{"customParamsAtEnd":null,"customParamsAtStart":null,"preTripChecklist":null},"preTripChecklist":null,"service":{"customParamsAtEnd":null,"customParamsAtStart":null,"preTripChecklist":null},"shareToUsers":false} 
 </msg>
<msg timestamp="20250528 18:16:50.574" level="INFO">POST Response : url=https://stage.allrideapp.com/api/v2/pb/driver/departure/stop 
 status=200, reason=OK 
 headers={'Date': 'Wed, 28 May 2025 22:16:52 GMT', 'Content-Type': 'application/json; charset=utf-8', 'Transfer-Encoding': 'chunked', 'Connection': 'keep-alive', 'Server': 'nginx', 'X-DNS-Prefetch-Control': 'off', 'X-Frame-Options': 'SAMEORIGIN', 'Strict-Transport-Security': 'max-age=15552000; includeSubDomains', 'X-Download-Options': 'noopen', 'X-Content-Type-Options': 'nosniff', 'X-XSS-Protection': '1; mode=block', 'Access-Control-Allow-Origin': '*', 'ETag': 'W/"c1a-TCmXHxkSjTEtUG8+hsK6ekW9hX4"', 'Content-Encoding': 'gzip'} 
 body={"restrictPassengers":{"validation":{"enabled":false,"parameters":[]},"reservation":{"enabled":false,"parameters":[]},"visibility":{"enabled":false,"parameters":[]},"enabled":false},"superCommunities":["653fd68233d83952fafcd4be"],"communities":["6654ae4eba54fe502d4e4187"],"assistantIds":["66ccdf58193998eca49014c3"],"labels":[],"active":false,"sharing":true,"disabled":false,"internal":false,"rounds":0,"distance":0,"scheduled":true,"odd":false,"estimatedDistance":0,"extraMinutes":0,"placeWaitTime":0,"hasExternalGPS":false,"allowsServiceSnapshots":false,"allowsNonServiceSnapshots":false,"allowsSnapshots":false,"allowsDistance":true,"usesOfflineCount":false,"linkedDepartures":[],"_id":"68378b4431d1bd05dcb484e2","communityId":"6654ae4eba54fe502d4e4187","driverId":"6654cec2ba54fe502d4e6a0a","driverCode":"159753","drivers":[],"vehicleId":"6787b8cca888907b35dd3569","busCode":"AUTO3","startCapacity":3,"routeId":"66954794b24db9885e5aed7e","serviceId":"68378b2e831e00f46095acf7","serviceDate":"2025-05-28T23:16:00.000Z","reservations":[],"state":"accepted","categories":[],"trail":[],"legs":[{"distance":0,"_id":"68378b47831e00f46095b546","type":"service","startedAt":"2025-05-28T22:16:39.879Z","realStartLocation":{"_id":"68378b47831e00f46095b547","lat":-33.3908833,"lon":-70.54620129999999,"loc":[-70.54620129999999,-33.3908833]},"driverId":"6654cec2ba54fe502d4e6a0a","preTripChecklist":[],"customParamsAtStart":[],"customParamsAtTheEnd":[],"realEndLocation":{"_id":"68378b5431d1bd05dcb485bd","lat":-72.6071614,"lon":-38.7651863,"loc":[-38.7651863,-72.6071614]},"endedAt":"2025-05-28T22:16:52.080Z"}],"stateHistory":[{"_id":"68378b4431d1bd05dcb484e6","state":"pending","date":"2025-05-28T22:16:36.334Z"},{"_id":"68378b46831e00f46095b52a","state":"accepted","driverId":"6654cec2ba54fe502d4e6a0a","date":"2025-05-28T22:16:38.279Z"},{"_id":"68378b46831e00f46095b531","state":"accepted","driverId":"6654cec2ba54fe502d4e6a0a","date":"2025-05-28T22:16:38.500Z"},{"_id":"68378b46831e00f46095b534","state":"accepted","date":"2025-05-28T22:16:38.509Z"}],"deviceHistory":[],"apportionByCategories":[],"enabledSeats":[{"available":false,"_id":"68378b4431d1bd05dcb484e3","seat":"1","userId":"675358381ba97d0beb9f1629"},{"available":false,"_id":"68378b4431d1bd05dcb484e4","seat":"2","userId":"67335df23ec6775bff420443"},{"available":true,"_id":"68378b4431d1bd05dcb484e5","seat":"3"}],"customParams":[],"customParamsAtTheEnd":[],"preTripChecklist":[],"speedAlerts":[],"deviationAlerts":[],"capacity":1,"superCommunityId":"653fd68233d83952fafcd4be","createdAt":"2025-05-28T22:16:36.334Z","updatedAt":"2025-05-28T22:16:46.223Z","__v":2,"realStartLocation":{"_id":"68378b47831e00f46095b545","lat":-33.3908833,"lon":-70.54620129999999,"loc":[-70.54620129999999,-33.3908833]},"startedAt":"2025-05-28T22:16:39.881Z","token":"f7be522389dc99e5086cf6721f19b4538feffa50441616135851f014ea34e46e23908ee1b463950db597f20e48c5b015d630a370aa48acd9007cb18aae6a9c66","realEndLocation":{"_id":"68378b5431d1bd05dcb485be","lat":-72.6071614,"lon":-38.7651863,"loc":[-38.7651863,-72.6071614]},"endedAt":"2025-05-28T22:16:52.080Z"} 
 </msg>
<msg timestamp="20250528 18:16:50.575" level="INFO">${response} = &lt;Response [200]&gt;</msg>
<status status="PASS" starttime="20250528 18:16:49.890" endtime="20250528 18:16:50.576"/>
</kw>
<kw name="Convert To String" library="BuiltIn">
<var>${code}</var>
<arg>${response.status_code}</arg>
<doc>Converts the given item to a Unicode string.</doc>
<msg timestamp="20250528 18:16:50.582" level="INFO">${code} = 200</msg>
<status status="PASS" starttime="20250528 18:16:50.578" endtime="20250528 18:16:50.582"/>
</kw>
<kw name="Status Should Be" library="RequestsLibrary">
<arg>200</arg>
<doc>Fails if response status code is different than the expected.</doc>
<status status="PASS" starttime="20250528 18:16:50.583" endtime="20250528 18:16:50.583"/>
</kw>
<kw name="Log" library="BuiltIn">
<arg>${code}</arg>
<doc>Logs the given message with the given level.</doc>
<msg timestamp="20250528 18:16:50.584" level="INFO">200</msg>
<status status="PASS" starttime="20250528 18:16:50.584" endtime="20250528 18:16:50.584"/>
</kw>
<status status="PASS" starttime="20250528 18:16:49.888" endtime="20250528 18:16:50.585"/>
</test>
<test id="s1-t35" name="Stop Post Leg Departure 2" line="762">
<kw name="Create Session" library="RequestsLibrary">
<arg>mysesion</arg>
<arg>${STAGE_URL}</arg>
<arg>verify=true</arg>
<doc>Create Session: create a HTTP session to a server</doc>
<msg timestamp="20250528 18:16:50.589" level="INFO">Creating Session using : alias=mysesion, url=https://stage.allrideapp.com, headers={},                     cookies={}, auth=None, timeout=None, proxies=None, verify=True,                     debug=0 </msg>
<status status="PASS" starttime="20250528 18:16:50.587" endtime="20250528 18:16:50.589"/>
</kw>
<kw name="Create Dictionary" library="BuiltIn">
<var>${headers}</var>
<arg>Authorization=${departureToken2}</arg>
<arg>Content-Type=application/json</arg>
<doc>Creates and returns a dictionary based on the given ``items``.</doc>
<msg timestamp="20250528 18:16:50.590" level="INFO">${headers} = {'Authorization': 'Bearer 40f9cf06a5e63a18423c00f2a2129df287b4327ceb69c24bf9ba75fdf25b59f163a6391a89ecc5510e6c97a3aa09f248c7696bdd63a5d266637174a7f68006fa', 'Content-Type': 'application/json'}</msg>
<status status="PASS" starttime="20250528 18:16:50.589" endtime="20250528 18:16:50.590"/>
</kw>
<kw name="POST On Session" library="RequestsLibrary">
<var>${response}</var>
<arg>mysesion</arg>
<arg>url=/api/v2/pb/driver/departure/stop</arg>
<arg>data={"customParamsAtEnd":[],"customParamsAtStart":null,"endLat":"-72.6071614","endLon":"-38.7651863","nextLeg":false,"post":{"customParamsAtEnd":null,"customParamsAtStart":null,"preTripChecklist":null},"pre":{"customParamsAtEnd":null,"customParamsAtStart":null,"preTripChecklist":null},"preTripChecklist":null,"service":{"customParamsAtEnd":null,"customParamsAtStart":null,"preTripChecklist":null},"shareToUsers":false}</arg>
<arg>headers=${headers}</arg>
<doc>Sends a POST request on a previously created HTTP Session.</doc>
<msg timestamp="20250528 18:16:51.225" level="INFO">POST Request : url=https://stage.allrideapp.com/api/v2/pb/driver/departure/stop 
 path_url=/api/v2/pb/driver/departure/stop 
 headers={'User-Agent': 'python-requests/2.32.3', 'Accept-Encoding': 'gzip, deflate', 'Accept': '*/*', 'Connection': 'keep-alive', 'Authorization': 'Bearer 40f9cf06a5e63a18423c00f2a2129df287b4327ceb69c24bf9ba75fdf25b59f163a6391a89ecc5510e6c97a3aa09f248c7696bdd63a5d266637174a7f68006fa', 'Content-Type': 'application/json', 'Content-Length': '415'} 
 body={"customParamsAtEnd":[],"customParamsAtStart":null,"endLat":"-72.6071614","endLon":"-38.7651863","nextLeg":false,"post":{"customParamsAtEnd":null,"customParamsAtStart":null,"preTripChecklist":null},"pre":{"customParamsAtEnd":null,"customParamsAtStart":null,"preTripChecklist":null},"preTripChecklist":null,"service":{"customParamsAtEnd":null,"customParamsAtStart":null,"preTripChecklist":null},"shareToUsers":false} 
 </msg>
<msg timestamp="20250528 18:16:51.225" level="INFO">POST Response : url=https://stage.allrideapp.com/api/v2/pb/driver/departure/stop 
 status=200, reason=OK 
 headers={'Date': 'Wed, 28 May 2025 22:16:52 GMT', 'Content-Type': 'application/json; charset=utf-8', 'Transfer-Encoding': 'chunked', 'Connection': 'keep-alive', 'Server': 'nginx', 'X-DNS-Prefetch-Control': 'off', 'X-Frame-Options': 'SAMEORIGIN', 'Strict-Transport-Security': 'max-age=15552000; includeSubDomains', 'X-Download-Options': 'noopen', 'X-Content-Type-Options': 'nosniff', 'X-XSS-Protection': '1; mode=block', 'Access-Control-Allow-Origin': '*', 'ETag': 'W/"bff-HE75sblHkd7pqVwH0PZKWQjp5Sg"', 'Content-Encoding': 'gzip'} 
 body={"restrictPassengers":{"validation":{"enabled":false,"parameters":[]},"reservation":{"enabled":false,"parameters":[]},"visibility":{"enabled":false,"parameters":[]},"enabled":false},"superCommunities":["653fd68233d83952fafcd4be"],"communities":["6654ae4eba54fe502d4e4187"],"assistantIds":["66ccdf58193998eca49014c3"],"labels":[],"active":false,"sharing":true,"disabled":false,"internal":false,"rounds":0,"distance":0,"scheduled":true,"odd":false,"estimatedDistance":0,"extraMinutes":0,"placeWaitTime":0,"hasExternalGPS":false,"allowsServiceSnapshots":false,"allowsNonServiceSnapshots":false,"allowsSnapshots":false,"allowsDistance":true,"usesOfflineCount":false,"linkedDepartures":[],"_id":"68378b4531d1bd05dcb484f8","communityId":"6654ae4eba54fe502d4e4187","driverId":"668309b8bb41bfd79a461dc3","driverCode":"159159","drivers":[],"vehicleId":"6837834931d1bd05dcb44ad7","busCode":"Auto 3- segundo","startCapacity":3,"routeId":"66954794b24db9885e5aed7e","serviceId":"68378b2e831e00f46095acf7","serviceDate":"2025-05-28T23:16:00.000Z","reservations":[],"state":"accepted","categories":[],"trail":[],"legs":[{"distance":0,"_id":"68378b5031d1bd05dcb48589","type":"service","startedAt":"2025-05-28T22:16:48.061Z","realStartLocation":{"_id":"68378b5031d1bd05dcb4858a","lat":-33.3908833,"lon":-70.54620129999999,"loc":[-70.54620129999999,-33.3908833]},"driverId":"668309b8bb41bfd79a461dc3","preTripChecklist":[],"customParamsAtStart":[],"customParamsAtTheEnd":[],"realEndLocation":{"_id":"68378b54831e00f46095b634","lat":-72.6071614,"lon":-38.7651863,"loc":[-38.7651863,-72.6071614]},"endedAt":"2025-05-28T22:16:52.804Z"}],"stateHistory":[{"_id":"68378b4531d1bd05dcb484fc","state":"pending","date":"2025-05-28T22:16:37.269Z"},{"_id":"68378b4731d1bd05dcb48508","state":"accepted","driverId":"668309b8bb41bfd79a461dc3","date":"2025-05-28T22:16:39.039Z"},{"_id":"68378b4731d1bd05dcb4850a","state":"accepted","driverId":"668309b8bb41bfd79a461dc3","date":"2025-05-28T22:16:39.288Z"},{"_id":"68378b4731d1bd05dcb4850c","state":"accepted","date":"2025-05-28T22:16:39.295Z"}],"deviceHistory":[],"apportionByCategories":[],"enabledSeats":[{"available":true,"_id":"68378b4531d1bd05dcb484f9","seat":"1"},{"available":false,"_id":"68378b4531d1bd05dcb484fa","seat":"2","userId":"67334f3c38b6b25bdaa3f1a2"},{"available":true,"_id":"68378b4531d1bd05dcb484fb","seat":"3"}],"customParams":[],"customParamsAtTheEnd":[],"preTripChecklist":[],"speedAlerts":[],"deviationAlerts":[],"capacity":2,"superCommunityId":"653fd68233d83952fafcd4be","createdAt":"2025-05-28T22:16:37.269Z","updatedAt":"2025-05-28T22:16:48.997Z","__v":2,"realStartLocation":{"_id":"68378b5031d1bd05dcb48588","lat":-33.3908833,"lon":-70.54620129999999,"loc":[-70.54620129999999,-33.3908833]},"startedAt":"2025-05-28T22:16:48.063Z","token":"40f9cf06a5e63a18423c00f2a2129df287b4327ceb69c24bf9ba75fdf25b59f163a6391a89ecc5510e6c97a3aa09f248c7696bdd63a5d266637174a7f68006fa","realEndLocation":{"_id":"68378b54831e00f46095b635","lat":-72.6071614,"lon":-38.7651863,"loc":[-38.7651863,-72.6071614]},"endedAt":"2025-05-28T22:16:52.805Z"} 
 </msg>
<msg timestamp="20250528 18:16:51.226" level="INFO">${response} = &lt;Response [200]&gt;</msg>
<status status="PASS" starttime="20250528 18:16:50.590" endtime="20250528 18:16:51.226"/>
</kw>
<kw name="Convert To String" library="BuiltIn">
<var>${code}</var>
<arg>${response.status_code}</arg>
<doc>Converts the given item to a Unicode string.</doc>
<msg timestamp="20250528 18:16:51.227" level="INFO">${code} = 200</msg>
<status status="PASS" starttime="20250528 18:16:51.226" endtime="20250528 18:16:51.227"/>
</kw>
<kw name="Status Should Be" library="RequestsLibrary">
<arg>200</arg>
<doc>Fails if response status code is different than the expected.</doc>
<status status="PASS" starttime="20250528 18:16:51.227" endtime="20250528 18:16:51.228"/>
</kw>
<kw name="Log" library="BuiltIn">
<arg>${code}</arg>
<doc>Logs the given message with the given level.</doc>
<msg timestamp="20250528 18:16:51.228" level="INFO">200</msg>
<status status="PASS" starttime="20250528 18:16:51.228" endtime="20250528 18:16:51.228"/>
</kw>
<status status="PASS" starttime="20250528 18:16:50.586" endtime="20250528 18:16:51.228"/>
</test>
<status status="FAIL" starttime="20250528 18:16:03.459" endtime="20250528 18:16:51.229"/>
</suite>
<statistics>
<total>
<stat pass="27" fail="6" skip="2">All Tests</stat>
</total>
<tag>
<stat pass="1" fail="0" skip="0">test:retry(1)</stat>
</tag>
<suite>
<stat pass="27" fail="6" skip="2" id="s1" name="assistantNoWC">assistantNoWC</stat>
</suite>
</statistics>
<errors>
</errors>
</robot>
