<?xml version="1.0" encoding="UTF-8"?>
<robot generator="Robot 6.1.1 (Python 3.10.12 on win32)" generated="20250715 13:17:13.712" rpa="false" schemaversion="4">
<suite id="s1" name="commonDestiny" source="c:\Users\UsuarioCompuElite\Documents\GitHub\Respaldo\AllRide Test Cases\Test Cases\RDD Flow\Admin\Common Destination\commonDestiny.robot">
<test id="s1-t1" name="Set Date Variables" line="14">
<kw name="Get Current Date" library="DateTime">
<var>${fecha_hoy}</var>
<arg>result_format=%Y-%m-%d</arg>
<doc>Returns current local or UTC time with an optional increment.</doc>
<msg timestamp="20250715 13:17:14.147" level="INFO">${fecha_hoy} = 2025-07-15</msg>
<status status="PASS" starttime="20250715 13:17:14.146" endtime="20250715 13:17:14.148"/>
</kw>
<kw name="Set Global Variable" library="BuiltIn">
<arg>${fecha_hoy}</arg>
<doc>Makes a variable available globally in all tests and suites.</doc>
<msg timestamp="20250715 13:17:14.149" level="INFO">${fecha_hoy} = 2025-07-15</msg>
<status status="PASS" starttime="20250715 13:17:14.148" endtime="20250715 13:17:14.149"/>
</kw>
<kw name="Add Time To Date" library="DateTime">
<var>${fecha_manana}</var>
<arg>${fecha_hoy}</arg>
<arg>1 days</arg>
<arg>result_format=%Y-%m-%d</arg>
<doc>Adds time to date and returns the resulting date.</doc>
<msg timestamp="20250715 13:17:14.152" level="INFO">${fecha_manana} = 2025-07-16</msg>
<status status="PASS" starttime="20250715 13:17:14.149" endtime="20250715 13:17:14.152"/>
</kw>
<kw name="Set Global Variable" library="BuiltIn">
<arg>${fecha_manana}</arg>
<doc>Makes a variable available globally in all tests and suites.</doc>
<msg timestamp="20250715 13:17:14.152" level="INFO">${fecha_manana} = 2025-07-16</msg>
<status status="PASS" starttime="20250715 13:17:14.152" endtime="20250715 13:17:14.153"/>
</kw>
<kw name="Add Time To Date" library="DateTime">
<var>${fecha_pasado_manana}</var>
<arg>${fecha_hoy}</arg>
<arg>2 days</arg>
<arg>result_format=%Y-%m-%d</arg>
<doc>Adds time to date and returns the resulting date.</doc>
<msg timestamp="20250715 13:17:14.153" level="INFO">${fecha_pasado_manana} = 2025-07-17</msg>
<status status="PASS" starttime="20250715 13:17:14.153" endtime="20250715 13:17:14.153"/>
</kw>
<kw name="Set Global Variable" library="BuiltIn">
<arg>${fecha_pasado_manana}</arg>
<doc>Makes a variable available globally in all tests and suites.</doc>
<msg timestamp="20250715 13:17:14.154" level="INFO">${fecha_pasado_manana} = 2025-07-17</msg>
<status status="PASS" starttime="20250715 13:17:14.154" endtime="20250715 13:17:14.154"/>
</kw>
<kw name="Add Time To Date" library="DateTime">
<var>${fecha_pasado_pasado_manana}</var>
<arg>${fecha_hoy}</arg>
<arg>3 days</arg>
<arg>result_format=%Y-%m-%d</arg>
<doc>Adds time to date and returns the resulting date.</doc>
<msg timestamp="20250715 13:17:14.155" level="INFO">${fecha_pasado_pasado_manana} = 2025-07-18</msg>
<status status="PASS" starttime="20250715 13:17:14.154" endtime="20250715 13:17:14.155"/>
</kw>
<kw name="Set Global Variable" library="BuiltIn">
<arg>${fecha_pasado_pasado_manana}</arg>
<doc>Makes a variable available globally in all tests and suites.</doc>
<msg timestamp="20250715 13:17:14.156" level="INFO">${fecha_pasado_pasado_manana} = 2025-07-18</msg>
<status status="PASS" starttime="20250715 13:17:14.155" endtime="20250715 13:17:14.156"/>
</kw>
<kw name="Convert Date" library="DateTime">
<var>${dia_actual}</var>
<arg>${fecha_hoy}</arg>
<arg>result_format=%a</arg>
<doc>Converts between supported `date formats`.</doc>
<msg timestamp="20250715 13:17:14.156" level="INFO">${dia_actual} = Tue</msg>
<status status="PASS" starttime="20250715 13:17:14.156" endtime="20250715 13:17:14.157"/>
</kw>
<kw name="Set Variable" library="BuiltIn">
<var>${dia_actual_lower}</var>
<arg>${dia_actual.lower()}</arg>
<doc>Returns the given values which can then be assigned to a variables.</doc>
<msg timestamp="20250715 13:17:14.158" level="INFO">${dia_actual_lower} = tue</msg>
<status status="PASS" starttime="20250715 13:17:14.157" endtime="20250715 13:17:14.158"/>
</kw>
<kw name="Set Variable" library="BuiltIn">
<var>${arrival_date}</var>
<arg>${fecha_manana}T01:00:00.000Z</arg>
<doc>Returns the given values which can then be assigned to a variables.</doc>
<msg timestamp="20250715 13:17:14.158" level="INFO">${arrival_date} = 2025-07-16T01:00:00.000Z</msg>
<status status="PASS" starttime="20250715 13:17:14.158" endtime="20250715 13:17:14.158"/>
</kw>
<kw name="Set Global Variable" library="BuiltIn">
<arg>${arrival_date}</arg>
<doc>Makes a variable available globally in all tests and suites.</doc>
<msg timestamp="20250715 13:17:14.158" level="INFO">${arrival_date} = 2025-07-16T01:00:00.000Z</msg>
<status status="PASS" starttime="20250715 13:17:14.158" endtime="20250715 13:17:14.159"/>
</kw>
<kw name="Set Variable" library="BuiltIn">
<var>${r_estimated_arrival1}</var>
<arg>${fecha_manana}T14:45:57.000Z</arg>
<doc>Returns the given values which can then be assigned to a variables.</doc>
<msg timestamp="20250715 13:17:14.159" level="INFO">${r_estimated_arrival1} = 2025-07-16T14:45:57.000Z</msg>
<status status="PASS" starttime="20250715 13:17:14.159" endtime="20250715 13:17:14.159"/>
</kw>
<kw name="Set Global Variable" library="BuiltIn">
<arg>${r_estimated_arrival1}</arg>
<doc>Makes a variable available globally in all tests and suites.</doc>
<msg timestamp="20250715 13:17:14.160" level="INFO">${r_estimated_arrival1} = 2025-07-16T14:45:57.000Z</msg>
<status status="PASS" starttime="20250715 13:17:14.159" endtime="20250715 13:17:14.160"/>
</kw>
<kw name="Set Variable" library="BuiltIn">
<var>${service_date}</var>
<arg>${fecha_manana}T00:25:29.000Z</arg>
<doc>Returns the given values which can then be assigned to a variables.</doc>
<msg timestamp="20250715 13:17:14.160" level="INFO">${service_date} = 2025-07-16T00:25:29.000Z</msg>
<status status="PASS" starttime="20250715 13:17:14.160" endtime="20250715 13:17:14.160"/>
</kw>
<kw name="Set Global Variable" library="BuiltIn">
<arg>${service_date}</arg>
<doc>Makes a variable available globally in all tests and suites.</doc>
<msg timestamp="20250715 13:17:14.161" level="INFO">${service_date} = 2025-07-16T00:25:29.000Z</msg>
<status status="PASS" starttime="20250715 13:17:14.161" endtime="20250715 13:17:14.161"/>
</kw>
<kw name="Set Variable" library="BuiltIn">
<var>${modified_arrival_date}</var>
<arg>${fecha_manana}T01:00:00.000Z</arg>
<doc>Returns the given values which can then be assigned to a variables.</doc>
<msg timestamp="20250715 13:17:14.162" level="INFO">${modified_arrival_date} = 2025-07-16T01:00:00.000Z</msg>
<status status="PASS" starttime="20250715 13:17:14.161" endtime="20250715 13:17:14.162"/>
</kw>
<kw name="Set Global Variable" library="BuiltIn">
<arg>${modified_arrival_date}</arg>
<doc>Makes a variable available globally in all tests and suites.</doc>
<msg timestamp="20250715 13:17:14.162" level="INFO">${modified_arrival_date} = 2025-07-16T01:00:00.000Z</msg>
<status status="PASS" starttime="20250715 13:17:14.162" endtime="20250715 13:17:14.162"/>
</kw>
<kw name="Set Variable" library="BuiltIn">
<var>${r_modified_estimated_arrival}</var>
<arg>${fecha_pasado_manana}T14:45:57.000Z</arg>
<doc>Returns the given values which can then be assigned to a variables.</doc>
<msg timestamp="20250715 13:17:14.164" level="INFO">${r_modified_estimated_arrival} = 2025-07-17T14:45:57.000Z</msg>
<status status="PASS" starttime="20250715 13:17:14.164" endtime="20250715 13:17:14.164"/>
</kw>
<kw name="Set Global Variable" library="BuiltIn">
<arg>${r_modified_estimated_arrival}</arg>
<doc>Makes a variable available globally in all tests and suites.</doc>
<msg timestamp="20250715 13:17:14.164" level="INFO">${r_modified_estimated_arrival} = 2025-07-17T14:45:57.000Z</msg>
<status status="PASS" starttime="20250715 13:17:14.164" endtime="20250715 13:17:14.165"/>
</kw>
<kw name="Set Variable" library="BuiltIn">
<var>${modified_service_date}</var>
<arg>${fecha_manana}T00:25:29.000Z</arg>
<doc>Returns the given values which can then be assigned to a variables.</doc>
<msg timestamp="20250715 13:17:14.165" level="INFO">${modified_service_date} = 2025-07-16T00:25:29.000Z</msg>
<status status="PASS" starttime="20250715 13:17:14.165" endtime="20250715 13:17:14.165"/>
</kw>
<kw name="Set Global Variable" library="BuiltIn">
<arg>${modified_service_date}</arg>
<doc>Makes a variable available globally in all tests and suites.</doc>
<msg timestamp="20250715 13:17:14.166" level="INFO">${modified_service_date} = 2025-07-16T00:25:29.000Z</msg>
<status status="PASS" starttime="20250715 13:17:14.165" endtime="20250715 13:17:14.166"/>
</kw>
<kw name="Set Variable" library="BuiltIn">
<var>${service_date_20min}</var>
<arg>${fecha_manana}T00:20:00.000Z</arg>
<doc>Returns the given values which can then be assigned to a variables.</doc>
<msg timestamp="20250715 13:17:14.166" level="INFO">${service_date_20min} = 2025-07-16T00:20:00.000Z</msg>
<status status="PASS" starttime="20250715 13:17:14.166" endtime="20250715 13:17:14.166"/>
</kw>
<kw name="Set Global Variable" library="BuiltIn">
<arg>${service_date_20min}</arg>
<doc>Makes a variable available globally in all tests and suites.</doc>
<msg timestamp="20250715 13:17:14.167" level="INFO">${service_date_20min} = 2025-07-16T00:20:00.000Z</msg>
<status status="PASS" starttime="20250715 13:17:14.167" endtime="20250715 13:17:14.167"/>
</kw>
<kw name="Set Variable" library="BuiltIn">
<var>${service_date_22min}</var>
<arg>${fecha_manana}T00:47:00.000Z</arg>
<doc>Returns the given values which can then be assigned to a variables.</doc>
<msg timestamp="20250715 13:17:14.168" level="INFO">${service_date_22min} = 2025-07-16T00:47:00.000Z</msg>
<status status="PASS" starttime="20250715 13:17:14.167" endtime="20250715 13:17:14.168"/>
</kw>
<kw name="Set Global Variable" library="BuiltIn">
<arg>${service_date_22min}</arg>
<doc>Makes a variable available globally in all tests and suites.</doc>
<msg timestamp="20250715 13:17:14.169" level="INFO">${service_date_22min} = 2025-07-16T00:47:00.000Z</msg>
<status status="PASS" starttime="20250715 13:17:14.169" endtime="20250715 13:17:14.169"/>
</kw>
<kw name="Set Variable" library="BuiltIn">
<var>${start_date}</var>
<arg>${fecha_manana}T03:00:00.000Z</arg>
<doc>Returns the given values which can then be assigned to a variables.</doc>
<msg timestamp="20250715 13:17:14.170" level="INFO">${start_date} = 2025-07-16T03:00:00.000Z</msg>
<status status="PASS" starttime="20250715 13:17:14.169" endtime="20250715 13:17:14.170"/>
</kw>
<kw name="Set Global Variable" library="BuiltIn">
<arg>${start_date}</arg>
<doc>Makes a variable available globally in all tests and suites.</doc>
<msg timestamp="20250715 13:17:14.170" level="INFO">${start_date} = 2025-07-16T03:00:00.000Z</msg>
<status status="PASS" starttime="20250715 13:17:14.170" endtime="20250715 13:17:14.170"/>
</kw>
<kw name="Set Variable" library="BuiltIn">
<var>${end_date_4weeks}</var>
<arg>2023-12-30T02:59:59.999Z</arg>
<doc>Returns the given values which can then be assigned to a variables.</doc>
<msg timestamp="20250715 13:17:14.171" level="INFO">${end_date_4weeks} = 2023-12-30T02:59:59.999Z</msg>
<status status="PASS" starttime="20250715 13:17:14.171" endtime="20250715 13:17:14.171"/>
</kw>
<kw name="Set Global Variable" library="BuiltIn">
<arg>${end_date_4weeks}</arg>
<doc>Makes a variable available globally in all tests and suites.</doc>
<msg timestamp="20250715 13:17:14.171" level="INFO">${end_date_4weeks} = 2023-12-30T02:59:59.999Z</msg>
<status status="PASS" starttime="20250715 13:17:14.171" endtime="20250715 13:17:14.172"/>
</kw>
<kw name="Set Variable" library="BuiltIn">
<var>${end_date}</var>
<arg>${fecha_pasado_pasado_manana}T03:00:00.000Z</arg>
<doc>Returns the given values which can then be assigned to a variables.</doc>
<msg timestamp="20250715 13:17:14.172" level="INFO">${end_date} = 2025-07-18T03:00:00.000Z</msg>
<status status="PASS" starttime="20250715 13:17:14.172" endtime="20250715 13:17:14.172"/>
</kw>
<kw name="Set Global Variable" library="BuiltIn">
<arg>${end_date}</arg>
<doc>Makes a variable available globally in all tests and suites.</doc>
<msg timestamp="20250715 13:17:14.173" level="INFO">${end_date} = 2025-07-18T03:00:00.000Z</msg>
<status status="PASS" starttime="20250715 13:17:14.172" endtime="20250715 13:17:14.173"/>
</kw>
<kw name="Set Variable" library="BuiltIn">
<var>${end_date_tomorrow}</var>
<arg>${fecha_manana}T03:00:00.000Z</arg>
<doc>Returns the given values which can then be assigned to a variables.</doc>
<msg timestamp="20250715 13:17:14.173" level="INFO">${end_date_tomorrow} = 2025-07-16T03:00:00.000Z</msg>
<status status="PASS" starttime="20250715 13:17:14.173" endtime="20250715 13:17:14.173"/>
</kw>
<kw name="Set Global Variable" library="BuiltIn">
<arg>${end_date_tomorrow}</arg>
<doc>Makes a variable available globally in all tests and suites.</doc>
<msg timestamp="20250715 13:17:14.174" level="INFO">${end_date_tomorrow} = 2025-07-16T03:00:00.000Z</msg>
<status status="PASS" starttime="20250715 13:17:14.174" endtime="20250715 13:17:14.174"/>
</kw>
<kw name="Set Variable" library="BuiltIn">
<var>${schedule_day}</var>
<arg>${dia_actual_lower}</arg>
<doc>Returns the given values which can then be assigned to a variables.</doc>
<msg timestamp="20250715 13:17:14.175" level="INFO">${schedule_day} = tue</msg>
<status status="PASS" starttime="20250715 13:17:14.175" endtime="20250715 13:17:14.175"/>
</kw>
<kw name="Set Global Variable" library="BuiltIn">
<arg>${schedule_day}</arg>
<doc>Makes a variable available globally in all tests and suites.</doc>
<msg timestamp="20250715 13:17:14.176" level="INFO">${schedule_day} = tue</msg>
<status status="PASS" starttime="20250715 13:17:14.175" endtime="20250715 13:17:14.176"/>
</kw>
<kw name="Set Variable" library="BuiltIn">
<var>${start_date_today}</var>
<arg>${fecha_hoy}T03:00:00.000Z</arg>
<doc>Returns the given values which can then be assigned to a variables.</doc>
<msg timestamp="20250715 13:17:14.176" level="INFO">${start_date_today} = 2025-07-15T03:00:00.000Z</msg>
<status status="PASS" starttime="20250715 13:17:14.176" endtime="20250715 13:17:14.176"/>
</kw>
<kw name="Set Global Variable" library="BuiltIn">
<arg>${start_date_today}</arg>
<doc>Makes a variable available globally in all tests and suites.</doc>
<msg timestamp="20250715 13:17:14.177" level="INFO">${start_date_today} = 2025-07-15T03:00:00.000Z</msg>
<status status="PASS" starttime="20250715 13:17:14.177" endtime="20250715 13:17:14.177"/>
</kw>
<kw name="Set Variable" library="BuiltIn">
<var>${today_date}</var>
<arg>${fecha_hoy}</arg>
<doc>Returns the given values which can then be assigned to a variables.</doc>
<msg timestamp="20250715 13:17:14.178" level="INFO">${today_date} = 2025-07-15</msg>
<status status="PASS" starttime="20250715 13:17:14.177" endtime="20250715 13:17:14.178"/>
</kw>
<kw name="Set Global Variable" library="BuiltIn">
<arg>${today_date}</arg>
<doc>Makes a variable available globally in all tests and suites.</doc>
<msg timestamp="20250715 13:17:14.178" level="INFO">${today_date} = 2025-07-15</msg>
<status status="PASS" starttime="20250715 13:17:14.178" endtime="20250715 13:17:14.178"/>
</kw>
<kw name="Set Variable" library="BuiltIn">
<var>${end_date_tomorrow2}</var>
<arg>${fecha_manana}T02:59:59.999Z</arg>
<doc>Returns the given values which can then be assigned to a variables.</doc>
<msg timestamp="20250715 13:17:14.179" level="INFO">${end_date_tomorrow2} = 2025-07-16T02:59:59.999Z</msg>
<status status="PASS" starttime="20250715 13:17:14.178" endtime="20250715 13:17:14.179"/>
</kw>
<kw name="Set Global Variable" library="BuiltIn">
<arg>${end_date_tomorrow}</arg>
<doc>Makes a variable available globally in all tests and suites.</doc>
<msg timestamp="20250715 13:17:14.180" level="INFO">${end_date_tomorrow} = 2025-07-16T03:00:00.000Z</msg>
<status status="PASS" starttime="20250715 13:17:14.179" endtime="20250715 13:17:14.180"/>
</kw>
<kw name="Set Variable" library="BuiltIn">
<var>${expiration_date_qr}</var>
<arg>${fecha_manana}T14:10:37.968Z</arg>
<doc>Returns the given values which can then be assigned to a variables.</doc>
<msg timestamp="20250715 13:17:14.180" level="INFO">${expiration_date_qr} = 2025-07-16T14:10:37.968Z</msg>
<status status="PASS" starttime="20250715 13:17:14.180" endtime="20250715 13:17:14.180"/>
</kw>
<kw name="Set Global Variable" library="BuiltIn">
<arg>${expiration_date_qr}</arg>
<doc>Makes a variable available globally in all tests and suites.</doc>
<msg timestamp="20250715 13:17:14.180" level="INFO">${expiration_date_qr} = 2025-07-16T14:10:37.968Z</msg>
<status status="PASS" starttime="20250715 13:17:14.180" endtime="20250715 13:17:14.181"/>
</kw>
<status status="PASS" starttime="20250715 13:17:14.146" endtime="20250715 13:17:14.181"/>
</test>
<test id="s1-t2" name="Time + 1 Hour" line="64">
<kw name="Get Current Date" library="DateTime">
<var>${date}</var>
<arg>time_zone=UTC</arg>
<arg>exclude_millis=yes</arg>
<doc>Returns current local or UTC time with an optional increment.</doc>
<msg timestamp="20250715 13:17:14.184" level="INFO">${date} = 2025-07-15 17:17:14</msg>
<status status="PASS" starttime="20250715 13:17:14.182" endtime="20250715 13:17:14.184"/>
</kw>
<kw name="Convert Date" library="DateTime">
<var>${formatted_date}</var>
<arg>${date}</arg>
<arg>result_format=%Y-%m-%dT%H:%M:%S.%fZ</arg>
<doc>Converts between supported `date formats`.</doc>
<msg timestamp="20250715 13:17:14.185" level="INFO">${formatted_date} = 2025-07-15T17:17:14.000000Z</msg>
<status status="PASS" starttime="20250715 13:17:14.184" endtime="20250715 13:17:14.185"/>
</kw>
<kw name="Log" library="BuiltIn">
<arg>Hora Actual: ${formatted_date}</arg>
<doc>Logs the given message with the given level.</doc>
<msg timestamp="20250715 13:17:14.185" level="INFO">Hora Actual: 2025-07-15T17:17:14.000000Z</msg>
<status status="PASS" starttime="20250715 13:17:14.185" endtime="20250715 13:17:14.185"/>
</kw>
<kw name="Add Time To Date" library="DateTime">
<var>${one_hour_later}</var>
<arg>${date}</arg>
<arg>1 hour</arg>
<doc>Adds time to date and returns the resulting date.</doc>
<msg timestamp="20250715 13:17:14.186" level="INFO">${one_hour_later} = 2025-07-15 18:17:14.000</msg>
<status status="PASS" starttime="20250715 13:17:14.186" endtime="20250715 13:17:14.186"/>
</kw>
<kw name="Convert Date" library="DateTime">
<var>${formatted_one_hour_later}</var>
<arg>${one_hour_later}</arg>
<arg>result_format=%Y-%m-%dT%H:%M:%S.%fZ</arg>
<doc>Converts between supported `date formats`.</doc>
<msg timestamp="20250715 13:17:14.187" level="INFO">${formatted_one_hour_later} = 2025-07-15T18:17:14.000000Z</msg>
<status status="PASS" starttime="20250715 13:17:14.186" endtime="20250715 13:17:14.187"/>
</kw>
<kw name="Log" library="BuiltIn">
<arg>Hora Actual + 1 hora: ${formatted_one_hour_later}</arg>
<doc>Logs the given message with the given level.</doc>
<msg timestamp="20250715 13:17:14.189" level="INFO">Hora Actual + 1 hora: 2025-07-15T18:17:14.000000Z</msg>
<status status="PASS" starttime="20250715 13:17:14.188" endtime="20250715 13:17:14.189"/>
</kw>
<kw name="Set Global Variable" library="BuiltIn">
<arg>${formatted_one_hour_later}</arg>
<doc>Makes a variable available globally in all tests and suites.</doc>
<msg timestamp="20250715 13:17:14.190" level="INFO">${formatted_one_hour_later} = 2025-07-15T18:17:14.000000Z</msg>
<status status="PASS" starttime="20250715 13:17:14.189" endtime="20250715 13:17:14.190"/>
</kw>
<status status="PASS" starttime="20250715 13:17:14.182" endtime="20250715 13:17:14.190"/>
</test>
<test id="s1-t3" name="Verify Open RDD in Community" line="76">
<kw name="Skip" library="BuiltIn">
<doc>Skips the rest of the current test.</doc>
<msg timestamp="20250715 13:17:14.192" level="SKIP">Skipped with Skip keyword.</msg>
<status status="SKIP" starttime="20250715 13:17:14.192" endtime="20250715 13:17:14.192"/>
</kw>
<kw name="Set Variable" library="BuiltIn">
<var>${url}</var>
<arg>${STAGE_URL}/api/v1/superadmin/communities/${idComunidad}</arg>
<doc>Returns the given values which can then be assigned to a variables.</doc>
<status status="NOT RUN" starttime="20250715 13:17:14.193" endtime="20250715 13:17:14.193"/>
</kw>
<kw name="Create Dictionary" library="BuiltIn">
<var>&amp;{headers}</var>
<arg>Authorization=${tokenAdmin}</arg>
<doc>Creates and returns a dictionary based on the given ``items``.</doc>
<status status="NOT RUN" starttime="20250715 13:17:14.193" endtime="20250715 13:17:14.193"/>
</kw>
<kw name="GET" library="RequestsLibrary">
<var>${response}</var>
<arg>url=${url}</arg>
<arg>headers=${headers}</arg>
<doc>Sends a GET request.</doc>
<status status="NOT RUN" starttime="20250715 13:17:14.195" endtime="20250715 13:17:14.195"/>
</kw>
<kw name="Set Variable" library="BuiltIn">
<var>${responseJson}</var>
<arg>${response.json()}</arg>
<doc>Returns the given values which can then be assigned to a variables.</doc>
<status status="NOT RUN" starttime="20250715 13:17:14.195" endtime="20250715 13:17:14.195"/>
</kw>
<kw name="Set Variable" library="BuiltIn">
<var>${enabled}</var>
<arg>${responseJson}[custom][realTimeTransportSystem][buses][oDDServices][0][userRequests][freeRequests][enabled]</arg>
<doc>Returns the given values which can then be assigned to a variables.</doc>
<status status="NOT RUN" starttime="20250715 13:17:14.196" endtime="20250715 13:17:14.196"/>
</kw>
<kw name="Should Be Equal As Numbers" library="BuiltIn">
<arg>${response.status_code}</arg>
<arg>200</arg>
<doc>Fails if objects are unequal after converting them to real numbers.</doc>
<status status="NOT RUN" starttime="20250715 13:17:14.196" endtime="20250715 13:17:14.196"/>
</kw>
<kw name="Should Be Equal As Strings" library="BuiltIn">
<arg>${enabled}</arg>
<arg>True</arg>
<doc>Fails if objects are unequal after converting them to strings.</doc>
<status status="NOT RUN" starttime="20250715 13:17:14.197" endtime="20250715 13:17:14.197"/>
</kw>
<status status="SKIP" starttime="20250715 13:17:14.191" endtime="20250715 13:17:14.197">Skipped with Skip keyword.</status>
</test>
<test id="s1-t4" name="Get Places" line="94">
<kw name="Set Variable" library="BuiltIn">
<var>${url}</var>
<arg>${STAGE_URL}/api/v1/admin/places/list?community=${idComunidad}</arg>
<doc>Returns the given values which can then be assigned to a variables.</doc>
<msg timestamp="20250715 13:17:14.200" level="INFO">${url} = https://stage.allrideapp.com/api/v1/admin/places/list?community=653fd601f90509541a748683</msg>
<status status="PASS" starttime="20250715 13:17:14.200" endtime="20250715 13:17:14.200"/>
</kw>
<kw name="Create Dictionary" library="BuiltIn">
<var>&amp;{headers}</var>
<arg>Authorization=${tokenAdmin}</arg>
<doc>Creates and returns a dictionary based on the given ``items``.</doc>
<msg timestamp="20250715 13:17:14.201" level="INFO">&amp;{headers} = { Authorization=Bearer e6429a0cf28f4c0377a8009ee0cf7a88a5298794ad3306c6fa04482d73763f4790cbf05bb45769fbda4131e9be770a94e702c6f72efde4cd6ac72fdfde4cf640 }</msg>
<status status="PASS" starttime="20250715 13:17:14.200" endtime="20250715 13:17:14.201"/>
</kw>
<kw name="GET" library="RequestsLibrary">
<var>${response}</var>
<arg>url=${url}</arg>
<arg>headers=${headers}</arg>
<doc>Sends a GET request.</doc>
<msg timestamp="20250715 13:17:14.754" level="INFO">GET Request : url=https://stage.allrideapp.com/api/v1/admin/places/list?community=653fd601f90509541a748683 
 path_url=/api/v1/admin/places/list?community=653fd601f90509541a748683 
 headers={'User-Agent': 'python-requests/2.32.3', 'Accept-Encoding': 'gzip, deflate', 'Accept': '*/*', 'Connection': 'keep-alive', 'Authorization': 'Bearer e6429a0cf28f4c0377a8009ee0cf7a88a5298794ad3306c6fa04482d73763f4790cbf05bb45769fbda4131e9be770a94e702c6f72efde4cd6ac72fdfde4cf640'} 
 body=None 
 </msg>
<msg timestamp="20250715 13:17:14.754" level="INFO">GET Response : url=https://stage.allrideapp.com/api/v1/admin/places/list?community=653fd601f90509541a748683 
 status=200, reason=OK 
 headers={'Date': 'Tue, 15 Jul 2025 17:17:15 GMT', 'Content-Type': 'application/json; charset=utf-8', 'Transfer-Encoding': 'chunked', 'Connection': 'keep-alive', 'Server': 'nginx', 'X-DNS-Prefetch-Control': 'off', 'X-Frame-Options': 'SAMEORIGIN', 'Strict-Transport-Security': 'max-age=15552000; includeSubDomains', 'X-Download-Options': 'noopen', 'X-Content-Type-Options': 'nosniff', 'X-XSS-Protection': '1; mode=block', 'Access-Control-Allow-Origin': '*', 'X-RateLimit-Limit': '200', 'X-RateLimit-Remaining': '198', 'X-RateLimit-Reset': '1752599879', 'ETag': 'W/"e4a-B9e6qn9PC2Jxf4AH3VWnAs02eaM"', 'Content-Encoding': 'gzip'} 
 body=[{"_id":"653ffbe3f90509541a749c06","shortName":"Parque Arauco","longName":"Parque Arauco Boulevard","latitude":-33.4013,"longitude":-70.5787,"communityId":"653fd601f90509541a748683","icon":"https://s3.amazonaws.com/prod.allride.mailtemplates/1536681486734favorite-place.png","createdAt":"2023-10-30T18:54:27.747Z","updatedAt":"2023-10-31T12:28:25.006Z","__v":0},{"_id":"6543b3dc0d3bbd73ffd6cc3a","shortName":"Ciudad Satelite","longName":"Ciudad Satelite Maipu","latitude":-33.5654,"longitude":-70.7796,"communityId":"653fd601f90509541a748683","icon":"https://s3.amazonaws.com/allride.uploads/communityAvatar_653fd601f90509541a748683_1698682370245.png","createdAt":"2023-11-02T14:36:12.110Z","updatedAt":"2023-11-02T14:36:40.646Z","__v":0},{"_id":"6543b4ee08b5fc610db1d0cb","shortName":"Parque Forestal","longName":"Parque Forestal","latitude":-33.4359,"longitude":-70.6417,"communityId":"653fd601f90509541a748683","icon":"https://s3.amazonaws.com/allride.uploads/communityAvatar_653fd601f90509541a748683_1698682370245.png","createdAt":"2023-11-02T14:40:46.165Z","updatedAt":"2023-11-02T14:41:07.604Z","__v":0},{"_id":"6543d0600d3bbd73ffd6de2d","shortName":"Plaza Ñuñoa","longName":"Plaza Ñuñoa","latitude":-33.4549,"longitude":-70.5915,"communityId":"653fd601f90509541a748683","icon":"https://s3.amazonaws.com/allride.uploads/communityAvatar_653fd601f90509541a748683_1698682370245.png","createdAt":"2023-11-02T16:37:52.624Z","updatedAt":"2023-11-02T16:38:13.596Z","__v":0},{"_id":"65fb4a38137abd9662f1e38c","shortName":"Puente Prueba RDD","longName":"Puente Prueba RDD","latitude":-33.6211,"longitude":-70.5956,"communityId":"653fd601f90509541a748683","icon":"https://s3.amazonaws.com/allride.uploads/communityAvatar_653fd601f90509541a748683_1699885119125.png","createdAt":"2024-03-20T20:42:32.664Z","updatedAt":"2024-03-20T20:42:46.515Z","__v":0},{"_id":"65fb4a4d8ee7436599a29761","shortName":"Peñaflor Prueba RDD","longName":"Peñaflor Prueba RDD","latitude":-33.608,"longitude":-70.8749,"communityId":"653fd601f90509541a748683","icon":"https://s3.amazonaws.com/allride.uploads/communityAvatar_653fd601f90509541a748683_1699885119125.png","createdAt":"2024-03-20T20:42:53.538Z","updatedAt":"2024-03-20T20:43:04.014Z","__v":0},{"_id":"67ae2140a6062d71dbc7517f","shortName":"Rancagua","longName":"-","latitude":-34.1711,"longitude":-70.7373,"communityId":"653fd601f90509541a748683","icon":"https://s3.amazonaws.com/allride.uploads/communityAvatar_653fd601f90509541a748683_1699885119125.png","createdAt":"2025-02-13T16:43:44.447Z","updatedAt":"2025-02-13T16:44:10.543Z","__v":0},{"_id":"67ae2165a6062d71dbc7531e","shortName":"Viña","longName":"-","latitude":-33.0252,"longitude":-71.5281,"communityId":"653fd601f90509541a748683","icon":"https://s3.amazonaws.com/allride.uploads/communityAvatar_653fd601f90509541a748683_1699885119125.png","createdAt":"2025-02-13T16:44:21.282Z","updatedAt":"2025-02-13T16:44:25.467Z","__v":0},{"_id":"681b6f2f5f780b1141ce8bf0","shortName":"Puerto Montt RDD","longName":"Puerto Montt RDD","latitude":-41.4874,"longitude":-72.9392,"communityId":"653fd601f90509541a748683","icon":"https://s3.amazonaws.com/allride.uploads/communityAvatar_653fd601f90509541a748683_1699885119125.png","createdAt":"2025-05-07T14:33:19.285Z","updatedAt":"2025-05-07T14:33:32.542Z","__v":0},{"_id":"681b6f415f780b1141ce8cac","shortName":"Hornopiren RDD","longName":"-","latitude":-41.9724,"longitude":-72.2532,"communityId":"653fd601f90509541a748683","icon":"https://s3.amazonaws.com/allride.uploads/communityAvatar_653fd601f90509541a748683_1699885119125.png","createdAt":"2025-05-07T14:33:37.124Z","updatedAt":"2025-05-07T14:33:45.378Z","__v":0}] 
 </msg>
<msg timestamp="20250715 13:17:14.755" level="INFO">${response} = &lt;Response [200]&gt;</msg>
<status status="PASS" starttime="20250715 13:17:14.201" endtime="20250715 13:17:14.755"/>
</kw>
<kw name="Should Be Equal As Numbers" library="BuiltIn">
<arg>${response.status_code}</arg>
<arg>200</arg>
<doc>Fails if objects are unequal after converting them to real numbers.</doc>
<msg timestamp="20250715 13:17:14.756" level="INFO">Argument types are:
&lt;class 'int'&gt;
&lt;class 'str'&gt;</msg>
<status status="PASS" starttime="20250715 13:17:14.755" endtime="20250715 13:17:14.757"/>
</kw>
<kw name="Should Not Be Empty" library="BuiltIn">
<arg>${response.json()}</arg>
<doc>Verifies that the given item is not empty.</doc>
<msg timestamp="20250715 13:17:14.758" level="INFO">Length is 10</msg>
<status status="PASS" starttime="20250715 13:17:14.757" endtime="20250715 13:17:14.758"/>
</kw>
<status status="PASS" starttime="20250715 13:17:14.198" endtime="20250715 13:17:14.760"/>
</test>
<test id="s1-t5" name="Create RDD As Admin" line="106">
<kw name="Create Session" library="RequestsLibrary">
<arg>mysesion</arg>
<arg>${STAGE_URL}</arg>
<arg>verify=true</arg>
<doc>Create Session: create a HTTP session to a server</doc>
<msg timestamp="20250715 13:17:14.761" level="INFO">Creating Session using : alias=mysesion, url=https://stage.allrideapp.com, headers={},                     cookies={}, auth=None, timeout=None, proxies=None, verify=True,                     debug=0 </msg>
<status status="PASS" starttime="20250715 13:17:14.761" endtime="20250715 13:17:14.761"/>
</kw>
<kw name="Create Dictionary" library="BuiltIn">
<var>${headers}</var>
<arg>Authorization=${tokenAdmin}</arg>
<arg>Content-Type=application/json; charset=utf-8</arg>
<doc>Creates and returns a dictionary based on the given ``items``.</doc>
<msg timestamp="20250715 13:17:14.762" level="INFO">${headers} = {'Authorization': 'Bearer e6429a0cf28f4c0377a8009ee0cf7a88a5298794ad3306c6fa04482d73763f4790cbf05bb45769fbda4131e9be770a94e702c6f72efde4cd6ac72fdfde4cf640', 'Content-Type': 'application/json; charset=...</msg>
<status status="PASS" starttime="20250715 13:17:14.762" endtime="20250715 13:17:14.763"/>
</kw>
<kw name="POST On Session" library="RequestsLibrary">
<var>${response}</var>
<arg>mysesion</arg>
<arg>url=/api/v1/admin/pb/odd?community=${idComunidad}</arg>
<arg>data={"superCommunityId":"${idSuperCommunity}","adminId":"${idAdmin}","adminName":"Soporte AllRide","oddSimpleFlow":false,"state":"pendingDriverAssignment","name":"RDD Common Destiny Flow","oddType":"Taxis Coni y Nico","placeLat":-33.4098734,"placeLon":-70.5673477,"serviceCost":null,"apportionByParams":[],"direction":"in","comments":"","serviceDate":"${formatted_one_hour_later}","extraMinutes":0,"estimatedArrival":"${r_estimated_arrival1}","reservations":[{"userId":"${idNico}","stopId":"655d11d88a5a1a1ff0328466","placeId":null,"order":0,"estimatedArrival":"${r_estimated_arrival1}","distances":{"fromPrevious":0,"toNext":4334,"distanceToLocation":4334,"pctToLocation":1}}],"waypoints":[[-70.54732,-33.39116],[-70.54727000000001,-33.39133],[-70.54721,-33.391470000000005],[-70.54716,-33.391540000000006],[-70.54705,-33.39162],[-70.54695000000001,-33.3917],[-70.54689,-33.391780000000004],[-70.54689,-33.39181],[-70.54693,-33.39188],[-70.54698,-33.3919],[-70.54719,-33.39193],[-70.54751,-33.391270000000006],[-70.54761,-33.3911],[-70.54766000000001,-33.390950000000004],[-70.54774,-33.390660000000004],[-70.54785000000001,-33.39038],[-70.54812000000001,-33.38983],[-70.54827,-33.389500000000005],[-70.54875000000001,-33.38969],[-70.54948,-33.389970000000005],[-70.54953,-33.390010000000004],[-70.54971,-33.39011],[-70.55007,-33.39025],[-70.55031000000001,-33.390370000000004],[-70.5505,-33.390480000000004],[-70.55272000000001,-33.39135],[-70.55353000000001,-33.39166],[-70.55436,-33.39193],[-70.55537000000001,-33.392300000000006],[-70.55657000000001,-33.39271],[-70.55855000000001,-33.393370000000004],[-70.56148,-33.394400000000005],[-70.56253000000001,-33.394740000000006],[-70.56457,-33.395480000000006],[-70.56617,-33.39603],[-70.56643000000001,-33.396060000000006],[-70.56678000000001,-33.39616],[-70.56710000000001,-33.39627],[-70.5673,-33.39631],[-70.56773000000001,-33.396460000000005],[-70.56902000000001,-33.396910000000005],[-70.56936,-33.39705],[-70.57007,-33.397310000000004],[-70.5706,-33.39745],[-70.57089,-33.397560000000006],[-70.57161,-33.397830000000006],[-70.57183,-33.39777],[-70.5719,-33.39772],[-70.57194000000001,-33.39764],[-70.57193000000001,-33.39746],[-70.5719,-33.397360000000006],[-70.57187,-33.397310000000004],[-70.57182,-33.39728],[-70.57173,-33.397270000000006],[-70.57153000000001,-33.397330000000004],[-70.57133,-33.39791],[-70.57121000000001,-33.398250000000004],[-70.57106,-33.398500000000006],[-70.57043,-33.40035],[-70.56976,-33.40227],[-70.56971,-33.402390000000004],[-70.56920000000001,-33.40377],[-70.56885000000001,-33.40473],[-70.56839000000001,-33.406040000000004],[-70.56824,-33.406420000000004],[-70.56827000000001,-33.406560000000006],[-70.56826000000001,-33.40666],[-70.56773000000001,-33.407790000000006],[-70.56759000000001,-33.408150000000006],[-70.56728000000001,-33.40885],[-70.56711,-33.409330000000004],[-70.56695,-33.40979]],"estimatedDistance":4334,"startLocation":{"lat":-33.3908833,"lon":-70.54620129999999,"loc":[-70.54620129999999,-33.3908833],"placeId":null,"stopId":"655d11d88a5a1a1ff0328466"},"endLocation":{"lat":-33.4098734,"lon":-70.5673477,"loc":[-70.5673477,-33.4098734],"placeId":null,"stopId":"655d11d88a5a1a1ff0328464","referencePoint":true},"placeWaitTime":0,"reason":"","linkedDeparture":null,"reservationsToLink":[],"isPastService":false,"communityId":"","placeId":null,"stopId":"655d11d88a5a1a1ff0328464","serviceHour":"","placeName":"Mall Apumanque Avenida Manquehue Sur, Las Condes, Chile","placeLongName":"Mall Apumanque Avenida Manquehue Sur, Las Condes, Chile","hourIsDepartureOrArrival":"arrival","roundedDistance":"4.33","travelTime":529,"originalEstimatedArrival":"","originalServiceDate":"","originalTravelTime":529,"adjustmentFactor":1,"totalReservations":1,"arrivalDate":"${arrival_date}"}</arg>
<arg>headers=${headers}</arg>
<doc>Sends a POST request on a previously created HTTP Session.</doc>
<msg timestamp="20250715 13:17:15.815" level="INFO">POST Request : url=https://stage.allrideapp.com/api/v1/admin/pb/odd?community=653fd601f90509541a748683 
 path_url=/api/v1/admin/pb/odd?community=653fd601f90509541a748683 
 headers={'User-Agent': 'python-requests/2.32.3', 'Accept-Encoding': 'gzip, deflate', 'Accept': '*/*', 'Connection': 'keep-alive', 'Authorization': 'Bearer e6429a0cf28f4c0377a8009ee0cf7a88a5298794ad3306c6fa04482d73763f4790cbf05bb45769fbda4131e9be770a94e702c6f72efde4cd6ac72fdfde4cf640', 'Content-Type': 'application/json; charset=utf-8', 'Content-Length': '3824'} 
 body={"superCommunityId":"653fd68233d83952fafcd4be","adminId":"653fd89733d83952fafcd6ca","adminName":"Soporte AllRide","oddSimpleFlow":false,"state":"pendingDriverAssignment","name":"RDD Common Destiny Flow","oddType":"Taxis Coni y Nico","placeLat":-33.4098734,"placeLon":-70.5673477,"serviceCost":null,"apportionByParams":[],"direction":"in","comments":"","serviceDate":"2025-07-15T18:17:14.000000Z","extraMinutes":0,"estimatedArrival":"2025-07-16T14:45:57.000Z","reservations":[{"userId":"65e8e076337a90a35ba6e8dd","stopId":"655d11d88a5a1a1ff0328466","placeId":null,"order":0,"estimatedArrival":"2025-07-16T14:45:57.000Z","distances":{"fromPrevious":0,"toNext":4334,"distanceToLocation":4334,"pctToLocation":1}}],"waypoints":[[-70.54732,-33.39116],[-70.54727000000001,-33.39133],[-70.54721,-33.391470000000005],[-70.54716,-33.391540000000006],[-70.54705,-33.39162],[-70.54695000000001,-33.3917],[-70.54689,-33.391780000000004],[-70.54689,-33.39181],[-70.54693,-33.39188],[-70.54698,-33.3919],[-70.54719,-33.39193],[-70.54751,-33.391270000000006],[-70.54761,-33.3911],[-70.54766000000001,-33.390950000000004],[-70.54774,-33.390660000000004],[-70.54785000000001,-33.39038],[-70.54812000000001,-33.38983],[-70.54827,-33.389500000000005],[-70.54875000000001,-33.38969],[-70.54948,-33.389970000000005],[-70.54953,-33.390010000000004],[-70.54971,-33.39011],[-70.55007,-33.39025],[-70.55031000000001,-33.390370000000004],[-70.5505,-33.390480000000004],[-70.55272000000001,-33.39135],[-70.55353000000001,-33.39166],[-70.55436,-33.39193],[-70.55537000000001,-33.392300000000006],[-70.55657000000001,-33.39271],[-70.55855000000001,-33.393370000000004],[-70.56148,-33.394400000000005],[-70.56253000000001,-33.394740000000006],[-70.56457,-33.395480000000006],[-70.56617,-33.39603],[-70.56643000000001,-33.396060000000006],[-70.56678000000001,-33.39616],[-70.56710000000001,-33.39627],[-70.5673,-33.39631],[-70.56773000000001,-33.396460000000005],[-70.56902000000001,-33.396910000000005],[-70.56936,-33.39705],[-70.57007,-33.397310000000004],[-70.5706,-33.39745],[-70.57089,-33.397560000000006],[-70.57161,-33.397830000000006],[-70.57183,-33.39777],[-70.5719,-33.39772],[-70.57194000000001,-33.39764],[-70.57193000000001,-33.39746],[-70.5719,-33.397360000000006],[-70.57187,-33.397310000000004],[-70.57182,-33.39728],[-70.57173,-33.397270000000006],[-70.57153000000001,-33.397330000000004],[-70.57133,-33.39791],[-70.57121000000001,-33.398250000000004],[-70.57106,-33.398500000000006],[-70.57043,-33.40035],[-70.56976,-33.40227],[-70.56971,-33.402390000000004],[-70.56920000000001,-33.40377],[-70.56885000000001,-33.40473],[-70.56839000000001,-33.406040000000004],[-70.56824,-33.406420000000004],[-70.56827000000001,-33.406560000000006],[-70.56826000000001,-33.40666],[-70.56773000000001,-33.407790000000006],[-70.56759000000001,-33.408150000000006],[-70.56728000000001,-33.40885],[-70.56711,-33.409330000000004],[-70.56695,-33.40979]],"estimatedDistance":4334,"startLocation":{"lat":-33.3908833,"lon":-70.54620129999999,"loc":[-70.54620129999999,-33.3908833],"placeId":null,"stopId":"655d11d88a5a1a1ff0328466"},"endLocation":{"lat":-33.4098734,"lon":-70.5673477,"loc":[-70.5673477,-33.4098734],"placeId":null,"stopId":"655d11d88a5a1a1ff0328464","referencePoint":true},"placeWaitTime":0,"reason":"","linkedDeparture":null,"reservationsToLink":[],"isPastService":false,"communityId":"","placeId":null,"stopId":"655d11d88a5a1a1ff0328464","serviceHour":"","placeName":"Mall Apumanque Avenida Manquehue Sur, Las Condes, Chile","placeLongName":"Mall Apumanque Avenida Manquehue Sur, Las Condes, Chile","hourIsDepartureOrArrival":"arrival","roundedDistance":"4.33","travelTime":529,"originalEstimatedArrival":"","originalServiceDate":"","originalTravelTime":529,"adjustmentFactor":1,"totalReservations":1,"arrivalDate":"2025-07-16T01:00:00.000Z"} 
 </msg>
<msg timestamp="20250715 13:17:15.815" level="INFO">POST Response : url=https://stage.allrideapp.com/api/v1/admin/pb/odd?community=653fd601f90509541a748683 
 status=200, reason=OK 
 headers={'Date': 'Tue, 15 Jul 2025 17:17:16 GMT', 'Content-Type': 'application/json; charset=utf-8', 'Transfer-Encoding': 'chunked', 'Connection': 'keep-alive', 'Server': 'nginx', 'X-DNS-Prefetch-Control': 'off', 'X-Frame-Options': 'SAMEORIGIN', 'Strict-Transport-Security': 'max-age=15552000; includeSubDomains', 'X-Download-Options': 'noopen', 'X-Content-Type-Options': 'nosniff', 'X-XSS-Protection': '1; mode=block', 'Access-Control-Allow-Origin': '*', 'X-RateLimit-Limit': '200', 'X-RateLimit-Remaining': '198', 'X-RateLimit-Reset': '1752599896', 'ETag': 'W/"12e1-o+Cdj6EPU98bg1PMrV37Tv7vFfI"', 'Content-Encoding': 'gzip'} 
 body={"restrictPassengers":{"validation":{"enabled":false,"parameters":[]},"reservation":{"enabled":false,"parameters":[]},"visibility":{"enabled":false,"parameters":[]},"enabled":false},"superCommunities":["653fd68233d83952fafcd4be"],"communities":["653fd601f90509541a748683"],"assistantIds":[],"labels":[],"active":false,"sharing":false,"disabled":false,"internal":false,"rounds":0,"distance":0,"scheduled":false,"odd":true,"estimatedDistance":4334,"extraMinutes":0,"placeWaitTime":0,"hasExternalGPS":false,"allowsServiceSnapshots":false,"allowsNonServiceSnapshots":false,"allowsSnapshots":false,"allowsDistance":true,"usesOfflineCount":false,"linkedDepartures":[],"_id":"68768d1b038a8a93dc2c9d33","oDDInfo":{"isSimpleFlow":false,"type":"Taxis Coni y Nico"},"oddSimpleFlow":false,"state":"pendingDriverAssignment","stateHistory":[{"_id":"68768d1b038a8a93dc2c9d34","state":"created","adminId":"66d75c62a1b7bc9a1dd231c6","date":"2025-07-15T17:17:15.883Z"},{"_id":"68768d1c038a8a93dc2c9d45","state":"pendingDriverAssignment","date":"2025-07-15T17:17:16.021Z","adminId":"66d75c62a1b7bc9a1dd231c6"}],"adminId":"66d75c62a1b7bc9a1dd231c6","name":"RDD Common Destiny Flow","reason":"","direction":"in","comments":"","serviceDate":"2025-07-15T18:17:14.000Z","reservations":[{"waitTime":0,"validated":false,"fromApp":false,"manuallyBooked":false,"joined":false,"approvedByDriver":true,"_id":"68768d1b038a8a93dc2c9d35","userId":"65e8e076337a90a35ba6e8dd","stopId":"655d11d88a5a1a1ff0328466","placeId":null,"order":0,"estimatedArrival":"2025-07-16T14:45:57.000Z","distances":{"toNext":4334,"distanceToLocation":4334,"pctToLocation":1}}],"waypoints":{"coordinates":[[-70.54732,-33.39116],[-70.54727000000001,-33.39133],[-70.54721,-33.391470000000005],[-70.54716,-33.391540000000006],[-70.54705,-33.39162],[-70.54695000000001,-33.3917],[-70.54689,-33.391780000000004],[-70.54689,-33.39181],[-70.54693,-33.39188],[-70.54698,-33.3919],[-70.54719,-33.39193],[-70.54751,-33.391270000000006],[-70.54761,-33.3911],[-70.54766000000001,-33.390950000000004],[-70.54774,-33.390660000000004],[-70.54785000000001,-33.39038],[-70.54812000000001,-33.38983],[-70.54827,-33.389500000000005],[-70.54875000000001,-33.38969],[-70.54948,-33.389970000000005],[-70.54953,-33.390010000000004],[-70.54971,-33.39011],[-70.55007,-33.39025],[-70.55031000000001,-33.390370000000004],[-70.5505,-33.390480000000004],[-70.55272000000001,-33.39135],[-70.55353000000001,-33.39166],[-70.55436,-33.39193],[-70.55537000000001,-33.392300000000006],[-70.55657000000001,-33.39271],[-70.55855000000001,-33.393370000000004],[-70.56148,-33.394400000000005],[-70.56253000000001,-33.394740000000006],[-70.56457,-33.395480000000006],[-70.56617,-33.39603],[-70.56643000000001,-33.396060000000006],[-70.56678000000001,-33.39616],[-70.56710000000001,-33.39627],[-70.5673,-33.39631],[-70.56773000000001,-33.396460000000005],[-70.56902000000001,-33.396910000000005],[-70.56936,-33.39705],[-70.57007,-33.397310000000004],[-70.5706,-33.39745],[-70.57089,-33.397560000000006],[-70.57161,-33.397830000000006],[-70.57183,-33.39777],[-70.5719,-33.39772],[-70.57194000000001,-33.39764],[-70.57193000000001,-33.39746],[-70.5719,-33.397360000000006],[-70.57187,-33.397310000000004],[-70.57182,-33.39728],[-70.57173,-33.397270000000006],[-70.57153000000001,-33.397330000000004],[-70.57133,-33.39791],[-70.57121000000001,-33.398250000000004],[-70.57106,-33.398500000000006],[-70.57043,-33.40035],[-70.56976,-33.40227],[-70.56971,-33.402390000000004],[-70.56920000000001,-33.40377],[-70.56885000000001,-33.40473],[-70.56839000000001,-33.406040000000004],[-70.56824,-33.406420000000004],[-70.56827000000001,-33.406560000000006],[-70.56826000000001,-33.40666],[-70.56773000000001,-33.407790000000006],[-70.56759000000001,-33.408150000000006],[-70.56728000000001,-33.40885],[-70.56711,-33.409330000000004],[-70.56695,-33.40979]],"type":"LineString"},"estimatedArrival":"2025-07-16T14:45:57.000Z","arrivalDate":"2025-07-16T01:00:00.000Z","startLocation":{"_id":"68768d1b038a8a93dc2c9d36","lat":-33.3908833,"lon":-70.54620129999999,"loc":[-70.54620129999999,-33.3908833],"placeId":null,"stopId":"655d11d88a5a1a1ff0328466"},"endLocation":{"_id":"68768d1b038a8a93dc2c9d37","lat":-33.4098734,"lon":-70.5673477,"loc":[-70.5673477,-33.4098734],"placeId":null,"stopId":"655d11d88a5a1a1ff0328464","referencePoint":true},"drivers":[],"categories":[],"trail":[],"legs":[],"deviceHistory":[],"apportionByCategories":[],"enabledSeats":[],"customParams":[],"customParamsAtTheEnd":[],"preTripChecklist":[],"speedAlerts":[],"deviationAlerts":[],"orientation":222.90593228943052,"superCommunityId":"653fd68233d83952fafcd4be","communityId":"653fd601f90509541a748683","oddType":"Taxis Coni y Nico","isPastService":false,"sequenceId":"2025-07-0463","createdAt":"2025-07-15T17:17:16.020Z","updatedAt":"2025-07-15T17:17:16.020Z","__v":0} 
 </msg>
<msg timestamp="20250715 13:17:15.815" level="INFO">${response} = &lt;Response [200]&gt;</msg>
<status status="PASS" starttime="20250715 13:17:14.763" endtime="20250715 13:17:15.817"/>
</kw>
<kw name="Convert To String" library="BuiltIn">
<var>${code}</var>
<arg>${response.status_code}</arg>
<doc>Converts the given item to a Unicode string.</doc>
<msg timestamp="20250715 13:17:15.818" level="INFO">${code} = 200</msg>
<status status="PASS" starttime="20250715 13:17:15.817" endtime="20250715 13:17:15.818"/>
</kw>
<kw name="Should Be Equal As Numbers" library="BuiltIn">
<arg>${code}</arg>
<arg>200</arg>
<doc>Fails if objects are unequal after converting them to real numbers.</doc>
<status status="PASS" starttime="20250715 13:17:15.818" endtime="20250715 13:17:15.818"/>
</kw>
<kw name="Log" library="BuiltIn">
<arg>${code}</arg>
<doc>Logs the given message with the given level.</doc>
<msg timestamp="20250715 13:17:15.819" level="INFO">200</msg>
<status status="PASS" starttime="20250715 13:17:15.819" endtime="20250715 13:17:15.819"/>
</kw>
<kw name="Set Variable" library="BuiltIn">
<var>${rddId}</var>
<arg>${response.json()}[_id]</arg>
<doc>Returns the given values which can then be assigned to a variables.</doc>
<msg timestamp="20250715 13:17:15.820" level="INFO">${rddId} = 68768d1b038a8a93dc2c9d33</msg>
<status status="PASS" starttime="20250715 13:17:15.819" endtime="20250715 13:17:15.820"/>
</kw>
<kw name="Set Global Variable" library="BuiltIn">
<arg>${rddId}</arg>
<doc>Makes a variable available globally in all tests and suites.</doc>
<msg timestamp="20250715 13:17:15.820" level="INFO">${rddId} = 68768d1b038a8a93dc2c9d33</msg>
<status status="PASS" starttime="20250715 13:17:15.820" endtime="20250715 13:17:15.820"/>
</kw>
<status status="PASS" starttime="20250715 13:17:14.760" endtime="20250715 13:17:15.822"/>
</test>
<test id="s1-t6" name="Login User With Email(Obtain Token)" line="127">
<kw name="Create Session" library="RequestsLibrary">
<arg>mysesion</arg>
<arg>${STAGE_URL}</arg>
<arg>verify=true</arg>
<doc>Create Session: create a HTTP session to a server</doc>
<msg timestamp="20250715 13:17:15.823" level="INFO">Creating Session using : alias=mysesion, url=https://stage.allrideapp.com, headers={},                     cookies={}, auth=None, timeout=None, proxies=None, verify=True,                     debug=0 </msg>
<status status="PASS" starttime="20250715 13:17:15.823" endtime="20250715 13:17:15.824"/>
</kw>
<kw name="Set Variable" library="BuiltIn">
<var>${jsonBody}</var>
<arg>{"username":"nicolas+endauto@allrideapp.com","password":"Equilibriozen123#"}</arg>
<doc>Returns the given values which can then be assigned to a variables.</doc>
<msg timestamp="20250715 13:17:15.824" level="INFO">${jsonBody} = {"username":"nicolas+endauto@allrideapp.com","password":"Equilibriozen123#"}</msg>
<status status="PASS" starttime="20250715 13:17:15.824" endtime="20250715 13:17:15.824"/>
</kw>
<kw name="Evaluate" library="BuiltIn">
<var>${parsed_json}</var>
<arg>json.loads($jsonBody)</arg>
<arg>json</arg>
<doc>Evaluates the given expression in Python and returns the result.</doc>
<msg timestamp="20250715 13:17:15.827" level="INFO">${parsed_json} = {'username': 'nicolas+endauto@allrideapp.com', 'password': 'Equilibriozen123#'}</msg>
<status status="PASS" starttime="20250715 13:17:15.825" endtime="20250715 13:17:15.827"/>
</kw>
<kw name="Create Dictionary" library="BuiltIn">
<var>${headers}</var>
<arg>Authorization=""</arg>
<arg>Content-Type=application/json</arg>
<doc>Creates and returns a dictionary based on the given ``items``.</doc>
<msg timestamp="20250715 13:17:15.828" level="INFO">${headers} = {'Authorization': '""', 'Content-Type': 'application/json'}</msg>
<status status="PASS" starttime="20250715 13:17:15.827" endtime="20250715 13:17:15.828"/>
</kw>
<kw name="POST On Session" library="RequestsLibrary">
<var>${response}</var>
<arg>mysesion</arg>
<arg>url=${loginUserUrl}</arg>
<arg>json=${parsed_json}</arg>
<arg>headers=${headers}</arg>
<doc>Sends a POST request on a previously created HTTP Session.</doc>
<msg timestamp="20250715 13:17:16.562" level="INFO">POST Request : url=https://stage.allrideapp.com/api/v1/login/email 
 path_url=/api/v1/login/email 
 headers={'User-Agent': 'python-requests/2.32.3', 'Accept-Encoding': 'gzip, deflate', 'Accept': '*/*', 'Connection': 'keep-alive', 'Authorization': '""', 'Content-Type': 'application/json', 'Content-Length': '79'} 
 body=b'{"username": "nicolas+endauto@allrideapp.com", "password": "Equilibriozen123#"}' 
 </msg>
<msg timestamp="20250715 13:17:16.562" level="INFO">POST Response : url=https://stage.allrideapp.com/api/v1/login/email 
 status=200, reason=OK 
 headers={'Date': 'Tue, 15 Jul 2025 17:17:17 GMT', 'Content-Type': 'application/json; charset=utf-8', 'Transfer-Encoding': 'chunked', 'Connection': 'keep-alive', 'Server': 'nginx', 'X-DNS-Prefetch-Control': 'off', 'X-Frame-Options': 'SAMEORIGIN', 'Strict-Transport-Security': 'max-age=15552000; includeSubDomains', 'X-Download-Options': 'noopen', 'X-Content-Type-Options': 'nosniff', 'X-XSS-Protection': '1; mode=block', 'Access-Control-Allow-Origin': '*', 'X-RateLimit-Limit': '5', 'X-RateLimit-Remaining': '4', 'X-RateLimit-Reset': '1752599867', 'ETag': 'W/"1523-mgXhiUFa4ZW12LiuXAxBrYLBS4c"', 'Content-Encoding': 'gzip'} 
 body={"device":{"os":"android","lang":"es","token":"c3mYk9D7QpqdDcUyZbm-Ks:APA91bHTR1Sx18jneaLCkT4o-yLUHtI_Rm5yiCfSRLh49iq7P-R9LkL_wKr-3JHBfrOBf1kcXsKe3dCYycVi0HxlRDyZANPYqOtJqh_gCO5gR_4zYIZIlUQ","manufacturer":"google","appVersion":"198","lastSeenOnline":"2025-04-23T16:27:38.534Z"},"config":{"privateBus":{"showSection":true,"canBeValidated":true,"canBook":true},"enabledPin":false,"excludeMassiveMailing":false,"excludeMailingLevels":[],"excludeNotifications":[]},"active":true,"adminLevel":0,"setUserLimits":false,"distance":0,"pendingDeletion":false,"_id":"65e8e076337a90a35ba6e8dd","updatedAvatar":"2024-03-06T21:30:30.151Z","socialServices":[],"communities":[{"bounced":false,"confirmed":true,"_id":"661d977a9cf93f24956f77f8","communityId":"653fd601f90509541a748683","isAdmin":false,"isStudent":false,"custom":[{"listValue":[],"private":true,"_id":"661d977a9cf93f24956f77f9","key":"rut","value":"169455457"}],"createdAt":"2024-04-15T21:09:14.840Z","updatedAt":"2025-04-23T16:26:30.286Z","privateBus":{"odd":{"canCreate":true,"needsAdminApproval":false,"exclusiveDepartures":false,"asapDepartures":true,"providers":[]},"validation":{"external":{"required":true}},"enabled":true,"favoriteRoutes":["664fb1a2b4dd46b0430f4da0","66bcdb302ef765e2c6da5569"],"suggestedRoutes":["662284b7401a0c4fa2fa0a72","66229850401a0c4fa2fa12e3","65fc4d72294a72ec80a6e03f","6633936e2731d03af2ad0786","6633b9a3e2effe738ac91d88","6633b9a3e2effe738ac91d88","662c0eaf8ccc4cd0bd2d8301","6634f82ee0a2c865812ff8de","6638d8cb628ced44723424ed","6638dcaa628ced4472342c29","6627d2f6693ef4e993cb48f2","663a82d0d2cf3dcd12fb0b0e","663b8e9d206c7de54035ee27","663b8ed1206c7de54035ef0e","663d12e6d4f9bcff2a1bea8b","663d12ead4f9bcff2a1beaf5","663e35c60ef4bb983b9d0994","663e35cc608983a281a91872","66428a62aaf19254f71438bc","66428a66aaf19254f7143985","66439675aaf19254f7152815","6643967baaf19254f71528cc","66439f970163effd4888eac3","6644bb2fce0d62b30b50149a","6644bb3479a096b3205f8428","66460891af3a8a372a5e50f1","664608e2af3a8a372a5e51e2","664f6f63b4dd46b0430f1717","664f6f84b4dd46b0430f190a","6650a0c398abccc8c910eb83","66428a6d951733542ce44123","668bf6d6fd357867278a5897","66998f4108dd5891934b250a","669e8449a2988f6fb0b943f1","669ff5c07ef3434633179753","669ffb0f7ef343463317ca9c","66b12df6422ef6de718855a4","66b61c4822aadd953351814e","66c64e563bc439369bdcf45d","66cc8ad4193998eca48fe9bf","671fa5163b5cb0a7c1cc2384","671fb7d9f4445ab792b7a7f3","672bdb8f6032325002c3a7e5","672be7483ec6775bff1ab701","67097560bbc506c3081aee9a","6763301ce889b2e8cc2679f0","65faecf0137abd9662f156f6","679a85b44de4b4d5ddda374d","679a85db62a76232ea54fa3b","6809133e5ac4f41c589a7875","680913925ac4f41c589a7b95"],"_id":"661d9ffa9cf93f24956f7a03","oDDServices":[{"canCreate":true,"needsAdminApproval":false,"exclusiveDepartures":false,"asapDepartures":true,"transitDepartures":false,"providers":["653fd68233d83952fafcd4be"],"_id":"6734eb72f46896e93e858f20","name":"Taxis Coni y Nico"}]},"favoritePlaces":[]}],"createdAt":"2024-03-06T21:30:30.163Z","garage":[],"emails":[{"fromCommunity":false,"bounced":false,"_id":"65e8e076337a90a35ba6e8de","email":"nicolas+endauto@allrideapp.com","validationToken":"04687f6d9662af176fbe09fc6a5653857339b948c9dfafd6414ad82da0b8ac80c83087d5a6c344e675561881555dd7af63721ddc8473c82a30fc612ea62831a0","active":true,"primary":false}],"achievements":[],"notifications":[],"password":"pbkdf2_sha256$20000$a2d4bab8697f67173aa9149e$btaiecqTpJ04nUynyWJ5dEM61cJ0IpkExAIWwYzlg94=","name":"Nico End","country":"cl","avatar":"https://s3.amazonaws.com/adedo.users-avatars/user_placeholder.png","updatedAt":"2025-07-15T17:17:17.074Z","currency":"clp","__v":9,"accessToken":"646a5c4063e0a5752380e89281e506cb635d6a56bce20acbb8c362544a2f6c4c0246938d6d81c8923ee2f2fc7e85a8ecd18acb12bad3fc32538435c054824aee","cpToken":"9192381cb80cd2478d5e09aa8bc017028cd21cf8fec7e5e5c92fa7a4cdf469de763517faa265b0539481bd056894d251fb7132eca9e80e06cc06a051dd7aea2f","lastLogin":"2025-07-15T17:17:17.069Z","newChatToken":"d485a9f28758c580299e46527dded5c04e608664bb8ce7d37ccfe99ab5dec02a6fa6a612a84196f53532057f9ae74ac98ac2ab341ff7bc02c4399d1688e62518","realTimeToken":"4f5624a80e2f11fb7e4f2bc76d4e1f96d0234d0ae35b35d99198ca2646e3e8568f374d539eb0ee43d09f4a610ac6e040a45980a615bc73eedc27007be2ff254b","stripeId":"cus_Pgpifc2TLQIfkp","auth":{"refreshId":"680914709da1042a4c482cf3","accessToken":"a7967e7bd79e6ab919332617c20affaeff22464d00ce06d5d9f447ec598366a0027b7db09272eec59d4266d77f229bb795d44c027b285b0f9f6b09a46d773ac48dd6d17577d63e3fd7c2b2e21aea5b6a76b5c4add281a4dbea0adab06b654155b1316b2fddaddcc29a2f9ef9d442c15c65491ee33436209f3c3b5e96c20bbc73da4990e3fc232996faa13ce969527dc9","realtimeToken":"b52e40cde7e08d530d8dc5410bf8e6dab071f4d623c87718f0be09ad7f396b760e72f2cc33818d1c99c35bf391b40d3bd0a24b1c7b4bad5c94d0061d427116d50ce4c917c720806bd5aff41a5b540fb44160d3d8a77b5007a365adaa7efe2f558b111a9fcca7af3f097f4ab5701a9c58f778cdafe34915a841ee7bd30f5dca98ec959f7668effeed95f3e8936f5b8386","chatToken":"228bedf13a610a9c8f2334f7a07bbacd01b5ff80542e04c45159acba52fc0a0c469f5ca63299e6e0bd02abd92a9e5bf4251b51b1f00f3573decede1a8f7a50a1040b13864d341680f5860645c6175d7aeea73a703984b864168b4c2742e4130cf93753c7b98961afebabf8dd22ce85539bfd73ea07e015bcde84bda77e9efca60c8ae7c19070aff388fe4bbff4f2f413","expiresAt":"2025-04-24T16:25:20.384Z"},"refreshToken":"e8ff86b14341a9d8beaa3a34e6b12b32c4d85afbba0a0406ddf8955d20e1c1dc34f1754987912417302cdf0cf1d5f67ee31bbfd407e15e118eaa31b7bb6a7c3e"} 
 </msg>
<msg timestamp="20250715 13:17:16.563" level="INFO">${response} = &lt;Response [200]&gt;</msg>
<status status="PASS" starttime="20250715 13:17:15.828" endtime="20250715 13:17:16.563"/>
</kw>
<kw name="Convert To String" library="BuiltIn">
<var>${code}</var>
<arg>${response.status_code}</arg>
<doc>Converts the given item to a Unicode string.</doc>
<msg timestamp="20250715 13:17:16.564" level="INFO">${code} = 200</msg>
<status status="PASS" starttime="20250715 13:17:16.563" endtime="20250715 13:17:16.564"/>
</kw>
<kw name="Should Be Equal As Numbers" library="BuiltIn">
<arg>${code}</arg>
<arg>200</arg>
<doc>Fails if objects are unequal after converting them to real numbers.</doc>
<status status="PASS" starttime="20250715 13:17:16.565" endtime="20250715 13:17:16.565"/>
</kw>
<kw name="Log" library="BuiltIn">
<arg>${code}</arg>
<doc>Logs the given message with the given level.</doc>
<msg timestamp="20250715 13:17:16.565" level="INFO">200</msg>
<status status="PASS" starttime="20250715 13:17:16.565" endtime="20250715 13:17:16.566"/>
</kw>
<kw name="List Should Contain Value" library="Collections">
<arg>${response.json()}</arg>
<arg>accessToken</arg>
<arg>No accesToken found in Login!, Failing</arg>
<doc>Fails if the ``value`` is not found from ``list``.</doc>
<status status="PASS" starttime="20250715 13:17:16.566" endtime="20250715 13:17:16.566"/>
</kw>
<kw name="Set Variable" library="BuiltIn">
<var>${accessToken}</var>
<arg>${response.json()}[accessToken]</arg>
<doc>Returns the given values which can then be assigned to a variables.</doc>
<msg timestamp="20250715 13:17:16.569" level="INFO">${accessToken} = 646a5c4063e0a5752380e89281e506cb635d6a56bce20acbb8c362544a2f6c4c0246938d6d81c8923ee2f2fc7e85a8ecd18acb12bad3fc32538435c054824aee</msg>
<status status="PASS" starttime="20250715 13:17:16.567" endtime="20250715 13:17:16.569"/>
</kw>
<kw name="Evaluate" library="BuiltIn">
<var>${accessTokenNico}</var>
<arg>"Bearer ${accessToken}"</arg>
<doc>Evaluates the given expression in Python and returns the result.</doc>
<msg timestamp="20250715 13:17:16.569" level="INFO">${accessTokenNico} = Bearer 646a5c4063e0a5752380e89281e506cb635d6a56bce20acbb8c362544a2f6c4c0246938d6d81c8923ee2f2fc7e85a8ecd18acb12bad3fc32538435c054824aee</msg>
<status status="PASS" starttime="20250715 13:17:16.569" endtime="20250715 13:17:16.569"/>
</kw>
<kw name="Set Global Variable" library="BuiltIn">
<arg>${accessTokenNico}</arg>
<doc>Makes a variable available globally in all tests and suites.</doc>
<msg timestamp="20250715 13:17:16.570" level="INFO">${accessTokenNico} = Bearer 646a5c4063e0a5752380e89281e506cb635d6a56bce20acbb8c362544a2f6c4c0246938d6d81c8923ee2f2fc7e85a8ecd18acb12bad3fc32538435c054824aee</msg>
<status status="PASS" starttime="20250715 13:17:16.570" endtime="20250715 13:17:16.570"/>
</kw>
<status status="PASS" starttime="20250715 13:17:15.823" endtime="20250715 13:17:16.570"/>
</test>
<test id="s1-t7" name="App Notification(after admin reservation)" line="149">
<kw name="Create Session" library="RequestsLibrary">
<arg>mysesion</arg>
<arg>${STAGE_URL}</arg>
<arg>verify=true</arg>
<doc>Create Session: create a HTTP session to a server</doc>
<msg timestamp="20250715 13:17:16.572" level="INFO">Creating Session using : alias=mysesion, url=https://stage.allrideapp.com, headers={},                     cookies={}, auth=None, timeout=None, proxies=None, verify=True,                     debug=0 </msg>
<status status="PASS" starttime="20250715 13:17:16.572" endtime="20250715 13:17:16.573"/>
</kw>
<kw name="Create Dictionary" library="BuiltIn">
<var>${headers}</var>
<arg>Authorization=${accessTokenNico}</arg>
<arg>Content-Type=application/json; charset=utf-8</arg>
<doc>Creates and returns a dictionary based on the given ``items``.</doc>
<msg timestamp="20250715 13:17:16.574" level="INFO">${headers} = {'Authorization': 'Bearer 646a5c4063e0a5752380e89281e506cb635d6a56bce20acbb8c362544a2f6c4c0246938d6d81c8923ee2f2fc7e85a8ecd18acb12bad3fc32538435c054824aee', 'Content-Type': 'application/json; charset=...</msg>
<status status="PASS" starttime="20250715 13:17:16.573" endtime="20250715 13:17:16.574"/>
</kw>
<kw name="GET On Session" library="RequestsLibrary">
<var>${response}</var>
<arg>mysesion</arg>
<arg>url=/api/v1/users/notifications</arg>
<arg>headers=${headers}</arg>
<doc>Sends a GET request on a previously created HTTP Session.</doc>
<msg timestamp="20250715 13:17:27.024" level="INFO">GET Request : url=https://stage.allrideapp.com/api/v1/users/notifications 
 path_url=/api/v1/users/notifications 
 headers={'User-Agent': 'python-requests/2.32.3', 'Accept-Encoding': 'gzip, deflate', 'Accept': '*/*', 'Connection': 'keep-alive', 'Authorization': 'Bearer 646a5c4063e0a5752380e89281e506cb635d6a56bce20acbb8c362544a2f6c4c0246938d6d81c8923ee2f2fc7e85a8ecd18acb12bad3fc32538435c054824aee', 'Content-Type': 'application/json; charset=utf-8'} 
 body=None 
 </msg>
<msg timestamp="20250715 13:17:27.032" level="INFO">GET Response : url=https://stage.allrideapp.com/api/v1/users/notifications 
 status=200, reason=OK 
 headers={'Date': 'Tue, 15 Jul 2025 17:17:23 GMT', 'Content-Type': 'application/json; charset=utf-8', 'Transfer-Encoding': 'chunked', 'Connection': 'keep-alive', 'Server': 'nginx', 'X-DNS-Prefetch-Control': 'off', 'X-Frame-Options': 'SAMEORIGIN', 'Strict-Transport-Security': 'max-age=15552000; includeSubDomains', 'X-Download-Options': 'noopen', 'X-Content-Type-Options': 'nosniff', 'X-XSS-Protection': '1; mode=block', 'Access-Control-Allow-Origin': '*', 'X-RateLimit-Limit': '200', 'X-RateLimit-Remaining': '198', 'X-RateLimit-Reset': '1752599898', 'ETag': 'W/"cfe30a-sB1L6WRtKF0VaFMzbvGK/VNeGT0"', 'Content-Encoding': 'gzip'} 
 body=[{"read":false,"_id":"68714f2400f6893b7b0dc017","userId":"65e8e076337a90a35ba6e8dd","action":"oDDepartureRTLFinish","title":"El viaje ha finalizado","message":"¡Gracias por usar AllRide!","body":"¡Gracias por usar AllRide!","data":{"action":"oDDepartureRTLFinish","oDDepartureId":"68714f1700f6893b7b0dbe3c","pushTitle":"El viaje ha finalizado","pushContent":"¡Gracias por usar AllRide!","id":"68714f2400f6893b7b0dc017"},"createdAt":"2025-07-11T17:51:32.241Z","updatedAt":"2025-07-11T17:51:32.241Z","__v":0},{"read":false,"_id":"68714f2300f6893b7b0dbfe1","userId":"65e8e076337a90a35ba6e8dd","action":"oDDepartureRTLFinish","title":"El viaje ha finalizado","message":"¡Gracias por usar AllRide!","body":"¡Gracias por usar AllRide!","data":{"action":"oDDepartureRTLFinish","oDDepartureId":"68714f1700f6893b7b0dbe3c","pushTitle":"El viaje ha finalizado","pushContent":"¡Gracias por usar AllRide!","id":"68714f2300f6893b7b0dbfe1"},"createdAt":"2025-07-11T17:51:32.000Z","updatedAt":"2025-07-11T17:51:32.000Z","__v":0},{"read":false,"_id":"68714e4800f6893b7b0d9f49","userId":"65e8e076337a90a35ba6e8dd","action":"oDDepartureRTLFinish","title":"El viaje ha finalizado","message":"¡Gracias por usar AllRide!","body":"¡Gracias por usar AllRide!","data":{"action":"oDDepartureRTLFinish","oDDepartureId":"68714df600f6893b7b0d9d54","pushTitle":"El viaje ha finalizado","pushContent":"¡Gracias por usar AllRide!","id":"68714e4800f6893b7b0d9f49"},"createdAt":"2025-07-11T17:47:52.717Z","updatedAt":"2025-07-11T17:47:52.717Z","__v":0},{"read":false,"_id":"68714ca600f6893b7b0d7e37","userId":"65e8e076337a90a35ba6e8dd","action":"oDDepartureRTLFinish","title":"El viaje ha finalizado","message":"¡Gracias por usar AllRide!","body":"¡Gracias por usar AllRide!","data":{"action":"oDDepartureRTLFinish","oDDepartureId":"68714c830ec2083fa890b036","pushTitle":"El viaje ha finalizado","pushContent":"¡Gracias por usar AllRide!","id":"68714ca600f6893b7b0d7e37"},"createdAt":"2025-07-11T17:40:54.724Z","updatedAt":"2025-07-11T17:40:54.724Z","__v":0},{"read":false,"_id":"68714ca600f6893b7b0d7e38","userId":"65e8e076337a90a35ba6e8dd","action":"oDDepartureReview","title":"¡Califica tu viaje!","message":"¿Cómo calificarías tu experiencia en este viaje?","body":"¿Cómo calificarías tu experiencia en este viaje?","data":{"action":"oDDepartureReview","oDDepartureId":"68714c830ec2083fa890b036","pushTitle":"¡Califica tu viaje!","pushContent":"¿Cómo calificarías tu experiencia en este viaje?","id":"68714ca600f6893b7b0d7e38"},"createdAt":"2025-07-11T17:40:54.724Z","updatedAt":"2025-07-11T17:40:54.724Z","__v":0},{"read":false,"_id":"68714ca600f6893b7b0d7e07","userId":"65e8e076337a90a35ba6e8dd","action":"oDDepartureRTLFinish","title":"El viaje ha finalizado","message":"¡Gracias por usar AllRide!","body":"¡Gracias por usar AllRide!","data":{"action":"oDDepartureRTLFinish","oDDepartureId":"68714c830ec2083fa890b036","pushTitle":"El viaje ha finalizado","pushContent":"¡Gracias por usar AllRide!","id":"68714ca600f6893b7b0d7e07"},"createdAt":"2025-07-11T17:40:54.463Z","updatedAt":"2025-07-11T17:40:54.463Z","__v":0},{"read":false,"_id":"68714ca600f6893b7b0d7e08","userId":"65e8e076337a90a35ba6e8dd","action":"oDDepartureReview","title":"¡Califica tu viaje!","message":"¿Cómo calificarías tu experiencia en este viaje?","body":"¿Cómo calificarías tu experiencia en este viaje?","data":{"action":"oDDepartureReview","oDDepartureId":"68714c830ec2083fa890b036","pushTitle":"¡Califica tu viaje!","pushContent":"¿Cómo calificarías tu experiencia en este viaje?","id":"68714ca600f6893b7b0d7e08"},"createdAt":"2025-07-11T17:40:54.463Z","updatedAt":"2025-07-11T17:40:54.463Z","__v":0},{"read":false,"_id":"68714c910ec2083fa890b148","userId":"65e8e076337a90a35ba6e8dd","action":"oDDepartureStart","title":"El transporte ya comenzó su viaje","message":"Puedes seguirlo en el mapa","body":"Puedes seguirlo en el mapa","data":{"action":"oDDepartureStart","oDDepartureId":"68714c830ec2083fa890b036","pushTitle":"El transporte ya comenzó su viaje","pushContent":"Puedes seguirlo en el mapa","id":"68714c910ec2083fa890b148"},"createdAt":"2025-07-11T17:40:33.306Z","updatedAt":"2025-07-11T17:40:33.306Z","__v":0},{"read":false,"_id":"68714c9000f6893b7b0d7db3","userId":"65e8e076337a90a35ba6e8dd","action":"oDDepartureDriverAssigned","title":"El servicio ha sido asignado a un conductor","message":"Revisa los detalles en la App","body":"Revisa los detalles en la App","data":{"action":"oDDepartureDriverAssigned","oDDepartureId":"68714c830ec2083fa890b036","pushTitle":"El servicio ha sido asignado a un conductor","pushContent":"Revisa los detalles en la App","id":"68714c9000f6893b7b0d7db3"},"createdAt":"2025-07-11T17:40:32.622Z","updatedAt":"2025-07-11T17:40:32.622Z","__v":0},{"read":false,"_id":"68714c7b00f6893b7b0d7c9c","userId":"65e8e076337a90a35ba6e8dd","action":"oDDepartureDateChanged","title":"Cambió el horario de una de tus reservas","message":"Revisa los detalles en la App","body":"Revisa los detalles en la App","data":{"action":"oDDepartureDateChanged","oDDepartureId":"68714c790ec2083fa890af80","pushTitle":"Cambió el horario de una de tus reservas","pushContent":"Revisa los detalles en la App","id":"68714c7b00f6893b7b0d7c9c"},"createdAt":"2025-07-11T17:40:11.346Z","updatedAt":"2025-07-11T17:40:11.346Z","__v":0},{"read":false,"_id":"68714c7a0ec2083fa890afb0","userId":"65e8e076337a90a35ba6e8dd","action":"oDDepartureDriverAssigned","title":"El servicio ha sido asignado a un conductor","message":"Revisa los detalles en la App","body":"Revisa los detalles en la App","data":{"action":"oDDepartureDriverAssigned","oDDepartureId":"68714c790ec2083fa890af80","pushTitle":"El servicio ha sido asignado a un conductor","pushContent":"Revisa los detalles en la App","id":"68714c7a0ec2083fa890afb0"},"createdAt":"2025-07-11T17:40:10.608Z","updatedAt":"2025-07-11T17:40:10.608Z","__v":0},{"read":false,"_id":"68714c790ec2083fa890af79","userId":"65e8e076337a90a35ba6e8dd","action":"oDDepartureRTLFinish","title":"El viaje ha finalizado","message":"¡Gracias por usar AllRide!","body":"¡Gracias por usar AllRide!","data":{"action":"oDDepartureRTLFinish","oDDepartureId":"68714c6200f6893b7b0d7be9","pushTitle":"El viaje ha finalizado","pushContent":"¡Gracias por usar AllRide!","id":"68714c790ec2083fa890af79"},"createdAt":"2025-07-11T17:40:09.457Z","updatedAt":"2025-07-11T17:40:09.457Z","__v":0},{"read":false,"_id":"68714c7900f6893b7b0d7c6d","userId":"65e8e076337a90a35ba6e8dd","action":"oDDepartureRTLFinish","title":"El viaje ha finalizado","message":"¡Gracias por usar AllRide!","body":"¡Gracias por usar AllRide!","data":{"action":"oDDepartureRTLFinish","oDDepartureId":"68714c6200f6893b7b0d7be9","pushTitle":"El viaje ha finalizado","pushContent":"¡Gracias por usar AllRide!","id":"68714c7900f6893b7b0d7c6d"},"createdAt":"2025-07-11T17:40:09.209Z","updatedAt":"2025-07-11T17:40:09.209Z","__v":0},{"read":false,"_id":"68714c6400f6893b7b0d7c2f","userId":"65e8e076337a90a35ba6e8dd","action":"oDDepartureStart","title":"El transporte ya comenzó su viaje","message":"Puedes seguirlo en el mapa","body":"Puedes seguirlo en el mapa","data":{"action":"oDDepartureStart","oDDepartureId":"68714c6200f6893b7b0d7be9","pushTitle":"El transporte ya comenzó su viaje","pushContent":"Puedes seguirlo en el mapa","id":"68714c6400f6893b7b0d7c2f"},"createdAt":"2025-07-11T17:39:48.065Z","updatedAt":"2025-07-11T17:39:48.065Z","__v":0},{"read":false,"_id":"68714c630ec2083fa890af01","userId":"65e8e076337a90a35ba6e8dd","action":"oDDepartureDriverAssigned","title":"El servicio ha sido asignado a un conductor","message":"Revisa los detalles en la App","body":"Revisa los detalles en la App","data":{"action":"oDDepartureDriverAssigned","oDDepartureId":"68714c6200f6893b7b0d7be9","pushTitle":"El servicio ha sido asignado a un conductor","pushContent":"Revisa los detalles en la App","id":"68714c630ec2083fa890af01"},"createdAt":"2025-07-11T17:39:47.245Z","updatedAt":"2025-07-11T17:39:47.245Z","__v":0},{"read":false,"_id":"68714c620ec2083fa890aee3","userId":"65e8e076337a90a35ba6e8dd","action":"oDDepartureRejectedByAdmin","title":"El servicio ha sido rechazado por el administrador","message":"Revisa los detalles en la App","body":"Revisa los detalles en la App","data":{"action":"oDDepartureRejectedByAdmin","oDDepartureId":"68714c6100f6893b7b0d7bb9","pushTitle":"El servicio ha sido rechazado por el administrador","pushContent":"Revisa los detalles en la App","id":"68714c620ec2083fa890aee3"},"createdAt":"2025-07-11T17:39:46.074Z","updatedAt":"2025-07-11T17:39:46.074Z","__v":0},{"read":false,"_id":"68714c6100f6893b7b0d7bb2","userId":"65e8e076337a90a35ba6e8dd","action":"oDDepartureRTLFinish","title":"El viaje ha finalizado","message":"¡Gracias por usar AllRide!","body":"¡Gracias por usar AllRide!","data":{"action":"oDDepartureRTLFinish","oDDepartureId":"68714c490ec2083fa890ae10","pushTitle":"El viaje ha finalizado","pushContent":"¡Gracias por usar AllRide!","id":"68714c6100f6893b7b0d7bb2"},"createdAt":"2025-07-11T17:39:45.126Z","updatedAt":"2025-07-11T17:39:45.126Z","__v":0},{"read":false,"_id":"68714c600ec2083fa890aec1","userId":"65e8e076337a90a35ba6e8dd","action":"oDDepartureRTLFinish","title":"El viaje ha finalizado","message":"¡Gracias por usar AllRide!","body":"¡Gracias por usar AllRide!","data":{"action":"oDDepartureRTLFinish","oDDepartureId":"68714c490ec2083fa890ae10","pushTitle":"El viaje ha finalizado","pushContent":"¡Gracias por usar AllRide!","id":"68714c600ec2083fa890aec1"},"createdAt":"2025-07-11T17:39:44.860Z","updatedAt":"2025-07-11T17:39:44.860Z","__v":0},{"read":false,"_id":"68714c4b0ec2083fa890ae6e","userId":"65e8e076337a90a35ba6e8dd","action":"oDDepartureStart","title":"El transporte ya comenzó su viaje","message":"Puedes seguirlo en el mapa","body":"Puedes seguirlo en el mapa","data":{"action":"oDDepartureStart","oDDepartureId":"68714c490ec2083fa890ae10","pushTitle":"El transporte ya comenzó su viaje","pushContent":"Puedes seguirlo en el mapa","id":"68714c4b0ec2083fa890ae6e"},"createdAt":"... (set the log level to DEBUG or TRACE to see the full content) 
 </msg>
<msg timestamp="20250715 13:17:27.033" level="INFO">${response} = &lt;Response [200]&gt;</msg>
<status status="PASS" starttime="20250715 13:17:16.575" endtime="20250715 13:17:27.034"/>
</kw>
<status status="PASS" starttime="20250715 13:17:16.571" endtime="20250715 13:17:27.035"/>
</test>
<test id="s1-t8" name="Assign Driver" line="166">
<kw name="Create Session" library="RequestsLibrary">
<arg>mysesion</arg>
<arg>${STAGE_URL}</arg>
<arg>verify=true</arg>
<doc>Create Session: create a HTTP session to a server</doc>
<msg timestamp="20250715 13:17:27.038" level="INFO">Creating Session using : alias=mysesion, url=https://stage.allrideapp.com, headers={},                     cookies={}, auth=None, timeout=None, proxies=None, verify=True,                     debug=0 </msg>
<status status="PASS" starttime="20250715 13:17:27.038" endtime="20250715 13:17:27.039"/>
</kw>
<kw name="Create Dictionary" library="BuiltIn">
<var>${headers}</var>
<arg>Authorization=${tokenAdmin}</arg>
<arg>Content-Type=application/json; charset=utf-8</arg>
<doc>Creates and returns a dictionary based on the given ``items``.</doc>
<msg timestamp="20250715 13:17:27.040" level="INFO">${headers} = {'Authorization': 'Bearer e6429a0cf28f4c0377a8009ee0cf7a88a5298794ad3306c6fa04482d73763f4790cbf05bb45769fbda4131e9be770a94e702c6f72efde4cd6ac72fdfde4cf640', 'Content-Type': 'application/json; charset=...</msg>
<status status="PASS" starttime="20250715 13:17:27.040" endtime="20250715 13:17:27.040"/>
</kw>
<kw name="POST On Session" library="RequestsLibrary">
<var>${response}</var>
<arg>mysesion</arg>
<arg>url=/api/v1/admin/pb/odd/assignDriver/${rddId}?community=${idComunidad}</arg>
<arg>data={"driver":{"driverId":"${driverId}","driverCode":"${driverCode}"},"drivers":[]}</arg>
<arg>headers=${headers}</arg>
<doc>Sends a POST request on a previously created HTTP Session.</doc>
<msg timestamp="20250715 13:17:28.077" level="INFO">POST Request : url=https://stage.allrideapp.com/api/v1/admin/pb/odd/assignDriver/68768d1b038a8a93dc2c9d33?community=653fd601f90509541a748683 
 path_url=/api/v1/admin/pb/odd/assignDriver/68768d1b038a8a93dc2c9d33?community=653fd601f90509541a748683 
 headers={'User-Agent': 'python-requests/2.32.3', 'Accept-Encoding': 'gzip, deflate', 'Accept': '*/*', 'Connection': 'keep-alive', 'Authorization': 'Bearer e6429a0cf28f4c0377a8009ee0cf7a88a5298794ad3306c6fa04482d73763f4790cbf05bb45769fbda4131e9be770a94e702c6f72efde4cd6ac72fdfde4cf640', 'Content-Type': 'application/json; charset=utf-8', 'Content-Length': '82'} 
 body={"driver":{"driverId":"6582e724938e4e7b3bcf9f0a","driverCode":"753"},"drivers":[]} 
 </msg>
<msg timestamp="20250715 13:17:28.077" level="INFO">POST Response : url=https://stage.allrideapp.com/api/v1/admin/pb/odd/assignDriver/68768d1b038a8a93dc2c9d33?community=653fd601f90509541a748683 
 status=200, reason=OK 
 headers={'Date': 'Tue, 15 Jul 2025 17:17:28 GMT', 'Content-Type': 'application/json; charset=utf-8', 'Transfer-Encoding': 'chunked', 'Connection': 'keep-alive', 'Server': 'nginx', 'X-DNS-Prefetch-Control': 'off', 'X-Frame-Options': 'SAMEORIGIN', 'Strict-Transport-Security': 'max-age=15552000; includeSubDomains', 'X-Download-Options': 'noopen', 'X-Content-Type-Options': 'nosniff', 'X-XSS-Protection': '1; mode=block', 'Access-Control-Allow-Origin': '*', 'X-RateLimit-Limit': '200', 'X-RateLimit-Remaining': '198', 'X-RateLimit-Reset': '1752599904', 'ETag': 'W/"13a1-8TjKa8GDsGkvfCDMCg+OJUrwyV0"', 'Content-Encoding': 'gzip'} 
 body={"oDDInfo":{"isSimpleFlow":false,"type":"Taxis Coni y Nico"},"waypoints":{"coordinates":[[-70.54732,-33.39116],[-70.54727000000001,-33.39133],[-70.54721,-33.391470000000005],[-70.54716,-33.391540000000006],[-70.54705,-33.39162],[-70.54695000000001,-33.3917],[-70.54689,-33.391780000000004],[-70.54689,-33.39181],[-70.54693,-33.39188],[-70.54698,-33.3919],[-70.54719,-33.39193],[-70.54751,-33.391270000000006],[-70.54761,-33.3911],[-70.54766000000001,-33.390950000000004],[-70.54774,-33.390660000000004],[-70.54785000000001,-33.39038],[-70.54812000000001,-33.38983],[-70.54827,-33.389500000000005],[-70.54875000000001,-33.38969],[-70.54948,-33.389970000000005],[-70.54953,-33.390010000000004],[-70.54971,-33.39011],[-70.55007,-33.39025],[-70.55031000000001,-33.390370000000004],[-70.5505,-33.390480000000004],[-70.55272000000001,-33.39135],[-70.55353000000001,-33.39166],[-70.55436,-33.39193],[-70.55537000000001,-33.392300000000006],[-70.55657000000001,-33.39271],[-70.55855000000001,-33.393370000000004],[-70.56148,-33.394400000000005],[-70.56253000000001,-33.394740000000006],[-70.56457,-33.395480000000006],[-70.56617,-33.39603],[-70.56643000000001,-33.396060000000006],[-70.56678000000001,-33.39616],[-70.56710000000001,-33.39627],[-70.5673,-33.39631],[-70.56773000000001,-33.396460000000005],[-70.56902000000001,-33.396910000000005],[-70.56936,-33.39705],[-70.57007,-33.397310000000004],[-70.5706,-33.39745],[-70.57089,-33.397560000000006],[-70.57161,-33.397830000000006],[-70.57183,-33.39777],[-70.5719,-33.39772],[-70.57194000000001,-33.39764],[-70.57193000000001,-33.39746],[-70.5719,-33.397360000000006],[-70.57187,-33.397310000000004],[-70.57182,-33.39728],[-70.57173,-33.397270000000006],[-70.57153000000001,-33.397330000000004],[-70.57133,-33.39791],[-70.57121000000001,-33.398250000000004],[-70.57106,-33.398500000000006],[-70.57043,-33.40035],[-70.56976,-33.40227],[-70.56971,-33.402390000000004],[-70.56920000000001,-33.40377],[-70.56885000000001,-33.40473],[-70.56839000000001,-33.406040000000004],[-70.56824,-33.406420000000004],[-70.56827000000001,-33.406560000000006],[-70.56826000000001,-33.40666],[-70.56773000000001,-33.407790000000006],[-70.56759000000001,-33.408150000000006],[-70.56728000000001,-33.40885],[-70.56711,-33.409330000000004],[-70.56695,-33.40979]],"type":"LineString"},"restrictPassengers":{"validation":{"enabled":false,"parameters":[]},"reservation":{"enabled":false,"parameters":[]},"visibility":{"enabled":false,"parameters":[]},"enabled":false},"superCommunities":["653fd68233d83952fafcd4be"],"communities":["653fd601f90509541a748683"],"assistantIds":[],"labels":[],"active":false,"sharing":false,"disabled":false,"internal":false,"rounds":0,"distance":0,"scheduled":false,"odd":true,"estimatedDistance":4334,"extraMinutes":0,"placeWaitTime":0,"hasExternalGPS":false,"allowsServiceSnapshots":false,"allowsNonServiceSnapshots":false,"allowsSnapshots":false,"allowsDistance":true,"usesOfflineCount":false,"linkedDepartures":[],"_id":"68768d1b038a8a93dc2c9d33","oddSimpleFlow":false,"state":"pending","stateHistory":[{"_id":"68768d1b038a8a93dc2c9d34","state":"created","adminId":"66d75c62a1b7bc9a1dd231c6","date":"2025-07-15T17:17:15.883Z"},{"_id":"68768d1c038a8a93dc2c9d45","state":"pendingDriverAssignment","date":"2025-07-15T17:17:16.021Z","adminId":"66d75c62a1b7bc9a1dd231c6"},{"_id":"68768d28038a8a93dc2c9d6c","state":"pending","date":"2025-07-15T17:17:28.246Z","adminId":"66d75c62a1b7bc9a1dd231c6"}],"adminId":"66d75c62a1b7bc9a1dd231c6","name":"RDD Common Destiny Flow","reason":"","direction":"in","comments":"","serviceDate":"2025-07-15T18:17:14.000Z","reservations":[{"distances":{"toNext":4334,"distanceToLocation":4334,"pctToLocation":1},"waitTime":0,"validated":false,"fromApp":false,"manuallyBooked":false,"joined":false,"approvedByDriver":true,"_id":"68768d1b038a8a93dc2c9d35","userId":"65e8e076337a90a35ba6e8dd","stopId":"655d11d88a5a1a1ff0328466","placeId":null,"order":0,"estimatedArrival":"2025-07-16T14:45:57.000Z"}],"estimatedArrival":"2025-07-16T14:45:57.000Z","arrivalDate":"2025-07-16T01:00:00.000Z","startLocation":{"_id":"68768d1b038a8a93dc2c9d36","lat":-33.3908833,"lon":-70.54620129999999,"loc":[-70.54620129999999,-33.3908833],"placeId":null,"stopId":"655d11d88a5a1a1ff0328466"},"endLocation":{"_id":"68768d1b038a8a93dc2c9d37","lat":-33.4098734,"lon":-70.5673477,"loc":[-70.5673477,-33.4098734],"placeId":null,"stopId":"655d11d88a5a1a1ff0328464","referencePoint":true},"categories":[],"trail":[],"legs":[],"deviceHistory":[],"apportionByCategories":[],"enabledSeats":[],"customParams":[],"customParamsAtTheEnd":[],"preTripChecklist":[],"speedAlerts":[],"deviationAlerts":[],"orientation":222.90593228943052,"superCommunityId":"653fd68233d83952fafcd4be","communityId":"653fd601f90509541a748683","oddType":"Taxis Coni y Nico","isPastService":false,"sequenceId":"2025-07-0463","createdAt":"2025-07-15T17:17:16.020Z","updatedAt":"2025-07-15T17:17:28.246Z","__v":1,"assignedAt":"2025-07-15T17:17:28.234Z","driverId":"6582e724938e4e7b3bcf9f0a","driverCode":"753"} 
 </msg>
<msg timestamp="20250715 13:17:28.077" level="INFO">${response} = &lt;Response [200]&gt;</msg>
<status status="PASS" starttime="20250715 13:17:27.041" endtime="20250715 13:17:28.077"/>
</kw>
<kw name="Convert To String" library="BuiltIn">
<var>${code}</var>
<arg>${response.status_code}</arg>
<doc>Converts the given item to a Unicode string.</doc>
[...]
 </msg>
<msg timestamp="20250715 13:17:56.078" level="INFO">${response} = &lt;Response [200]&gt;</msg>
<status status="PASS" starttime="20250715 13:17:55.441" endtime="20250715 13:17:56.078"/>
</kw>
<kw name="Convert To String" library="BuiltIn">
<var>${code}</var>
<arg>${response.status_code}</arg>
<doc>Converts the given item to a Unicode string.</doc>
<msg timestamp="20250715 13:17:56.080" level="INFO">${code} = 200</msg>
<status status="PASS" starttime="20250715 13:17:56.079" endtime="20250715 13:17:56.081"/>
</kw>
<kw name="Status Should Be" library="RequestsLibrary">
<arg>200</arg>
<doc>Fails if response status code is different than the expected.</doc>
<status status="PASS" starttime="20250715 13:17:56.082" endtime="20250715 13:17:56.082"/>
</kw>
<kw name="Log" library="BuiltIn">
<arg>${code}</arg>
<doc>Logs the given message with the given level.</doc>
<msg timestamp="20250715 13:17:56.084" level="INFO">200</msg>
<status status="PASS" starttime="20250715 13:17:56.083" endtime="20250715 13:17:56.084"/>
</kw>
<status status="PASS" starttime="20250715 13:17:55.436" endtime="20250715 13:17:56.085"/>
</test>
<test id="s1-t21" name="Stop Post Leg Departure" line="397">
<kw name="Create Session" library="RequestsLibrary">
<arg>mysesion</arg>
<arg>${STAGE_URL}</arg>
<arg>verify=true</arg>
<doc>Create Session: create a HTTP session to a server</doc>
<msg timestamp="20250715 13:17:56.088" level="INFO">Creating Session using : alias=mysesion, url=https://stage.allrideapp.com, headers={},                     cookies={}, auth=None, timeout=None, proxies=None, verify=True,                     debug=0 </msg>
<status status="PASS" starttime="20250715 13:17:56.087" endtime="20250715 13:17:56.088"/>
</kw>
<kw name="Create Dictionary" library="BuiltIn">
<var>${headers}</var>
<arg>Authorization=${departureToken}</arg>
<arg>Content-Type=application/json</arg>
<doc>Creates and returns a dictionary based on the given ``items``.</doc>
<msg timestamp="20250715 13:17:56.090" level="INFO">${headers} = {'Authorization': 'Bearer 99accd8893bdc0f6c7aaeccc5062502d9a35aa8d516bb737196d28cf1a2a0a1dd81ac491e657db9cfe9af36a8d3dcd6476e0c1b88b90e7759521defac481ecb0', 'Content-Type': 'application/json'}</msg>
<status status="PASS" starttime="20250715 13:17:56.089" endtime="20250715 13:17:56.090"/>
</kw>
<kw name="POST On Session" library="RequestsLibrary">
<var>${response}</var>
<arg>mysesion</arg>
<arg>url=/api/v2/pb/driver/departure/stop</arg>
<arg>data={"customParamsAtEnd":[],"customParamsAtStart":null,"endLat":"-72.6071614","endLon":"-38.7651863","nextLeg":false,"post":{"customParamsAtEnd":null,"customParamsAtStart":null,"preTripChecklist":null},"pre":{"customParamsAtEnd":null,"customParamsAtStart":null,"preTripChecklist":null},"preTripChecklist":null,"service":{"customParamsAtEnd":null,"customParamsAtStart":null,"preTripChecklist":null},"shareToUsers":false}</arg>
<arg>headers=${headers}</arg>
<doc>Sends a POST request on a previously created HTTP Session.</doc>
<msg timestamp="20250715 13:17:56.776" level="INFO">POST Request : url=https://stage.allrideapp.com/api/v2/pb/driver/departure/stop 
 path_url=/api/v2/pb/driver/departure/stop 
 headers={'User-Agent': 'python-requests/2.32.3', 'Accept-Encoding': 'gzip, deflate', 'Accept': '*/*', 'Connection': 'keep-alive', 'Authorization': 'Bearer 99accd8893bdc0f6c7aaeccc5062502d9a35aa8d516bb737196d28cf1a2a0a1dd81ac491e657db9cfe9af36a8d3dcd6476e0c1b88b90e7759521defac481ecb0', 'Content-Type': 'application/json', 'Content-Length': '415'} 
 body={"customParamsAtEnd":[],"customParamsAtStart":null,"endLat":"-72.6071614","endLon":"-38.7651863","nextLeg":false,"post":{"customParamsAtEnd":null,"customParamsAtStart":null,"preTripChecklist":null},"pre":{"customParamsAtEnd":null,"customParamsAtStart":null,"preTripChecklist":null},"preTripChecklist":null,"service":{"customParamsAtEnd":null,"customParamsAtStart":null,"preTripChecklist":null},"shareToUsers":false} 
 </msg>
<msg timestamp="20250715 13:17:56.777" level="INFO">POST Response : url=https://stage.allrideapp.com/api/v2/pb/driver/departure/stop 
 status=200, reason=OK 
 headers={'Date': 'Tue, 15 Jul 2025 17:17:57 GMT', 'Content-Type': 'application/json; charset=utf-8', 'Transfer-Encoding': 'chunked', 'Connection': 'keep-alive', 'Server': 'nginx', 'X-DNS-Prefetch-Control': 'off', 'X-Frame-Options': 'SAMEORIGIN', 'Strict-Transport-Security': 'max-age=15552000; includeSubDomains', 'X-Download-Options': 'noopen', 'X-Content-Type-Options': 'nosniff', 'X-XSS-Protection': '1; mode=block', 'Access-Control-Allow-Origin': '*', 'ETag': 'W/"1ada-62HUqqTCmet/uFDwjiTZmHaqWiw"', 'Content-Encoding': 'gzip'} 
 body={"oDDInfo":{"isSimpleFlow":false,"type":"Taxis Coni y Nico"},"waypoints":{"coordinates":[[-70.54732,-33.39116],[-70.54727000000001,-33.39133],[-70.54721,-33.391470000000005],[-70.54716,-33.391540000000006],[-70.54705,-33.39162],[-70.54695000000001,-33.3917],[-70.54689,-33.391780000000004],[-70.54689,-33.39181],[-70.54693,-33.39188],[-70.54698,-33.3919],[-70.54719,-33.39193],[-70.54751,-33.391270000000006],[-70.54761,-33.3911],[-70.54766000000001,-33.390950000000004],[-70.54774,-33.390660000000004],[-70.54785000000001,-33.39038],[-70.54812000000001,-33.38983],[-70.54827,-33.389500000000005],[-70.54875000000001,-33.38969],[-70.54948,-33.389970000000005],[-70.54953,-33.390010000000004],[-70.54971,-33.39011],[-70.55007,-33.39025],[-70.55031000000001,-33.390370000000004],[-70.5505,-33.390480000000004],[-70.55272000000001,-33.39135],[-70.55353000000001,-33.39166],[-70.55436,-33.39193],[-70.55537000000001,-33.392300000000006],[-70.55657000000001,-33.39271],[-70.55855000000001,-33.393370000000004],[-70.56148,-33.394400000000005],[-70.56253000000001,-33.394740000000006],[-70.56457,-33.395480000000006],[-70.56617,-33.39603],[-70.56643000000001,-33.396060000000006],[-70.56678000000001,-33.39616],[-70.56710000000001,-33.39627],[-70.5673,-33.39631],[-70.56773000000001,-33.396460000000005],[-70.56902000000001,-33.396910000000005],[-70.56936,-33.39705],[-70.57007,-33.397310000000004],[-70.5706,-33.39745],[-70.57089,-33.397560000000006],[-70.57161,-33.397830000000006],[-70.57183,-33.39777],[-70.5719,-33.39772],[-70.57194000000001,-33.39764],[-70.57193000000001,-33.39746],[-70.5719,-33.397360000000006],[-70.57187,-33.397310000000004],[-70.57182,-33.39728],[-70.57173,-33.397270000000006],[-70.57153000000001,-33.397330000000004],[-70.57133,-33.39791],[-70.57121000000001,-33.398250000000004],[-70.57106,-33.398500000000006],[-70.57043,-33.40035],[-70.56976,-33.40227],[-70.56971,-33.402390000000004],[-70.56920000000001,-33.40377],[-70.56885000000001,-33.40473],[-70.56839000000001,-33.406040000000004],[-70.56824,-33.406420000000004],[-70.56827000000001,-33.406560000000006],[-70.56826000000001,-33.40666],[-70.56773000000001,-33.407790000000006],[-70.56759000000001,-33.408150000000006],[-70.56728000000001,-33.40885],[-70.56711,-33.409330000000004],[-70.56695,-33.40979]],"type":"LineString"},"restrictPassengers":{"validation":{"enabled":false,"parameters":[]},"reservation":{"enabled":false,"parameters":[]},"visibility":{"enabled":false,"parameters":[]},"enabled":false},"superCommunities":["653fd68233d83952fafcd4be"],"communities":["653fd601f90509541a748683"],"assistantIds":[],"labels":[],"active":false,"sharing":false,"disabled":false,"internal":false,"rounds":0,"distance":0,"scheduled":false,"odd":true,"estimatedDistance":4334,"extraMinutes":0,"placeWaitTime":0,"hasExternalGPS":false,"allowsServiceSnapshots":false,"allowsNonServiceSnapshots":false,"allowsSnapshots":false,"allowsDistance":true,"usesOfflineCount":false,"linkedDepartures":[],"_id":"68768d1b038a8a93dc2c9d33","oddSimpleFlow":false,"state":"accepted","stateHistory":[{"_id":"68768d1b038a8a93dc2c9d34","state":"created","adminId":"66d75c62a1b7bc9a1dd231c6","date":"2025-07-15T17:17:15.883Z"},{"_id":"68768d1c038a8a93dc2c9d45","state":"pendingDriverAssignment","date":"2025-07-15T17:17:16.021Z","adminId":"66d75c62a1b7bc9a1dd231c6"},{"_id":"68768d28038a8a93dc2c9d6c","state":"pending","date":"2025-07-15T17:17:28.246Z","adminId":"66d75c62a1b7bc9a1dd231c6"},{"_id":"68768d2bf9f3489b29d91369","state":"accepted","driverId":"6582e724938e4e7b3bcf9f0a","date":"2025-07-15T17:17:31.215Z"},{"_id":"68768d2bf9f3489b29d9136e","state":"accepted","date":"2025-07-15T17:17:31.314Z","adminId":"66d75c62a1b7bc9a1dd231c6"}],"adminId":"66d75c62a1b7bc9a1dd231c6","name":"RDD Common Destiny Flow","reason":"","direction":"in","comments":"","serviceDate":"2025-07-15T18:17:14.000Z","reservations":[{"distances":{"toNext":4334,"distanceToLocation":4334,"pctToLocation":1},"waitTime":0,"validated":false,"fromApp":false,"manuallyBooked":false,"joined":false,"approvedByDriver":true,"_id":"68768d1b038a8a93dc2c9d35","userId":"65e8e076337a90a35ba6e8dd","stopId":"655d11d88a5a1a1ff0328466","placeId":null,"order":0,"estimatedArrival":"2025-07-16T14:45:57.000Z","state":"done"}],"estimatedArrival":"2025-07-16T14:45:57.000Z","arrivalDate":"2025-07-16T01:00:00.000Z","startLocation":{"_id":"68768d1b038a8a93dc2c9d36","lat":-33.3908833,"lon":-70.54620129999999,"loc":[-70.54620129999999,-33.3908833],"placeId":null,"stopId":"655d11d88a5a1a1ff0328466"},"endLocation":{"_id":"68768d1b038a8a93dc2c9d37","lat":-33.4098734,"lon":-70.5673477,"loc":[-70.5673477,-33.4098734],"placeId":null,"stopId":"655d11d88a5a1a1ff0328464","referencePoint":true},"categories":[],"trail":[],"legs":[{"distance":0,"_id":"68768d2c038a8a93dc2c9d9b","type":"service","startedAt":"2025-07-15T17:17:32.037Z","realStartLocation":{"_id":"68768d2c038a8a93dc2c9d9c","lat":-33.41952308267422,"lon":-70.6314178632461,"loc":[-70.6314178632461,-33.41952308267422]},"driverId":"6582e724938e4e7b3bcf9f0a","preTripChecklist":[],"customParamsAtStart":[],"customParamsAtTheEnd":[],"realEndLocation":{"_id":"68768d44f9f3489b29d9139a","lat":-72.6071614,"lon":-38.7651863,"loc":[-38.7651863,-72.6071614]},"endedAt":"2025-07-15T17:17:56.509Z"},{"distance":0,"_id":"68768d44f9f3489b29d9139b","type":"post","startedAt":"2025-07-15T17:17:56.512Z","realStartLocation":{"_id":"68768d44f9f3489b29d9139c","lat":-72.6071614,"lon":-38.7651863,"loc":[-38.7651863,-72.6071614]},"driverId":"6582e724938e4e7b3bcf9f0a","preTripChecklist":[],"customParamsAtStart":[],"customParamsAtTheEnd":[],"realEndLocation":{"_id":"68768d45038a8a93dc2c9ddd","lat":-72.6071614,"lon":-38.7651863,"loc":[-38.7651863,-72.6071614]},"endedAt":"2025-07-15T17:17:57.179Z"}],"deviceHistory":[],"apportionByCategories":[],"enabledSeats":[],"customParams":[],"customParamsAtTheEnd":[],"preTripChecklist":[],"speedAlerts":[],"deviationAlerts":[],"orientation":222.90593228943052,"superCommunityId":"653fd68233d83952fafcd4be","communityId":"653fd601f90509541a748683","oddType":"Taxis Coni y Nico","isPastService":false,"sequenceId":"2025-07-0463","createdAt":"2025-07-15T17:17:16.020Z","updatedAt":"2025-07-15T17:17:56.548Z","__v":3,"assignedAt":"2025-07-15T17:17:29.225Z","driverCode":"753","driverId":"6582e724938e4e7b3bcf9f0a","capacity":4,"drivers":[],"startCapacity":5,"vehicleId":"6553b81315e27f4db2b45935","realStartLocation":{"_id":"68768d2c038a8a93dc2c9d9a","lat":-33.41952308267422,"lon":-70.6314178632461,"loc":[-70.6314178632461,-33.41952308267422]},"startedAt":"2025-07-15T17:17:32.051Z","token":"99accd8893bdc0f6c7aaeccc5062502d9a35aa8d516bb737196d28cf1a2a0a1dd81ac491e657db9cfe9af36a8d3dcd6476e0c1b88b90e7759521defac481ecb0","realEndLocation":{"_id":"68768d45038a8a93dc2c9dde","lat":-72.6071614,"lon":-38.7651863,"loc":[-38.7651863,-72.6071614]},"endedAt":"2025-07-15T17:17:57.179Z"} 
 </msg>
<msg timestamp="20250715 13:17:56.777" level="INFO">${response} = &lt;Response [200]&gt;</msg>
<status status="PASS" starttime="20250715 13:17:56.091" endtime="20250715 13:17:56.778"/>
</kw>
<kw name="Convert To String" library="BuiltIn">
<var>${code}</var>
<arg>${response.status_code}</arg>
<doc>Converts the given item to a Unicode string.</doc>
<msg timestamp="20250715 13:17:56.780" level="INFO">${code} = 200</msg>
<status status="PASS" starttime="20250715 13:17:56.779" endtime="20250715 13:17:56.782"/>
</kw>
<kw name="Status Should Be" library="RequestsLibrary">
<arg>200</arg>
<doc>Fails if response status code is different than the expected.</doc>
<status status="PASS" starttime="20250715 13:17:56.782" endtime="20250715 13:17:56.783"/>
</kw>
<kw name="Log" library="BuiltIn">
<arg>${code}</arg>
<doc>Logs the given message with the given level.</doc>
<msg timestamp="20250715 13:17:56.785" level="INFO">200</msg>
<status status="PASS" starttime="20250715 13:17:56.784" endtime="20250715 13:17:56.785"/>
</kw>
<status status="PASS" starttime="20250715 13:17:56.086" endtime="20250715 13:17:56.786"/>
</test>
<test id="s1-t22" name="App Notification(after admin reservation)" line="416">
<kw name="Skip" library="BuiltIn">
<doc>Skips the rest of the current test.</doc>
<msg timestamp="20250715 13:17:56.789" level="SKIP">Skipped with Skip keyword.</msg>
<status status="SKIP" starttime="20250715 13:17:56.789" endtime="20250715 13:17:56.789"/>
</kw>
<kw name="Create Session" library="RequestsLibrary">
<arg>mysesion</arg>
<arg>${STAGE_URL}</arg>
<arg>verify=true</arg>
<doc>Create Session: create a HTTP session to a server</doc>
<status status="NOT RUN" starttime="20250715 13:17:56.790" endtime="20250715 13:17:56.790"/>
</kw>
<kw name="Create Dictionary" library="BuiltIn">
<var>${headers}</var>
<arg>Authorization=${accessTokenNico}</arg>
<arg>Content-Type=application/json; charset=utf-8</arg>
<doc>Creates and returns a dictionary based on the given ``items``.</doc>
<status status="NOT RUN" starttime="20250715 13:17:56.791" endtime="20250715 13:17:56.791"/>
</kw>
<kw name="GET On Session" library="RequestsLibrary">
<var>${response}</var>
<arg>mysesion</arg>
<arg>url=/api/v1/users/notifications</arg>
<arg>headers=${headers}</arg>
<doc>Sends a GET request on a previously created HTTP Session.</doc>
<status status="NOT RUN" starttime="20250715 13:17:56.791" endtime="20250715 13:17:56.791"/>
</kw>
<status status="SKIP" starttime="20250715 13:17:56.788" endtime="20250715 13:17:56.792">Skipped with Skip keyword.</status>
</test>
<test id="s1-t23" name="Get Stadistics" line="431">
<kw name="Set Variable" library="BuiltIn">
<var>${url}</var>
<arg>${STAGE_URL}/api/v2/pb/driver/departure/end/statistics/${rddId}</arg>
<doc>Returns the given values which can then be assigned to a variables.</doc>
<msg timestamp="20250715 13:17:56.795" level="INFO">${url} = https://stage.allrideapp.com/api/v2/pb/driver/departure/end/statistics/68768d1b038a8a93dc2c9d33</msg>
<status status="PASS" starttime="20250715 13:17:56.795" endtime="20250715 13:17:56.796"/>
</kw>
<kw name="Create Dictionary" library="BuiltIn">
<var>&amp;{headers}</var>
<arg>Authorization=${tokenDriver}</arg>
<doc>Creates and returns a dictionary based on the given ``items``.</doc>
<msg timestamp="20250715 13:17:56.797" level="INFO">&amp;{headers} = { Authorization=Bearer bc8453d2b2d2b60f50f4615a88d4a09359421df891e7e3be4812576b296a8f0efc5d86b155a03d3e9f34ac189ff7d45bd5e5ccd6dcf5de33f5abca7c855b354c }</msg>
<status status="PASS" starttime="20250715 13:17:56.797" endtime="20250715 13:17:56.798"/>
</kw>
<kw name="GET" library="RequestsLibrary">
<var>${response}</var>
<arg>url=${url}</arg>
<arg>headers=${headers}</arg>
<doc>Sends a GET request.</doc>
<msg timestamp="20250715 13:17:57.425" level="INFO">GET Request : url=https://stage.allrideapp.com/api/v2/pb/driver/departure/end/statistics/68768d1b038a8a93dc2c9d33 
 path_url=/api/v2/pb/driver/departure/end/statistics/68768d1b038a8a93dc2c9d33 
 headers={'User-Agent': 'python-requests/2.32.3', 'Accept-Encoding': 'gzip, deflate', 'Accept': '*/*', 'Connection': 'keep-alive', 'Authorization': 'Bearer bc8453d2b2d2b60f50f4615a88d4a09359421df891e7e3be4812576b296a8f0efc5d86b155a03d3e9f34ac189ff7d45bd5e5ccd6dcf5de33f5abca7c855b354c'} 
 body=None 
 </msg>
<msg timestamp="20250715 13:17:57.425" level="INFO">GET Response : url=https://stage.allrideapp.com/api/v2/pb/driver/departure/end/statistics/68768d1b038a8a93dc2c9d33 
 status=200, reason=OK 
 headers={'Date': 'Tue, 15 Jul 2025 17:17:57 GMT', 'Content-Type': 'application/json; charset=utf-8', 'Transfer-Encoding': 'chunked', 'Connection': 'keep-alive', 'Server': 'nginx', 'X-DNS-Prefetch-Control': 'off', 'X-Frame-Options': 'SAMEORIGIN', 'Strict-Transport-Security': 'max-age=15552000; includeSubDomains', 'X-Download-Options': 'noopen', 'X-Content-Type-Options': 'nosniff', 'X-XSS-Protection': '1; mode=block', 'Access-Control-Allow-Origin': '*', 'ETag': 'W/"ca-w7LyDnNSV7LYVtId8wCQy/U0gCs"', 'Content-Encoding': 'gzip'} 
 body={"currentOddepartureTime":{"hours":0,"minutes":0,"seconds":25},"distance":0,"rounds":0,"reservationsInDone":1,"validations":1,"startedAt":"2025-07-15T17:17:32.051Z","endedAt":"2025-07-15T17:17:57.179Z"} 
 </msg>
<msg timestamp="20250715 13:17:57.425" level="INFO">${response} = &lt;Response [200]&gt;</msg>
<status status="PASS" starttime="20250715 13:17:56.798" endtime="20250715 13:17:57.425"/>
</kw>
<kw name="Should Be Equal As Numbers" library="BuiltIn">
<arg>${response.status_code}</arg>
<arg>200</arg>
<doc>Fails if objects are unequal after converting them to real numbers.</doc>
<msg timestamp="20250715 13:17:57.428" level="INFO">Argument types are:
&lt;class 'int'&gt;
&lt;class 'str'&gt;</msg>
<status status="PASS" starttime="20250715 13:17:57.426" endtime="20250715 13:17:57.428"/>
</kw>
<kw name="Log" library="BuiltIn">
<arg>${response.content}</arg>
<doc>Logs the given message with the given level.</doc>
<msg timestamp="20250715 13:17:57.430" level="INFO">{"currentOddepartureTime":{"hours":0,"minutes":0,"seconds":25},"distance":0,"rounds":0,"reservationsInDone":1,"validations":1,"startedAt":"2025-07-15T17:17:32.051Z","endedAt":"2025-07-15T17:17:57.179Z"}</msg>
<status status="PASS" starttime="20250715 13:17:57.429" endtime="20250715 13:17:57.430"/>
</kw>
<status status="PASS" starttime="20250715 13:17:56.794" endtime="20250715 13:17:57.432"/>
</test>
<status status="PASS" starttime="20250715 13:17:13.716" endtime="20250715 13:17:57.435"/>
</suite>
<statistics>
<total>
<stat pass="19" fail="0" skip="4">All Tests</stat>
</total>
<tag>
</tag>
<suite>
<stat pass="19" fail="0" skip="4" id="s1" name="commonDestiny">commonDestiny</stat>
</suite>
</statistics>
<errors>
<msg timestamp="20250715 13:17:31.810" level="WARN">Multiple tests with name 'App Notification(after admin reservation)' executed in suite 'commonDestiny'.</msg>
<msg timestamp="20250715 13:17:55.414" level="WARN">Multiple tests with name 'App Notification(after admin reservation)' executed in suite 'commonDestiny'.</msg>
<msg timestamp="20250715 13:17:56.787" level="WARN">Multiple tests with name 'App Notification(after admin reservation)' executed in suite 'commonDestiny'.</msg>
</errors>
</robot>
