<?xml version="1.0" encoding="UTF-8"?>
<robot generator="Robot 6.1.1 (Python 3.10.12 on win32)" generated="20250905 12:26:08.189" rpa="false" schemaversion="4">
<suite id="s1" name="Rengo vueltas" source="c:\Users\UsuarioCompuElite\Documents\GitHub\Respaldo\AllRide Test Cases\Offline UI\Rengo vueltas.robot">
<test id="s1-t1" name="Set Date Variables" line="41">
<kw name="Skip" library="BuiltIn">
<doc>Skips the rest of the current test.</doc>
<msg timestamp="20250905 12:26:08.602" level="SKIP">Skipped with Skip keyword.</msg>
<status status="SKIP" starttime="20250905 12:26:08.602" endtime="20250905 12:26:08.603"/>
</kw>
<kw name="Get Current Date" library="DateTime">
<var>${fecha_hoy}</var>
<arg>result_format=%Y-%m-%d</arg>
<doc>Returns current local or UTC time with an optional increment.</doc>
<status status="NOT RUN" starttime="20250905 12:26:08.604" endtime="20250905 12:26:08.604"/>
</kw>
<kw name="Set Global Variable" library="BuiltIn">
<arg>${fecha_hoy}</arg>
<doc>Makes a variable available globally in all tests and suites.</doc>
<status status="NOT RUN" starttime="20250905 12:26:08.604" endtime="20250905 12:26:08.604"/>
</kw>
<kw name="Add Time To Date" library="DateTime">
<var>${fecha_manana}</var>
<arg>${fecha_hoy}</arg>
<arg>1 days</arg>
<arg>result_format=%Y-%m-%d</arg>
<doc>Adds time to date and returns the resulting date.</doc>
<status status="NOT RUN" starttime="20250905 12:26:08.605" endtime="20250905 12:26:08.605"/>
</kw>
<kw name="Set Global Variable" library="BuiltIn">
<arg>${fecha_manana}</arg>
<doc>Makes a variable available globally in all tests and suites.</doc>
<status status="NOT RUN" starttime="20250905 12:26:08.605" endtime="20250905 12:26:08.605"/>
</kw>
<kw name="Add Time To Date" library="DateTime">
<var>${fecha_pasado_manana}</var>
<arg>${fecha_hoy}</arg>
<arg>2 days</arg>
<arg>result_format=%Y-%m-%d</arg>
<doc>Adds time to date and returns the resulting date.</doc>
<status status="NOT RUN" starttime="20250905 12:26:08.605" endtime="20250905 12:26:08.606"/>
</kw>
<kw name="Set Global Variable" library="BuiltIn">
<arg>${fecha_pasado_manana}</arg>
<doc>Makes a variable available globally in all tests and suites.</doc>
<status status="NOT RUN" starttime="20250905 12:26:08.606" endtime="20250905 12:26:08.606"/>
</kw>
<kw name="Add Time To Date" library="DateTime">
<var>${fecha_pasado_pasado_manana}</var>
<arg>${fecha_hoy}</arg>
<arg>3 days</arg>
<arg>result_format=%Y-%m-%d</arg>
<doc>Adds time to date and returns the resulting date.</doc>
<status status="NOT RUN" starttime="20250905 12:26:08.606" endtime="20250905 12:26:08.606"/>
</kw>
<kw name="Set Global Variable" library="BuiltIn">
<arg>${fecha_pasado_pasado_manana}</arg>
<doc>Makes a variable available globally in all tests and suites.</doc>
<status status="NOT RUN" starttime="20250905 12:26:08.606" endtime="20250905 12:26:08.606"/>
</kw>
<kw name="Convert Date" library="DateTime">
<var>${dia_actual}</var>
<arg>${fecha_hoy}</arg>
<arg>result_format=%a</arg>
<doc>Converts between supported `date formats`.</doc>
<status status="NOT RUN" starttime="20250905 12:26:08.608" endtime="20250905 12:26:08.608"/>
</kw>
<kw name="Set Variable" library="BuiltIn">
<var>${dia_actual_lower}</var>
<arg>${dia_actual.lower()}</arg>
<doc>Returns the given values which can then be assigned to a variables.</doc>
<status status="NOT RUN" starttime="20250905 12:26:08.608" endtime="20250905 12:26:08.608"/>
</kw>
<kw name="Set Variable" library="BuiltIn">
<var>${arrival_date}</var>
<arg>${fecha_manana}T01:00:00.000Z</arg>
<doc>Returns the given values which can then be assigned to a variables.</doc>
<status status="NOT RUN" starttime="20250905 12:26:08.609" endtime="20250905 12:26:08.609"/>
</kw>
<kw name="Set Global Variable" library="BuiltIn">
<arg>${arrival_date}</arg>
<doc>Makes a variable available globally in all tests and suites.</doc>
<status status="NOT RUN" starttime="20250905 12:26:08.609" endtime="20250905 12:26:08.609"/>
</kw>
<kw name="Set Variable" library="BuiltIn">
<var>${r_estimated_arrival1}</var>
<arg>${fecha_manana}T14:45:57.000Z</arg>
<doc>Returns the given values which can then be assigned to a variables.</doc>
<status status="NOT RUN" starttime="20250905 12:26:08.609" endtime="20250905 12:26:08.610"/>
</kw>
<kw name="Set Global Variable" library="BuiltIn">
<arg>${r_estimated_arrival1}</arg>
<doc>Makes a variable available globally in all tests and suites.</doc>
<status status="NOT RUN" starttime="20250905 12:26:08.610" endtime="20250905 12:26:08.610"/>
</kw>
<kw name="Set Variable" library="BuiltIn">
<var>${service_date}</var>
<arg>${fecha_manana}T00:25:29.000Z</arg>
<doc>Returns the given values which can then be assigned to a variables.</doc>
<status status="NOT RUN" starttime="20250905 12:26:08.610" endtime="20250905 12:26:08.610"/>
</kw>
<kw name="Set Global Variable" library="BuiltIn">
<arg>${service_date}</arg>
<doc>Makes a variable available globally in all tests and suites.</doc>
<status status="NOT RUN" starttime="20250905 12:26:08.611" endtime="20250905 12:26:08.611"/>
</kw>
<kw name="Set Variable" library="BuiltIn">
<var>${modified_arrival_date}</var>
<arg>${fecha_manana}T01:00:00.000Z</arg>
<doc>Returns the given values which can then be assigned to a variables.</doc>
<status status="NOT RUN" starttime="20250905 12:26:08.611" endtime="20250905 12:26:08.611"/>
</kw>
<kw name="Set Global Variable" library="BuiltIn">
<arg>${modified_arrival_date}</arg>
<doc>Makes a variable available globally in all tests and suites.</doc>
<status status="NOT RUN" starttime="20250905 12:26:08.611" endtime="20250905 12:26:08.611"/>
</kw>
<kw name="Set Variable" library="BuiltIn">
<var>${r_modified_estimated_arrival}</var>
<arg>${fecha_pasado_manana}T14:45:57.000Z</arg>
<doc>Returns the given values which can then be assigned to a variables.</doc>
<status status="NOT RUN" starttime="20250905 12:26:08.612" endtime="20250905 12:26:08.612"/>
</kw>
<kw name="Set Global Variable" library="BuiltIn">
<arg>${r_modified_estimated_arrival}</arg>
<doc>Makes a variable available globally in all tests and suites.</doc>
<status status="NOT RUN" starttime="20250905 12:26:08.612" endtime="20250905 12:26:08.612"/>
</kw>
<kw name="Set Variable" library="BuiltIn">
<var>${modified_service_date}</var>
<arg>${fecha_manana}T00:25:29.000Z</arg>
<doc>Returns the given values which can then be assigned to a variables.</doc>
<status status="NOT RUN" starttime="20250905 12:26:08.613" endtime="20250905 12:26:08.613"/>
</kw>
<kw name="Set Global Variable" library="BuiltIn">
<arg>${modified_service_date}</arg>
<doc>Makes a variable available globally in all tests and suites.</doc>
<status status="NOT RUN" starttime="20250905 12:26:08.613" endtime="20250905 12:26:08.613"/>
</kw>
<kw name="Set Variable" library="BuiltIn">
<var>${service_date_20min}</var>
<arg>${fecha_manana}T00:20:00.000Z</arg>
<doc>Returns the given values which can then be assigned to a variables.</doc>
<status status="NOT RUN" starttime="20250905 12:26:08.613" endtime="20250905 12:26:08.614"/>
</kw>
<kw name="Set Global Variable" library="BuiltIn">
<arg>${service_date_20min}</arg>
<doc>Makes a variable available globally in all tests and suites.</doc>
<status status="NOT RUN" starttime="20250905 12:26:08.614" endtime="20250905 12:26:08.614"/>
</kw>
<kw name="Set Variable" library="BuiltIn">
<var>${service_date_22min}</var>
<arg>${fecha_manana}T00:47:00.000Z</arg>
<doc>Returns the given values which can then be assigned to a variables.</doc>
<status status="NOT RUN" starttime="20250905 12:26:08.614" endtime="20250905 12:26:08.615"/>
</kw>
<kw name="Set Global Variable" library="BuiltIn">
<arg>${service_date_22min}</arg>
<doc>Makes a variable available globally in all tests and suites.</doc>
<status status="NOT RUN" starttime="20250905 12:26:08.615" endtime="20250905 12:26:08.615"/>
</kw>
<kw name="Set Variable" library="BuiltIn">
<var>${start_date}</var>
<arg>${fecha_manana}T03:00:00.000Z</arg>
<doc>Returns the given values which can then be assigned to a variables.</doc>
