<?xml version="1.0" encoding="UTF-8"?>
<robot generator="Robot 6.1.1 (Python 3.10.12 on win32)" generated="20250905 16:44:13.108" rpa="false" schemaversion="4">
<suite id="s1" name="Rounds" source="c:\Users\nico2\Documents\AllRide\RobotFramework Stage\Respaldo\AllRide Test Cases\Test Cases\Socket Testing\rounds.robot">
<test id="s1-t1" name="Set Date Variables" line="33">
<kw name="Get Current Date" library="DateTime">
<var>${fecha_hoy}</var>
<arg>result_format=%Y-%m-%d</arg>
<doc>Returns current local or UTC time with an optional increment.</doc>
<msg timestamp="20250905 16:44:14.398" level="INFO">${fecha_hoy} = 2025-09-05</msg>
<status status="PASS" starttime="20250905 16:44:14.397" endtime="20250905 16:44:14.400"/>
</kw>
<kw name="Set Global Variable" library="BuiltIn">
<arg>${fecha_hoy}</arg>
<doc>Makes a variable available globally in all tests and suites.</doc>
<msg timestamp="20250905 16:44:14.402" level="INFO">${fecha_hoy} = 2025-09-05</msg>
<status status="PASS" starttime="20250905 16:44:14.401" endtime="20250905 16:44:14.402"/>
</kw>
<kw name="Add Time To Date" library="DateTime">
<var>${fecha_manana}</var>
<arg>${fecha_hoy}</arg>
<arg>1 days</arg>
<arg>result_format=%Y-%m-%d</arg>
<doc>Adds time to date and returns the resulting date.</doc>
<msg timestamp="20250905 16:44:14.412" level="INFO">${fecha_manana} = 2025-09-06</msg>
<status status="PASS" starttime="20250905 16:44:14.403" endtime="20250905 16:44:14.413"/>
</kw>
<kw name="Set Global Variable" library="BuiltIn">
<arg>${fecha_manana}</arg>
<doc>Makes a variable available globally in all tests and suites.</doc>
<msg timestamp="20250905 16:44:14.414" level="INFO">${fecha_manana} = 2025-09-06</msg>
<status status="PASS" starttime="20250905 16:44:14.414" endtime="20250905 16:44:14.415"/>
</kw>
<kw name="Add Time To Date" library="DateTime">
<var>${fecha_pasado_manana}</var>
<arg>${fecha_hoy}</arg>
<arg>2 days</arg>
<arg>result_format=%Y-%m-%d</arg>
<doc>Adds time to date and returns the resulting date.</doc>
<msg timestamp="20250905 16:44:14.417" level="INFO">${fecha_pasado_manana} = 2025-09-07</msg>
<status status="PASS" starttime="20250905 16:44:14.416" endtime="20250905 16:44:14.417"/>
</kw>
<kw name="Set Global Variable" library="BuiltIn">
<arg>${fecha_pasado_manana}</arg>
<doc>Makes a variable available globally in all tests and suites.</doc>
<msg timestamp="20250905 16:44:14.419" level="INFO">${fecha_pasado_manana} = 2025-09-07</msg>
<status status="PASS" starttime="20250905 16:44:14.418" endtime="20250905 16:44:14.419"/>
</kw>
<kw name="Add Time To Date" library="DateTime">
<var>${fecha_pasado_pasado_manana}</var>
<arg>${fecha_hoy}</arg>
<arg>3 days</arg>
<arg>result_format=%Y-%m-%d</arg>
<doc>Adds time to date and returns the resulting date.</doc>
<msg timestamp="20250905 16:44:14.421" level="INFO">${fecha_pasado_pasado_manana} = 2025-09-08</msg>
<status status="PASS" starttime="20250905 16:44:14.420" endtime="20250905 16:44:14.422"/>
</kw>
<kw name="Set Global Variable" library="BuiltIn">
<arg>${fecha_pasado_pasado_manana}</arg>
<doc>Makes a variable available globally in all tests and suites.</doc>
<msg timestamp="20250905 16:44:14.423" level="INFO">${fecha_pasado_pasado_manana} = 2025-09-08</msg>
<status status="PASS" starttime="20250905 16:44:14.422" endtime="20250905 16:44:14.424"/>
</kw>
<kw name="Convert Date" library="DateTime">
<var>${dia_actual}</var>
<arg>${fecha_hoy}</arg>
<arg>result_format=%a</arg>
<doc>Converts between supported `date formats`.</doc>
<msg timestamp="20250905 16:44:14.426" level="INFO">${dia_actual} = Fri</msg>
<status status="PASS" starttime="20250905 16:44:14.425" endtime="20250905 16:44:14.426"/>
</kw>
<kw name="Set Variable" library="BuiltIn">
<var>${dia_actual_lower}</var>
<arg>${dia_actual.lower()}</arg>
<doc>Returns the given values which can then be assigned to a variables.</doc>
<msg timestamp="20250905 16:44:14.430" level="INFO">${dia_actual_lower} = fri</msg>
<status status="PASS" starttime="20250905 16:44:14.427" endtime="20250905 16:44:14.430"/>
</kw>
<kw name="Set Variable" library="BuiltIn">
<var>${arrival_date}</var>
<arg>${fecha_manana}T01:00:00.000Z</arg>
<doc>Returns the given values which can then be assigned to a variables.</doc>
<msg timestamp="20250905 16:44:14.431" level="INFO">${arrival_date} = 2025-09-06T01:00:00.000Z</msg>
<status status="PASS" starttime="20250905 16:44:14.430" endtime="20250905 16:44:14.431"/>
</kw>
<kw name="Set Global Variable" library="BuiltIn">
<arg>${arrival_date}</arg>
<doc>Makes a variable available globally in all tests and suites.</doc>
<msg timestamp="20250905 16:44:14.432" level="INFO">${arrival_date} = 2025-09-06T01:00:00.000Z</msg>
<status status="PASS" starttime="20250905 16:44:14.432" endtime="20250905 16:44:14.432"/>
</kw>
<kw name="Set Variable" library="BuiltIn">
<var>${r_estimated_arrival1}</var>
<arg>${fecha_manana}T14:45:57.000Z</arg>
<doc>Returns the given values which can then be assigned to a variables.</doc>
<msg timestamp="20250905 16:44:14.434" level="INFO">${r_estimated_arrival1} = 2025-09-06T14:45:57.000Z</msg>
<status status="PASS" starttime="20250905 16:44:14.433" endtime="20250905 16:44:14.434"/>
</kw>
<kw name="Set Global Variable" library="BuiltIn">
<arg>${r_estimated_arrival1}</arg>
<doc>Makes a variable available globally in all tests and suites.</doc>
<msg timestamp="20250905 16:44:14.435" level="INFO">${r_estimated_arrival1} = 2025-09-06T14:45:57.000Z</msg>
<status status="PASS" starttime="20250905 16:44:14.434" endtime="20250905 16:44:14.435"/>
</kw>
<kw name="Set Variable" library="BuiltIn">
<var>${service_date}</var>
<arg>${fecha_manana}T00:25:29.000Z</arg>
<doc>Returns the given values which can then be assigned to a variables.</doc>
<msg timestamp="20250905 16:44:14.437" level="INFO">${service_date} = 2025-09-06T00:25:29.000Z</msg>
<status status="PASS" starttime="20250905 16:44:14.435" endtime="20250905 16:44:14.438"/>
</kw>
<kw name="Set Global Variable" library="BuiltIn">
<arg>${service_date}</arg>
<doc>Makes a variable available globally in all tests and suites.</doc>
<msg timestamp="20250905 16:44:14.439" level="INFO">${service_date} = 2025-09-06T00:25:29.000Z</msg>
<status status="PASS" starttime="20250905 16:44:14.438" endtime="20250905 16:44:14.440"/>
</kw>
<kw name="Set Variable" library="BuiltIn">
<var>${modified_arrival_date}</var>
<arg>${fecha_manana}T01:00:00.000Z</arg>
<doc>Returns the given values which can then be assigned to a variables.</doc>
<msg timestamp="20250905 16:44:14.441" level="INFO">${modified_arrival_date} = 2025-09-06T01:00:00.000Z</msg>
<status status="PASS" starttime="20250905 16:44:14.440" endtime="20250905 16:44:14.441"/>
</kw>
<kw name="Set Global Variable" library="BuiltIn">
<arg>${modified_arrival_date}</arg>
<doc>Makes a variable available globally in all tests and suites.</doc>
<msg timestamp="20250905 16:44:14.443" level="INFO">${modified_arrival_date} = 2025-09-06T01:00:00.000Z</msg>
<status status="PASS" starttime="20250905 16:44:14.443" endtime="20250905 16:44:14.444"/>
</kw>
<kw name="Set Variable" library="BuiltIn">
<var>${r_modified_estimated_arrival}</var>
<arg>${fecha_pasado_manana}T14:45:57.000Z</arg>
<doc>Returns the given values which can then be assigned to a variables.</doc>
<msg timestamp="20250905 16:44:14.445" level="INFO">${r_modified_estimated_arrival} = 2025-09-07T14:45:57.000Z</msg>
<status status="PASS" starttime="20250905 16:44:14.445" endtime="20250905 16:44:14.446"/>
</kw>
<kw name="Set Global Variable" library="BuiltIn">
<arg>${r_modified_estimated_arrival}</arg>
<doc>Makes a variable available globally in all tests and suites.</doc>
<msg timestamp="20250905 16:44:14.448" level="INFO">${r_modified_estimated_arrival} = 2025-09-07T14:45:57.000Z</msg>
<status status="PASS" starttime="20250905 16:44:14.447" endtime="20250905 16:44:14.448"/>
</kw>
<kw name="Set Variable" library="BuiltIn">
<var>${modified_service_date}</var>
<arg>${fecha_manana}T00:25:29.000Z</arg>
<doc>Returns the given values which can then be assigned to a variables.</doc>
<msg timestamp="20250905 16:44:14.451" level="INFO">${modified_service_date} = 2025-09-06T00:25:29.000Z</msg>
<status status="PASS" starttime="20250905 16:44:14.449" endtime="20250905 16:44:14.451"/>
</kw>
<kw name="Set Global Variable" library="BuiltIn">
<arg>${modified_service_date}</arg>
<doc>Makes a variable available globally in all tests and suites.</doc>
<msg timestamp="20250905 16:44:14.453" level="INFO">${modified_service_date} = 2025-09-06T00:25:29.000Z</msg>
<status status="PASS" starttime="20250905 16:44:14.452" endtime="20250905 16:44:14.454"/>
</kw>
<kw name="Set Variable" library="BuiltIn">
<var>${service_date_20min}</var>
<arg>${fecha_manana}T00:20:00.000Z</arg>
<doc>Returns the given values which can then be assigned to a variables.</doc>
<msg timestamp="20250905 16:44:14.457" level="INFO">${service_date_20min} = 2025-09-06T00:20:00.000Z</msg>
<status status="PASS" starttime="20250905 16:44:14.456" endtime="20250905 16:44:14.457"/>
</kw>
<kw name="Set Global Variable" library="BuiltIn">
<arg>${service_date_20min}</arg>
<doc>Makes a variable available globally in all tests and suites.</doc>
<msg timestamp="20250905 16:44:14.460" level="INFO">${service_date_20min} = 2025-09-06T00:20:00.000Z</msg>
<status status="PASS" starttime="20250905 16:44:14.458" endtime="20250905 16:44:14.460"/>
</kw>
<kw name="Set Variable" library="BuiltIn">
<var>${service_date_22min}</var>
<arg>${fecha_manana}T00:47:00.000Z</arg>
<doc>Returns the given values which can then be assigned to a variables.</doc>
<msg timestamp="20250905 16:44:14.463" level="INFO">${service_date_22min} = 2025-09-06T00:47:00.000Z</msg>
<status status="PASS" starttime="20250905 16:44:14.462" endtime="20250905 16:44:14.463"/>
</kw>
<kw name="Set Global Variable" library="BuiltIn">
<arg>${service_date_22min}</arg>
<doc>Makes a variable available globally in all tests and suites.</doc>
<msg timestamp="20250905 16:44:14.466" level="INFO">${service_date_22min} = 2025-09-06T00:47:00.000Z</msg>
<status status="PASS" starttime="20250905 16:44:14.465" endtime="20250905 16:44:14.467"/>
</kw>
<kw name="Set Variable" library="BuiltIn">
<var>${start_date}</var>
<arg>${fecha_manana}T03:00:00.000Z</arg>
<doc>Returns the given values which can then be assigned to a variables.</doc>
<msg timestamp="20250905 16:44:14.469" level="INFO">${start_date} = 2025-09-06T03:00:00.000Z</msg>
<status status="PASS" starttime="20250905 16:44:14.467" endtime="20250905 16:44:14.470"/>
</kw>
<kw name="Set Global Variable" library="BuiltIn">
<arg>${start_date}</arg>
<doc>Makes a variable available globally in all tests and suites.</doc>
<msg timestamp="20250905 16:44:14.474" level="INFO">${start_date} = 2025-09-06T03:00:00.000Z</msg>
<status status="PASS" starttime="20250905 16:44:14.472" endtime="20250905 16:44:14.474"/>
</kw>
<kw name="Set Variable" library="BuiltIn">
<var>${end_date_4weeks}</var>
<arg>2023-12-30T02:59:59.999Z</arg>
<doc>Returns the given values which can then be assigned to a variables.</doc>
<msg timestamp="20250905 16:44:14.478" level="INFO">${end_date_4weeks} = 2023-12-30T02:59:59.999Z</msg>
<status status="PASS" starttime="20250905 16:44:14.475" endtime="20250905 16:44:14.478"/>
</kw>
<kw name="Set Global Variable" library="BuiltIn">
<arg>${end_date_4weeks}</arg>
<doc>Makes a variable available globally in all tests and suites.</doc>
<msg timestamp="20250905 16:44:14.481" level="INFO">${end_date_4weeks} = 2023-12-30T02:59:59.999Z</msg>
<status status="PASS" starttime="20250905 16:44:14.480" endtime="20250905 16:44:14.481"/>
</kw>
<kw name="Set Variable" library="BuiltIn">
<var>${end_date}</var>
<arg>${fecha_pasado_pasado_manana}T03:00:00.000Z</arg>
<doc>Returns the given values which can then be assigned to a variables.</doc>
<msg timestamp="20250905 16:44:14.483" level="INFO">${end_date} = 2025-09-08T03:00:00.000Z</msg>
<status status="PASS" starttime="20250905 16:44:14.482" endtime="20250905 16:44:14.483"/>
</kw>
<kw name="Set Global Variable" library="BuiltIn">
<arg>${end_date}</arg>
<doc>Makes a variable available globally in all tests and suites.</doc>
<msg timestamp="20250905 16:44:14.486" level="INFO">${end_date} = 2025-09-08T03:00:00.000Z</msg>
<status status="PASS" starttime="20250905 16:44:14.484" endtime="20250905 16:44:14.487"/>
</kw>
<kw name="Set Variable" library="BuiltIn">
<var>${end_date_tomorrow}</var>
<arg>${fecha_manana}T03:00:00.000Z</arg>
<doc>Returns the given values which can then be assigned to a variables.</doc>
<msg timestamp="20250905 16:44:14.490" level="INFO">${end_date_tomorrow} = 2025-09-06T03:00:00.000Z</msg>
<status status="PASS" starttime="20250905 16:44:14.489" endtime="20250905 16:44:14.491"/>
</kw>
<kw name="Set Global Variable" library="BuiltIn">
<arg>${end_date_tomorrow}</arg>
<doc>Makes a variable available globally in all tests and suites.</doc>
<msg timestamp="20250905 16:44:14.493" level="INFO">${end_date_tomorrow} = 2025-09-06T03:00:00.000Z</msg>
<status status="PASS" starttime="20250905 16:44:14.492" endtime="20250905 16:44:14.494"/>
</kw>
<kw name="Set Variable" library="BuiltIn">
<var>${schedule_day}</var>
<arg>${dia_actual_lower}</arg>
<doc>Returns the given values which can then be assigned to a variables.</doc>
<msg timestamp="20250905 16:44:14.495" level="INFO">${schedule_day} = fri</msg>
<status status="PASS" starttime="20250905 16:44:14.495" endtime="20250905 16:44:14.495"/>
</kw>
<kw name="Set Global Variable" library="BuiltIn">
<arg>${schedule_day}</arg>
<doc>Makes a variable available globally in all tests and suites.</doc>
<msg timestamp="20250905 16:44:14.497" level="INFO">${schedule_day} = fri</msg>
<status status="PASS" starttime="20250905 16:44:14.497" endtime="20250905 16:44:14.498"/>
</kw>
<kw name="Set Variable" library="BuiltIn">
<var>${start_date_today}</var>
<arg>${fecha_hoy}T03:00:00.000Z</arg>
<doc>Returns the given values which can then be assigned to a variables.</doc>
<msg timestamp="20250905 16:44:14.499" level="INFO">${start_date_today} = 2025-09-05T03:00:00.000Z</msg>
<status status="PASS" starttime="20250905 16:44:14.499" endtime="20250905 16:44:14.500"/>
</kw>
<kw name="Set Global Variable" library="BuiltIn">
<arg>${start_date_today}</arg>
<doc>Makes a variable available globally in all tests and suites.</doc>
<msg timestamp="20250905 16:44:14.501" level="INFO">${start_date_today} = 2025-09-05T03:00:00.000Z</msg>
<status status="PASS" starttime="20250905 16:44:14.501" endtime="20250905 16:44:14.501"/>
</kw>
<kw name="Set Variable" library="BuiltIn">
<var>${today_date}</var>
<arg>${fecha_hoy}</arg>
<doc>Returns the given values which can then be assigned to a variables.</doc>
<msg timestamp="20250905 16:44:14.503" level="INFO">${today_date} = 2025-09-05</msg>
<status status="PASS" starttime="20250905 16:44:14.502" endtime="20250905 16:44:14.503"/>
</kw>
<kw name="Set Global Variable" library="BuiltIn">
<arg>${today_date}</arg>
<doc>Makes a variable available globally in all tests and suites.</doc>
<msg timestamp="20250905 16:44:14.506" level="INFO">${today_date} = 2025-09-05</msg>
<status status="PASS" starttime="20250905 16:44:14.505" endtime="20250905 16:44:14.506"/>
</kw>
<kw name="Set Variable" library="BuiltIn">
<var>${end_date_tomorrow2}</var>
<arg>${fecha_manana}T02:59:59.999Z</arg>
<doc>Returns the given values which can then be assigned to a variables.</doc>
<msg timestamp="20250905 16:44:14.508" level="INFO">${end_date_tomorrow2} = 2025-09-06T02:59:59.999Z</msg>
<status status="PASS" starttime="20250905 16:44:14.507" endtime="20250905 16:44:14.509"/>
</kw>
<kw name="Set Global Variable" library="BuiltIn">
<arg>${end_date_tomorrow}</arg>
<doc>Makes a variable available globally in all tests and suites.</doc>
<msg timestamp="20250905 16:44:14.511" level="INFO">${end_date_tomorrow} = 2025-09-06T03:00:00.000Z</msg>
<status status="PASS" starttime="20250905 16:44:14.510" endtime="20250905 16:44:14.512"/>
</kw>
<kw name="Set Variable" library="BuiltIn">
<var>${expiration_date_qr}</var>
<arg>${fecha_manana}T14:10:37.968Z</arg>
<doc>Returns the given values which can then be assigned to a variables.</doc>
<msg timestamp="20250905 16:44:14.514" level="INFO">${expiration_date_qr} = 2025-09-06T14:10:37.968Z</msg>
<status status="PASS" starttime="20250905 16:44:14.513" endtime="20250905 16:44:14.515"/>
</kw>
<kw name="Set Global Variable" library="BuiltIn">
<arg>${expiration_date_qr}</arg>
<doc>Makes a variable available globally in all tests and suites.</doc>
<msg timestamp="20250905 16:44:14.516" level="INFO">${expiration_date_qr} = 2025-09-06T14:10:37.968Z</msg>
<status status="PASS" starttime="20250905 16:44:14.515" endtime="20250905 16:44:14.516"/>
</kw>
<kw name="Set Variable" library="BuiltIn">
<var>${start_date_tickets}</var>
<arg>${fecha_hoy}T04:00:00.000Z</arg>
<doc>Returns the given values which can then be assigned to a variables.</doc>
<msg timestamp="20250905 16:44:14.518" level="INFO">${start_date_tickets} = 2025-09-05T04:00:00.000Z</msg>
<status status="PASS" starttime="20250905 16:44:14.517" endtime="20250905 16:44:14.520"/>
</kw>
<kw name="Set Global Variable" library="BuiltIn">
<arg>${start_date_tickets}</arg>
<doc>Makes a variable available globally in all tests and suites.</doc>
<msg timestamp="20250905 16:44:14.523" level="INFO">${start_date_tickets} = 2025-09-05T04:00:00.000Z</msg>
<status status="PASS" starttime="20250905 16:44:14.521" endtime="20250905 16:44:14.523"/>
</kw>
<kw name="Set Variable" library="BuiltIn">
<var>${end_date_tickets}</var>
<arg>${fecha_manana}T03:59:59.999Z</arg>
<doc>Returns the given values which can then be assigned to a variables.</doc>
<msg timestamp="20250905 16:44:14.525" level="INFO">${end_date_tickets} = 2025-09-06T03:59:59.999Z</msg>
<status status="PASS" starttime="20250905 16:44:14.524" endtime="20250905 16:44:14.525"/>
</kw>
<kw name="Set Global Variable" library="BuiltIn">
<arg>${end_date_tickets}</arg>
<doc>Makes a variable available globally in all tests and suites.</doc>
<msg timestamp="20250905 16:44:14.528" level="INFO">${end_date_tickets} = 2025-09-06T03:59:59.999Z</msg>
<status status="PASS" starttime="20250905 16:44:14.527" endtime="20250905 16:44:14.528"/>
</kw>
<kw name="Set Variable" library="BuiltIn">
<var>${end_date_tomorrow}</var>
<arg>${fecha_manana}T03:00:00.000Z</arg>
<doc>Returns the given values which can then be assigned to a variables.</doc>
<msg timestamp="20250905 16:44:14.529" level="INFO">${end_date_tomorrow} = 2025-09-06T03:00:00.000Z</msg>
<status status="PASS" starttime="20250905 16:44:14.529" endtime="20250905 16:44:14.529"/>
</kw>
<kw name="Set Global Variable" library="BuiltIn">
<arg>${end_date_tomorrow}</arg>
<doc>Makes a variable available globally in all tests and suites.</doc>
<msg timestamp="20250905 16:44:14.531" level="INFO">${end_date_tomorrow} = 2025-09-06T03:00:00.000Z</msg>
<status status="PASS" starttime="20250905 16:44:14.530" endtime="20250905 16:44:14.531"/>
</kw>
<kw name="Set Variable" library="BuiltIn">
<var>${end_date_pastTomorrow}</var>
<arg>${fecha_pasado_manana}T03:00:00.000Z</arg>
<doc>Returns the given values which can then be assigned to a variables.</doc>
<msg timestamp="20250905 16:44:14.533" level="INFO">${end_date_pastTomorrow} = 2025-09-07T03:00:00.000Z</msg>
<status status="PASS" starttime="20250905 16:44:14.532" endtime="20250905 16:44:14.533"/>
</kw>
<kw name="Set Global Variable" library="BuiltIn">
<arg>${end_date_pastTomorrow}</arg>
<doc>Makes a variable available globally in all tests and suites.</doc>
<msg timestamp="20250905 16:44:14.534" level="INFO">${end_date_pastTomorrow} = 2025-09-07T03:00:00.000Z</msg>
<status status="PASS" starttime="20250905 16:44:14.533" endtime="20250905 16:44:14.535"/>
</kw>
<status status="PASS" starttime="20250905 16:44:14.396" endtime="20250905 16:44:14.536"/>
</test>
<test id="s1-t2" name="Generate random UUID (DepartureId)" line="92">
<kw name="Evaluate" library="BuiltIn">
<var>${uuid}</var>
<arg>str(uuid.uuid4())</arg>
<doc>Evaluates the given expression in Python and returns the result.</doc>
<msg timestamp="20250905 16:44:14.540" level="INFO">${uuid} = 24664a49-86ac-453c-86d7-4876554d733f</msg>
<status status="PASS" starttime="20250905 16:44:14.539" endtime="20250905 16:44:14.540"/>
</kw>
<kw name="Log" library="BuiltIn">
<arg>${uuid}</arg>
<doc>Logs the given message with the given level.</doc>
<msg timestamp="20250905 16:44:14.542" level="INFO">24664a49-86ac-453c-86d7-4876554d733f</msg>
<status status="PASS" starttime="20250905 16:44:14.541" endtime="20250905 16:44:14.542"/>
</kw>
<kw name="Set Global Variable" library="BuiltIn">
<arg>${uuid}</arg>
<doc>Makes a variable available globally in all tests and suites.</doc>
<msg timestamp="20250905 16:44:14.544" level="INFO">${uuid} = 24664a49-86ac-453c-86d7-4876554d733f</msg>
<status status="PASS" starttime="20250905 16:44:14.543" endtime="20250905 16:44:14.544"/>
</kw>
<status status="PASS" starttime="20250905 16:44:14.538" endtime="20250905 16:44:14.545"/>
</test>
<test id="s1-t3" name="Generate random UUID (_id Manual validations)" line="97">
<kw name="Evaluate" library="BuiltIn">
<var>${uuid_manual}</var>
<arg>str(uuid.uuid4())</arg>
<doc>Evaluates the given expression in Python and returns the result.</doc>
<msg timestamp="20250905 16:44:14.549" level="INFO">${uuid_manual} = 4c52f272-a81a-44ae-b79d-548d2916e507</msg>
<status status="PASS" starttime="20250905 16:44:14.548" endtime="20250905 16:44:14.549"/>
</kw>
<kw name="Log" library="BuiltIn">
<arg>${uuid_manual}</arg>
<doc>Logs the given message with the given level.</doc>
<msg timestamp="20250905 16:44:14.551" level="INFO">4c52f272-a81a-44ae-b79d-548d2916e507</msg>
<status status="PASS" starttime="20250905 16:44:14.550" endtime="20250905 16:44:14.552"/>
</kw>
<kw name="Set Global Variable" library="BuiltIn">
<arg>${uuid_manual}</arg>
<doc>Makes a variable available globally in all tests and suites.</doc>
<msg timestamp="20250905 16:44:14.554" level="INFO">${uuid_manual} = 4c52f272-a81a-44ae-b79d-548d2916e507</msg>
<status status="PASS" starttime="20250905 16:44:14.553" endtime="20250905 16:44:14.554"/>
</kw>
<status status="PASS" starttime="20250905 16:44:14.547" endtime="20250905 16:44:14.555"/>
</test>
<test id="s1-t4" name="Generate random UUID (_id validations customValidations)" line="102">
<kw name="Evaluate" library="BuiltIn">
<var>${uuid_custom}</var>
<arg>str(uuid.uuid4())</arg>
<doc>Evaluates the given expression in Python and returns the result.</doc>
<msg timestamp="20250905 16:44:14.559" level="INFO">${uuid_custom} = 5514427c-1d7a-45be-88ca-e979353d2d64</msg>
<status status="PASS" starttime="20250905 16:44:14.558" endtime="20250905 16:44:14.559"/>
</kw>
<kw name="Log" library="BuiltIn">
<arg>${uuid_custom}</arg>
<doc>Logs the given message with the given level.</doc>
<msg timestamp="20250905 16:44:14.560" level="INFO">5514427c-1d7a-45be-88ca-e979353d2d64</msg>
<status status="PASS" starttime="20250905 16:44:14.559" endtime="20250905 16:44:14.560"/>
</kw>
<kw name="Set Global Variable" library="BuiltIn">
<arg>${uuid_custom}</arg>
<doc>Makes a variable available globally in all tests and suites.</doc>
<msg timestamp="20250905 16:44:14.561" level="INFO">${uuid_custom} = 5514427c-1d7a-45be-88ca-e979353d2d64</msg>
<status status="PASS" starttime="20250905 16:44:14.561" endtime="20250905 16:44:14.562"/>
</kw>
<status status="PASS" starttime="20250905 16:44:14.557" endtime="20250905 16:44:14.562"/>
</test>
<test id="s1-t5" name="Generate random UUID (_id validations qrValidations)" line="107">
<kw name="Evaluate" library="BuiltIn">
<var>${uuid_qr}</var>
<arg>str(uuid.uuid4())</arg>
<doc>Evaluates the given expression in Python and returns the result.</doc>
<msg timestamp="20250905 16:44:14.565" level="INFO">${uuid_qr} = 0377aca4-6fbe-46f3-a8fa-40891a9a4f9e</msg>
<status status="PASS" starttime="20250905 16:44:14.564" endtime="20250905 16:44:14.565"/>
</kw>
<kw name="Log" library="BuiltIn">
<arg>${uuid_qr}</arg>
<doc>Logs the given message with the given level.</doc>
<msg timestamp="20250905 16:44:14.568" level="INFO">0377aca4-6fbe-46f3-a8fa-40891a9a4f9e</msg>
<status status="PASS" starttime="20250905 16:44:14.567" endtime="20250905 16:44:14.568"/>
</kw>
<kw name="Set Global Variable" library="BuiltIn">
<arg>${uuid_qr}</arg>
<doc>Makes a variable available globally in all tests and suites.</doc>
<msg timestamp="20250905 16:44:14.570" level="INFO">${uuid_qr} = 0377aca4-6fbe-46f3-a8fa-40891a9a4f9e</msg>
<status status="PASS" starttime="20250905 16:44:14.569" endtime="20250905 16:44:14.570"/>
</kw>
<status status="PASS" starttime="20250905 16:44:14.563" endtime="20250905 16:44:14.571"/>
</test>
<test id="s1-t6" name="Generate random UUID2 (_id validations qrValidations)" line="111">
<kw name="Evaluate" library="BuiltIn">
<var>${uuid_qr2}</var>
<arg>str(uuid.uuid4())</arg>
<doc>Evaluates the given expression in Python and returns the result.</doc>
<msg timestamp="20250905 16:44:14.574" level="INFO">${uuid_qr2} = f6ed53f9-4851-44c5-8e32-11cc8897d930</msg>
<status status="PASS" starttime="20250905 16:44:14.573" endtime="20250905 16:44:14.574"/>
</kw>
<kw name="Log" library="BuiltIn">
<arg>${uuid_qr2}</arg>
<doc>Logs the given message with the given level.</doc>
<msg timestamp="20250905 16:44:14.576" level="INFO">f6ed53f9-4851-44c5-8e32-11cc8897d930</msg>
<status status="PASS" starttime="20250905 16:44:14.575" endtime="20250905 16:44:14.576"/>
</kw>
<kw name="Set Global Variable" library="BuiltIn">
<arg>${uuid_qr2}</arg>
<doc>Makes a variable available globally in all tests and suites.</doc>
<msg timestamp="20250905 16:44:14.577" level="INFO">${uuid_qr2} = f6ed53f9-4851-44c5-8e32-11cc8897d930</msg>
<status status="PASS" starttime="20250905 16:44:14.576" endtime="20250905 16:44:14.577"/>
</kw>
<status status="PASS" starttime="20250905 16:44:14.572" endtime="20250905 16:44:14.577"/>
</test>
<test id="s1-t7" name="Generate random UUID2 Cédula (_id validations qrValidations)" line="115">
<kw name="Evaluate" library="BuiltIn">
<var>${uuid_dni}</var>
<arg>str(uuid.uuid4())</arg>
<doc>Evaluates the given expression in Python and returns the result.</doc>
<msg timestamp="20250905 16:44:14.580" level="INFO">${uuid_dni} = d958a10e-893b-43a5-85ad-bc74adab71ec</msg>
<status status="PASS" starttime="20250905 16:44:14.579" endtime="20250905 16:44:14.580"/>
</kw>
<kw name="Log" library="BuiltIn">
<arg>${uuid_dni}</arg>
<doc>Logs the given message with the given level.</doc>
<msg timestamp="20250905 16:44:14.582" level="INFO">d958a10e-893b-43a5-85ad-bc74adab71ec</msg>
<status status="PASS" starttime="20250905 16:44:14.581" endtime="20250905 16:44:14.582"/>
</kw>
<kw name="Set Global Variable" library="BuiltIn">
<arg>${uuid_dni}</arg>
<doc>Makes a variable available globally in all tests and suites.</doc>
<msg timestamp="20250905 16:44:14.583" level="INFO">${uuid_dni} = d958a10e-893b-43a5-85ad-bc74adab71ec</msg>
<status status="PASS" starttime="20250905 16:44:14.583" endtime="20250905 16:44:14.583"/>
</kw>
<status status="PASS" starttime="20250905 16:44:14.578" endtime="20250905 16:44:14.584"/>
</test>
<test id="s1-t8" name="Generate random UUID (_id events1)" line="119">
<kw name="Evaluate" library="BuiltIn">
<var>${uuid_events}</var>
<arg>str(uuid.uuid4())</arg>
<doc>Evaluates the given expression in Python and returns the result.</doc>
<msg timestamp="20250905 16:44:14.588" level="INFO">${uuid_events} = 310414eb-7ff1-4e62-b408-83b1714a117e</msg>
<status status="PASS" starttime="20250905 16:44:14.587" endtime="20250905 16:44:14.589"/>
</kw>
<kw name="Log" library="BuiltIn">
<arg>${uuid_events}</arg>
<doc>Logs the given message with the given level.</doc>
<msg timestamp="20250905 16:44:14.591" level="INFO">310414eb-7ff1-4e62-b408-83b1714a117e</msg>
<status status="PASS" starttime="20250905 16:44:14.590" endtime="20250905 16:44:14.591"/>
</kw>
<kw name="Set Global Variable" library="BuiltIn">
<arg>${uuid_events}</arg>
<doc>Makes a variable available globally in all tests and suites.</doc>
<msg timestamp="20250905 16:44:14.592" level="INFO">${uuid_events} = 310414eb-7ff1-4e62-b408-83b1714a117e</msg>
<status status="PASS" starttime="20250905 16:44:14.592" endtime="20250905 16:44:14.592"/>
</kw>
<status status="PASS" starttime="20250905 16:44:14.585" endtime="20250905 16:44:14.593"/>
</test>
<test id="s1-t9" name="Generate random UUID (_id events2)" line="123">
<kw name="Evaluate" library="BuiltIn">
<var>${uuid_events2}</var>
<arg>str(uuid.uuid4())</arg>
<doc>Evaluates the given expression in Python and returns the result.</doc>
<msg timestamp="20250905 16:44:14.596" level="INFO">${uuid_events2} = 34d847eb-ff30-4b85-9aca-1494c93fcd17</msg>
<status status="PASS" starttime="20250905 16:44:14.595" endtime="20250905 16:44:14.597"/>
</kw>
<kw name="Log" library="BuiltIn">
<arg>${uuid_events2}</arg>
<doc>Logs the given message with the given level.</doc>
<msg timestamp="20250905 16:44:14.597" level="INFO">34d847eb-ff30-4b85-9aca-1494c93fcd17</msg>
<status status="PASS" starttime="20250905 16:44:14.597" endtime="20250905 16:44:14.598"/>
</kw>
<kw name="Set Global Variable" library="BuiltIn">
<arg>${uuid_events2}</arg>
<doc>Makes a variable available globally in all tests and suites.</doc>
<msg timestamp="20250905 16:44:14.599" level="INFO">${uuid_events2} = 34d847eb-ff30-4b85-9aca-1494c93fcd17</msg>
<status status="PASS" starttime="20250905 16:44:14.598" endtime="20250905 16:44:14.599"/>
</kw>
<status status="PASS" starttime="20250905 16:44:14.594" endtime="20250905 16:44:14.600"/>
</test>
<test id="s1-t10" name="1 hours local" line="129">
<kw name="Get Current Date" library="DateTime">
<var>${date}</var>
<arg>time_zone=local</arg>
<arg>exclude_millis=yes</arg>
<doc>Returns current local or UTC time with an optional increment.</doc>
<msg timestamp="20250905 16:44:14.604" level="INFO">${date} = 2025-09-05 16:44:15</msg>
<status status="PASS" starttime="20250905 16:44:14.603" endtime="20250905 16:44:14.604"/>
</kw>
<kw name="Convert Date" library="DateTime">
<var>${formatted_date}</var>
<arg>${date}</arg>
<arg>result_format=%H:%M:%S</arg>
<doc>Converts between supported `date formats`.</doc>
<msg timestamp="20250905 16:44:14.605" level="INFO">${formatted_date} = 16:44:15</msg>
<status status="PASS" starttime="20250905 16:44:14.605" endtime="20250905 16:44:14.605"/>
</kw>
<kw name="Log" library="BuiltIn">
<arg>Hora Actual: ${formatted_date}</arg>
<doc>Logs the given message with the given level.</doc>
<msg timestamp="20250905 16:44:14.608" level="INFO">Hora Actual: 16:44:15</msg>
<status status="PASS" starttime="20250905 16:44:14.607" endtime="20250905 16:44:14.608"/>
</kw>
<kw name="Add Time To Date" library="DateTime">
<var>${one_hour_later}</var>
<arg>${date}</arg>
<arg>1 hour</arg>
<doc>Adds time to date and returns the resulting date.</doc>
<msg timestamp="20250905 16:44:14.610" level="INFO">${one_hour_later} = 2025-09-05 17:44:15.000</msg>
<status status="PASS" starttime="20250905 16:44:14.609" endtime="20250905 16:44:14.610"/>
</kw>
<kw name="Convert Date" library="DateTime">
<var>${formatted_one_hour_later}</var>
<arg>${one_hour_later}</arg>
<arg>result_format=%H:%M</arg>
<doc>Converts between supported `date formats`.</doc>
<msg timestamp="20250905 16:44:14.612" level="INFO">${formatted_one_hour_later} = 17:44</msg>
<status status="PASS" starttime="20250905 16:44:14.611" endtime="20250905 16:44:14.612"/>
</kw>
<kw name="Log" library="BuiltIn">
<arg>Hora Actual + 1 hora: ${formatted_one_hour_later}</arg>
<doc>Logs the given message with the given level.</doc>
<msg timestamp="20250905 16:44:14.613" level="INFO">Hora Actual + 1 hora: 17:44</msg>
<status status="PASS" starttime="20250905 16:44:14.613" endtime="20250905 16:44:14.614"/>
</kw>
<kw name="Set Global Variable" library="BuiltIn">
<arg>${formatted_one_hour_later}</arg>
<doc>Makes a variable available globally in all tests and suites.</doc>
<msg timestamp="20250905 16:44:14.615" level="INFO">${formatted_one_hour_later} = 17:44</msg>
<status status="PASS" starttime="20250905 16:44:14.614" endtime="20250905 16:44:14.615"/>
</kw>
<status status="PASS" starttime="20250905 16:44:14.601" endtime="20250905 16:44:14.616"/>
</test>
<test id="s1-t11" name="Get Driver Token" line="141">
<kw name="Set Variable" library="BuiltIn">
<var>${url}</var>
<arg>${STAGE_URL}/api/v1/admin/pb/drivers/?community=${idComunidad2}&amp;driverId=66d1dca1bc357f32ce162d1c</arg>
<doc>Returns the given values which can then be assigned to a variables.</doc>
<msg timestamp="20250905 16:44:14.620" level="INFO">${url} = https://stage.allrideapp.com/api/v1/admin/pb/drivers/?community=6654ae4eba54fe502d4e4187&amp;driverId=66d1dca1bc357f32ce162d1c</msg>
<status status="PASS" starttime="20250905 16:44:14.619" endtime="20250905 16:44:14.621"/>
</kw>
<kw name="Create Dictionary" library="BuiltIn">
<var>&amp;{headers}</var>
<arg>Authorization=${tokenAdmin}</arg>
<doc>Creates and returns a dictionary based on the given ``items``.</doc>
<msg timestamp="20250905 16:44:14.623" level="INFO">&amp;{headers} = { Authorization=Bearer 10a2dbcc5e048f531fcbb8e157529a8558c13bbd434e329115ad658c0ebb991fd7282c8ca44e79b51f065fe0a5aa037944da9f461e8583bc9e085336172cdc0c }</msg>
<status status="PASS" starttime="20250905 16:44:14.622" endtime="20250905 16:44:14.623"/>
</kw>
<kw name="GET" library="RequestsLibrary">
<var>${response}</var>
<arg>url=${url}</arg>
<arg>headers=${headers}</arg>
<doc>Sends a GET request.</doc>
<msg timestamp="20250905 16:44:15.639" level="INFO">GET Request : url=https://stage.allrideapp.com/api/v1/admin/pb/drivers/?community=6654ae4eba54fe502d4e4187&amp;driverId=66d1dca1bc357f32ce162d1c 
 path_url=/api/v1/admin/pb/drivers/?community=6654ae4eba54fe502d4e4187&amp;driverId=66d1dca1bc357f32ce162d1c 
 headers={'User-Agent': 'python-requests/2.31.0', 'Accept-Encoding': 'gzip, deflate', 'Accept': '*/*', 'Connection': 'keep-alive', 'Authorization': 'Bearer 10a2dbcc5e048f531fcbb8e157529a8558c13bbd434e329115ad658c0ebb991fd7282c8ca44e79b51f065fe0a5aa037944da9f461e8583bc9e085336172cdc0c'} 
 body=None 
 </msg>
<msg timestamp="20250905 16:44:15.640" level="INFO">GET Response : url=https://stage.allrideapp.com/api/v1/admin/pb/drivers/?community=6654ae4eba54fe502d4e4187&amp;driverId=66d1dca1bc357f32ce162d1c 
 status=200, reason=OK 
 headers={'Date': 'Fri, 05 Sep 2025 20:44:15 GMT', 'Content-Type': 'application/json; charset=utf-8', 'Transfer-Encoding': 'chunked', 'Connection': 'keep-alive', 'Server': 'nginx', 'X-DNS-Prefetch-Control': 'off', 'X-Frame-Options': 'SAMEORIGIN', 'Strict-Transport-Security': 'max-age=15552000; includeSubDomains', 'X-Download-Options': 'noopen', 'X-Content-Type-Options': 'nosniff', 'X-XSS-Protection': '1; mode=block', 'Access-Control-Allow-Origin': '*', 'X-RateLimit-Limit': '200', 'X-RateLimit-Remaining': '199', 'X-RateLimit-Reset': '1757105116', 'ETag': 'W/"db3-+uSUjw8UTWzr3eFovNwh514xmFw"', 'Content-Encoding': 'gzip'} 
 body={"device":{"lang":"es","token":"eFyJ1YyBRoeHm-FCEyRtfl:APA91bFdC8CfqQR_O-c4TUT24sVTeBcXURg4NHXYu17Uk85h490ZIHxrYZ9H5TgglnZpRxYRe1ujZkFbepSItTT8ASl65tbFRb_emxB6h8Jyx6tcGPMf1_g","build":"135","manufacturer":"samsung","model":"SM-G780G","lastUpdate":null,"appVersion":"3.0.40-STG","lastSeenOnline":"2025-09-05T13:28:51.839Z"},"config":{"autoLogout":{"timer":{"amount":0,"unit":"minutes"},"enum":"afterDepartureEnd","enabled":false}},"externalInfo":{"uuid":"","contract":""},"labels":[],"superCommunities":["653fd68233d83952fafcd4be"],"communities":["6654ae4eba54fe502d4e4187"],"active":true,"canReleaseReservations":true,"enabled":true,"enabledRoutes":[],"_id":"66d1dca1bc357f32ce162d1c","code":"142142","ownerIds":[{"_id":"66d1dca1bc357f32ce162d1d","id":"6654ae4eba54fe502d4e4187","role":"community"}],"notifications":[],"communityId":"6654ae4eba54fe502d4e4187","name":"Zoro Conductor","email":"nicolas+zorodriver@allrideapp.com","hasToChangePassword":false,"createdAt":"2024-08-30T14:52:17.891Z","updatedAt":"2025-09-05T13:28:51.845Z","__v":18,"canCreateRoutes":true,"accessToken":"fdd97542c0d06bf26fa504ffa471e0c121e9a993745738aff639d0b902e8a26b2f66c0ae129d1f7d89dec95f3fd0b87c6de97986f76bed772145b7651d2ee0fd","rtlToken":"ae525e5eb673ea279fc5a03c53c47b2191e83d4df4c97feb0c0fda470cb8a5c9c2809bd10d7f01270d6539c0b0a8b0aa8aecfeb2e57b2dade8249908ecc61dd1","customParams":[{"communities":["6654ae4eba54fe502d4e4187"],"_id":"6849b827eed4e2069b534f0c","superCommunityId":null,"params":[{"listValue":[],"attachments":["https://s3.amazonaws.com/allride.uploads/driverparam_attach_66d1dca1bc357f32ce162d1c_6654ae4eba54fe502d4e4187_1745442174165.png"],"private":false,"_id":"6849b827eed4e2069b534f0d","key":"registro_patronal","value":null,"dateValue":null,"expireDate":null},{"listValue":[],"attachments":["https://s3.amazonaws.com/allride.uploads/driverparam_attach_66d1dca1bc357f32ce162d1c_6654ae4eba54fe502d4e4187_1745530978234.png"],"private":false,"_id":"6849b827eed4e2069b534f0e","key":"REPE","value":null,"dateValue":null,"expireDate":null},{"listValue":[],"attachments":[],"private":false,"_id":"6849b827eed4e2069b534f0f","key":"listado_personal","value":null,"dateValue":null,"expireDate":null},{"listValue":[],"attachments":[],"private":false,"_id":"6849b827eed4e2069b534f10","key":"onboarding","value":null,"dateValue":null,"expireDate":null},{"listValue":[],"attachments":[],"private":false,"_id":"6849b827eed4e2069b534f11","key":"SUA","value":null,"dateValue":null,"expireDate":null},{"listValue":[],"attachments":[],"private":false,"_id":"6849b827eed4e2069b534f12","key":"seguro_social","value":null,"dateValue":null,"expireDate":null},{"listValue":[],"attachments":[],"private":false,"_id":"6849b827eed4e2069b534f13","key":"certificado_medico","value":null,"dateValue":null,"expireDate":null},{"listValue":[],"attachments":[],"private":false,"_id":"6849b827eed4e2069b534f14","key":"antidoping","value":null,"dateValue":null,"expireDate":null},{"listValue":[],"attachments":[],"private":false,"_id":"6849b827eed4e2069b534f15","key":" identificacion_oficial","value":null,"dateValue":null,"expireDate":null}]}],"externalDeviceToken":"d2d63b8a49c3c12d46973544a9ead2de5ab5297e80653ba59f341e8aa3f9e48d4212236d2b12f65ff89ed09b13bc2d9f9fffaba8a3897192dd50c409bb8a52fc","chatToken":"81ea5ff2533bd4cb716a364f32bb41dc9e8531a6e3401c2cc32a5bbafcbc99e1db9cce506a2c0be5a95a001c42eccf2d52ad86c43d5e1f0700a1db10a82867f2","superCommunityId":"653fd68233d83952fafcd4be","driverParams":[],"id":"66d1dca1bc357f32ce162d1c"} 
 </msg>
<msg timestamp="20250905 16:44:15.640" level="INFO">${response} = &lt;Response [200]&gt;</msg>
<status status="PASS" starttime="20250905 16:44:14.624" endtime="20250905 16:44:15.640"/>
</kw>
<kw name="Should Be Equal As Numbers" library="BuiltIn">
<arg>${response.status_code}</arg>
<arg>200</arg>
<doc>Fails if objects are unequal after converting them to real numbers.</doc>
<msg timestamp="20250905 16:44:15.643" level="INFO">Argument types are:
&lt;class 'int'&gt;
&lt;class 'str'&gt;</msg>
<status status="PASS" starttime="20250905 16:44:15.641" endtime="20250905 16:44:15.644"/>
</kw>
<kw name="Set Variable" library="BuiltIn">
<var>${access_token}</var>
<arg>${response.json()['accessToken']}</arg>
<doc>Returns the given values which can then be assigned to a variables.</doc>
<msg timestamp="20250905 16:44:15.647" level="INFO">${access_token} = fdd97542c0d06bf26fa504ffa471e0c121e9a993745738aff639d0b902e8a26b2f66c0ae129d1f7d89dec95f3fd0b87c6de97986f76bed772145b7651d2ee0fd</msg>
<status status="PASS" starttime="20250905 16:44:15.645" endtime="20250905 16:44:15.647"/>
</kw>
<kw name="Evaluate" library="BuiltIn">
<var>${tokenDriver}</var>
<arg>"Bearer " + "${access_token}"</arg>
<doc>Evaluates the given expression in Python and returns the result.</doc>
<msg timestamp="20250905 16:44:15.648" level="INFO">${tokenDriver} = Bearer fdd97542c0d06bf26fa504ffa471e0c121e9a993745738aff639d0b902e8a26b2f66c0ae129d1f7d89dec95f3fd0b87c6de97986f76bed772145b7651d2ee0fd</msg>
<status status="PASS" starttime="20250905 16:44:15.648" endtime="20250905 16:44:15.649"/>
</kw>
<kw name="Set Global Variable" library="BuiltIn">
<arg>${tokenDriver}</arg>
<doc>Makes a variable available globally in all tests and suites.</doc>
<msg timestamp="20250905 16:44:15.650" level="INFO">${tokenDriver} = Bearer fdd97542c0d06bf26fa504ffa471e0c121e9a993745738aff639d0b902e8a26b2f66c0ae129d1f7d89dec95f3fd0b87c6de97986f76bed772145b7651d2ee0fd</msg>
<status status="PASS" starttime="20250905 16:44:15.650" endtime="20250905 16:44:15.651"/>
</kw>
<kw name="Log" library="BuiltIn">
<arg>${tokenDriver}</arg>
<doc>Logs the given message with the given level.</doc>
<msg timestamp="20250905 16:44:15.652" level="INFO">Bearer fdd97542c0d06bf26fa504ffa471e0c121e9a993745738aff639d0b902e8a26b2f66c0ae129d1f7d89dec95f3fd0b87c6de97986f76bed772145b7651d2ee0fd</msg>
<status status="PASS" starttime="20250905 16:44:15.652" endtime="20250905 16:44:15.653"/>
</kw>
<kw name="Log" library="BuiltIn">
<arg>${response.content}</arg>
<doc>Logs the given message with the given level.</doc>
<msg timestamp="20250905 16:44:15.655" level="INFO">{"device":{"lang":"es","token":"eFyJ1YyBRoeHm-FCEyRtfl:APA91bFdC8CfqQR_O-c4TUT24sVTeBcXURg4NHXYu17Uk85h490ZIHxrYZ9H5TgglnZpRxYRe1ujZkFbepSItTT8ASl65tbFRb_emxB6h8Jyx6tcGPMf1_g","build":"135","manufacturer":"samsung","model":"SM-G780G","lastUpdate":null,"appVersion":"3.0.40-STG","lastSeenOnline":"2025-09-05T13:28:51.839Z"},"config":{"autoLogout":{"timer":{"amount":0,"unit":"minutes"},"enum":"afterDepartureEnd","enabled":false}},"externalInfo":{"uuid":"","contract":""},"labels":[],"superCommunities":["653fd68233d83952fafcd4be"],"communities":["6654ae4eba54fe502d4e4187"],"active":true,"canReleaseReservations":true,"enabled":true,"enabledRoutes":[],"_id":"66d1dca1bc357f32ce162d1c","code":"142142","ownerIds":[{"_id":"66d1dca1bc357f32ce162d1d","id":"6654ae4eba54fe502d4e4187","role":"community"}],"notifications":[],"communityId":"6654ae4eba54fe502d4e4187","name":"Zoro Conductor","email":"nicolas+zorodriver@allrideapp.com","hasToChangePassword":false,"createdAt":"2024-08-30T14:52:17.891Z","updatedAt":"2025-09-05T13:28:51.845Z","__v":18,"canCreateRoutes":true,"accessToken":"fdd97542c0d06bf26fa504ffa471e0c121e9a993745738aff639d0b902e8a26b2f66c0ae129d1f7d89dec95f3fd0b87c6de97986f76bed772145b7651d2ee0fd","rtlToken":"ae525e5eb673ea279fc5a03c53c47b2191e83d4df4c97feb0c0fda470cb8a5c9c2809bd10d7f01270d6539c0b0a8b0aa8aecfeb2e57b2dade8249908ecc61dd1","customParams":[{"communities":["6654ae4eba54fe502d4e4187"],"_id":"6849b827eed4e2069b534f0c","superCommunityId":null,"params":[{"listValue":[],"attachments":["https://s3.amazonaws.com/allride.uploads/driverparam_attach_66d1dca1bc357f32ce162d1c_6654ae4eba54fe502d4e4187_1745442174165.png"],"private":false,"_id":"6849b827eed4e2069b534f0d","key":"registro_patronal","value":null,"dateValue":null,"expireDate":null},{"listValue":[],"attachments":["https://s3.amazonaws.com/allride.uploads/driverparam_attach_66d1dca1bc357f32ce162d1c_6654ae4eba54fe502d4e4187_1745530978234.png"],"private":false,"_id":"6849b827eed4e2069b534f0e","key":"REPE","value":null,"dateValue":null,"expireDate":null},{"listValue":[],"attachments":[],"private":false,"_id":"6849b827eed4e2069b534f0f","key":"listado_personal","value":null,"dateValue":null,"expireDate":null},{"listValue":[],"attachments":[],"private":false,"_id":"6849b827eed4e2069b534f10","key":"onboarding","value":null,"dateValue":null,"expireDate":null},{"listValue":[],"attachments":[],"private":false,"_id":"6849b827eed4e2069b534f11","key":"SUA","value":null,"dateValue":null,"expireDate":null},{"listValue":[],"attachments":[],"private":false,"_id":"6849b827eed4e2069b534f12","key":"seguro_social","value":null,"dateValue":null,"expireDate":null},{"listValue":[],"attachments":[],"private":false,"_id":"6849b827eed4e2069b534f13","key":"certificado_medico","value":null,"dateValue":null,"expireDate":null},{"listValue":[],"attachments":[],"private":false,"_id":"6849b827eed4e2069b534f14","key":"antidoping","value":null,"dateValue":null,"expireDate":null},{"listValue":[],"attachments":[],"private":false,"_id":"6849b827eed4e2069b534f15","key":" identificacion_oficial","value":null,"dateValue":null,"expireDate":null}]}],"externalDeviceToken":"d2d63b8a49c3c12d46973544a9ead2de5ab5297e80653ba59f341e8aa3f9e48d4212236d2b12f65ff89ed09b13bc2d9f9fffaba8a3897192dd50c409bb8a52fc","chatToken":"81ea5ff2533bd4cb716a364f32bb41dc9e8531a6e3401c2cc32a5bbafcbc99e1db9cce506a2c0be5a95a001c42eccf2d52ad86c43d5e1f0700a1db10a82867f2","superCommunityId":"653fd68233d83952fafcd4be","driverParams":[],"id":"66d1dca1bc357f32ce162d1c"}</msg>
<status status="PASS" starttime="20250905 16:44:15.654" endtime="20250905 16:44:15.656"/>
</kw>
<doc>Se obtiene el token del conductor</doc>
<status status="PASS" starttime="20250905 16:44:14.618" endtime="20250905 16:44:15.657"/>
</test>
<test id="s1-t12" name="Start Departure Leg" line="165">
<kw name="Create Session" library="RequestsLibrary">
<arg>mysesion</arg>
<arg>${STAGE_URL}</arg>
<arg>verify=true</arg>
<doc>Create Session: create a HTTP session to a server</doc>
<msg timestamp="20250905 16:44:15.660" level="INFO">Creating Session using : alias=mysesion, url=https://stage.allrideapp.com, headers={},                     cookies={}, auth=None, timeout=None, proxies=None, verify=True,                     debug=0 </msg>
<status status="PASS" starttime="20250905 16:44:15.659" endtime="20250905 16:44:15.660"/>
</kw>
<kw name="Create Dictionary" library="BuiltIn">
<var>${headers}</var>
<arg>Authorization=${tokenDriver}</arg>
<arg>Content-Type=application/json</arg>
<doc>Creates and returns a dictionary based on the given ``items``.</doc>
<msg timestamp="20250905 16:44:15.663" level="INFO">${headers} = {'Authorization': 'Bearer fdd97542c0d06bf26fa504ffa471e0c121e9a993745738aff639d0b902e8a26b2f66c0ae129d1f7d89dec95f3fd0b87c6de97986f76bed772145b7651d2ee0fd', 'Content-Type': 'application/json'}</msg>
<status status="PASS" starttime="20250905 16:44:15.662" endtime="20250905 16:44:15.663"/>
</kw>
<kw name="POST On Session" library="RequestsLibrary">
<var>${response}</var>
<arg>mysesion</arg>
<arg>url=/api/v2/pb/driver/departure</arg>
<arg>data={"communityId":"${idComunidad2}","startLat":-33.3908833,"startLon":-70.54620129999999,"customParamsAtStart":[],"preTripChecklist":[],"customParamsAtTheEnd":[],"routeId":"68b9b3d9135fbc4265e376c3","capacity":46,"busCode":"Codigo1","driverCode":"142142","vehicleId":"67b5f76fb5c11f24f63fe29d","shareToUsers":false,"customParams":[]}</arg>
<arg>headers=${headers}</arg>
<doc>Sends a POST request on a previously created HTTP Session.</doc>
<msg timestamp="20250905 16:44:17.135" level="INFO">POST Request : url=https://stage.allrideapp.com/api/v2/pb/driver/departure 
 path_url=/api/v2/pb/driver/departure 
 headers={'User-Agent': 'python-requests/2.31.0', 'Accept-Encoding': 'gzip, deflate', 'Accept': '*/*', 'Connection': 'keep-alive', 'Authorization': 'Bearer fdd97542c0d06bf26fa504ffa471e0c121e9a993745738aff639d0b902e8a26b2f66c0ae129d1f7d89dec95f3fd0b87c6de97986f76bed772145b7651d2ee0fd', 'Content-Type': 'application/json', 'Content-Length': '339'} 
 body={"communityId":"6654ae4eba54fe502d4e4187","startLat":-33.3908833,"startLon":-70.54620129999999,"customParamsAtStart":[],"preTripChecklist":[],"customParamsAtTheEnd":[],"routeId":"68b9b3d9135fbc4265e376c3","capacity":46,"busCode":"Codigo1","driverCode":"142142","vehicleId":"67b5f76fb5c11f24f63fe29d","shareToUsers":false,"customParams":[]} 
 </msg>
<msg timestamp="20250905 16:44:17.135" level="INFO">POST Response : url=https://stage.allrideapp.com/api/v2/pb/driver/departure 
 status=200, reason=OK 
 headers={'Date': 'Fri, 05 Sep 2025 20:44:16 GMT', 'Content-Type': 'application/json; charset=utf-8', 'Transfer-Encoding': 'chunked', 'Connection': 'keep-alive', 'Server': 'nginx', 'X-DNS-Prefetch-Control': 'off', 'X-Frame-Options': 'SAMEORIGIN', 'Strict-Transport-Security': 'max-age=15552000; includeSubDomains', 'X-Download-Options': 'noopen', 'X-Content-Type-Options': 'nosniff', 'X-XSS-Protection': '1; mode=block', 'Access-Control-Allow-Origin': '*', 'ETag': 'W/"1359-S0RMtI/m3bpkwVxvzOKuBSaGUPA"', 'Content-Encoding': 'gzip'} 
 body={"restrictPassengers":{"validation":{"enabled":false,"parameters":[]},"reservation":{"enabled":false,"parameters":[]},"visibility":{"enabled":false,"parameters":[]},"enabled":false},"superCommunities":["653fd68233d83952fafcd4be","68542c2a3a0d319ed31a72a6"],"communities":["6654ae4eba54fe502d4e4187"],"assistantIds":[],"labels":[],"active":true,"sharing":true,"disabled":false,"internal":false,"rounds":0,"distance":0,"scheduled":false,"odd":false,"estimatedDistance":0,"extraMinutes":0,"placeWaitTime":0,"hasExternalGPS":true,"allowsServiceSnapshots":true,"allowsNonServiceSnapshots":true,"allowsSnapshots":false,"allowsDistance":true,"usesOfflineCount":true,"linkedDepartures":[],"_id":"68bb4b9f8d0c303511db11ff","driverId":"66d1dca1bc357f32ce162d1c","vehicleId":"67b5f76fb5c11f24f63fe29d","routeId":"68b9b3d9135fbc4265e376c3","drivers":[],"categories":[],"trail":[],"legs":[{"distance":0,"_id":"68bb4b9f8d0c303511db1236","type":"service","startedAt":"2025-09-05T20:44:15.867Z","realStartLocation":{"_id":"68bb4b9f8d0c303511db1237","lat":-33.3908833,"lon":-70.54620129999999,"loc":[-70.54620129999999,-33.3908833]},"driverId":"66d1dca1bc357f32ce162d1c","preTripChecklist":[],"customParamsAtStart":[],"customParamsAtTheEnd":[]}],"stateHistory":[],"deviceHistory":[],"rankingHistory":[],"apportionByCategories":[],"reservations":[],"enabledSeats":[{"available":true,"_id":"68bb4b9f8d0c303511db1205","seat":"1"},{"available":true,"_id":"68bb4b9f8d0c303511db1206","seat":"2"},{"available":true,"_id":"68bb4b9f8d0c303511db1207","seat":"3"},{"available":true,"_id":"68bb4b9f8d0c303511db1208","seat":"4"},{"available":true,"_id":"68bb4b9f8d0c303511db1209","seat":"5"},{"available":true,"_id":"68bb4b9f8d0c303511db120a","seat":"6"},{"available":true,"_id":"68bb4b9f8d0c303511db120b","seat":"7"},{"available":true,"_id":"68bb4b9f8d0c303511db120c","seat":"8"},{"available":true,"_id":"68bb4b9f8d0c303511db120d","seat":"9"},{"available":true,"_id":"68bb4b9f8d0c303511db120e","seat":"10"},{"available":true,"_id":"68bb4b9f8d0c303511db120f","seat":"11"},{"available":true,"_id":"68bb4b9f8d0c303511db1210","seat":"12"},{"available":true,"_id":"68bb4b9f8d0c303511db1211","seat":"13"},{"available":true,"_id":"68bb4b9f8d0c303511db1212","seat":"14"},{"available":true,"_id":"68bb4b9f8d0c303511db1213","seat":"15"},{"available":true,"_id":"68bb4b9f8d0c303511db1214","seat":"16"},{"available":true,"_id":"68bb4b9f8d0c303511db1215","seat":"17"},{"available":true,"_id":"68bb4b9f8d0c303511db1216","seat":"18"},{"available":true,"_id":"68bb4b9f8d0c303511db1217","seat":"19"},{"available":true,"_id":"68bb4b9f8d0c303511db1218","seat":"20"},{"available":true,"_id":"68bb4b9f8d0c303511db1219","seat":"21"},{"available":true,"_id":"68bb4b9f8d0c303511db121a","seat":"22"},{"available":true,"_id":"68bb4b9f8d0c303511db121b","seat":"23"},{"available":true,"_id":"68bb4b9f8d0c303511db121c","seat":"24"},{"available":true,"_id":"68bb4b9f8d0c303511db121d","seat":"25"},{"available":true,"_id":"68bb4b9f8d0c303511db121e","seat":"26"},{"available":true,"_id":"68bb4b9f8d0c303511db121f","seat":"27"},{"available":true,"_id":"68bb4b9f8d0c303511db1220","seat":"28"},{"available":true,"_id":"68bb4b9f8d0c303511db1221","seat":"29"},{"available":true,"_id":"68bb4b9f8d0c303511db1222","seat":"30"},{"available":true,"_id":"68bb4b9f8d0c303511db1223","seat":"31"},{"available":true,"_id":"68bb4b9f8d0c303511db1224","seat":"32"},{"available":true,"_id":"68bb4b9f8d0c303511db1225","seat":"33"},{"available":true,"_id":"68bb4b9f8d0c303511db1226","seat":"34"},{"available":true,"_id":"68bb4b9f8d0c303511db1227","seat":"35"},{"available":true,"_id":"68bb4b9f8d0c303511db1228","seat":"36"},{"available":true,"_id":"68bb4b9f8d0c303511db1229","seat":"37"},{"available":true,"_id":"68bb4b9f8d0c303511db122a","seat":"38"},{"available":true,"_id":"68bb4b9f8d0c303511db122b","seat":"39"},{"available":true,"_id":"68bb4b9f8d0c303511db122c","seat":"40"},{"available":true,"_id":"68bb4b9f8d0c303511db122d","seat":"41"},{"available":true,"_id":"68bb4b9f8d0c303511db122e","seat":"42"},{"available":true,"_id":"68bb4b9f8d0c303511db122f","seat":"43"},{"available":true,"_id":"68bb4b9f8d0c303511db1230","seat":"44"},{"available":true,"_id":"68bb4b9f8d0c303511db1231","seat":"45"},{"available":true,"_id":"68bb4b9f8d0c303511db1232","seat":"46"}],"customParams":[],"customParamsAtTheEnd":[],"preTripChecklist":[],"speedAlerts":[],"deviationAlerts":[],"busCode":"GPS DEVICE","driverCode":"142142","superCommunityId":"653fd68233d83952fafcd4be","communityId":"6654ae4eba54fe502d4e4187","capacity":46,"startCapacity":46,"token":"75cccff23d2a28345e5a34149f84c5c106e5fc0df974a48071ed263dace92eaaac60bff7c7f9c3981b7b5cca270dc8d03638aa279fabc6e1159d06c21d3d7160","startedAt":"2025-09-05T20:44:15.862Z","realStartLocation":{"_id":"68bb4b9f8d0c303511db1235","lat":-33.3908833,"lon":-70.54620129999999,"loc":[-70.54620129999999,-33.3908833]},"createdAt":"2025-09-05T20:44:15.875Z","updatedAt":"2025-09-05T20:44:15.875Z","__v":0} 
 </msg>
<msg timestamp="20250905 16:44:17.137" level="INFO">${response} = &lt;Response [200]&gt;</msg>
<status status="PASS" starttime="20250905 16:44:15.664" endtime="20250905 16:44:17.137"/>
</kw>
<kw name="Convert To String" library="BuiltIn">
<var>${code}</var>
<arg>${response.status_code}</arg>
<doc>Converts the given item to a Unicode string.</doc>
<msg timestamp="20250905 16:44:17.140" level="INFO">${code} = 200</msg>
<status status="PASS" starttime="20250905 16:44:17.139" endtime="20250905 16:44:17.141"/>
</kw>
<kw name="Status Should Be" library="RequestsLibrary">
<arg>200</arg>
<doc>Fails if response status code is different than the expected.</doc>
<status status="PASS" starttime="20250905 16:44:17.142" endtime="20250905 16:44:17.142"/>
</kw>
<kw name="Set Variable" library="BuiltIn">
<var>${access_token}</var>
<arg>${response.json()}[token]</arg>
<doc>Returns the given values which can then be assigned to a variables.</doc>
<msg timestamp="20250905 16:44:17.145" level="INFO">${access_token} = 75cccff23d2a28345e5a34149f84c5c106e5fc0df974a48071ed263dace92eaaac60bff7c7f9c3981b7b5cca270dc8d03638aa279fabc6e1159d06c21d3d7160</msg>
<status status="PASS" starttime="20250905 16:44:17.143" endtime="20250905 16:44:17.145"/>
</kw>
<kw name="Evaluate" library="BuiltIn">
<var>${departureToken}</var>
<arg>"Bearer " + "${access_token}"</arg>
<doc>Evaluates the given expression in Python and returns the result.</doc>
<msg timestamp="20250905 16:44:17.147" level="INFO">${departureToken} = Bearer 75cccff23d2a28345e5a34149f84c5c106e5fc0df974a48071ed263dace92eaaac60bff7c7f9c3981b7b5cca270dc8d03638aa279fabc6e1159d06c21d3d7160</msg>
<status status="PASS" starttime="20250905 16:44:17.146" endtime="20250905 16:44:17.147"/>
</kw>
<kw name="Log" library="BuiltIn">
<arg>${departureToken}</arg>
<doc>Logs the given message with the given level.</doc>
<msg timestamp="20250905 16:44:17.148" level="INFO">Bearer 75cccff23d2a28345e5a34149f84c5c106e5fc0df974a48071ed263dace92eaaac60bff7c7f9c3981b7b5cca270dc8d03638aa279fabc6e1159d06c21d3d7160</msg>
<status status="PASS" starttime="20250905 16:44:17.147" endtime="20250905 16:44:17.148"/>
</kw>
<kw name="Log" library="BuiltIn">
<arg>${code}</arg>
<doc>Logs the given message with the given level.</doc>
<msg timestamp="20250905 16:44:17.149" level="INFO">200</msg>
<status status="PASS" starttime="20250905 16:44:17.149" endtime="20250905 16:44:17.150"/>
</kw>
<kw name="Set Global Variable" library="BuiltIn">
<arg>${departureToken}</arg>
<doc>Makes a variable available globally in all tests and suites.</doc>
<msg timestamp="20250905 16:44:17.151" level="INFO">${departureToken} = Bearer 75cccff23d2a28345e5a34149f84c5c106e5fc0df974a48071ed263dace92eaaac60bff7c7f9c3981b7b5cca270dc8d03638aa279fabc6e1159d06c21d3d7160</msg>
<status status="PASS" starttime="20250905 16:44:17.150" endtime="20250905 16:44:17.152"/>
</kw>
<kw name="Set Global Variable" library="BuiltIn">
<arg>${access_token}</arg>
<doc>Makes a variable available globally in all tests and suites.</doc>
<msg timestamp="20250905 16:44:17.153" level="INFO">${access_token} = 75cccff23d2a28345e5a34149f84c5c106e5fc0df974a48071ed263dace92eaaac60bff7c7f9c3981b7b5cca270dc8d03638aa279fabc6e1159d06c21d3d7160</msg>
<status status="PASS" starttime="20250905 16:44:17.152" endtime="20250905 16:44:17.153"/>
</kw>
<status status="PASS" starttime="20250905 16:44:15.658" endtime="20250905 16:44:17.154"/>
</test>
<test id="s1-t13" name="Three Full Laps In Segments (5s pacing)" line="192">
<kw name="Create List" library="BuiltIn">
<var>${TRAMO_A}</var>
<arg>-34.41212945007269,-70.85422675459023</arg>
<arg>-34.41102503370746,-70.85368108555384</arg>
<arg>-34.41085884988376,-70.85371657703962</arg>
<arg>-34.41023922088965,-70.8525179206524</arg>
<arg>-34.41001390011297,-70.85110684416829</arg>
<arg>-34.40983865019779,-70.84993094709375</arg>
<doc>Returns a list containing given items.</doc>
<msg timestamp="20250905 16:44:17.158" level="INFO">${TRAMO_A} = ['-34.41212945007269,-70.85422675459023', '-34.41102503370746,-70.85368108555384', '-34.41085884988376,-70.85371657703962', '-34.41023922088965,-70.8525179206524', '-34.41001390011297,-70.851106844168...</msg>
<status status="PASS" starttime="20250905 16:44:17.157" endtime="20250905 16:44:17.159"/>
</kw>
<kw name="Create List" library="BuiltIn">
<var>${TRAMO_B}</var>
<arg>-34.40888520980337,-70.8490866811272</arg>
<arg>-34.40779613615711,-70.84855563082763</arg>
<arg>-34.40799642662148,-70.84865425445612</arg>
<arg>-34.40732044435621,-70.84832803784448</arg>
<arg>-34.406550569021356,-70.84840390217329</arg>
<arg>-34.406137462248914,-70.84825217351981</arg>
<doc>Returns a list containing given items.</doc>
<msg timestamp="20250905 16:44:17.161" level="INFO">${TRAMO_B} = ['-34.40888520980337,-70.8490866811272', '-34.40779613615711,-70.84855563082763', '-34.40799642662148,-70.84865425445612', '-34.40732044435621,-70.84832803784448', '-34.406550569021356,-70.84840390217...</msg>
<status status="PASS" starttime="20250905 16:44:17.160" endtime="20250905 16:44:17.161"/>
</kw>
<kw name="Create List" library="BuiltIn">
<var>${TRAMO_C}</var>
<arg>-34.406137462248914,-70.84825217351981</arg>
<arg>-34.406550569021356,-70.84840390217329</arg>
<arg>-34.40732044435621,-70.84832803784448</arg>
<arg>-34.40799642662148,-70.84865425445612</arg>
<arg>-34.40779613615711,-70.84855563082763</arg>
<arg>-34.40888520980337,-70.8490866811272</arg>
<doc>Returns a list containing given items.</doc>
<msg timestamp="20250905 16:44:17.162" level="INFO">${TRAMO_C} = ['-34.406137462248914,-70.84825217351981', '-34.406550569021356,-70.84840390217329', '-34.40732044435621,-70.84832803784448', '-34.40799642662148,-70.84865425445612', '-34.40779613615711,-70.848555630...</msg>
<status status="PASS" starttime="20250905 16:44:17.162" endtime="20250905 16:44:17.162"/>
</kw>
<kw name="Create List" library="BuiltIn">
<var>${TRAMO_D}</var>
<arg>-34.40983865019779,-70.84993094709375</arg>
<arg>-34.41001390011297,-70.85110684416829</arg>
<arg>-34.41023922088965,-70.8525179206524</arg>
<arg>-34.41085884988376,-70.85371657703962</arg>
<arg>-34.41102503370746,-70.85368108555384</arg>
<arg>-34.41212945007269,-70.85422675459023</arg>
<doc>Returns a list containing given items.</doc>
<msg timestamp="20250905 16:44:17.164" level="INFO">${TRAMO_D} = ['-34.40983865019779,-70.84993094709375', '-34.41001390011297,-70.85110684416829', '-34.41023922088965,-70.8525179206524', '-34.41085884988376,-70.85371657703962', '-34.41102503370746,-70.853681085553...</msg>
<status status="PASS" starttime="20250905 16:44:17.163" endtime="20250905 16:44:17.164"/>
</kw>
<for flavor="IN RANGE">
<var>${LAP}</var>
<value>1</value>
<value>4</value>
<iter>
<var name="${LAP}">1</var>
<kw name="Log" library="BuiltIn">
<arg>==== VUELTA ${LAP} : TRAMO A ====</arg>
<doc>Logs the given message with the given level.</doc>
<msg timestamp="20250905 16:44:17.167" level="INFO">==== VUELTA 1 : TRAMO A ====</msg>
<status status="PASS" starttime="20250905 16:44:17.165" endtime="20250905 16:44:17.167"/>
</kw>
<kw name="Set Variable" library="BuiltIn">
<var>${URL_with_token}</var>
<arg>wss://stage.allrideapp.com/socket.io/?token=${access_token}&amp;EIO=3&amp;transport=websocket</arg>
<doc>Returns the given values which can then be assigned to a variables.</doc>
<msg timestamp="20250905 16:44:17.168" level="INFO">${URL_with_token} = wss://stage.allrideapp.com/socket.io/?token=75cccff23d2a28345e5a34149f84c5c106e5fc0df974a48071ed263dace92eaaac60bff7c7f9c3981b7b5cca270dc8d03638aa279fabc6e1159d06c21d3d7160&amp;EIO=3&amp;transport=websocket</msg>
<status status="PASS" starttime="20250905 16:44:17.167" endtime="20250905 16:44:17.168"/>
</kw>
<kw name="Connect" library="WebSocketClient">
<var>${ws}</var>
<arg>${URL_with_token}</arg>
<msg timestamp="20250905 16:44:17.607" level="INFO">${ws} = &lt;websocket._core.WebSocket object at 0x00000203F4F31600&gt;</msg>
<status status="PASS" starttime="20250905 16:44:17.169" endtime="20250905 16:44:17.607"/>
</kw>
<kw name="Send" library="WebSocketClient">
<arg>${ws}</arg>
<arg>40/pbDriver?token=${access_token}</arg>
<status status="PASS" starttime="20250905 16:44:17.607" endtime="20250905 16:44:17.607"/>
</kw>
<kw name="Sleep" library="BuiltIn">
<arg>2s</arg>
<doc>Pauses the test executed for the given time.</doc>
<msg timestamp="20250905 16:44:19.615" level="INFO">Slept 2 seconds</msg>
<status status="PASS" starttime="20250905 16:44:17.608" endtime="20250905 16:44:19.616"/>
</kw>
<kw name="Recv Data" library="WebSocketClient">
<var>${r1}</var>
<arg>${ws}</arg>
<msg timestamp="20250905 16:44:19.617" level="INFO">${r1} = (1, b'0{"sid":"CHK9HX62igMKZEjMAAAg","upgrades":[],"pingInterval":5000,"pingTimeout":30000}')</msg>
<status status="PASS" starttime="20250905 16:44:19.617" endtime="20250905 16:44:19.617"/>
</kw>
<kw name="Send" library="WebSocketClient">
<arg>${ws}</arg>
<arg>42/pbDriver,["join"]</arg>
<status status="PASS" starttime="20250905 16:44:19.617" endtime="20250905 16:44:19.618"/>
</kw>
<kw name="Sleep" library="BuiltIn">
<arg>2s</arg>
<doc>Pauses the test executed for the given time.</doc>
<msg timestamp="20250905 16:44:21.634" level="INFO">Slept 2 seconds</msg>
<status status="PASS" starttime="20250905 16:44:19.619" endtime="20250905 16:44:21.635"/>
</kw>
<kw name="Recv Data" library="WebSocketClient">
<var>${r2}</var>
<arg>${ws}</arg>
<msg timestamp="20250905 16:44:21.637" level="INFO">${r2} = (1, b'40')</msg>
<status status="PASS" starttime="20250905 16:44:21.635" endtime="20250905 16:44:21.637"/>
</kw>
<for flavor="IN">
<var>${p}</var>
<value>@{TRAMO_A}</value>
<iter>
<var name="${p}">-34.41212945007269,-70.85422675459023</var>
<kw name="Split String" library="String">
<var>${parts}</var>
<arg>${p}</arg>
<arg>,</arg>
<doc>Splits the ``string`` using ``separator`` as a delimiter string.</doc>
<msg timestamp="20250905 16:44:21.639" level="INFO">${parts} = ['-34.41212945007269', '-70.85422675459023']</msg>
<status status="PASS" starttime="20250905 16:44:21.639" endtime="20250905 16:44:21.639"/>
</kw>
<kw name="Convert To Number" library="BuiltIn">
<var>${lat}</var>
<arg>${parts}[0]</arg>
<doc>Converts the given item to a floating point number.</doc>
<msg timestamp="20250905 16:44:21.640" level="INFO">${lat} = -34.41212945007269</msg>
<status status="PASS" starttime="20250905 16:44:21.640" endtime="20250905 16:44:21.640"/>
</kw>
<kw name="Convert To Number" library="BuiltIn">
<var>${lon}</var>
<arg>${parts}[1]</arg>
<doc>Converts the given item to a floating point number.</doc>
<msg timestamp="20250905 16:44:21.641" level="INFO">${lon} = -70.85422675459023</msg>
<status status="PASS" starttime="20250905 16:44:21.640" endtime="20250905 16:44:21.641"/>
</kw>
<kw name="Set Variable" library="BuiltIn">
<var>${payload}</var>
<arg>42/pbDriver,["newPosition",{"latitude": ${lat}, "longitude": ${lon}, "capacity": 0, "speed": 4.0, "panicking": false, "full": false}]</arg>
<doc>Returns the given values which can then be assigned to a variables.</doc>
<msg timestamp="20250905 16:44:21.643" level="INFO">${payload} = 42/pbDriver,["newPosition",{"latitude": -34.41212945007269, "longitude": -70.85422675459023, "capacity": 0, "speed": 4.0, "panicking": false, "full": false}]</msg>
<status status="PASS" starttime="20250905 16:44:21.642" endtime="20250905 16:44:21.643"/>
</kw>
<kw name="Send" library="WebSocketClient">
<arg>${ws}</arg>
<arg>${payload}</arg>
<status status="PASS" starttime="20250905 16:44:21.643" endtime="20250905 16:44:21.644"/>
</kw>
<kw name="Sleep" library="BuiltIn">
<arg>5s</arg>
<doc>Pauses the test executed for the given time.</doc>
<msg timestamp="20250905 16:44:26.646" level="INFO">Slept 5 seconds</msg>
<status status="PASS" starttime="20250905 16:44:21.644" endtime="20250905 16:44:26.646"/>
</kw>
<kw name="Recv Data" library="WebSocketClient">
<var>${r}</var>
<arg>${ws}</arg>
<msg timestamp="20250905 16:44:26.647" level="INFO">${r} = (1, b'40/pbDriver,')</msg>
<status status="PASS" starttime="20250905 16:44:26.647" endtime="20250905 16:44:26.647"/>
</kw>
<kw name="Log" library="BuiltIn">
<arg>(A): ${r}</arg>
<doc>Logs the given message with the given level.</doc>
<msg timestamp="20250905 16:44:26.648" level="INFO">(A): (1, b'40/pbDriver,')</msg>
<status status="PASS" starttime="20250905 16:44:26.648" endtime="20250905 16:44:26.648"/>
</kw>
<status status="PASS" starttime="20250905 16:44:21.638" endtime="20250905 16:44:26.648"/>
</iter>
<iter>
<var name="${p}">-34.41102503370746,-70.85368108555384</var>
<kw name="Split String" library="String">
<var>${parts}</var>
<arg>${p}</arg>
<arg>,</arg>
<doc>Splits the ``string`` using ``separator`` as a delimiter string.</doc>
<msg timestamp="20250905 16:44:26.649" level="INFO">${parts} = ['-34.41102503370746', '-70.85368108555384']</msg>
<status status="PASS" starttime="20250905 16:44:26.649" endtime="20250905 16:44:26.649"/>
</kw>
<kw name="Convert To Number" library="BuiltIn">
<var>${lat}</var>
<arg>${parts}[0]</arg>
<doc>Converts the given item to a floating point number.</doc>
<msg timestamp="20250905 16:44:26.650" level="INFO">${lat} = -34.41102503370746</msg>
<status status="PASS" starttime="20250905 16:44:26.650" endtime="20250905 16:44:26.650"/>
</kw>
<kw name="Convert To Number" library="BuiltIn">
<var>${lon}</var>
<arg>${parts}[1]</arg>
<doc>Converts the given item to a floating point number.</doc>
<msg timestamp="20250905 16:44:26.651" level="INFO">${lon} = -70.85368108555384</msg>
<status status="PASS" starttime="20250905 16:44:26.650" endtime="20250905 16:44:26.651"/>
</kw>
<kw name="Set Variable" library="BuiltIn">
<var>${payload}</var>
<arg>42/pbDriver,["newPosition",{"latitude": ${lat}, "longitude": ${lon}, "capacity": 0, "speed": 4.0, "panicking": false, "full": false}]</arg>
<doc>Returns the given values which can then be assigned to a variables.</doc>
<msg timestamp="20250905 16:44:26.651" level="INFO">${payload} = 42/pbDriver,["newPosition",{"latitude": -34.41102503370746, "longitude": -70.85368108555384, "capacity": 0, "speed": 4.0, "panicking": false, "full": false}]</msg>
<status status="PASS" starttime="20250905 16:44:26.651" endtime="20250905 16:44:26.651"/>
</kw>
<kw name="Send" library="WebSocketClient">
<arg>${ws}</arg>
<arg>${payload}</arg>
<status status="PASS" starttime="20250905 16:44:26.652" endtime="20250905 16:44:26.652"/>
</kw>
<kw name="Sleep" library="BuiltIn">
<arg>5s</arg>
<doc>Pauses the test executed for the given time.</doc>
<msg timestamp="20250905 16:44:31.666" level="INFO">Slept 5 seconds</msg>
<status status="PASS" starttime="20250905 16:44:26.652" endtime="20250905 16:44:31.666"/>
</kw>
<kw name="Recv Data" library="WebSocketClient">
<var>${r}</var>
<arg>${ws}</arg>
<msg timestamp="20250905 16:44:31.669" level="INFO">${r} = (1, b'42/pbDriver,["newDriverPosition",{"departureId":"68bb4b9f8d0c303511db11ff","routeId":"68b9b3d9135fbc4265e376c3","location":{"latitude":-34.41212945007269,"longitude":-70.85422675459023},"speed":...</msg>
<status status="PASS" starttime="20250905 16:44:31.667" endtime="20250905 16:44:31.669"/>
</kw>
<kw name="Log" library="BuiltIn">
<arg>(A): ${r}</arg>
<doc>Logs the given message with the given level.</doc>
<msg timestamp="20250905 16:44:31.670" level="INFO">(A): (1, b'42/pbDriver,["newDriverPosition",{"departureId":"68bb4b9f8d0c303511db11ff","routeId":"68b9b3d9135fbc4265e376c3","location":{"latitude":-34.41212945007269,"longitude":-70.85422675459023},"speed":4,"source":null,"continuous":false,"plate":"GPS DEVICE","createdAt":"2025-09-05T20:44:21.207Z","busId":"GPS DEVICE","state":"service","code":"Codigo1","driverName":"Zoro Conductor","color":"2E7D32"}]')</msg>
<status status="PASS" starttime="20250905 16:44:31.670" endtime="20250905 16:44:31.670"/>
</kw>
<status status="PASS" starttime="20250905 16:44:26.649" endtime="20250905 16:44:31.670"/>
</iter>
<iter>
<var name="${p}">-34.41085884988376,-70.85371657703962</var>
<kw name="Split String" library="String">
<var>${parts}</var>
<arg>${p}</arg>
<arg>,</arg>
<doc>Splits the ``string`` using ``separator`` as a delimiter string.</doc>
<msg timestamp="20250905 16:44:31.671" level="INFO">${parts} = ['-34.41085884988376', '-70.85371657703962']</msg>
<status status="PASS" starttime="20250905 16:44:31.671" endtime="20250905 16:44:31.671"/>
</kw>
<kw name="Convert To Number" library="BuiltIn">
<var>${lat}</var>
<arg>${parts}[0]</arg>
<doc>Converts the given item to a floating point number.</doc>
<msg timestamp="20250905 16:44:31.672" level="INFO">${lat} = -34.41085884988376</msg>
<status status="PASS" starttime="20250905 16:44:31.671" endtime="20250905 16:44:31.672"/>
</kw>
<kw name="Convert To Number" library="BuiltIn">
<var>${lon}</var>
<arg>${parts}[1]</arg>
<doc>Converts the given item to a floating point number.</doc>
<msg timestamp="20250905 16:44:31.672" level="INFO">${lon} = -70.85371657703962</msg>
<status status="PASS" starttime="20250905 16:44:31.672" endtime="20250905 16:44:31.672"/>
</kw>
<kw name="Set Variable" library="BuiltIn">
<var>${payload}</var>
<arg>42/pbDriver,["newPosition",{"latitude": ${lat}, "longitude": ${lon}, "capacity": 0, "speed": 4.0, "panicking": false, "full": false}]</arg>
<doc>Returns the given values which can then be assigned to a variables.</doc>
<msg timestamp="20250905 16:44:31.673" level="INFO">${payload} = 42/pbDriver,["newPosition",{"latitude": -34.41085884988376, "longitude": -70.85371657703962, "capacity": 0, "speed": 4.0, "panicking": false, "full": false}]</msg>
<status status="PASS" starttime="20250905 16:44:31.673" endtime="20250905 16:44:31.673"/>
</kw>
<kw name="Send" library="WebSocketClient">
<arg>${ws}</arg>
<arg>${payload}</arg>
<status status="PASS" starttime="20250905 16:44:31.673" endtime="20250905 16:44:31.674"/>
</kw>
<kw name="Sleep" library="BuiltIn">
<arg>5s</arg>
<doc>Pauses the test executed for the given time.</doc>
<msg timestamp="20250905 16:44:36.690" level="INFO">Slept 5 seconds</msg>
<status status="PASS" starttime="20250905 16:44:31.674" endtime="20250905 16:44:36.690"/>
</kw>
<kw name="Recv Data" library="WebSocketClient">
<var>${r}</var>
<arg>${ws}</arg>
<msg timestamp="20250905 16:44:36.691" level="INFO">${r} = (1, b'42/pbDriver,["newPosition",{"latitude":-34.41212945007269,"longitude":-70.85422675459023}]')</msg>
<status status="PASS" starttime="20250905 16:44:36.690" endtime="20250905 16:44:36.691"/>
</kw>
<kw name="Log" library="BuiltIn">
<arg>(A): ${r}</arg>
<doc>Logs the given message with the given level.</doc>
<msg timestamp="20250905 16:44:36.692" level="INFO">(A): (1, b'42/pbDriver,["newPosition",{"latitude":-34.41212945007269,"longitude":-70.85422675459023}]')</msg>
<status status="PASS" starttime="20250905 16:44:36.691" endtime="20250905 16:44:36.692"/>
</kw>
<status status="PASS" starttime="20250905 16:44:31.670" endtime="20250905 16:44:36.693"/>
</iter>
<iter>
<var name="${p}">-34.41023922088965,-70.8525179206524</var>
<kw name="Split String" library="String">
<var>${parts}</var>
<arg>${p}</arg>
<arg>,</arg>
<doc>Splits the ``string`` using ``separator`` as a delimiter string.</doc>
<msg timestamp="20250905 16:44:36.694" level="INFO">${parts} = ['-34.41023922088965', '-70.8525179206524']</msg>
<status status="PASS" starttime="20250905 16:44:36.693" endtime="20250905 16:44:36.694"/>
</kw>
<kw name="Convert To Number" library="BuiltIn">
<var>${lat}</var>
<arg>${parts}[0]</arg>
<doc>Converts the given item to a floating point number.</doc>
<msg timestamp="20250905 16:44:36.695" level="INFO">${lat} = -34.41023922088965</msg>
<status status="PASS" starttime="20250905 16:44:36.694" endtime="20250905 16:44:36.695"/>
</kw>
<kw name="Convert To Number" library="BuiltIn">
<var>${lon}</var>
<arg>${parts}[1]</arg>
<doc>Converts the given item to a floating point number.</doc>
<msg timestamp="20250905 16:44:36.696" level="INFO">${lon} = -70.8525179206524</msg>
<status status="PASS" starttime="20250905 16:44:36.696" endtime="20250905 16:44:36.697"/>
</kw>
<kw name="Set Variable" library="BuiltIn">
<var>${payload}</var>
<arg>42/pbDriver,["newPosition",{"latitude": ${lat}, "longitude": ${lon}, "capacity": 0, "speed": 4.0, "panicking": false, "full": false}]</arg>
<doc>Returns the given values which can then be assigned to a variables.</doc>
<msg timestamp="20250905 16:44:36.697" level="INFO">${payload} = 42/pbDriver,["newPosition",{"latitude": -34.41023922088965, "longitude": -70.8525179206524, "capacity": 0, "speed": 4.0, "panicking": false, "full": false}]</msg>
<status status="PASS" starttime="20250905 16:44:36.697" endtime="20250905 16:44:36.697"/>
</kw>
<kw name="Send" library="WebSocketClient">
<arg>${ws}</arg>
<arg>${payload}</arg>
<status status="PASS" starttime="20250905 16:44:36.698" endtime="20250905 16:44:36.698"/>
</kw>
<kw name="Sleep" library="BuiltIn">
<arg>5s</arg>
<doc>Pauses the test executed for the given time.</doc>
<msg timestamp="20250905 16:44:41.703" level="INFO">Slept 5 seconds</msg>
<status status="PASS" starttime="20250905 16:44:36.698" endtime="20250905 16:44:41.703"/>
</kw>
<kw name="Recv Data" library="WebSocketClient">
<var>${r}</var>
<arg>${ws}</arg>
<msg timestamp="20250905 16:44:41.705" level="INFO">${r} = (1, b'42/pbDriver,["newDriverPosition",{"departureId":"68bb4b9f8d0c303511db11ff","routeId":"68b9b3d9135fbc4265e376c3","location":{"latitude":-34.41102503370746,"longitude":-70.85368108555384},"speed":...</msg>
<status status="PASS" starttime="20250905 16:44:41.704" endtime="20250905 16:44:41.705"/>
</kw>
<kw name="Log" library="BuiltIn">
<arg>(A): ${r}</arg>
<doc>Logs the given message with the given level.</doc>
<msg timestamp="20250905 16:44:41.706" level="INFO">(A): (1, b'42/pbDriver,["newDriverPosition",{"departureId":"68bb4b9f8d0c303511db11ff","routeId":"68b9b3d9135fbc4265e376c3","location":{"latitude":-34.41102503370746,"longitude":-70.85368108555384},"speed":4,"source":null,"continuous":false,"plate":"GPS DEVICE","createdAt":"2025-09-05T20:44:26.443Z","busId":"GPS DEVICE","state":"service","code":"Codigo1","driverName":"Zoro Conductor","color":"2E7D32"}]')</msg>
<status status="PASS" starttime="20250905 16:44:41.706" endtime="20250905 16:44:41.707"/>
</kw>
<status status="PASS" starttime="20250905 16:44:36.693" endtime="20250905 16:44:41.707"/>
</iter>
<iter>
<var name="${p}">-34.41001390011297,-70.85110684416829</var>
<kw name="Split String" library="String">
<var>${parts}</var>
<arg>${p}</arg>
<arg>,</arg>
<doc>Splits the ``string`` using ``separator`` as a delimiter string.</doc>
<msg timestamp="20250905 16:44:41.709" level="INFO">${parts} = ['-34.41001390011297', '-70.85110684416829']</msg>
<status status="PASS" starttime="20250905 16:44:41.708" endtime="20250905 16:44:41.709"/>
</kw>
<kw name="Convert To Number" library="BuiltIn">
<var>${lat}</var>
<arg>${parts}[0]</arg>
<doc>Converts the given item to a floating point number.</doc>
<msg timestamp="20250905 16:44:41.710" level="INFO">${lat} = -34.41001390011297</msg>
<status status="PASS" starttime="20250905 16:44:41.710" endtime="20250905 16:44:41.711"/>
</kw>
<kw name="Convert To Number" library="BuiltIn">
<var>${lon}</var>
<arg>${parts}[1]</arg>
<doc>Converts the given item to a floating point number.</doc>
<msg timestamp="20250905 16:44:41.712" level="INFO">${lon} = -70.85110684416829</msg>
<status status="PASS" starttime="20250905 16:44:41.711" endtime="20250905 16:44:41.713"/>
</kw>
<kw name="Set Variable" library="BuiltIn">
<var>${payload}</var>
<arg>42/pbDriver,["newPosition",{"latitude": ${lat}, "longitude": ${lon}, "capacity": 0, "speed": 4.0, "panicking": false, "full": false}]</arg>
<doc>Returns the given values which can then be assigned to a variables.</doc>
<msg timestamp="20250905 16:44:41.714" level="INFO">${payload} = 42/pbDriver,["newPosition",{"latitude": -34.41001390011297, "longitude": -70.85110684416829, "capacity": 0, "speed": 4.0, "panicking": false, "full": false}]</msg>
<status status="PASS" starttime="20250905 16:44:41.713" endtime="20250905 16:44:41.714"/>
</kw>
<kw name="Send" library="WebSocketClient">
<arg>${ws}</arg>
<arg>${payload}</arg>
<status status="PASS" starttime="20250905 16:44:41.715" endtime="20250905 16:44:41.716"/>
</kw>
<kw name="Sleep" library="BuiltIn">
<arg>5s</arg>
<doc>Pauses the test executed for the given time.</doc>
<msg timestamp="20250905 16:44:46.728" level="INFO">Slept 5 seconds</msg>
<status status="PASS" starttime="20250905 16:44:41.716" endtime="20250905 16:44:46.728"/>
</kw>
<kw name="Recv Data" library="WebSocketClient">
<var>${r}</var>
<arg>${ws}</arg>
<msg timestamp="20250905 16:44:46.730" level="INFO">${r} = (1, b'42/pbDriver,["newPosition",{"latitude":-34.41102503370746,"longitude":-70.85368108555384}]')</msg>
<status status="PASS" starttime="20250905 16:44:46.729" endtime="20250905 16:44:46.730"/>
</kw>
<kw name="Log" library="BuiltIn">
<arg>(A): ${r}</arg>
<doc>Logs the given message with the given level.</doc>
<msg timestamp="20250905 16:44:46.731" level="INFO">(A): (1, b'42/pbDriver,["newPosition",{"latitude":-34.41102503370746,"longitude":-70.85368108555384}]')</msg>
<status status="PASS" starttime="20250905 16:44:46.730" endtime="20250905 16:44:46.732"/>
</kw>
<status status="PASS" starttime="20250905 16:44:41.708" endtime="20250905 16:44:46.732"/>
</iter>
<iter>
<var name="${p}">-34.40983865019779,-70.84993094709375</var>
<kw name="Split String" library="String">
<var>${parts}</var>
<arg>${p}</arg>
<arg>,</arg>
<doc>Splits the ``string`` using ``separator`` as a delimiter string.</doc>
<msg timestamp="20250905 16:44:46.734" level="INFO">${parts} = ['-34.40983865019779', '-70.84993094709375']</msg>
<status status="PASS" starttime="20250905 16:44:46.733" endtime="20250905 16:44:46.734"/>
</kw>
<kw name="Convert To Number" library="BuiltIn">
<var>${lat}</var>
<arg>${parts}[0]</arg>
<doc>Converts the given item to a floating point number.</doc>
<msg timestamp="20250905 16:44:46.735" level="INFO">${lat} = -34.40983865019779</msg>
<status status="PASS" starttime="20250905 16:44:46.734" endtime="20250905 16:44:46.735"/>
</kw>
<kw name="Convert To Number" library="BuiltIn">
<var>${lon}</var>
<arg>${parts}[1]</arg>
<doc>Converts the given item to a floating point number.</doc>
<msg timestamp="20250905 16:44:46.736" level="INFO">${lon} = -70.84993094709375</msg>
<status status="PASS" starttime="20250905 16:44:46.736" endtime="20250905 16:44:46.737"/>
</kw>
<kw name="Set Variable" library="BuiltIn">
<var>${payload}</var>
<arg>42/pbDriver,["newPosition",{"latitude": ${lat}, "longitude": ${lon}, "capacity": 0, "speed": 4.0, "panicking": false, "full": false}]</arg>
<doc>Returns the given values which can then be assigned to a variables.</doc>
<msg timestamp="20250905 16:44:46.739" level="INFO">${payload} = 42/pbDriver,["newPosition",{"latitude": -34.40983865019779, "longitude": -70.84993094709375, "capacity": 0, "speed": 4.0, "panicking": false, "full": false}]</msg>
<status status="PASS" starttime="20250905 16:44:46.737" endtime="20250905 16:44:46.739"/>
</kw>
[...]
<var>${lon}</var>
<arg>${parts}[1]</arg>
<doc>Converts the given item to a floating point number.</doc>
<msg timestamp="20250905 16:51:08.055" level="INFO">${lon} = -70.85422675459023</msg>
<status status="PASS" starttime="20250905 16:51:08.055" endtime="20250905 16:51:08.056"/>
</kw>
<kw name="Set Variable" library="BuiltIn">
<var>${payload}</var>
<arg>42/pbDriver,["newPosition",{"latitude": ${lat}, "longitude": ${lon}, "capacity": 0, "speed": 4.0, "panicking": false, "full": false}]</arg>
<doc>Returns the given values which can then be assigned to a variables.</doc>
<msg timestamp="20250905 16:51:08.056" level="INFO">${payload} = 42/pbDriver,["newPosition",{"latitude": -34.41212945007269, "longitude": -70.85422675459023, "capacity": 0, "speed": 4.0, "panicking": false, "full": false}]</msg>
<status status="PASS" starttime="20250905 16:51:08.056" endtime="20250905 16:51:08.056"/>
</kw>
<kw name="Send" library="WebSocketClient">
<arg>${ws}</arg>
<arg>${payload}</arg>
<status status="PASS" starttime="20250905 16:51:08.056" endtime="20250905 16:51:08.057"/>
</kw>
<kw name="Sleep" library="BuiltIn">
<arg>5s</arg>
<doc>Pauses the test executed for the given time.</doc>
<msg timestamp="20250905 16:51:13.067" level="INFO">Slept 5 seconds</msg>
<status status="PASS" starttime="20250905 16:51:08.058" endtime="20250905 16:51:13.067"/>
</kw>
<kw name="Recv Data" library="WebSocketClient">
<var>${r}</var>
<arg>${ws}</arg>
<msg timestamp="20250905 16:51:13.070" level="INFO">${r} = (1, b'42/pbDriver,["newDriverPosition",{"departureId":"68bb4b9f8d0c303511db11ff","routeId":"68b9b3d9135fbc4265e376c3","location":{"latitude":-34.41023922088965,"longitude":-70.8525179206524},"speed":4...</msg>
<status status="PASS" starttime="20250905 16:51:13.068" endtime="20250905 16:51:13.070"/>
</kw>
<kw name="Log" library="BuiltIn">
<arg>(D): ${r}</arg>
<doc>Logs the given message with the given level.</doc>
<msg timestamp="20250905 16:51:13.071" level="INFO">(D): (1, b'42/pbDriver,["newDriverPosition",{"departureId":"68bb4b9f8d0c303511db11ff","routeId":"68b9b3d9135fbc4265e376c3","location":{"latitude":-34.41023922088965,"longitude":-70.8525179206524},"speed":4,"source":null,"continuous":false,"plate":"GPS DEVICE","createdAt":"2025-09-05T20:50:52.578Z","busId":"GPS DEVICE","state":"service","code":"Codigo1","driverName":"Zoro Conductor","color":"2E7D32"}]')</msg>
<status status="PASS" starttime="20250905 16:51:13.070" endtime="20250905 16:51:13.071"/>
</kw>
<status status="PASS" starttime="20250905 16:51:08.053" endtime="20250905 16:51:13.071"/>
</iter>
<status status="PASS" starttime="20250905 16:50:42.966" endtime="20250905 16:51:13.072"/>
</for>
<status status="PASS" starttime="20250905 16:48:53.935" endtime="20250905 16:51:13.072"/>
</iter>
<status status="PASS" starttime="20250905 16:44:17.165" endtime="20250905 16:51:13.072"/>
</for>
<status status="PASS" starttime="20250905 16:44:17.155" endtime="20250905 16:51:13.073"/>
</test>
<test id="s1-t14" name="Stop Post Leg Departure" line="307">
<kw name="Create Session" library="RequestsLibrary">
<arg>mysesion</arg>
<arg>${STAGE_URL}</arg>
<arg>verify=true</arg>
<doc>Create Session: create a HTTP session to a server</doc>
<msg timestamp="20250905 16:51:13.077" level="INFO">Creating Session using : alias=mysesion, url=https://stage.allrideapp.com, headers={},                     cookies={}, auth=None, timeout=None, proxies=None, verify=True,                     debug=0 </msg>
<status status="PASS" starttime="20250905 16:51:13.076" endtime="20250905 16:51:13.078"/>
</kw>
<kw name="Create Dictionary" library="BuiltIn">
<var>${headers}</var>
<arg>Authorization=${departureToken}</arg>
<arg>Content-Type=application/json</arg>
<doc>Creates and returns a dictionary based on the given ``items``.</doc>
<msg timestamp="20250905 16:51:13.080" level="INFO">${headers} = {'Authorization': 'Bearer 75cccff23d2a28345e5a34149f84c5c106e5fc0df974a48071ed263dace92eaaac60bff7c7f9c3981b7b5cca270dc8d03638aa279fabc6e1159d06c21d3d7160', 'Content-Type': 'application/json'}</msg>
<status status="PASS" starttime="20250905 16:51:13.079" endtime="20250905 16:51:13.081"/>
</kw>
<kw name="POST On Session" library="RequestsLibrary">
<var>${response}</var>
<arg>mysesion</arg>
<arg>url=/api/v2/pb/driver/departure/stop</arg>
<arg>data={"customParamsAtEnd":[],"customParamsAtStart":null,"endLat":"-72.6071614","endLon":"-38.7651863","nextLeg":false,"post":{"customParamsAtEnd":null,"customParamsAtStart":null,"preTripChecklist":null},"pre":{"customParamsAtEnd":null,"customParamsAtStart":null,"preTripChecklist":null},"preTripChecklist":null,"service":{"customParamsAtEnd":null,"customParamsAtStart":null,"preTripChecklist":null},"shareToUsers":false}</arg>
<arg>headers=${headers}</arg>
<doc>Sends a POST request on a previously created HTTP Session.</doc>
<msg timestamp="20250905 16:51:14.723" level="INFO">POST Request : url=https://stage.allrideapp.com/api/v2/pb/driver/departure/stop 
 path_url=/api/v2/pb/driver/departure/stop 
 headers={'User-Agent': 'python-requests/2.31.0', 'Accept-Encoding': 'gzip, deflate', 'Accept': '*/*', 'Connection': 'keep-alive', 'Authorization': 'Bearer 75cccff23d2a28345e5a34149f84c5c106e5fc0df974a48071ed263dace92eaaac60bff7c7f9c3981b7b5cca270dc8d03638aa279fabc6e1159d06c21d3d7160', 'Content-Type': 'application/json', 'Content-Length': '415'} 
 body={"customParamsAtEnd":[],"customParamsAtStart":null,"endLat":"-72.6071614","endLon":"-38.7651863","nextLeg":false,"post":{"customParamsAtEnd":null,"customParamsAtStart":null,"preTripChecklist":null},"pre":{"customParamsAtEnd":null,"customParamsAtStart":null,"preTripChecklist":null},"preTripChecklist":null,"service":{"customParamsAtEnd":null,"customParamsAtStart":null,"preTripChecklist":null},"shareToUsers":false} 
 </msg>
<msg timestamp="20250905 16:51:14.723" level="INFO">POST Response : url=https://stage.allrideapp.com/api/v2/pb/driver/departure/stop 
 status=200, reason=OK 
 headers={'Date': 'Fri, 05 Sep 2025 20:51:14 GMT', 'Content-Type': 'application/json; charset=utf-8', 'Transfer-Encoding': 'chunked', 'Connection': 'keep-alive', 'Server': 'nginx', 'X-DNS-Prefetch-Control': 'off', 'X-Frame-Options': 'SAMEORIGIN', 'Strict-Transport-Security': 'max-age=15552000; includeSubDomains', 'X-Download-Options': 'noopen', 'X-Content-Type-Options': 'nosniff', 'X-XSS-Protection': '1; mode=block', 'Access-Control-Allow-Origin': '*', 'ETag': 'W/"190a-DcXewms9gabtlnrRkA3aVBgHQDA"', 'Content-Encoding': 'gzip'} 
 body={"restrictPassengers":{"validation":{"enabled":false,"parameters":[]},"reservation":{"enabled":false,"parameters":[]},"visibility":{"enabled":false,"parameters":[]},"enabled":false},"superCommunities":["653fd68233d83952fafcd4be","68542c2a3a0d319ed31a72a6"],"communities":["6654ae4eba54fe502d4e4187"],"assistantIds":[],"labels":[],"active":false,"sharing":false,"disabled":false,"internal":false,"rounds":1,"distance":4627621.84,"scheduled":false,"odd":false,"estimatedDistance":0,"extraMinutes":0,"placeWaitTime":0,"hasExternalGPS":true,"allowsServiceSnapshots":true,"allowsNonServiceSnapshots":true,"allowsSnapshots":false,"allowsDistance":true,"usesOfflineCount":true,"linkedDepartures":[],"_id":"68bb4b9f8d0c303511db11ff","driverId":"66d1dca1bc357f32ce162d1c","vehicleId":"67b5f76fb5c11f24f63fe29d","routeId":"68b9b3d9135fbc4265e376c3","drivers":[],"categories":[],"trail":[{"_id":"68bb4bb98d0c303511db12b7","stops":[{"_id":"68bb4bb98d0c303511db12b8","stopId":"68b9b3b4135fbc4265e37688","stayTime":20,"createdAt":"2025-09-05T20:44:41.339Z","updatedAt":"2025-09-05T20:44:41.339Z"},{"_id":"68bb4c038d0c303511db13c4","stopId":"68b9a756135fbc4265e35fa2","stayTime":55,"updatedAt":"2025-09-05T20:45:55.636Z","createdAt":"2025-09-05T20:45:55.636Z"},{"_id":"68bb4c438d0c303511db14ba","stopId":"68b9b3b4135fbc4265e37688","stayTime":44,"updatedAt":"2025-09-05T20:46:59.724Z","createdAt":"2025-09-05T20:46:59.724Z"},{"_id":"68bb4cd38d0c303511db15ff","stopId":"68b9b3b4135fbc4265e37688","stayTime":50,"updatedAt":"2025-09-05T20:49:23.107Z","createdAt":"2025-09-05T20:49:23.107Z"},{"_id":"68bb4cdd9033dbdd01f780c5","stopId":"68b9a756135fbc4265e35fa2","stayTime":134,"updatedAt":"2025-09-05T20:49:33.023Z","createdAt":"2025-09-05T20:49:33.023Z"},{"_id":"68bb4d198d0c303511db165a","stopId":"68b9a756135fbc4265e35fa2","stayTime":55,"updatedAt":"2025-09-05T20:50:33.170Z","createdAt":"2025-09-05T20:50:33.170Z"}],"round":1,"updatedAt":"2025-09-05T20:44:41.339Z","createdAt":"2025-09-05T20:44:41.339Z"}],"legs":[{"distance":6102.57,"_id":"68bb4b9f8d0c303511db1236","type":"service","startedAt":"2025-09-05T20:44:15.867Z","realStartLocation":{"_id":"68bb4b9f8d0c303511db1237","lat":-33.3908833,"lon":-70.54620129999999,"loc":[-70.54620129999999,-33.3908833]},"driverId":"66d1dca1bc357f32ce162d1c","preTripChecklist":[],"customParamsAtStart":[],"customParamsAtTheEnd":[],"realEndLocation":{"_id":"68bb4d419033dbdd01f781c5","lat":-72.6071614,"lon":-38.7651863,"loc":[-38.7651863,-72.6071614]},"endedAt":"2025-09-05T20:51:13.996Z"}],"stateHistory":[],"deviceHistory":[],"rankingHistory":[],"apportionByCategories":[],"reservations":[],"enabledSeats":[{"available":true,"_id":"68bb4b9f8d0c303511db1205","seat":"1"},{"available":true,"_id":"68bb4b9f8d0c303511db1206","seat":"2"},{"available":true,"_id":"68bb4b9f8d0c303511db1207","seat":"3"},{"available":true,"_id":"68bb4b9f8d0c303511db1208","seat":"4"},{"available":true,"_id":"68bb4b9f8d0c303511db1209","seat":"5"},{"available":true,"_id":"68bb4b9f8d0c303511db120a","seat":"6"},{"available":true,"_id":"68bb4b9f8d0c303511db120b","seat":"7"},{"available":true,"_id":"68bb4b9f8d0c303511db120c","seat":"8"},{"available":true,"_id":"68bb4b9f8d0c303511db120d","seat":"9"},{"available":true,"_id":"68bb4b9f8d0c303511db120e","seat":"10"},{"available":true,"_id":"68bb4b9f8d0c303511db120f","seat":"11"},{"available":true,"_id":"68bb4b9f8d0c303511db1210","seat":"12"},{"available":true,"_id":"68bb4b9f8d0c303511db1211","seat":"13"},{"available":true,"_id":"68bb4b9f8d0c303511db1212","seat":"14"},{"available":true,"_id":"68bb4b9f8d0c303511db1213","seat":"15"},{"available":true,"_id":"68bb4b9f8d0c303511db1214","seat":"16"},{"available":true,"_id":"68bb4b9f8d0c303511db1215","seat":"17"},{"available":true,"_id":"68bb4b9f8d0c303511db1216","seat":"18"},{"available":true,"_id":"68bb4b9f8d0c303511db1217","seat":"19"},{"available":true,"_id":"68bb4b9f8d0c303511db1218","seat":"20"},{"available":true,"_id":"68bb4b9f8d0c303511db1219","seat":"21"},{"available":true,"_id":"68bb4b9f8d0c303511db121a","seat":"22"},{"available":true,"_id":"68bb4b9f8d0c303511db121b","seat":"23"},{"available":true,"_id":"68bb4b9f8d0c303511db121c","seat":"24"},{"available":true,"_id":"68bb4b9f8d0c303511db121d","seat":"25"},{"available":true,"_id":"68bb4b9f8d0c303511db121e","seat":"26"},{"available":true,"_id":"68bb4b9f8d0c303511db121f","seat":"27"},{"available":true,"_id":"68bb4b9f8d0c303511db1220","seat":"28"},{"available":true,"_id":"68bb4b9f8d0c303511db1221","seat":"29"},{"available":true,"_id":"68bb4b9f8d0c303511db1222","seat":"30"},{"available":true,"_id":"68bb4b9f8d0c303511db1223","seat":"31"},{"available":true,"_id":"68bb4b9f8d0c303511db1224","seat":"32"},{"available":true,"_id":"68bb4b9f8d0c303511db1225","seat":"33"},{"available":true,"_id":"68bb4b9f8d0c303511db1226","seat":"34"},{"available":true,"_id":"68bb4b9f8d0c303511db1227","seat":"35"},{"available":true,"_id":"68bb4b9f8d0c303511db1228","seat":"36"},{"available":true,"_id":"68bb4b9f8d0c303511db1229","seat":"37"},{"available":true,"_id":"68bb4b9f8d0c303511db122a","seat":"38"},{"available":true,"_id":"68bb4b9f8d0c303511db122b","seat":"39"},{"available":true,"_id":"68bb4b9f8d0c303511db122c","seat":"40"},{"available":true,"_id":"68bb4b9f8d0c303511db122d","seat":"41"},{"available":true,"_id":"68bb4b9f8d0c303511db122e","seat":"42"},{"available":true,"_id":"68bb4b9f8d0c303511db122f","seat":"43"},{"available":true,"_id":"68bb4b9f8d0c303511db1230","seat":"44"},{"available":true,"_id":"68bb4b9f8d0c303511db1231","seat":"45"},{"available":true,"_id":"68bb4b9f8d0c303511db1232","seat":"46"}],"customParams":[],"customParamsAtTheEnd":[],"preTripChecklist":[],"speedAlerts":[],"deviationAlerts":[],"busCode":"GPS DEVICE","driverCode":"142142","superCommunityId":"653fd68233d83952fafcd4be","communityId":"6654ae4eba54fe502d4e4187","capacity":46,"startCapacity":46,"token":"75cccff23d2a28345e5a34149f84c5c106e5fc0df974a48071ed263dace92eaaac60bff7c7f9c3981b7b5cca270dc8d03638aa279fabc6e1159d06c21d3d7160","startedAt":"2025-09-05T20:44:15.862Z","realStartLocation":{"_id":"68bb4b9f8d0c303511db1235","lat":-33.3908833,"lon":-70.54620129999999,"loc":[-70.54620129999999,-33.3908833],"waitTime":0},"createdAt":"2025-09-05T20:44:15.875Z","updatedAt":"2025-09-05T20:51:08.101Z","__v":0,"realEndLocation":{"_id":"68bb4d419033dbdd01f781c6","lat":-72.6071614,"lon":-38.7651863,"loc":[-38.7651863,-72.6071614]},"endedAt":"2025-09-05T20:51:13.996Z"} 
 </msg>
<msg timestamp="20250905 16:51:14.724" level="INFO">${response} = &lt;Response [200]&gt;</msg>
<status status="PASS" starttime="20250905 16:51:13.082" endtime="20250905 16:51:14.724"/>
</kw>
<kw name="Set Variable" library="BuiltIn">
<var>${json}</var>
<arg>${response.json()}</arg>
<doc>Returns the given values which can then be assigned to a variables.</doc>
<msg timestamp="20250905 16:51:14.728" level="INFO">${json} = {'restrictPassengers': {'validation': {'enabled': False, 'parameters': []}, 'reservation': {'enabled': False, 'parameters': []}, 'visibility': {'enabled': False, 'parameters': []}, 'enabled': False}, ...</msg>
<status status="PASS" starttime="20250905 16:51:14.725" endtime="20250905 16:51:14.728"/>
</kw>
<kw name="Set Variable" library="BuiltIn">
<var>${trails}</var>
<arg>${json}[trail]</arg>
<doc>Returns the given values which can then be assigned to a variables.</doc>
<msg timestamp="20250905 16:51:14.731" level="INFO">${trails} = [{'_id': '68bb4bb98d0c303511db12b7', 'stops': [{'_id': '68bb4bb98d0c303511db12b8', 'stopId': '68b9b3b4135fbc4265e37688', 'stayTime': 20, 'createdAt': '2025-09-05T20:44:41.339Z', 'updatedAt': '2025-09-...</msg>
<status status="PASS" starttime="20250905 16:51:14.730" endtime="20250905 16:51:14.731"/>
</kw>
<kw name="Should Not Be Empty" library="BuiltIn">
<arg>${trails}</arg>
<arg>❌ Expected at least one trail, but none were found.</arg>
<doc>Verifies that the given item is not empty.</doc>
<msg timestamp="20250905 16:51:14.733" level="INFO">Length is 1</msg>
<status status="PASS" starttime="20250905 16:51:14.732" endtime="20250905 16:51:14.734"/>
</kw>
<kw name="Get From List" library="Collections">
<var>${first_trail}</var>
<arg>${trails}</arg>
<arg>0</arg>
<doc>Returns the value specified with an ``index`` from ``list``.</doc>
<msg timestamp="20250905 16:51:14.735" level="INFO">${first_trail} = {'_id': '68bb4bb98d0c303511db12b7', 'stops': [{'_id': '68bb4bb98d0c303511db12b8', 'stopId': '68b9b3b4135fbc4265e37688', 'stayTime': 20, 'createdAt': '2025-09-05T20:44:41.339Z', 'updatedAt': '2025-09-0...</msg>
<status status="PASS" starttime="20250905 16:51:14.735" endtime="20250905 16:51:14.735"/>
</kw>
<kw name="Should Be Equal As Numbers" library="BuiltIn">
<arg>${first_trail}[round]</arg>
<arg>1</arg>
<arg>msg=❌ Expected first trail round to be 1 but got "${first_trail}[round]"</arg>
<doc>Fails if objects are unequal after converting them to real numbers.</doc>
<msg timestamp="20250905 16:51:14.738" level="INFO">Argument types are:
&lt;class 'int'&gt;
&lt;class 'str'&gt;</msg>
<status status="PASS" starttime="20250905 16:51:14.736" endtime="20250905 16:51:14.738"/>
</kw>
<kw name="Run Keyword And Continue On Failure" library="BuiltIn">
<arg>Length Should Be</arg>
<arg>${trails}</arg>
<arg>2</arg>
<arg>❌ Only one trail was found, expected at least 2 to properly count rounds.</arg>
<doc>Runs the keyword and continues execution even if a failure occurs.</doc>
<kw name="Length Should Be" library="BuiltIn">
<arg>${trails}</arg>
<arg>2</arg>
<arg>❌ Only one trail was found, expected at least 2 to properly count rounds.</arg>
<doc>Verifies that the length of the given item is correct.</doc>
<msg timestamp="20250905 16:51:14.742" level="INFO">Length is 1</msg>
<msg timestamp="20250905 16:51:14.742" level="FAIL">❌ Only one trail was found, expected at least 2 to properly count rounds.</msg>
<status status="FAIL" starttime="20250905 16:51:14.740" endtime="20250905 16:51:14.743"/>
</kw>
<status status="FAIL" starttime="20250905 16:51:14.739" endtime="20250905 16:51:14.743"/>
</kw>
<kw name="Run Keyword If" library="BuiltIn">
<arg>${len(${trails})} &gt; 1</arg>
<arg>Should Be Equal As Numbers</arg>
<arg>${trails}[1][round]</arg>
<arg>2</arg>
<arg>msg=❌ Expected second trail round to be 2 but got "${trails}[1][round]"</arg>
<doc>Runs the given keyword with the given arguments, if ``condition`` is true.</doc>
<msg timestamp="20250905 16:51:14.752" level="FAIL">Resolving variable '${len([{'_id': '68bb4bb98d0c303511db12b7', 'stops': [{'_id': '68bb4bb98d0c303511db12b8', 'stopId': '68b9b3b4135fbc4265e37688', 'stayTime': 20, 'createdAt': '2025-09-05T20:44:41.339Z', 'updatedAt': '2025-09-05T20:44:41.339Z'}, {'_id': '68bb4c038d0c303511db13c4', 'stopId': '68b9a756135fbc4265e35fa2', 'stayTime': 55, 'updatedAt': '2025-09-05T20:45:55.636Z', 'createdAt': '2025-09-05T20:45:55.636Z'}, {'_id': '68bb4c438d0c303511db14ba', 'stopId': '68b9b3b4135fbc4265e37688', 'stayTime': 44, 'updatedAt': '2025-09-05T20:46:59.724Z', 'createdAt': '2025-09-05T20:46:59.724Z'}, {'_id': '68bb4cd38d0c303511db15ff', 'stopId': '68b9b3b4135fbc4265e37688', 'stayTime': 50, 'updatedAt': '2025-09-05T20:49:23.107Z', 'createdAt': '2025-09-05T20:49:23.107Z'}, {'_id': '68bb4cdd9033dbdd01f780c5', 'stopId': '68b9a756135fbc4265e35fa2', 'stayTime': 134, 'updatedAt': '2025-09-05T20:49:33.023Z', 'createdAt': '2025-09-05T20:49:33.023Z'}, {'_id': '68bb4d198d0c303511db165a', 'stopId': '68b9a756135fbc4265e35fa2', 'stayTime': 55, 'updatedAt': '2025-09-05T20:50:33.170Z', 'createdAt': '2025-09-05T20:50:33.170Z'}], 'round': 1, 'updatedAt': '2025-09-05T20:44:41.339Z', 'createdAt': '2025-09-05T20:44:41.339Z'}])}' failed: Variable '${len}' not found.</msg>
<status status="FAIL" starttime="20250905 16:51:14.746" endtime="20250905 16:51:14.753"/>
</kw>
<status status="FAIL" starttime="20250905 16:51:13.075" endtime="20250905 16:51:14.754">Several failures occurred:

1) ❌ Only one trail was found, expected at least 2 to properly count rounds.

2) Resolving variable '${len([{'_id': '68bb4bb98d0c303511db12b7', 'stops': [{'_id': '68bb4bb98d0c303511db12b8', 'stopId': '68b9b3b4135fbc4265e37688', 'stayTime': 20, 'createdAt': '2025-09-05T20:44:41.339Z', 'updatedAt': '2025-09-05T20:44:41.339Z'}, {'_id': '68bb4c038d0c303511db13c4', 'stopId': '68b9a756135fbc4265e35fa2', 'stayTime': 55, 'updatedAt': '2025-09-05T20:45:55.636Z', 'createdAt': '2025-09-05T20:45:55.636Z'}, {'_id': '68bb4c438d0c303511db14ba', 'stopId': '68b9b3b4135fbc4265e37688', 'stayTime': 44, 'updatedAt': '2025-09-05T20:46:59.724Z', 'createdAt': '2025-09-05T20:46:59.724Z'}, {'_id': '68bb4cd38d0c303511db15ff', 'stopId': '68b9b3b4135fbc4265e37688', 'stayTime': 50, 'updatedAt': '2025-09-05T20:49:23.107Z', 'createdAt': '2025-09-05T20:49:23.107Z'}, {'_id': '68bb4cdd9033dbdd01f780c5', 'stopId': '68b9a756135fbc4265e35fa2', 'stayTime': 134, 'updatedAt': '2025-09-05T20:49:33.023Z', 'createdAt': '2025-09-05T20:49:33.023Z'}, {'_id': '68bb4d198d0c303511db165a', 'stopId': '68b9a756135fbc4265e35fa2', 'stayTime': 55, 'updatedAt': '2025-09-05T20:50:33.170Z', 'createdAt': '2025-09-05T20:50:33.170Z'}], 'round': 1, 'updatedAt': '2025-09-05T20:44:41.339Z', 'createdAt': '2025-09-05T20:44:41.339Z'}])}' failed: Variable '${len}' not found.</status>
</test>
<status status="FAIL" starttime="20250905 16:44:13.119" endtime="20250905 16:51:14.757"/>
</suite>
<statistics>
<total>
<stat pass="13" fail="1" skip="0">All Tests</stat>
</total>
<tag>
</tag>
<suite>
<stat pass="13" fail="1" skip="0" id="s1" name="Rounds">Rounds</stat>
</suite>
</statistics>
<errors>
</errors>
</robot>
