<?xml version="1.0" encoding="UTF-8"?>
<robot generator="Robot 7.0.1 (Python 3.12.4 on win32)" generated="2025-09-24T15:53:51.870357" rpa="false" schemaversion="5">
<suite id="s1" name="carpoolFlow" source="C:\Users\UsuarioCompuElite\Documents\GitHub\Respaldo\AllRide Test Cases\Test Cases\Carpool(Coni)\carpoolFlow.robot">
<test id="s1-t1" name="Carpool Realtime - Start + New Positions (USER_ID2)" line="620">
<kw name="Set Variable" owner="BuiltIn">
<msg time="2025-09-24T15:53:51.917232" level="FAIL">Variable '${realTimeTokenUser}' not found.</msg>
<var>${WS_URL_2}</var>
<arg>${WS_BASE}&amp;token=${realTimeTokenUser}</arg>
<doc>Returns the given values which can then be assigned to a variables.</doc>
<status status="FAIL" start="2025-09-24T15:53:51.916215" elapsed="0.001017">Variable '${realTimeTokenUser}' not found.</status>
</kw>
<kw name="Connect" owner="WebSocketClient">
<var>${sock2}</var>
<arg>${WS_URL_2}</arg>
<status status="NOT RUN" start="2025-09-24T15:53:51.918237" elapsed="0.000000"/>
</kw>
<kw name="Log" owner="BuiltIn">
<arg>Connected U2</arg>
<doc>Logs the given message with the given level.</doc>
<status status="NOT RUN" start="2025-09-24T15:53:51.918237" elapsed="0.000000"/>
</kw>
<kw name="Send" owner="WebSocketClient">
<arg>${sock2}</arg>
<arg>40/carpoolRealtime?token=${realTimeTokenUser}</arg>
<status status="NOT RUN" start="2025-09-24T15:53:51.918237" elapsed="0.000000"/>
</kw>
<kw name="Sleep" owner="BuiltIn">
<arg>2s</arg>
<doc>Pauses the test executed for the given time.</doc>
<status status="NOT RUN" start="2025-09-24T15:53:51.918237" elapsed="0.000989"/>
</kw>
<kw name="Recv Data" owner="WebSocketClient">
<var>${s0}</var>
<arg>${sock2}</arg>
<status status="NOT RUN" start="2025-09-24T15:53:51.919226" elapsed="0.000000"/>
</kw>
<kw name="Log" owner="BuiltIn">
<arg>NS U2: ${s0}</arg>
<doc>Logs the given message with the given level.</doc>
<status status="NOT RUN" start="2025-09-24T15:53:51.919226" elapsed="0.000000"/>
</kw>
<kw name="Send" owner="WebSocketClient">
<arg>${sock2}</arg>
<arg>42/carpoolRealtime,["join", {"userId":"${USER_ID2}","tripInstanceId":"${tripInstance1}"}]</arg>
<status status="NOT RUN" start="2025-09-24T15:53:51.919226" elapsed="0.000000"/>
</kw>
<kw name="Sleep" owner="BuiltIn">
<arg>2s</arg>
<doc>Pauses the test executed for the given time.</doc>
<status status="NOT RUN" start="2025-09-24T15:53:51.919226" elapsed="0.000000"/>
</kw>
<kw name="Recv Data" owner="WebSocketClient">
<var>${s1}</var>
<arg>${sock2}</arg>
<status status="NOT RUN" start="2025-09-24T15:53:51.919226" elapsed="0.000000"/>
</kw>
<kw name="Log" owner="BuiltIn">
<arg>Join U2: ${s1}</arg>
<doc>Logs the given message with the given level.</doc>
<status status="NOT RUN" start="2025-09-24T15:53:51.919226" elapsed="0.000000"/>
</kw>
<kw name="Send" owner="WebSocketClient">
<arg>${sock2}</arg>
<arg>42/carpoolRealtime,["start", {"userId":"${USER_ID2}","tripInstanceId":"${tripInstance1}","latitude":-34.41624333397236,"longitude":-70.86005486547947}]</arg>
<status status="NOT RUN" start="2025-09-24T15:53:51.919226" elapsed="0.000000"/>
</kw>
<kw name="Sleep" owner="BuiltIn">
<arg>2s</arg>
<doc>Pauses the test executed for the given time.</doc>
<status status="NOT RUN" start="2025-09-24T15:53:51.919226" elapsed="0.000000"/>
</kw>
<kw name="Recv Data" owner="WebSocketClient">
<var>${s2}</var>
<arg>${sock2}</arg>
<status status="NOT RUN" start="2025-09-24T15:53:51.919226" elapsed="0.001006"/>
</kw>
<kw name="Log" owner="BuiltIn">
<arg>Start U2: ${s2}</arg>
<doc>Logs the given message with the given level.</doc>
<status status="NOT RUN" start="2025-09-24T15:53:51.920232" elapsed="0.000000"/>
</kw>
<kw name="Send" owner="WebSocketClient">
<arg>${sock2}</arg>
<arg>42/carpoolRealtime,["last", {"userId":"${USER_ID2}","tripInstanceId":"${tripInstance1}"}]</arg>
<status status="NOT RUN" start="2025-09-24T15:53:51.920232" elapsed="0.000000"/>
</kw>
<kw name="Sleep" owner="BuiltIn">
<arg>2s</arg>
<doc>Pauses the test executed for the given time.</doc>
<status status="NOT RUN" start="2025-09-24T15:53:51.920232" elapsed="0.000000"/>
</kw>
<kw name="Recv Data" owner="WebSocketClient">
<var>${sl}</var>
<arg>${sock2}</arg>
<status status="NOT RUN" start="2025-09-24T15:53:51.920232" elapsed="0.000000"/>
</kw>
<kw name="Log" owner="BuiltIn">
<arg>Last U2: ${sl}</arg>
<doc>Logs the given message with the given level.</doc>
<status status="NOT RUN" start="2025-09-24T15:53:51.920232" elapsed="0.000000"/>
</kw>
<kw name="Send" owner="WebSocketClient">
<arg>${sock2}</arg>
<arg>42/carpoolRealtime,["newPosition", {"latitude":-33.456200,"longitude":-70.648400,"tripInstanceId":"${tripInstance1}","userId":"${USER_ID2}"}]</arg>
<status status="NOT RUN" start="2025-09-24T15:53:51.920232" elapsed="0.000000"/>
</kw>
<kw name="Sleep" owner="BuiltIn">
<arg>2s</arg>
<doc>Pauses the test executed for the given time.</doc>
<status status="NOT RUN" start="2025-09-24T15:53:51.920232" elapsed="0.000000"/>
</kw>
<kw name="Recv Data" owner="WebSocketClient">
<var>${s3}</var>
<arg>${sock2}</arg>
<status status="NOT RUN" start="2025-09-24T15:53:51.920232" elapsed="0.000000"/>
</kw>
<kw name="Log" owner="BuiltIn">
<arg>NP1 U2: ${s3}</arg>
<doc>Logs the given message with the given level.</doc>
<status status="NOT RUN" start="2025-09-24T15:53:51.920232" elapsed="0.000000"/>
</kw>
<kw name="Send" owner="WebSocketClient">
<arg>${sock2}</arg>
<arg>42/carpoolRealtime,["newPosition", {"latitude":-33.455700,"longitude":-70.647900,"tripInstanceId":"${tripInstance1}","userId":"${USER_ID2}"}]</arg>
<status status="NOT RUN" start="2025-09-24T15:53:51.920232" elapsed="0.000000"/>
</kw>
<kw name="Sleep" owner="BuiltIn">
<arg>2s</arg>
<doc>Pauses the test executed for the given time.</doc>
<status status="NOT RUN" start="2025-09-24T15:53:51.920232" elapsed="0.000000"/>
</kw>
<kw name="Recv Data" owner="WebSocketClient">
<var>${s4}</var>
<arg>${sock2}</arg>
<status status="NOT RUN" start="2025-09-24T15:53:51.920232" elapsed="0.000000"/>
</kw>
<kw name="Log" owner="BuiltIn">
<arg>NP2 U2: ${s4}</arg>
<doc>Logs the given message with the given level.</doc>
<status status="NOT RUN" start="2025-09-24T15:53:51.920232" elapsed="0.000000"/>
</kw>
<tag>CARPOOL</tag>
<tag>RUN_PARALLEL</tag>
<tag>U2</tag>
<status status="FAIL" start="2025-09-24T15:53:51.916215" elapsed="0.004017">Variable '${realTimeTokenUser}' not found.</status>
</test>
<status status="FAIL" start="2025-09-24T15:53:51.882417" elapsed="0.039168"/>
</suite>
<statistics>
<total>
<stat pass="0" fail="1" skip="0">All Tests</stat>
</total>
<tag>
<stat pass="0" fail="1" skip="0">CARPOOL</stat>
<stat pass="0" fail="1" skip="0">RUN_PARALLEL</stat>
<stat pass="0" fail="1" skip="0">U2</stat>
</tag>
<suite>
<stat pass="0" fail="1" skip="0" id="s1" name="carpoolFlow">carpoolFlow</stat>
</suite>
</statistics>
<errors>
<msg time="2025-09-24T15:53:51.890254" level="ERROR">Error in file 'C:\Users\UsuarioCompuElite\Documents\GitHub\Respaldo\AllRide Test Cases\Test Cases\Carpool(Coni)\carpoolFlow.robot' on line 2: Importing library 'RequestsLibrary' failed: ModuleNotFoundError: No module named 'RequestsLibrary'
Traceback (most recent call last):
  None
PYTHONPATH:
  C:\Users\UsuarioCompuElite\AppData\Local\Programs\Python\Python312\Scripts\robot.exe
  C:\Users\UsuarioCompuElite\AppData\Local\Programs\Python\Python312\python312.zip
  C:\Users\UsuarioCompuElite\AppData\Local\Programs\Python\Python312\DLLs
  C:\Users\UsuarioCompuElite\AppData\Local\Programs\Python\Python312\Lib
  C:\Users\UsuarioCompuElite\AppData\Local\Programs\Python\Python312
  C:\Users\UsuarioCompuElite\AppData\Local\Programs\Python\Python312\Lib\site-packages</msg>
<msg time="2025-09-24T15:53:51.902602" level="ERROR">Error in file 'C:\Users\UsuarioCompuElite\Documents\GitHub\Respaldo\AllRide Test Cases\Test Cases\Carpool(Coni)\carpoolFlow.robot' on line 8: Importing library 'SeleniumLibrary' failed: ModuleNotFoundError: No module named 'SeleniumLibrary'
Traceback (most recent call last):
  None
PYTHONPATH:
  C:\Users\UsuarioCompuElite\AppData\Local\Programs\Python\Python312\Scripts\robot.exe
  C:\Users\UsuarioCompuElite\AppData\Local\Programs\Python\Python312\python312.zip
  C:\Users\UsuarioCompuElite\AppData\Local\Programs\Python\Python312\DLLs
  C:\Users\UsuarioCompuElite\AppData\Local\Programs\Python\Python312\Lib
  C:\Users\UsuarioCompuElite\AppData\Local\Programs\Python\Python312
  C:\Users\UsuarioCompuElite\AppData\Local\Programs\Python\Python312\Lib\site-packages</msg>
<msg time="2025-09-24T15:53:51.903610" level="ERROR">Error in file 'C:\Users\UsuarioCompuElite\Documents\GitHub\Respaldo\AllRide Test Cases\Test Cases\Carpool(Coni)\carpoolFlow.robot' on line 9: Importing library 'RPA.JSON' failed: ModuleNotFoundError: No module named 'RPA'
Traceback (most recent call last):
  None
PYTHONPATH:
  C:\Users\UsuarioCompuElite\AppData\Local\Programs\Python\Python312\Scripts\robot.exe
  C:\Users\UsuarioCompuElite\AppData\Local\Programs\Python\Python312\python312.zip
  C:\Users\UsuarioCompuElite\AppData\Local\Programs\Python\Python312\DLLs
  C:\Users\UsuarioCompuElite\AppData\Local\Programs\Python\Python312\Lib
  C:\Users\UsuarioCompuElite\AppData\Local\Programs\Python\Python312
  C:\Users\UsuarioCompuElite\AppData\Local\Programs\Python\Python312\Lib\site-packages</msg>
<msg time="2025-09-24T15:53:51.904729" level="ERROR">Error in file 'C:\Users\UsuarioCompuElite\Documents\GitHub\Respaldo\AllRide Test Cases\Test Cases\Carpool(Coni)\carpoolFlow.robot' on line 10: Importing library 'RPA.Smartsheet' failed: ModuleNotFoundError: No module named 'RPA'
Traceback (most recent call last):
  None
PYTHONPATH:
  C:\Users\UsuarioCompuElite\AppData\Local\Programs\Python\Python312\Scripts\robot.exe
  C:\Users\UsuarioCompuElite\AppData\Local\Programs\Python\Python312\python312.zip
  C:\Users\UsuarioCompuElite\AppData\Local\Programs\Python\Python312\DLLs
  C:\Users\UsuarioCompuElite\AppData\Local\Programs\Python\Python312\Lib
  C:\Users\UsuarioCompuElite\AppData\Local\Programs\Python\Python312
  C:\Users\UsuarioCompuElite\AppData\Local\Programs\Python\Python312\Lib\site-packages</msg>
</errors>
</robot>
